\BOOKMARK [1][-]{section.0}{Εισαγωγή}{}% 1
\BOOKMARK [1][-]{section.1}{Ζητούμενο 1ο}{}% 2
\BOOKMARK [2][-]{subsection.1.1}{L1\040cache}{section.1}% 3
\BOOKMARK [3][-]{subsubsection.1.1.1}{blackscholes}{subsection.1.1}% 4
\BOOKMARK [3][-]{subsubsection.1.1.2}{bodytrack}{subsection.1.1}% 5
\BOOKMARK [3][-]{subsubsection.1.1.3}{canneal}{subsection.1.1}% 6
\BOOKMARK [3][-]{subsubsection.1.1.4}{fluidanimate}{subsection.1.1}% 7
\BOOKMARK [3][-]{subsubsection.1.1.5}{freqmine}{subsection.1.1}% 8
\BOOKMARK [3][-]{subsubsection.1.1.6}{rtview}{subsection.1.1}% 9
\BOOKMARK [3][-]{subsubsection.1.1.7}{streamcluster}{subsection.1.1}% 10
\BOOKMARK [3][-]{subsubsection.1.1.8}{swaptions}{subsection.1.1}% 11
\BOOKMARK [3][-]{subsubsection.1.1.9}{Γεωμετρικός μέσος των benchmarks}{subsection.1.1}% 12
\BOOKMARK [3][-]{subsubsection.1.1.10}{Γενικές παρατηρήσεις για την L1}{subsection.1.1}% 13
\BOOKMARK [2][-]{subsection.1.2}{L2\040cache}{section.1}% 14
\BOOKMARK [3][-]{subsubsection.1.2.1}{blackscholes}{subsection.1.2}% 15
\BOOKMARK [3][-]{subsubsection.1.2.2}{bodytrack}{subsection.1.2}% 16
\BOOKMARK [3][-]{subsubsection.1.2.3}{canneal}{subsection.1.2}% 17
\BOOKMARK [3][-]{subsubsection.1.2.4}{fluidanimate}{subsection.1.2}% 18
\BOOKMARK [3][-]{subsubsection.1.2.5}{freqmine}{subsection.1.2}% 19
\BOOKMARK [3][-]{subsubsection.1.2.6}{rtview}{subsection.1.2}% 20
\BOOKMARK [3][-]{subsubsection.1.2.7}{streamcluster}{subsection.1.2}% 21
\BOOKMARK [3][-]{subsubsection.1.2.8}{swaptions}{subsection.1.2}% 22
\BOOKMARK [3][-]{subsubsection.1.2.9}{Γεωμετρικός μέσος των benchmarks}{subsection.1.2}% 23
\BOOKMARK [3][-]{subsubsection.1.2.10}{Γενικές παρατηρήσεις για την L2}{subsection.1.2}% 24
\BOOKMARK [2][-]{subsection.1.3}{TLB}{section.1}% 25
\BOOKMARK [3][-]{subsubsection.1.3.1}{blackscholes}{subsection.1.3}% 26
\BOOKMARK [3][-]{subsubsection.1.3.2}{bodytrack}{subsection.1.3}% 27
\BOOKMARK [3][-]{subsubsection.1.3.3}{canneal}{subsection.1.3}% 28
\BOOKMARK [3][-]{subsubsection.1.3.4}{fluidanimate}{subsection.1.3}% 29
\BOOKMARK [3][-]{subsubsection.1.3.5}{freqmine}{subsection.1.3}% 30
\BOOKMARK [3][-]{subsubsection.1.3.6}{rtview}{subsection.1.3}% 31
\BOOKMARK [3][-]{subsubsection.1.3.7}{streamcluster}{subsection.1.3}% 32
\BOOKMARK [3][-]{subsubsection.1.3.8}{swaptions}{subsection.1.3}% 33
\BOOKMARK [3][-]{subsubsection.1.3.9}{Γεωμετρικός μέσος των benchmarks}{subsection.1.3}% 34
\BOOKMARK [3][-]{subsubsection.1.3.10}{Γενικές παρατηρήσεις για το TLB}{subsection.1.3}% 35
\BOOKMARK [2][-]{subsection.1.4}{Prefetching}{section.1}% 36
\BOOKMARK [3][-]{subsubsection.1.4.1}{blackscholes}{subsection.1.4}% 37
\BOOKMARK [3][-]{subsubsection.1.4.2}{bodytrack}{subsection.1.4}% 38
\BOOKMARK [3][-]{subsubsection.1.4.3}{canneal}{subsection.1.4}% 39
\BOOKMARK [3][-]{subsubsection.1.4.4}{fluidanimate}{subsection.1.4}% 40
\BOOKMARK [3][-]{subsubsection.1.4.5}{freqmine}{subsection.1.4}% 41
\BOOKMARK [3][-]{subsubsection.1.4.6}{rtview}{subsection.1.4}% 42
\BOOKMARK [3][-]{subsubsection.1.4.7}{streamcluster}{subsection.1.4}% 43
\BOOKMARK [3][-]{subsubsection.1.4.8}{swaptions}{subsection.1.4}% 44
\BOOKMARK [3][-]{subsubsection.1.4.9}{Γεωμετρικός μέσος των benchmarks}{subsection.1.4}% 45
\BOOKMARK [3][-]{subsubsection.1.4.10}{Γενικές παρατηρήσεις για το prefetching στην L2}{subsection.1.4}% 46
\BOOKMARK [1][-]{section.2}{Ζητούμενο 2ο}{}% 47
\BOOKMARK [2][-]{subsection.2.1}{L1\040cache}{section.2}% 48
\BOOKMARK [3][-]{subsubsection.2.1.1}{blackscholes\040\(clock\040cycle\040architecture-dependent\)}{subsection.2.1}% 49
\BOOKMARK [3][-]{subsubsection.2.1.2}{bodytrack\040\(clock\040cycle\040architecture-dependent\)}{subsection.2.1}% 50
\BOOKMARK [3][-]{subsubsection.2.1.3}{canneal\040\(clock\040cycle\040architecture-dependent\)}{subsection.2.1}% 51
\BOOKMARK [3][-]{subsubsection.2.1.4}{fluidanimate\040\(clock\040cycle\040architecture-dependent\)}{subsection.2.1}% 52
\BOOKMARK [3][-]{subsubsection.2.1.5}{freqmine\040\(clock\040cycle\040architecture-dependent\)}{subsection.2.1}% 53
\BOOKMARK [3][-]{subsubsection.2.1.6}{rtview\040\(clock\040cycle\040architecture-dependent\)}{subsection.2.1}% 54
\BOOKMARK [3][-]{subsubsection.2.1.7}{streamcluster\040\(clock\040cycle\040architecture-dependent\)}{subsection.2.1}% 55
\BOOKMARK [3][-]{subsubsection.2.1.8}{swaptions\040\(clock\040cycle\040architecture-dependent\)}{subsection.2.1}% 56
\BOOKMARK [3][-]{subsubsection.2.1.9}{Γεωμετρικός μέσος των benchmarks}{subsection.2.1}% 57
\BOOKMARK [3][-]{subsubsection.2.1.10}{Γενικές παρατηρήσεις για την L1 \(κύκλος ρολογιού μεταβλητός\)}{subsection.2.1}% 58
\BOOKMARK [2][-]{subsection.2.2}{L2\040cache}{section.2}% 59
\BOOKMARK [3][-]{subsubsection.2.2.1}{blackscholes\040\(clock\040cycle\040architecture-dependent\)}{subsection.2.2}% 60
\BOOKMARK [3][-]{subsubsection.2.2.2}{bodytrack\040\(clock\040cycle\040architecture-dependent\)}{subsection.2.2}% 61
\BOOKMARK [3][-]{subsubsection.2.2.3}{canneal\040\(clock\040cycle\040architecture-dependent\)}{subsection.2.2}% 62
\BOOKMARK [3][-]{subsubsection.2.2.4}{fluidanimate\040\(clock\040cycle\040architecture-dependent\)}{subsection.2.2}% 63
\BOOKMARK [3][-]{subsubsection.2.2.5}{freqmine\040\(clock\040cycle\040architecture-dependent\)}{subsection.2.2}% 64
\BOOKMARK [3][-]{subsubsection.2.2.6}{rtview\040\(clock\040cycle\040architecture-dependent\)}{subsection.2.2}% 65
\BOOKMARK [3][-]{subsubsection.2.2.7}{streamcluster\040\(clock\040cycle\040architecture-dependent\)}{subsection.2.2}% 66
\BOOKMARK [3][-]{subsubsection.2.2.8}{swaptions\040\(clock\040cycle\040architecture-dependent\)}{subsection.2.2}% 67
\BOOKMARK [3][-]{subsubsection.2.2.9}{Γεωμετρικός μέσος των benchmarks}{subsection.2.2}% 68
\BOOKMARK [3][-]{subsubsection.2.2.10}{Γενικές παρατηρήσεις για την L2 \(κύκλος ρολογιού μεταβλητός\)}{subsection.2.2}% 69
\BOOKMARK [2][-]{subsection.2.3}{TLB}{section.2}% 70
\BOOKMARK [3][-]{subsubsection.2.3.1}{blackscholes\040\(clock\040cycle\040architecture-dependent\)}{subsection.2.3}% 71
\BOOKMARK [3][-]{subsubsection.2.3.2}{bodytrack\040\(clock\040cycle\040architecture-dependent\)}{subsection.2.3}% 72
\BOOKMARK [3][-]{subsubsection.2.3.3}{canneal\040\(clock\040cycle\040architecture-dependent\)}{subsection.2.3}% 73
\BOOKMARK [3][-]{subsubsection.2.3.4}{fluidanimate\040\(clock\040cycle\040architecture-dependent\)}{subsection.2.3}% 74
\BOOKMARK [3][-]{subsubsection.2.3.5}{freqmine\040\(clock\040cycle\040architecture-dependent\)}{subsection.2.3}% 75
\BOOKMARK [3][-]{subsubsection.2.3.6}{rtview\040\(clock\040cycle\040architecture-dependent\)}{subsection.2.3}% 76
\BOOKMARK [3][-]{subsubsection.2.3.7}{streamcluster\040\(clock\040cycle\040architecture-dependent\)}{subsection.2.3}% 77
\BOOKMARK [3][-]{subsubsection.2.3.8}{swaptions\040\(clock\040cycle\040architecture-dependent\)}{subsection.2.3}% 78
\BOOKMARK [3][-]{subsubsection.2.3.9}{Γεωμετρικός μέσος των benchmarks}{subsection.2.3}% 79
\BOOKMARK [3][-]{subsubsection.2.3.10}{Γενικές παρατηρήσεις για το TLB \(κύκλος ρολογιού μεταβλητός\)}{subsection.2.3}% 80
