--------
Total Statistics
--------
Total Instructions: 2235776172
Total Cycles: 4755742073
IPC: 0.470121

--------
Single level Tlb hierarchy
--------
  Data Tlb:
    Entries:          64
    Page Size(B):   4096
    Associativity:      4

Latencies:    0   50
Tlb-Sets:   16 - LRU - assoc:   4

Tlb Stats:
Tlb-Load-Hits:         563124718   94.17%
Tlb-Load-Misses:        34832629    5.83%
Tlb-Load-Accesses:     597957347  100.00%

Tlb-Store-Hits:         126179142   99.67%
Tlb-Store-Misses:          421302    0.33%
Tlb-Store-Accesses:     126600444  100.00%

Tlb-Total-Hits:         689303860   95.13%
Tlb-Total-Misses:        35253931    4.87%
Tlb-Total-Accesses:     724557791  100.00%



--------
Two level Cache hierarchy
--------
  L1-Data Cache:
    Size(KB):          32
    Block Size(B):     64
    Associativity:      8

  L2-Data Cache:
    Size(KB):        1024
    Block Size(B):    128
    Associativity:      8

Latencies:    1   10  150
L1-Sets:   64 - LRU - assoc:   8
L2-Sets: 1024 - LRU - assoc:   8
Store_allocation: Yes
L2_inclusive: Yes
L2_prefetching: Yes ( 64)

L1 Cache Stats:
L1-Load-Hits:         595434897   99.58%
L1-Load-Misses:         2522450    0.42%
L1-Load-Accesses:     597957347  100.00%

L1-Store-Hits:         126186853   99.67%
L1-Store-Misses:          413591    0.33%
L1-Store-Accesses:     126600444  100.00%

L1-Total-Hits:         721621750   99.59%
L1-Total-Misses:         2936041    0.41%
L1-Total-Accesses:     724557791  100.00%

L2 Cache Stats:
L2-Load-Hits:           2503417   99.25%
L2-Load-Misses:           19033    0.75%
L2-Load-Accesses:       2522450  100.00%

L2-Store-Hits:            410283   99.20%
L2-Store-Misses:            3308    0.80%
L2-Store-Accesses:        413591  100.00%

L2-Total-Hits:           2913700   99.24%
L2-Total-Misses:           22341    0.76%
L2-Total-Accesses:       2936041  100.00%

