--------
Total Statistics
--------
Total Instructions: 2235776172
Total Cycles: 5227701163
IPC: 0.427679

--------
Single level Tlb hierarchy
--------
  Data Tlb:
    Entries:         128
    Page Size(B):   4096
    Associativity:      4

Latencies:    0   50
Tlb-Sets:   32 - LRU - assoc:   4

Tlb Stats:
Tlb-Load-Hits:         564153918   94.35%
Tlb-Load-Misses:        33803429    5.65%
Tlb-Load-Accesses:     597957347  100.00%

Tlb-Store-Hits:         120223442   94.96%
Tlb-Store-Misses:         6377002    5.04%
Tlb-Store-Accesses:     126600444  100.00%

Tlb-Total-Hits:         684377360   94.45%
Tlb-Total-Misses:        40180431    5.55%
Tlb-Total-Accesses:     724557791  100.00%



--------
Two level Cache hierarchy
--------
  L1-Data Cache:
    Size(KB):          32
    Block Size(B):     64
    Associativity:      8

  L2-Data Cache:
    Size(KB):        1024
    Block Size(B):    128
    Associativity:      8

Latencies:    1   10  150
L1-Sets:   64 - LRU - assoc:   8
L2-Sets: 1024 - LRU - assoc:   8
Store_allocation: Yes
L2_inclusive: Yes
L2_prefetching: No

L1 Cache Stats:
L1-Load-Hits:         594258523   99.38%
L1-Load-Misses:         3698824    0.62%
L1-Load-Accesses:     597957347  100.00%

L1-Store-Hits:         125974118   99.51%
L1-Store-Misses:          626326    0.49%
L1-Store-Accesses:     126600444  100.00%

L1-Total-Hits:         720232641   99.40%
L1-Total-Misses:         4325150    0.60%
L1-Total-Accesses:     724557791  100.00%

L2 Cache Stats:
L2-Load-Hits:           2469774   66.77%
L2-Load-Misses:         1229050   33.23%
L2-Load-Accesses:       3698824  100.00%

L2-Store-Hits:            421415   67.28%
L2-Store-Misses:          204911   32.72%
L2-Store-Accesses:        626326  100.00%

L2-Total-Hits:           2891189   66.85%
L2-Total-Misses:         1433961   33.15%
L2-Total-Accesses:       4325150  100.00%

