--------
Total Statistics
--------
Total Instructions: 2235776172
Total Cycles: 5281410443
IPC: 0.423329

--------
Single level Tlb hierarchy
--------
  Data Tlb:
    Entries:          64
    Page Size(B):   4096
    Associativity:      4

Latencies:    0   50
Tlb-Sets:   16 - LRU - assoc:   4

Tlb Stats:
Tlb-Load-Hits:         563124519   94.17%
Tlb-Load-Misses:        34832828    5.83%
Tlb-Load-Accesses:     597957347  100.00%

Tlb-Store-Hits:         126179042   99.67%
Tlb-Store-Misses:          421402    0.33%
Tlb-Store-Accesses:     126600444  100.00%

Tlb-Total-Hits:         689303561   95.13%
Tlb-Total-Misses:        35254230    4.87%
Tlb-Total-Accesses:     724557791  100.00%



--------
Two level Cache hierarchy
--------
  L1-Data Cache:
    Size(KB):          64
    Block Size(B):     64
    Associativity:      4

  L2-Data Cache:
    Size(KB):        1024
    Block Size(B):    128
    Associativity:      8

Latencies:    1   10  150
L1-Sets:  256 - LRU - assoc:   4
L2-Sets: 1024 - LRU - assoc:   8
Store_allocation: Yes
L2_inclusive: Yes
L2_prefetching: No

L1 Cache Stats:
L1-Load-Hits:         564291533   94.37%
L1-Load-Misses:        33665814    5.63%
L1-Load-Accesses:     597957347  100.00%

L1-Store-Hits:         125936220   99.48%
L1-Store-Misses:          664224    0.52%
L1-Store-Accesses:     126600444  100.00%

L1-Total-Hits:         690227753   95.26%
L1-Total-Misses:        34330038    4.74%
L1-Total-Accesses:     724557791  100.00%

L2 Cache Stats:
L2-Load-Hits:          32436960   96.35%
L2-Load-Misses:         1228854    3.65%
L2-Load-Accesses:      33665814  100.00%

L2-Store-Hits:            459314   69.15%
L2-Store-Misses:          204910   30.85%
L2-Store-Accesses:        664224  100.00%

L2-Total-Hits:          32896274   95.82%
L2-Total-Misses:         1433764    4.18%
L2-Total-Accesses:      34330038  100.00%

