--------
Total Statistics
--------
Total Instructions: 2235776197
Total Cycles: 5175105456
IPC: 0.432025

--------
Single level Tlb hierarchy
--------
  Data Tlb:
    Entries:          64
    Page Size(B):   4096
    Associativity:      4

Latencies:    0   50
Tlb-Sets:   16 - LRU - assoc:   4

Tlb Stats:
Tlb-Load-Hits:         563124626   94.17%
Tlb-Load-Misses:        34832729    5.83%
Tlb-Load-Accesses:     597957355  100.00%

Tlb-Store-Hits:         120016042   94.80%
Tlb-Store-Misses:         6584402    5.20%
Tlb-Store-Accesses:     126600444  100.00%

Tlb-Total-Hits:         683140668   94.28%
Tlb-Total-Misses:        41417131    5.72%
Tlb-Total-Accesses:     724557799  100.00%



--------
Two level Cache hierarchy
--------
  L1-Data Cache:
    Size(KB):          32
    Block Size(B):     64
    Associativity:      8

  L2-Data Cache:
    Size(KB):         512
    Block Size(B):    256
    Associativity:      8

Latencies:    1   10  150
L1-Sets:   64 - LRU - assoc:   8
L2-Sets:  256 - LRU - assoc:   8
Store_allocation: Yes
L2_inclusive: Yes
L2_prefetching: No

L1 Cache Stats:
L1-Load-Hits:         594832134   99.48%
L1-Load-Misses:         3125221    0.52%
L1-Load-Accesses:     597957355  100.00%

L1-Store-Hits:         126088484   99.60%
L1-Store-Misses:          511960    0.40%
L1-Store-Accesses:     126600444  100.00%

L1-Total-Hits:         720920618   99.50%
L1-Total-Misses:         3637181    0.50%
L1-Total-Accesses:     724557799  100.00%

L2 Cache Stats:
L2-Load-Hits:           2510775   80.34%
L2-Load-Misses:          614446   19.66%
L2-Load-Accesses:       3125221  100.00%

L2-Store-Hits:            409452   79.98%
L2-Store-Misses:          102508   20.02%
L2-Store-Accesses:        511960  100.00%

L2-Total-Hits:           2920227   80.29%
L2-Total-Misses:          716954   19.71%
L2-Total-Accesses:       3637181  100.00%

