--------
Total Statistics
--------
Total Instructions: 2235776172
Total Cycles: 4981412553
IPC: 0.448824

--------
Single level Tlb hierarchy
--------
  Data Tlb:
    Entries:          64
    Page Size(B):   4096
    Associativity:      4

Latencies:    0   50
Tlb-Sets:   16 - LRU - assoc:   4

Tlb Stats:
Tlb-Load-Hits:         563124519   94.17%
Tlb-Load-Misses:        34832828    5.83%
Tlb-Load-Accesses:     597957347  100.00%

Tlb-Store-Hits:         126179041   99.67%
Tlb-Store-Misses:          421403    0.33%
Tlb-Store-Accesses:     126600444  100.00%

Tlb-Total-Hits:         689303560   95.13%
Tlb-Total-Misses:        35254231    4.87%
Tlb-Total-Accesses:     724557791  100.00%



--------
Two level Cache hierarchy
--------
  L1-Data Cache:
    Size(KB):          32
    Block Size(B):     64
    Associativity:      8

  L2-Data Cache:
    Size(KB):        1024
    Block Size(B):    128
    Associativity:      8

Latencies:    1   10  150
L1-Sets:   64 - LRU - assoc:   8
L2-Sets: 1024 - LRU - assoc:   8
Store_allocation: Yes
L2_inclusive: Yes
L2_prefetching: No

L1 Cache Stats:
L1-Load-Hits:         594261240   99.38%
L1-Load-Misses:         3696107    0.62%
L1-Load-Accesses:     597957347  100.00%

L1-Store-Hits:         125987232   99.52%
L1-Store-Misses:          613212    0.48%
L1-Store-Accesses:     126600444  100.00%

L1-Total-Hits:         720248472   99.41%
L1-Total-Misses:         4309319    0.59%
L1-Total-Accesses:     724557791  100.00%

L2 Cache Stats:
L2-Load-Hits:           2466057   66.72%
L2-Load-Misses:         1230050   33.28%
L2-Load-Accesses:       3696107  100.00%

L2-Store-Hits:            408103   66.55%
L2-Store-Misses:          205109   33.45%
L2-Store-Accesses:        613212  100.00%

L2-Total-Hits:           2874160   66.70%
L2-Total-Misses:         1435159   33.30%
L2-Total-Accesses:       4309319  100.00%

