--------
Total Statistics
--------
Total Instructions: 2235776197
Total Cycles: 4800025276
IPC: 0.465784

--------
Single level Tlb hierarchy
--------
  Data Tlb:
    Entries:          64
    Page Size(B):   4096
    Associativity:      4

Latencies:    0   50
Tlb-Sets:   16 - LRU - assoc:   4

Tlb Stats:
Tlb-Load-Hits:         563124627   94.17%
Tlb-Load-Misses:        34832728    5.83%
Tlb-Load-Accesses:     597957355  100.00%

Tlb-Store-Hits:         126178841   99.67%
Tlb-Store-Misses:          421603    0.33%
Tlb-Store-Accesses:     126600444  100.00%

Tlb-Total-Hits:         689303468   95.13%
Tlb-Total-Misses:        35254331    4.87%
Tlb-Total-Accesses:     724557799  100.00%



--------
Two level Cache hierarchy
--------
  L1-Data Cache:
    Size(KB):          32
    Block Size(B):     64
    Associativity:      8

  L2-Data Cache:
    Size(KB):        1024
    Block Size(B):    128
    Associativity:      8

Latencies:    1   10  150
L1-Sets:   64 - LRU - assoc:   8
L2-Sets: 1024 - LRU - assoc:   8
Store_allocation: Yes
L2_inclusive: Yes
L2_prefetching: Yes (  4)

L1 Cache Stats:
L1-Load-Hits:         594984448   99.50%
L1-Load-Misses:         2972907    0.50%
L1-Load-Accesses:     597957355  100.00%

L1-Store-Hits:         126178628   99.67%
L1-Store-Misses:          421816    0.33%
L1-Store-Accesses:     126600444  100.00%

L1-Total-Hits:         721163076   99.53%
L1-Total-Misses:         3394723    0.47%
L1-Total-Accesses:     724557799  100.00%

L2 Cache Stats:
L2-Load-Hits:           2727066   91.73%
L2-Load-Misses:          245841    8.27%
L2-Load-Accesses:       2972907  100.00%

L2-Store-Hits:            380807   90.28%
L2-Store-Misses:           41009    9.72%
L2-Store-Accesses:        421816  100.00%

L2-Total-Hits:           3107873   91.55%
L2-Total-Misses:          286850    8.45%
L2-Total-Accesses:       3394723  100.00%

