--------
Total Statistics
--------
Total Instructions: 2235776197
Total Cycles: 4952795336
IPC: 0.451417

--------
Single level Tlb hierarchy
--------
  Data Tlb:
    Entries:          64
    Page Size(B):   4096
    Associativity:      4

Latencies:    0   50
Tlb-Sets:   16 - LRU - assoc:   4

Tlb Stats:
Tlb-Load-Hits:         563124527   94.17%
Tlb-Load-Misses:        34832828    5.83%
Tlb-Load-Accesses:     597957355  100.00%

Tlb-Store-Hits:         126178842   99.67%
Tlb-Store-Misses:          421602    0.33%
Tlb-Store-Accesses:     126600444  100.00%

Tlb-Total-Hits:         689303369   95.13%
Tlb-Total-Misses:        35254430    4.87%
Tlb-Total-Accesses:     724557799  100.00%



--------
Two level Cache hierarchy
--------
  L1-Data Cache:
    Size(KB):          64
    Block Size(B):    128
    Associativity:      8

  L2-Data Cache:
    Size(KB):        1024
    Block Size(B):    128
    Associativity:      8

Latencies:    1   10  150
L1-Sets:   64 - LRU - assoc:   8
L2-Sets: 1024 - LRU - assoc:   8
Store_allocation: Yes
L2_inclusive: Yes
L2_prefetching: No

L1 Cache Stats:
L1-Load-Hits:         596726692   99.79%
L1-Load-Misses:         1230663    0.21%
L1-Load-Accesses:     597957355  100.00%

L1-Store-Hits:         126395233   99.84%
L1-Store-Misses:          205211    0.16%
L1-Store-Accesses:     126600444  100.00%

L1-Total-Hits:         723121925   99.80%
L1-Total-Misses:         1435874    0.20%
L1-Total-Accesses:     724557799  100.00%

L2 Cache Stats:
L2-Load-Hits:                 0    0.00%
L2-Load-Misses:         1230663  100.00%
L2-Load-Accesses:       1230663  100.00%

L2-Store-Hits:                 0    0.00%
L2-Store-Misses:          205211  100.00%
L2-Store-Accesses:        205211  100.00%

L2-Total-Hits:                 0    0.00%
L2-Total-Misses:         1435874  100.00%
L2-Total-Accesses:       1435874  100.00%

