--------
Total Statistics
--------
Total Instructions: 2235776197
Total Cycles: 5592343486
IPC: 0.399792

--------
Single level Tlb hierarchy
--------
  Data Tlb:
    Entries:          64
    Page Size(B):   4096
    Associativity:      4

Latencies:    0   50
Tlb-Sets:   16 - LRU - assoc:   4

Tlb Stats:
Tlb-Load-Hits:         563124626   94.17%
Tlb-Load-Misses:        34832729    5.83%
Tlb-Load-Accesses:     597957355  100.00%

Tlb-Store-Hits:         120016041   94.80%
Tlb-Store-Misses:         6584403    5.20%
Tlb-Store-Accesses:     126600444  100.00%

Tlb-Total-Hits:         683140667   94.28%
Tlb-Total-Misses:        41417132    5.72%
Tlb-Total-Accesses:     724557799  100.00%



--------
Two level Cache hierarchy
--------
  L1-Data Cache:
    Size(KB):          32
    Block Size(B):     64
    Associativity:      4

  L2-Data Cache:
    Size(KB):        1024
    Block Size(B):    128
    Associativity:      8

Latencies:    1   10  150
L1-Sets:  128 - LRU - assoc:   4
L2-Sets: 1024 - LRU - assoc:   8
Store_allocation: Yes
L2_inclusive: Yes
L2_prefetching: No

L1 Cache Stats:
L1-Load-Hits:         564016916   94.32%
L1-Load-Misses:        33940439    5.68%
L1-Load-Accesses:     597957355  100.00%

L1-Store-Hits:         125932054   99.47%
L1-Store-Misses:          668390    0.53%
L1-Store-Accesses:     126600444  100.00%

L1-Total-Hits:         689948970   95.22%
L1-Total-Misses:        34608829    4.78%
L1-Total-Accesses:     724557799  100.00%

L2 Cache Stats:
L2-Load-Hits:          32711586   96.38%
L2-Load-Misses:         1228853    3.62%
L2-Load-Accesses:      33940439  100.00%

L2-Store-Hits:            463479   69.34%
L2-Store-Misses:          204911   30.66%
L2-Store-Accesses:        668390  100.00%

L2-Total-Hits:          33175065   95.86%
L2-Total-Misses:         1433764    4.14%
L2-Total-Accesses:      34608829  100.00%

