--------
Total Statistics
--------
Total Instructions: 2235776172
Total Cycles: 4867007333
IPC: 0.459374

--------
Single level Tlb hierarchy
--------
  Data Tlb:
    Entries:          64
    Page Size(B):   4096
    Associativity:      4

Latencies:    0   50
Tlb-Sets:   16 - LRU - assoc:   4

Tlb Stats:
Tlb-Load-Hits:         563124619   94.17%
Tlb-Load-Misses:        34832728    5.83%
Tlb-Load-Accesses:     597957347  100.00%

Tlb-Store-Hits:         126178841   99.67%
Tlb-Store-Misses:          421603    0.33%
Tlb-Store-Accesses:     126600444  100.00%

Tlb-Total-Hits:         689303460   95.13%
Tlb-Total-Misses:        35254331    4.87%
Tlb-Total-Accesses:     724557791  100.00%



--------
Two level Cache hierarchy
--------
  L1-Data Cache:
    Size(KB):          32
    Block Size(B):     64
    Associativity:      8

  L2-Data Cache:
    Size(KB):        1024
    Block Size(B):    128
    Associativity:      8

Latencies:    1   10  150
L1-Sets:   64 - LRU - assoc:   8
L2-Sets: 1024 - LRU - assoc:   8
Store_allocation: Yes
L2_inclusive: Yes
L2_prefetching: Yes (  1)

L1 Cache Stats:
L1-Load-Hits:         594833433   99.48%
L1-Load-Misses:         3123914    0.52%
L1-Load-Accesses:     597957347  100.00%

L1-Store-Hits:         126088941   99.60%
L1-Store-Misses:          511503    0.40%
L1-Store-Accesses:     126600444  100.00%

L1-Total-Hits:         720922374   99.50%
L1-Total-Misses:         3635417    0.50%
L1-Total-Accesses:     724557791  100.00%

L2 Cache Stats:
L2-Load-Hits:           2509073   80.32%
L2-Load-Misses:          614841   19.68%
L2-Load-Accesses:       3123914  100.00%

L2-Store-Hits:            408993   79.96%
L2-Store-Misses:          102510   20.04%
L2-Store-Accesses:        511503  100.00%

L2-Total-Hits:           2918066   80.27%
L2-Total-Misses:          717351   19.73%
L2-Total-Accesses:       3635417  100.00%

