--------
Total Statistics
--------
Total Instructions: 2235776197
Total Cycles: 4832361336
IPC: 0.462667

--------
Single level Tlb hierarchy
--------
  Data Tlb:
    Entries:          64
    Page Size(B):   4096
    Associativity:      4

Latencies:    0   50
Tlb-Sets:   16 - LRU - assoc:   4

Tlb Stats:
Tlb-Load-Hits:         563124726   94.17%
Tlb-Load-Misses:        34832629    5.83%
Tlb-Load-Accesses:     597957355  100.00%

Tlb-Store-Hits:         126179141   99.67%
Tlb-Store-Misses:          421303    0.33%
Tlb-Store-Accesses:     126600444  100.00%

Tlb-Total-Hits:         689303867   95.13%
Tlb-Total-Misses:        35253932    4.87%
Tlb-Total-Accesses:     724557799  100.00%



--------
Two level Cache hierarchy
--------
  L1-Data Cache:
    Size(KB):          32
    Block Size(B):     64
    Associativity:      8

  L2-Data Cache:
    Size(KB):        1024
    Block Size(B):    128
    Associativity:      8

Latencies:    1   10  150
L1-Sets:   64 - LRU - assoc:   8
L2-Sets: 1024 - LRU - assoc:   8
Store_allocation: Yes
L2_inclusive: Yes
L2_prefetching: Yes (  2)

L1 Cache Stats:
L1-Load-Hits:         594644612   99.45%
L1-Load-Misses:         3312743    0.55%
L1-Load-Accesses:     597957355  100.00%

L1-Store-Hits:         126135938   99.63%
L1-Store-Misses:          464506    0.37%
L1-Store-Accesses:     126600444  100.00%

L1-Total-Hits:         720780550   99.48%
L1-Total-Misses:         3777249    0.52%
L1-Total-Accesses:     724557799  100.00%

L2 Cache Stats:
L2-Load-Hits:           2903103   87.63%
L2-Load-Misses:          409640   12.37%
L2-Load-Accesses:       3312743  100.00%

L2-Store-Hits:            397091   85.49%
L2-Store-Misses:           67415   14.51%
L2-Store-Accesses:        464506  100.00%

L2-Total-Hits:           3300194   87.37%
L2-Total-Misses:          477055   12.63%
L2-Total-Accesses:       3777249  100.00%

