--------
Total Statistics
--------
Total Instructions: 2235776172
Total Cycles: 5490997213
IPC: 0.407171

--------
Single level Tlb hierarchy
--------
  Data Tlb:
    Entries:          64
    Page Size(B):   4096
    Associativity:      4

Latencies:    0   50
Tlb-Sets:   16 - LRU - assoc:   4

Tlb Stats:
Tlb-Load-Hits:         563124618   94.17%
Tlb-Load-Misses:        34832729    5.83%
Tlb-Load-Accesses:     597957347  100.00%

Tlb-Store-Hits:         120016042   94.80%
Tlb-Store-Misses:         6584402    5.20%
Tlb-Store-Accesses:     126600444  100.00%

Tlb-Total-Hits:         683140660   94.28%
Tlb-Total-Misses:        41417131    5.72%
Tlb-Total-Accesses:     724557791  100.00%



--------
Two level Cache hierarchy
--------
  L1-Data Cache:
    Size(KB):          32
    Block Size(B):     64
    Associativity:      8

  L2-Data Cache:
    Size(KB):         512
    Block Size(B):     64
    Associativity:      8

Latencies:    1   10  150
L1-Sets:   64 - LRU - assoc:   8
L2-Sets: 1024 - LRU - assoc:   8
Store_allocation: Yes
L2_inclusive: Yes
L2_prefetching: No

L1 Cache Stats:
L1-Load-Hits:         595483340   99.59%
L1-Load-Misses:         2474007    0.41%
L1-Load-Accesses:     597957347  100.00%

L1-Store-Hits:         126190161   99.68%
L1-Store-Misses:          410283    0.32%
L1-Store-Accesses:     126600444  100.00%

L1-Total-Hits:         721673501   99.60%
L1-Total-Misses:         2884290    0.40%
L1-Total-Accesses:     724557791  100.00%

L2 Cache Stats:
L2-Load-Hits:             11198    0.45%
L2-Load-Misses:         2462809   99.55%
L2-Load-Accesses:       2474007  100.00%

L2-Store-Hits:                 0    0.00%
L2-Store-Misses:          410283  100.00%
L2-Store-Accesses:        410283  100.00%

L2-Total-Hits:             11198    0.39%
L2-Total-Misses:         2873092   99.61%
L2-Total-Accesses:       2884290  100.00%

