--------
Total Statistics
--------
Total Instructions: 2235776172
Total Cycles: 4952819143
IPC: 0.451415

--------
Single level Tlb hierarchy
--------
  Data Tlb:
    Entries:          64
    Page Size(B):   4096
    Associativity:      4

Latencies:    0   50
Tlb-Sets:   16 - LRU - assoc:   4

Tlb Stats:
Tlb-Load-Hits:         563124519   94.17%
Tlb-Load-Misses:        34832828    5.83%
Tlb-Load-Accesses:     597957347  100.00%

Tlb-Store-Hits:         126178842   99.67%
Tlb-Store-Misses:          421602    0.33%
Tlb-Store-Accesses:     126600444  100.00%

Tlb-Total-Hits:         689303361   95.13%
Tlb-Total-Misses:        35254430    4.87%
Tlb-Total-Accesses:     724557791  100.00%



--------
Two level Cache hierarchy
--------
  L1-Data Cache:
    Size(KB):         128
    Block Size(B):    128
    Associativity:      8

  L2-Data Cache:
    Size(KB):        1024
    Block Size(B):    128
    Associativity:      8

Latencies:    1   10  150
L1-Sets:  128 - LRU - assoc:   8
L2-Sets: 1024 - LRU - assoc:   8
Store_allocation: Yes
L2_inclusive: Yes
L2_prefetching: No

L1 Cache Stats:
L1-Load-Hits:         596726686   99.79%
L1-Load-Misses:         1230661    0.21%
L1-Load-Accesses:     597957347  100.00%

L1-Store-Hits:         126395082   99.84%
L1-Store-Misses:          205362    0.16%
L1-Store-Accesses:     126600444  100.00%

L1-Total-Hits:         723121768   99.80%
L1-Total-Misses:         1436023    0.20%
L1-Total-Accesses:     724557791  100.00%

L2 Cache Stats:
L2-Load-Hits:                 0    0.00%
L2-Load-Misses:         1230661  100.00%
L2-Load-Accesses:       1230661  100.00%

L2-Store-Hits:                 0    0.00%
L2-Store-Misses:          205362  100.00%
L2-Store-Accesses:        205362  100.00%

L2-Total-Hits:                 0    0.00%
L2-Total-Misses:         1436023  100.00%
L2-Total-Accesses:       1436023  100.00%

