--------
Total Statistics
--------
Total Instructions: 2235776172
Total Cycles: 5175086083
IPC: 0.432027

--------
Single level Tlb hierarchy
--------
  Data Tlb:
    Entries:          64
    Page Size(B):   4096
    Associativity:      4

Latencies:    0   50
Tlb-Sets:   16 - LRU - assoc:   4

Tlb Stats:
Tlb-Load-Hits:         563124618   94.17%
Tlb-Load-Misses:        34832729    5.83%
Tlb-Load-Accesses:     597957347  100.00%

Tlb-Store-Hits:         120016042   94.80%
Tlb-Store-Misses:         6584402    5.20%
Tlb-Store-Accesses:     126600444  100.00%

Tlb-Total-Hits:         683140660   94.28%
Tlb-Total-Misses:        41417131    5.72%
Tlb-Total-Accesses:     724557791  100.00%



--------
Two level Cache hierarchy
--------
  L1-Data Cache:
    Size(KB):          32
    Block Size(B):     64
    Associativity:      8

  L2-Data Cache:
    Size(KB):        1024
    Block Size(B):    256
    Associativity:      8

Latencies:    1   10  150
L1-Sets:   64 - LRU - assoc:   8
L2-Sets:  512 - LRU - assoc:   8
Store_allocation: Yes
L2_inclusive: Yes
L2_prefetching: No

L1 Cache Stats:
L1-Load-Hits:         594833789   99.48%
L1-Load-Misses:         3123558    0.52%
L1-Load-Accesses:     597957347  100.00%

L1-Store-Hits:         126088740   99.60%
L1-Store-Misses:          511704    0.40%
L1-Store-Accesses:     126600444  100.00%

L1-Total-Hits:         720922529   99.50%
L1-Total-Misses:         3635262    0.50%
L1-Total-Accesses:     724557791  100.00%

L2 Cache Stats:
L2-Load-Hits:           2509111   80.33%
L2-Load-Misses:          614447   19.67%
L2-Load-Accesses:       3123558  100.00%

L2-Store-Hits:            409198   79.97%
L2-Store-Misses:          102506   20.03%
L2-Store-Accesses:        511704  100.00%

L2-Total-Hits:           2918309   80.28%
L2-Total-Misses:          716953   19.72%
L2-Total-Accesses:       3635262  100.00%

