--------
Total Statistics
--------
Total Instructions: 2235776172
Total Cycles: 5261030013
IPC: 0.424969

--------
Single level Tlb hierarchy
--------
  Data Tlb:
    Entries:          64
    Page Size(B):   4096
    Associativity:      4

Latencies:    0   50
Tlb-Sets:   16 - LRU - assoc:   4

Tlb Stats:
Tlb-Load-Hits:         563124618   94.17%
Tlb-Load-Misses:        34832729    5.83%
Tlb-Load-Accesses:     597957347  100.00%

Tlb-Store-Hits:         120015842   94.80%
Tlb-Store-Misses:         6584602    5.20%
Tlb-Store-Accesses:     126600444  100.00%

Tlb-Total-Hits:         683140460   94.28%
Tlb-Total-Misses:        41417331    5.72%
Tlb-Total-Accesses:     724557791  100.00%



--------
Two level Cache hierarchy
--------
  L1-Data Cache:
    Size(KB):          32
    Block Size(B):    128
    Associativity:      8

  L2-Data Cache:
    Size(KB):        1024
    Block Size(B):    128
    Associativity:      8

Latencies:    1   10  150
L1-Sets:   32 - LRU - assoc:   8
L2-Sets: 1024 - LRU - assoc:   8
Store_allocation: Yes
L2_inclusive: Yes
L2_prefetching: No

L1 Cache Stats:
L1-Load-Hits:         596715588   99.79%
L1-Load-Misses:         1241759    0.21%
L1-Load-Accesses:     597957347  100.00%

L1-Store-Hits:         126395083   99.84%
L1-Store-Misses:          205361    0.16%
L1-Store-Accesses:     126600444  100.00%

L1-Total-Hits:         723110671   99.80%
L1-Total-Misses:         1447120    0.20%
L1-Total-Accesses:     724557791  100.00%

L2 Cache Stats:
L2-Load-Hits:             11398    0.92%
L2-Load-Misses:         1230361   99.08%
L2-Load-Accesses:       1241759  100.00%

L2-Store-Hits:                 0    0.00%
L2-Store-Misses:          205361  100.00%
L2-Store-Accesses:        205361  100.00%

L2-Total-Hits:             11398    0.79%
L2-Total-Misses:         1435722   99.21%
L2-Total-Accesses:       1447120  100.00%

