--------
Total Statistics
--------
Total Instructions: 2235776172
Total Cycles: 5010227703
IPC: 0.446242

--------
Single level Tlb hierarchy
--------
  Data Tlb:
    Entries:          64
    Page Size(B):   4096
    Associativity:      4

Latencies:    0   50
Tlb-Sets:   16 - LRU - assoc:   4

Tlb Stats:
Tlb-Load-Hits:         563124519   94.17%
Tlb-Load-Misses:        34832828    5.83%
Tlb-Load-Accesses:     597957347  100.00%

Tlb-Store-Hits:         126178841   99.67%
Tlb-Store-Misses:          421603    0.33%
Tlb-Store-Accesses:     126600444  100.00%

Tlb-Total-Hits:         689303360   95.13%
Tlb-Total-Misses:        35254431    4.87%
Tlb-Total-Accesses:     724557791  100.00%



--------
Two level Cache hierarchy
--------
  L1-Data Cache:
    Size(KB):          32
    Block Size(B):     32
    Associativity:      8

  L2-Data Cache:
    Size(KB):        1024
    Block Size(B):    128
    Associativity:      8

Latencies:    1   10  150
L1-Sets:  128 - LRU - assoc:   8
L2-Sets: 1024 - LRU - assoc:   8
Store_allocation: Yes
L2_inclusive: Yes
L2_prefetching: No

L1 Cache Stats:
L1-Load-Hits:         591774898   98.97%
L1-Load-Misses:         6182449    1.03%
L1-Load-Accesses:     597957347  100.00%

L1-Store-Hits:         125578119   99.19%
L1-Store-Misses:         1022325    0.81%
L1-Store-Accesses:     126600444  100.00%

L1-Total-Hits:         717353017   99.01%
L1-Total-Misses:         7204774    0.99%
L1-Total-Accesses:     724557791  100.00%

L2 Cache Stats:
L2-Load-Hits:           4953196   80.12%
L2-Load-Misses:         1229253   19.88%
L2-Load-Accesses:       6182449  100.00%

L2-Store-Hits:            817415   79.96%
L2-Store-Misses:          204910   20.04%
L2-Store-Accesses:       1022325  100.00%

L2-Total-Hits:           5770611   80.09%
L2-Total-Misses:         1434163   19.91%
L2-Total-Accesses:       7204774  100.00%

