--------
Total Statistics
--------
Total Instructions: 2235776172
Total Cycles: 5182453803
IPC: 0.431413

--------
Single level Tlb hierarchy
--------
  Data Tlb:
    Entries:          64
    Page Size(B):   4096
    Associativity:      4

Latencies:    0   50
Tlb-Sets:   16 - LRU - assoc:   4

Tlb Stats:
Tlb-Load-Hits:         563124519   94.17%
Tlb-Load-Misses:        34832828    5.83%
Tlb-Load-Accesses:     597957347  100.00%

Tlb-Store-Hits:         126178842   99.67%
Tlb-Store-Misses:          421602    0.33%
Tlb-Store-Accesses:     126600444  100.00%

Tlb-Total-Hits:         689303361   95.13%
Tlb-Total-Misses:        35254430    4.87%
Tlb-Total-Accesses:     724557791  100.00%



--------
Two level Cache hierarchy
--------
  L1-Data Cache:
    Size(KB):          32
    Block Size(B):     64
    Associativity:      8

  L2-Data Cache:
    Size(KB):        1024
    Block Size(B):     64
    Associativity:     16

Latencies:    1   10  150
L1-Sets:   64 - LRU - assoc:   8
L2-Sets: 1024 - LRU - assoc:  16
Store_allocation: Yes
L2_inclusive: Yes
L2_prefetching: No

L1 Cache Stats:
L1-Load-Hits:         595484021   99.59%
L1-Load-Misses:         2473326    0.41%
L1-Load-Accesses:     597957347  100.00%

L1-Store-Hits:         126190251   99.68%
L1-Store-Misses:          410193    0.32%
L1-Store-Accesses:     126600444  100.00%

L1-Total-Hits:         721674272   99.60%
L1-Total-Misses:         2883519    0.40%
L1-Total-Accesses:     724557791  100.00%

L2 Cache Stats:
L2-Load-Hits:             13098    0.53%
L2-Load-Misses:         2460228   99.47%
L2-Load-Accesses:       2473326  100.00%

L2-Store-Hits:                 0    0.00%
L2-Store-Misses:          410193  100.00%
L2-Store-Accesses:        410193  100.00%

L2-Total-Hits:             13098    0.45%
L2-Total-Misses:         2870421   99.55%
L2-Total-Accesses:       2883519  100.00%

