--------
Total Statistics
--------
Total Instructions: 2235776197
Total Cycles: 5182432806
IPC: 0.431414

--------
Single level Tlb hierarchy
--------
  Data Tlb:
    Entries:          64
    Page Size(B):   4096
    Associativity:      4

Latencies:    0   50
Tlb-Sets:   16 - LRU - assoc:   4

Tlb Stats:
Tlb-Load-Hits:         563124527   94.17%
Tlb-Load-Misses:        34832828    5.83%
Tlb-Load-Accesses:     597957355  100.00%

Tlb-Store-Hits:         126178841   99.67%
Tlb-Store-Misses:          421603    0.33%
Tlb-Store-Accesses:     126600444  100.00%

Tlb-Total-Hits:         689303368   95.13%
Tlb-Total-Misses:        35254431    4.87%
Tlb-Total-Accesses:     724557799  100.00%



--------
Two level Cache hierarchy
--------
  L1-Data Cache:
    Size(KB):          32
    Block Size(B):     64
    Associativity:      8

  L2-Data Cache:
    Size(KB):        1024
    Block Size(B):     64
    Associativity:      8

Latencies:    1   10  150
L1-Sets:   64 - LRU - assoc:   8
L2-Sets: 2048 - LRU - assoc:   8
Store_allocation: Yes
L2_inclusive: Yes
L2_prefetching: No

L1 Cache Stats:
L1-Load-Hits:         595485915   99.59%
L1-Load-Misses:         2471440    0.41%
L1-Load-Accesses:     597957355  100.00%

L1-Store-Hits:         126190278   99.68%
L1-Store-Misses:          410166    0.32%
L1-Store-Accesses:     126600444  100.00%

L1-Total-Hits:         721676193   99.60%
L1-Total-Misses:         2881606    0.40%
L1-Total-Accesses:     724557799  100.00%

L2 Cache Stats:
L2-Load-Hits:             11198    0.45%
L2-Load-Misses:         2460242   99.55%
L2-Load-Accesses:       2471440  100.00%

L2-Store-Hits:                 0    0.00%
L2-Store-Misses:          410166  100.00%
L2-Store-Accesses:        410166  100.00%

L2-Total-Hits:             11198    0.39%
L2-Total-Misses:         2870408   99.61%
L2-Total-Accesses:       2881606  100.00%

