--------
Total Statistics
--------
Total Instructions: 2235776172
Total Cycles: 5266229093
IPC: 0.42455

--------
Single level Tlb hierarchy
--------
  Data Tlb:
    Entries:          64
    Page Size(B):   4096
    Associativity:      2

Latencies:    0   50
Tlb-Sets:   32 - LRU - assoc:   2

Tlb Stats:
Tlb-Load-Hits:         563647422   94.26%
Tlb-Load-Misses:        34309925    5.74%
Tlb-Load-Accesses:     597957347  100.00%

Tlb-Store-Hits:         119958642   94.75%
Tlb-Store-Misses:         6641802    5.25%
Tlb-Store-Accesses:     126600444  100.00%

Tlb-Total-Hits:         683606064   94.35%
Tlb-Total-Misses:        40951727    5.65%
Tlb-Total-Accesses:     724557791  100.00%



--------
Two level Cache hierarchy
--------
  L1-Data Cache:
    Size(KB):          32
    Block Size(B):     64
    Associativity:      8

  L2-Data Cache:
    Size(KB):        1024
    Block Size(B):    128
    Associativity:      8

Latencies:    1   10  150
L1-Sets:   64 - LRU - assoc:   8
L2-Sets: 1024 - LRU - assoc:   8
Store_allocation: Yes
L2_inclusive: Yes
L2_prefetching: No

L1 Cache Stats:
L1-Load-Hits:         594262226   99.38%
L1-Load-Misses:         3695121    0.62%
L1-Load-Accesses:     597957347  100.00%

L1-Store-Hits:         125974117   99.51%
L1-Store-Misses:          626327    0.49%
L1-Store-Accesses:     126600444  100.00%

L1-Total-Hits:         720236343   99.40%
L1-Total-Misses:         4321448    0.60%
L1-Total-Accesses:     724557791  100.00%

L2 Cache Stats:
L2-Load-Hits:           2466071   66.74%
L2-Load-Misses:         1229050   33.26%
L2-Load-Accesses:       3695121  100.00%

L2-Store-Hits:            421415   67.28%
L2-Store-Misses:          204912   32.72%
L2-Store-Accesses:        626327  100.00%

L2-Total-Hits:           2887486   66.82%
L2-Total-Misses:         1433962   33.18%
L2-Total-Accesses:       4321448  100.00%

