--------
Total Statistics
--------
Total Instructions: 2235776172
Total Cycles: 5010228303
IPC: 0.446242

--------
Single level Tlb hierarchy
--------
  Data Tlb:
    Entries:          64
    Page Size(B):   4096
    Associativity:      4

Latencies:    0   50
Tlb-Sets:   16 - LRU - assoc:   4

Tlb Stats:
Tlb-Load-Hits:         563124519   94.17%
Tlb-Load-Misses:        34832828    5.83%
Tlb-Load-Accesses:     597957347  100.00%

Tlb-Store-Hits:         126178842   99.67%
Tlb-Store-Misses:          421602    0.33%
Tlb-Store-Accesses:     126600444  100.00%

Tlb-Total-Hits:         689303361   95.13%
Tlb-Total-Misses:        35254430    4.87%
Tlb-Total-Accesses:     724557791  100.00%



--------
Two level Cache hierarchy
--------
  L1-Data Cache:
    Size(KB):          64
    Block Size(B):     32
    Associativity:      8

  L2-Data Cache:
    Size(KB):        1024
    Block Size(B):    128
    Associativity:      8

Latencies:    1   10  150
L1-Sets:  256 - LRU - assoc:   8
L2-Sets: 1024 - LRU - assoc:   8
Store_allocation: Yes
L2_inclusive: Yes
L2_prefetching: No

L1 Cache Stats:
L1-Load-Hits:         591784340   98.97%
L1-Load-Misses:         6173007    1.03%
L1-Load-Accesses:     597957347  100.00%

L1-Store-Hits:         125568582   99.18%
L1-Store-Misses:         1031862    0.82%
L1-Store-Accesses:     126600444  100.00%

L1-Total-Hits:         717352922   99.01%
L1-Total-Misses:         7204869    0.99%
L1-Total-Accesses:     724557791  100.00%

L2 Cache Stats:
L2-Load-Hits:           4943758   80.09%
L2-Load-Misses:         1229249   19.91%
L2-Load-Accesses:       6173007  100.00%

L2-Store-Hits:            826950   80.14%
L2-Store-Misses:          204912   19.86%
L2-Store-Accesses:       1031862  100.00%

L2-Total-Hits:           5770708   80.09%
L2-Total-Misses:         1434161   19.91%
L2-Total-Accesses:       7204869  100.00%

