--------
Total Statistics
--------
Total Instructions: 2235776172
Total Cycles: 5062146273
IPC: 0.441666

--------
Single level Tlb hierarchy
--------
  Data Tlb:
    Entries:          64
    Page Size(B):   4096
    Associativity:      4

Latencies:    0   50
Tlb-Sets:   16 - LRU - assoc:   4

Tlb Stats:
Tlb-Load-Hits:         563124420   94.17%
Tlb-Load-Misses:        34832927    5.83%
Tlb-Load-Accesses:     597957347  100.00%

Tlb-Store-Hits:         120016042   94.80%
Tlb-Store-Misses:         6584402    5.20%
Tlb-Store-Accesses:     126600444  100.00%

Tlb-Total-Hits:         683140462   94.28%
Tlb-Total-Misses:        41417329    5.72%
Tlb-Total-Accesses:     724557791  100.00%



--------
Two level Cache hierarchy
--------
  L1-Data Cache:
    Size(KB):          32
    Block Size(B):     64
    Associativity:      8

  L2-Data Cache:
    Size(KB):        2048
    Block Size(B):    128
    Associativity:     16

Latencies:    1   10  150
L1-Sets:   64 - LRU - assoc:   8
L2-Sets: 1024 - LRU - assoc:  16
Store_allocation: Yes
L2_inclusive: Yes
L2_prefetching: No

L1 Cache Stats:
L1-Load-Hits:         595488478   99.59%
L1-Load-Misses:         2468869    0.41%
L1-Load-Accesses:     597957347  100.00%

L1-Store-Hits:         126190727   99.68%
L1-Store-Misses:          409717    0.32%
L1-Store-Accesses:     126600444  100.00%

L1-Total-Hits:         721679205   99.60%
L1-Total-Misses:         2878586    0.40%
L1-Total-Accesses:     724557791  100.00%

L2 Cache Stats:
L2-Load-Hits:           2456529   99.50%
L2-Load-Misses:           12340    0.50%
L2-Load-Accesses:       2468869  100.00%

L2-Store-Hits:            407657   99.50%
L2-Store-Misses:            2060    0.50%
L2-Store-Accesses:        409717  100.00%

L2-Total-Hits:           2864186   99.50%
L2-Total-Misses:           14400    0.50%
L2-Total-Accesses:       2878586  100.00%

