--------
Total Statistics
--------
Total Instructions: 2235776172
Total Cycles: 4759505033
IPC: 0.46975

--------
Single level Tlb hierarchy
--------
  Data Tlb:
    Entries:          64
    Page Size(B):   4096
    Associativity:      4

Latencies:    0   50
Tlb-Sets:   16 - LRU - assoc:   4

Tlb Stats:
Tlb-Load-Hits:         563124718   94.17%
Tlb-Load-Misses:        34832629    5.83%
Tlb-Load-Accesses:     597957347  100.00%

Tlb-Store-Hits:         126179142   99.67%
Tlb-Store-Misses:          421302    0.33%
Tlb-Store-Accesses:     126600444  100.00%

Tlb-Total-Hits:         689303860   95.13%
Tlb-Total-Misses:        35253931    4.87%
Tlb-Total-Accesses:     724557791  100.00%



--------
Two level Cache hierarchy
--------
  L1-Data Cache:
    Size(KB):          32
    Block Size(B):     64
    Associativity:      8

  L2-Data Cache:
    Size(KB):        1024
    Block Size(B):    128
    Associativity:      8

Latencies:    1   10  150
L1-Sets:   64 - LRU - assoc:   8
L2-Sets: 1024 - LRU - assoc:   8
Store_allocation: Yes
L2_inclusive: Yes
L2_prefetching: Yes ( 32)

L1 Cache Stats:
L1-Load-Hits:         595383190   99.57%
L1-Load-Misses:         2574157    0.43%
L1-Load-Accesses:     597957347  100.00%

L1-Store-Hits:         126183384   99.67%
L1-Store-Misses:          417060    0.33%
L1-Store-Accesses:     126600444  100.00%

L1-Total-Hits:         721566574   99.59%
L1-Total-Misses:         2991217    0.41%
L1-Total-Accesses:     724557791  100.00%

L2 Cache Stats:
L2-Load-Hits:           2536718   98.55%
L2-Load-Misses:           37439    1.45%
L2-Load-Accesses:       2574157  100.00%

L2-Store-Hits:            410750   98.49%
L2-Store-Misses:            6310    1.51%
L2-Store-Accesses:        417060  100.00%

L2-Total-Hits:           2947468   98.54%
L2-Total-Misses:           43749    1.46%
L2-Total-Accesses:       2991217  100.00%

