--------
Total Statistics
--------
Total Instructions: 2235776197
Total Cycles: 3220984206
IPC: 0.694128

--------
Single level Tlb hierarchy
--------
  Data Tlb:
    Entries:          64
    Page Size(B):   4096
    Associativity:      8

Latencies:    0   50
Tlb-Sets:    8 - LRU - assoc:   8

Tlb Stats:
Tlb-Load-Hits:         597917125   99.99%
Tlb-Load-Misses:           40230    0.01%
Tlb-Load-Accesses:     597957355  100.00%

Tlb-Store-Hits:         126593843   99.99%
Tlb-Store-Misses:            6601    0.01%
Tlb-Store-Accesses:     126600444  100.00%

Tlb-Total-Hits:         724510968   99.99%
Tlb-Total-Misses:           46831    0.01%
Tlb-Total-Accesses:     724557799  100.00%



--------
Two level Cache hierarchy
--------
  L1-Data Cache:
    Size(KB):          32
    Block Size(B):     64
    Associativity:      8

  L2-Data Cache:
    Size(KB):        1024
    Block Size(B):    128
    Associativity:      8

Latencies:    1   10  150
L1-Sets:   64 - LRU - assoc:   8
L2-Sets: 1024 - LRU - assoc:   8
Store_allocation: Yes
L2_inclusive: Yes
L2_prefetching: No

L1 Cache Stats:
L1-Load-Hits:         594262230   99.38%
L1-Load-Misses:         3695125    0.62%
L1-Load-Accesses:     597957355  100.00%

L1-Store-Hits:         125974118   99.51%
L1-Store-Misses:          626326    0.49%
L1-Store-Accesses:     126600444  100.00%

L1-Total-Hits:         720236348   99.40%
L1-Total-Misses:         4321451    0.60%
L1-Total-Accesses:     724557799  100.00%

L2 Cache Stats:
L2-Load-Hits:           2466075   66.74%
L2-Load-Misses:         1229050   33.26%
L2-Load-Accesses:       3695125  100.00%

L2-Store-Hits:            421415   67.28%
L2-Store-Misses:          204911   32.72%
L2-Store-Accesses:        626326  100.00%

L2-Total-Hits:           2887490   66.82%
L2-Total-Misses:         1433961   33.18%
L2-Total-Accesses:       4321451  100.00%

