--------
Total Statistics
--------
Total Instructions: 2235776172
Total Cycles: 4778126483
IPC: 0.467919

--------
Single level Tlb hierarchy
--------
  Data Tlb:
    Entries:          64
    Page Size(B):   4096
    Associativity:      4

Latencies:    0   50
Tlb-Sets:   16 - LRU - assoc:   4

Tlb Stats:
Tlb-Load-Hits:         563124719   94.17%
Tlb-Load-Misses:        34832628    5.83%
Tlb-Load-Accesses:     597957347  100.00%

Tlb-Store-Hits:         126179141   99.67%
Tlb-Store-Misses:          421303    0.33%
Tlb-Store-Accesses:     126600444  100.00%

Tlb-Total-Hits:         689303860   95.13%
Tlb-Total-Misses:        35253931    4.87%
Tlb-Total-Accesses:     724557791  100.00%



--------
Two level Cache hierarchy
--------
  L1-Data Cache:
    Size(KB):          32
    Block Size(B):     64
    Associativity:      8

  L2-Data Cache:
    Size(KB):        1024
    Block Size(B):    128
    Associativity:      8

Latencies:    1   10  150
L1-Sets:   64 - LRU - assoc:   8
L2-Sets: 1024 - LRU - assoc:   8
Store_allocation: Yes
L2_inclusive: Yes
L2_prefetching: Yes (  8)

L1 Cache Stats:
L1-Load-Hits:         595236939   99.55%
L1-Load-Misses:         2720408    0.45%
L1-Load-Accesses:     597957347  100.00%

L1-Store-Hits:         126202945   99.69%
L1-Store-Misses:          397499    0.31%
L1-Store-Accesses:     126600444  100.00%

L1-Total-Hits:         721439884   99.57%
L1-Total-Misses:         3117907    0.43%
L1-Total-Accesses:     724557791  100.00%

L2 Cache Stats:
L2-Load-Hits:           2583770   94.98%
L2-Load-Misses:          136638    5.02%
L2-Load-Accesses:       2720408  100.00%

L2-Store-Hits:            374691   94.26%
L2-Store-Misses:           22808    5.74%
L2-Store-Accesses:        397499  100.00%

L2-Total-Hits:           2958461   94.89%
L2-Total-Misses:          159446    5.11%
L2-Total-Accesses:       3117907  100.00%

