--------
Total Statistics
--------
Total Instructions: 2235776197
Total Cycles: 4981428906
IPC: 0.448822

--------
Single level Tlb hierarchy
--------
  Data Tlb:
    Entries:          64
    Page Size(B):   4096
    Associativity:      4

Latencies:    0   50
Tlb-Sets:   16 - LRU - assoc:   4

Tlb Stats:
Tlb-Load-Hits:         563124527   94.17%
Tlb-Load-Misses:        34832828    5.83%
Tlb-Load-Accesses:     597957355  100.00%

Tlb-Store-Hits:         126178841   99.67%
Tlb-Store-Misses:          421603    0.33%
Tlb-Store-Accesses:     126600444  100.00%

Tlb-Total-Hits:         689303368   95.13%
Tlb-Total-Misses:        35254431    4.87%
Tlb-Total-Accesses:     724557799  100.00%



--------
Two level Cache hierarchy
--------
  L1-Data Cache:
    Size(KB):          32
    Block Size(B):     64
    Associativity:      8

  L2-Data Cache:
    Size(KB):         512
    Block Size(B):    128
    Associativity:      8

Latencies:    1   10  150
L1-Sets:   64 - LRU - assoc:   8
L2-Sets:  512 - LRU - assoc:   8
Store_allocation: Yes
L2_inclusive: Yes
L2_prefetching: No

L1 Cache Stats:
L1-Load-Hits:         594258566   99.38%
L1-Load-Misses:         3698789    0.62%
L1-Load-Accesses:     597957355  100.00%

L1-Store-Hits:         125986312   99.51%
L1-Store-Misses:          614132    0.49%
L1-Store-Accesses:     126600444  100.00%

L1-Total-Hits:         720244878   99.40%
L1-Total-Misses:         4312921    0.60%
L1-Total-Accesses:     724557799  100.00%

L2 Cache Stats:
L2-Load-Hits:           2469137   66.76%
L2-Load-Misses:         1229652   33.24%
L2-Load-Accesses:       3698789  100.00%

L2-Store-Hits:            408823   66.57%
L2-Store-Misses:          205309   33.43%
L2-Store-Accesses:        614132  100.00%

L2-Total-Hits:           2877960   66.73%
L2-Total-Misses:         1434961   33.27%
L2-Total-Accesses:       4312921  100.00%

