--------
Total Statistics
--------
Total Instructions: 10939890080
Total Cycles: 15836653148
IPC: 0.690796

--------
Single level Tlb hierarchy
--------
  Data Tlb:
    Entries:          64
    Page Size(B):   4096
    Associativity:      4

Latencies:    0   50
Tlb-Sets:   16 - LRU - assoc:   4

Tlb Stats:
Tlb-Load-Hits:        2283642082   99.42%
Tlb-Load-Misses:        13422427    0.58%
Tlb-Load-Accesses:    2297064509  100.00%

Tlb-Store-Hits:         591546871   99.97%
Tlb-Store-Misses:          185718    0.03%
Tlb-Store-Accesses:     591732589  100.00%

Tlb-Total-Hits:        2875188953   99.53%
Tlb-Total-Misses:        13608145    0.47%
Tlb-Total-Accesses:    2888797098  100.00%



--------
Two level Cache hierarchy
--------
  L1-Data Cache:
    Size(KB):          32
    Block Size(B):     64
    Associativity:      8

  L2-Data Cache:
    Size(KB):        2048
    Block Size(B):     64
    Associativity:     16

Latencies:    1   10  150
L1-Sets:   64 - LRU - assoc:   8
L2-Sets: 2048 - LRU - assoc:  16
Store_allocation: Yes
L2_inclusive: Yes
L2_prefetching: No

L1 Cache Stats:
L1-Load-Hits:        2186100578   95.17%
L1-Load-Misses:       110963931    4.83%
L1-Load-Accesses:    2297064509  100.00%

L1-Store-Hits:         585827178   99.00%
L1-Store-Misses:         5905411    1.00%
L1-Store-Accesses:     591732589  100.00%

L1-Total-Hits:        2771927756   95.95%
L1-Total-Misses:       116869342    4.05%
L1-Total-Accesses:    2888797098  100.00%

L2 Cache Stats:
L2-Load-Hits:         110369313   99.46%
L2-Load-Misses:          594618    0.54%
L2-Load-Accesses:     110963931  100.00%

L2-Store-Hits:           5440927   92.13%
L2-Store-Misses:          464484    7.87%
L2-Store-Accesses:       5905411  100.00%

L2-Total-Hits:         115810240   99.09%
L2-Total-Misses:         1059102    0.91%
L2-Total-Accesses:     116869342  100.00%

