--------
Total Statistics
--------
Total Instructions: 10939890080
Total Cycles: 15852770288
IPC: 0.690093

--------
Single level Tlb hierarchy
--------
  Data Tlb:
    Entries:          64
    Page Size(B):   4096
    Associativity:      4

Latencies:    0   50
Tlb-Sets:   16 - LRU - assoc:   4

Tlb Stats:
Tlb-Load-Hits:        2283557677   99.41%
Tlb-Load-Misses:        13506832    0.59%
Tlb-Load-Accesses:    2297064509  100.00%

Tlb-Store-Hits:         591466835   99.96%
Tlb-Store-Misses:          265754    0.04%
Tlb-Store-Accesses:     591732589  100.00%

Tlb-Total-Hits:        2875024512   99.52%
Tlb-Total-Misses:        13772586    0.48%
Tlb-Total-Accesses:    2888797098  100.00%



--------
Two level Cache hierarchy
--------
  L1-Data Cache:
    Size(KB):          32
    Block Size(B):     64
    Associativity:      8

  L2-Data Cache:
    Size(KB):        1024
    Block Size(B):    128
    Associativity:      8

Latencies:    1   10  150
L1-Sets:   64 - LRU - assoc:   8
L2-Sets: 1024 - LRU - assoc:   8
Store_allocation: Yes
L2_inclusive: Yes
L2_prefetching: No

L1 Cache Stats:
L1-Load-Hits:        2185947373   95.16%
L1-Load-Misses:       111117136    4.84%
L1-Load-Accesses:    2297064509  100.00%

L1-Store-Hits:         585504854   98.95%
L1-Store-Misses:         6227735    1.05%
L1-Store-Accesses:     591732589  100.00%

L1-Total-Hits:        2771452227   95.94%
L1-Total-Misses:       117344871    4.06%
L1-Total-Accesses:    2888797098  100.00%

L2 Cache Stats:
L2-Load-Hits:         110532075   99.47%
L2-Load-Misses:          585061    0.53%
L2-Load-Accesses:     111117136  100.00%

L2-Store-Hits:           5732762   92.05%
L2-Store-Misses:          494973    7.95%
L2-Store-Accesses:       6227735  100.00%

L2-Total-Hits:         116264837   99.08%
L2-Total-Misses:         1080034    0.92%
L2-Total-Accesses:     117344871  100.00%

