--------
Total Statistics
--------
Total Instructions: 10939890080
Total Cycles: 15689111768
IPC: 0.697292

--------
Single level Tlb hierarchy
--------
  Data Tlb:
    Entries:          64
    Page Size(B):   4096
    Associativity:      4

Latencies:    0   50
Tlb-Sets:   16 - LRU - assoc:   4

Tlb Stats:
Tlb-Load-Hits:        2283638449   99.42%
Tlb-Load-Misses:        13426060    0.58%
Tlb-Load-Accesses:    2297064509  100.00%

Tlb-Store-Hits:         591546926   99.97%
Tlb-Store-Misses:          185663    0.03%
Tlb-Store-Accesses:     591732589  100.00%

Tlb-Total-Hits:        2875185375   99.53%
Tlb-Total-Misses:        13611723    0.47%
Tlb-Total-Accesses:    2888797098  100.00%



--------
Two level Cache hierarchy
--------
  L1-Data Cache:
    Size(KB):          32
    Block Size(B):     64
    Associativity:      8

  L2-Data Cache:
    Size(KB):        1024
    Block Size(B):    128
    Associativity:      8

Latencies:    1   10  150
L1-Sets:   64 - LRU - assoc:   8
L2-Sets: 1024 - LRU - assoc:   8
Store_allocation: Yes
L2_inclusive: Yes
L2_prefetching: Yes ( 64)

L1 Cache Stats:
L1-Load-Hits:        2186127012   95.17%
L1-Load-Misses:       110937497    4.83%
L1-Load-Accesses:    2297064509  100.00%

L1-Store-Hits:         585770802   98.99%
L1-Store-Misses:         5961787    1.01%
L1-Store-Accesses:     591732589  100.00%

L1-Total-Hits:        2771897814   95.95%
L1-Total-Misses:       116899284    4.05%
L1-Total-Accesses:    2888797098  100.00%

L2 Cache Stats:
L2-Load-Hits:         110915763   99.98%
L2-Load-Misses:           21734    0.02%
L2-Load-Accesses:     110937497  100.00%

L2-Store-Hits:           5911217   99.15%
L2-Store-Misses:           50570    0.85%
L2-Store-Accesses:       5961787  100.00%

L2-Total-Hits:         116826980   99.94%
L2-Total-Misses:           72304    0.06%
L2-Total-Accesses:     116899284  100.00%

