--------
Total Statistics
--------
Total Instructions: 10939890105
Total Cycles: 15741278471
IPC: 0.694981

--------
Single level Tlb hierarchy
--------
  Data Tlb:
    Entries:         128
    Page Size(B):   4096
    Associativity:      4

Latencies:    0   50
Tlb-Sets:   32 - LRU - assoc:   4

Tlb Stats:
Tlb-Load-Hits:        2285779146   99.51%
Tlb-Load-Misses:        11285371    0.49%
Tlb-Load-Accesses:    2297064517  100.00%

Tlb-Store-Hits:         591556191   99.97%
Tlb-Store-Misses:          176398    0.03%
Tlb-Store-Accesses:     591732589  100.00%

Tlb-Total-Hits:        2877335337   99.60%
Tlb-Total-Misses:        11461769    0.40%
Tlb-Total-Accesses:    2888797106  100.00%



--------
Two level Cache hierarchy
--------
  L1-Data Cache:
    Size(KB):          32
    Block Size(B):     64
    Associativity:      8

  L2-Data Cache:
    Size(KB):        1024
    Block Size(B):    128
    Associativity:      8

Latencies:    1   10  150
L1-Sets:   64 - LRU - assoc:   8
L2-Sets: 1024 - LRU - assoc:   8
Store_allocation: Yes
L2_inclusive: Yes
L2_prefetching: No

L1 Cache Stats:
L1-Load-Hits:        2185782229   95.16%
L1-Load-Misses:       111282288    4.84%
L1-Load-Accesses:    2297064517  100.00%

L1-Store-Hits:         585267581   98.91%
L1-Store-Misses:         6465008    1.09%
L1-Store-Accesses:     591732589  100.00%

L1-Total-Hits:        2771049810   95.92%
L1-Total-Misses:       117747296    4.08%
L1-Total-Accesses:    2888797106  100.00%

L2 Cache Stats:
L2-Load-Hits:         110696944   99.47%
L2-Load-Misses:          585344    0.53%
L2-Load-Accesses:     111282288  100.00%

L2-Store-Hits:           5970153   92.35%
L2-Store-Misses:          494855    7.65%
L2-Store-Accesses:       6465008  100.00%

L2-Total-Hits:         116667097   99.08%
L2-Total-Misses:         1080199    0.92%
L2-Total-Accesses:     117747296  100.00%

