--------
Total Statistics
--------
Total Instructions: 10939890080
Total Cycles: 15691269328
IPC: 0.697196

--------
Single level Tlb hierarchy
--------
  Data Tlb:
    Entries:          64
    Page Size(B):   4096
    Associativity:      4

Latencies:    0   50
Tlb-Sets:   16 - LRU - assoc:   4

Tlb Stats:
Tlb-Load-Hits:        2283642507   99.42%
Tlb-Load-Misses:        13422002    0.58%
Tlb-Load-Accesses:    2297064509  100.00%

Tlb-Store-Hits:         591546906   99.97%
Tlb-Store-Misses:          185683    0.03%
Tlb-Store-Accesses:     591732589  100.00%

Tlb-Total-Hits:        2875189413   99.53%
Tlb-Total-Misses:        13607685    0.47%
Tlb-Total-Accesses:    2888797098  100.00%



--------
Two level Cache hierarchy
--------
  L1-Data Cache:
    Size(KB):          32
    Block Size(B):     64
    Associativity:      8

  L2-Data Cache:
    Size(KB):        1024
    Block Size(B):    128
    Associativity:      8

Latencies:    1   10  150
L1-Sets:   64 - LRU - assoc:   8
L2-Sets: 1024 - LRU - assoc:   8
Store_allocation: Yes
L2_inclusive: Yes
L2_prefetching: Yes ( 32)

L1 Cache Stats:
L1-Load-Hits:        2186202513   95.17%
L1-Load-Misses:       110861996    4.83%
L1-Load-Accesses:    2297064509  100.00%

L1-Store-Hits:         585844450   99.00%
L1-Store-Misses:         5888139    1.00%
L1-Store-Accesses:     591732589  100.00%

L1-Total-Hits:        2772046963   95.96%
L1-Total-Misses:       116750135    4.04%
L1-Total-Accesses:    2888797098  100.00%

L2 Cache Stats:
L2-Load-Hits:         110828301   99.97%
L2-Load-Misses:           33695    0.03%
L2-Load-Accesses:     110861996  100.00%

L2-Store-Hits:           5823857   98.91%
L2-Store-Misses:           64282    1.09%
L2-Store-Accesses:       5888139  100.00%

L2-Total-Hits:         116652158   99.92%
L2-Total-Misses:           97977    0.08%
L2-Total-Accesses:     116750135  100.00%

