--------
Total Statistics
--------
Total Instructions: 10939890080
Total Cycles: 15950998338
IPC: 0.685844

--------
Single level Tlb hierarchy
--------
  Data Tlb:
    Entries:          64
    Page Size(B):   4096
    Associativity:      4

Latencies:    0   50
Tlb-Sets:   16 - LRU - assoc:   4

Tlb Stats:
Tlb-Load-Hits:        2283642390   99.42%
Tlb-Load-Misses:        13422119    0.58%
Tlb-Load-Accesses:    2297064509  100.00%

Tlb-Store-Hits:         591546871   99.97%
Tlb-Store-Misses:          185718    0.03%
Tlb-Store-Accesses:     591732589  100.00%

Tlb-Total-Hits:        2875189261   99.53%
Tlb-Total-Misses:        13607837    0.47%
Tlb-Total-Accesses:    2888797098  100.00%



--------
Two level Cache hierarchy
--------
  L1-Data Cache:
    Size(KB):          32
    Block Size(B):     64
    Associativity:      8

  L2-Data Cache:
    Size(KB):         512
    Block Size(B):    256
    Associativity:      8

Latencies:    1   10  150
L1-Sets:   64 - LRU - assoc:   8
L2-Sets:  256 - LRU - assoc:   8
Store_allocation: Yes
L2_inclusive: Yes
L2_prefetching: No

L1 Cache Stats:
L1-Load-Hits:        2185636644   95.15%
L1-Load-Misses:       111427865    4.85%
L1-Load-Accesses:    2297064509  100.00%

L1-Store-Hits:         585690363   98.98%
L1-Store-Misses:         6042226    1.02%
L1-Store-Accesses:     591732589  100.00%

L1-Total-Hits:        2771327007   95.93%
L1-Total-Misses:       117470091    4.07%
L1-Total-Accesses:    2888797098  100.00%

L2 Cache Stats:
L2-Load-Hits:         109984411   98.70%
L2-Load-Misses:         1443454    1.30%
L2-Load-Accesses:     111427865  100.00%

L2-Store-Hits:           5704224   94.41%
L2-Store-Misses:          338002    5.59%
L2-Store-Accesses:       6042226  100.00%

L2-Total-Hits:         115688635   98.48%
L2-Total-Misses:         1781456    1.52%
L2-Total-Accesses:     117470091  100.00%

