--------
Total Statistics
--------
Total Instructions: 10939890080
Total Cycles: 15782571858
IPC: 0.693163

--------
Single level Tlb hierarchy
--------
  Data Tlb:
    Entries:          64
    Page Size(B):   4096
    Associativity:      4

Latencies:    0   50
Tlb-Sets:   16 - LRU - assoc:   4

Tlb Stats:
Tlb-Load-Hits:        2283642620   99.42%
Tlb-Load-Misses:        13421889    0.58%
Tlb-Load-Accesses:    2297064509  100.00%

Tlb-Store-Hits:         591466854   99.96%
Tlb-Store-Misses:          265735    0.04%
Tlb-Store-Accesses:     591732589  100.00%

Tlb-Total-Hits:        2875109474   99.53%
Tlb-Total-Misses:        13687624    0.47%
Tlb-Total-Accesses:    2888797098  100.00%



--------
Two level Cache hierarchy
--------
  L1-Data Cache:
    Size(KB):          32
    Block Size(B):     64
    Associativity:      8

  L2-Data Cache:
    Size(KB):        1024
    Block Size(B):    128
    Associativity:      8

Latencies:    1   10  150
L1-Sets:   64 - LRU - assoc:   8
L2-Sets: 1024 - LRU - assoc:   8
Store_allocation: Yes
L2_inclusive: Yes
L2_prefetching: Yes (  1)

L1 Cache Stats:
L1-Load-Hits:        2185911100   95.16%
L1-Load-Misses:       111153409    4.84%
L1-Load-Accesses:    2297064509  100.00%

L1-Store-Hits:         585572325   98.96%
L1-Store-Misses:         6160264    1.04%
L1-Store-Accesses:     591732589  100.00%

L1-Total-Hits:        2771483425   95.94%
L1-Total-Misses:       117313673    4.06%
L1-Total-Accesses:    2888797098  100.00%

L2 Cache Stats:
L2-Load-Hits:         110820306   99.70%
L2-Load-Misses:          333103    0.30%
L2-Load-Accesses:     111153409  100.00%

L2-Store-Hits:           5850922   94.98%
L2-Store-Misses:          309342    5.02%
L2-Store-Accesses:       6160264  100.00%

L2-Total-Hits:         116671228   99.45%
L2-Total-Misses:          642445    0.55%
L2-Total-Accesses:     117313673  100.00%

