--------
Total Statistics
--------
Total Instructions: 10939890105
Total Cycles: 16135579611
IPC: 0.677998

--------
Single level Tlb hierarchy
--------
  Data Tlb:
    Entries:          64
    Page Size(B):   4096
    Associativity:      4

Latencies:    0   50
Tlb-Sets:   16 - LRU - assoc:   4

Tlb Stats:
Tlb-Load-Hits:        2283641899   99.42%
Tlb-Load-Misses:        13422618    0.58%
Tlb-Load-Accesses:    2297064517  100.00%

Tlb-Store-Hits:         591546919   99.97%
Tlb-Store-Misses:          185670    0.03%
Tlb-Store-Accesses:     591732589  100.00%

Tlb-Total-Hits:        2875188818   99.53%
Tlb-Total-Misses:        13608288    0.47%
Tlb-Total-Accesses:    2888797106  100.00%



--------
Two level Cache hierarchy
--------
  L1-Data Cache:
    Size(KB):          32
    Block Size(B):     64
    Associativity:      8

  L2-Data Cache:
    Size(KB):         512
    Block Size(B):     64
    Associativity:      8

Latencies:    1   10  150
L1-Sets:   64 - LRU - assoc:   8
L2-Sets: 1024 - LRU - assoc:   8
Store_allocation: Yes
L2_inclusive: Yes
L2_prefetching: No

L1 Cache Stats:
L1-Load-Hits:        2186335133   95.18%
L1-Load-Misses:       110729384    4.82%
L1-Load-Accesses:    2297064517  100.00%

L1-Store-Hits:         585986963   99.03%
L1-Store-Misses:         5745626    0.97%
L1-Store-Accesses:     591732589  100.00%

L1-Total-Hits:        2772322096   95.97%
L1-Total-Misses:       116475010    4.03%
L1-Total-Accesses:    2888797106  100.00%

L2 Cache Stats:
L2-Load-Hits:         109003299   98.44%
L2-Load-Misses:         1726085    1.56%
L2-Load-Accesses:     110729384  100.00%

L2-Store-Hits:           4393525   76.47%
L2-Store-Misses:         1352101   23.53%
L2-Store-Accesses:       5745626  100.00%

L2-Total-Hits:         113396824   97.36%
L2-Total-Misses:         3078186    2.64%
L2-Total-Accesses:     116475010  100.00%

