--------
Total Statistics
--------
Total Instructions: 10939890080
Total Cycles: 14854857198
IPC: 0.736452

--------
Single level Tlb hierarchy
--------
  Data Tlb:
    Entries:          64
    Page Size(B):   4096
    Associativity:      4

Latencies:    0   50
Tlb-Sets:   16 - LRU - assoc:   4

Tlb Stats:
Tlb-Load-Hits:        2283557444   99.41%
Tlb-Load-Misses:        13507065    0.59%
Tlb-Load-Accesses:    2297064509  100.00%

Tlb-Store-Hits:         591466848   99.96%
Tlb-Store-Misses:          265741    0.04%
Tlb-Store-Accesses:     591732589  100.00%

Tlb-Total-Hits:        2875024292   99.52%
Tlb-Total-Misses:        13772806    0.48%
Tlb-Total-Accesses:    2888797098  100.00%



--------
Two level Cache hierarchy
--------
  L1-Data Cache:
    Size(KB):         128
    Block Size(B):     32
    Associativity:      8

  L2-Data Cache:
    Size(KB):        1024
    Block Size(B):    128
    Associativity:      8

Latencies:    1   10  150
L1-Sets:  512 - LRU - assoc:   8
L2-Sets: 1024 - LRU - assoc:   8
Store_allocation: Yes
L2_inclusive: Yes
L2_prefetching: No

L1 Cache Stats:
L1-Load-Hits:        2283665695   99.42%
L1-Load-Misses:        13398814    0.58%
L1-Load-Accesses:    2297064509  100.00%

L1-Store-Hits:         587576451   99.30%
L1-Store-Misses:         4156138    0.70%
L1-Store-Accesses:     591732589  100.00%

L1-Total-Hits:        2871242146   99.39%
L1-Total-Misses:        17554952    0.61%
L1-Total-Accesses:    2888797098  100.00%

L2 Cache Stats:
L2-Load-Hits:          12814036   95.64%
L2-Load-Misses:          584778    4.36%
L2-Load-Accesses:      13398814  100.00%

L2-Store-Hits:           3661048   88.09%
L2-Store-Misses:          495090   11.91%
L2-Store-Accesses:       4156138  100.00%

L2-Total-Hits:          16475084   93.85%
L2-Total-Misses:         1079868    6.15%
L2-Total-Accesses:      17554952  100.00%

