--------
Total Statistics
--------
Total Instructions: 10939890080
Total Cycles: 15394705058
IPC: 0.710627

--------
Single level Tlb hierarchy
--------
  Data Tlb:
    Entries:          64
    Page Size(B):   4096
    Associativity:      4

Latencies:    0   50
Tlb-Sets:   16 - LRU - assoc:   4

Tlb Stats:
Tlb-Load-Hits:        2283642177   99.42%
Tlb-Load-Misses:        13422332    0.58%
Tlb-Load-Accesses:    2297064509  100.00%

Tlb-Store-Hits:         591466915   99.96%
Tlb-Store-Misses:          265674    0.04%
Tlb-Store-Accesses:     591732589  100.00%

Tlb-Total-Hits:        2875109092   99.53%
Tlb-Total-Misses:        13688006    0.47%
Tlb-Total-Accesses:    2888797098  100.00%



--------
Two level Cache hierarchy
--------
  L1-Data Cache:
    Size(KB):         128
    Block Size(B):    128
    Associativity:      8

  L2-Data Cache:
    Size(KB):        1024
    Block Size(B):    128
    Associativity:      8

Latencies:    1   10  150
L1-Sets:  128 - LRU - assoc:   8
L2-Sets: 1024 - LRU - assoc:   8
Store_allocation: Yes
L2_inclusive: Yes
L2_prefetching: No

L1 Cache Stats:
L1-Load-Hits:        2227499843   96.97%
L1-Load-Misses:        69564666    3.03%
L1-Load-Accesses:    2297064509  100.00%

L1-Store-Hits:         589356527   99.60%
L1-Store-Misses:         2376062    0.40%
L1-Store-Accesses:     591732589  100.00%

L1-Total-Hits:        2816856370   97.51%
L1-Total-Misses:        71940728    2.49%
L1-Total-Accesses:    2888797098  100.00%

L2 Cache Stats:
L2-Load-Hits:          68978271   99.16%
L2-Load-Misses:          586395    0.84%
L2-Load-Accesses:      69564666  100.00%

L2-Store-Hits:           1881055   79.17%
L2-Store-Misses:          495007   20.83%
L2-Store-Accesses:       2376062  100.00%

L2-Total-Hits:          70859326   98.50%
L2-Total-Misses:         1081402    1.50%
L2-Total-Accesses:      71940728  100.00%

