--------
Total Statistics
--------
Total Instructions: 10939890105
Total Cycles: 15995045761
IPC: 0.683955

--------
Single level Tlb hierarchy
--------
  Data Tlb:
    Entries:          64
    Page Size(B):   4096
    Associativity:      4

Latencies:    0   50
Tlb-Sets:   16 - LRU - assoc:   4

Tlb Stats:
Tlb-Load-Hits:        2283641340   99.42%
Tlb-Load-Misses:        13423177    0.58%
Tlb-Load-Accesses:    2297064517  100.00%

Tlb-Store-Hits:         591546909   99.97%
Tlb-Store-Misses:          185680    0.03%
Tlb-Store-Accesses:     591732589  100.00%

Tlb-Total-Hits:        2875188249   99.53%
Tlb-Total-Misses:        13608857    0.47%
Tlb-Total-Accesses:    2888797106  100.00%



--------
Two level Cache hierarchy
--------
  L1-Data Cache:
    Size(KB):          32
    Block Size(B):     64
    Associativity:      8

  L2-Data Cache:
    Size(KB):        1024
    Block Size(B):     64
    Associativity:     16

Latencies:    1   10  150
L1-Sets:   64 - LRU - assoc:   8
L2-Sets: 1024 - LRU - assoc:  16
Store_allocation: Yes
L2_inclusive: Yes
L2_prefetching: No

L1 Cache Stats:
L1-Load-Hits:        2186089393   95.17%
L1-Load-Misses:       110975124    4.83%
L1-Load-Accesses:    2297064517  100.00%

L1-Store-Hits:         585838848   99.00%
L1-Store-Misses:         5893741    1.00%
L1-Store-Accesses:     591732589  100.00%

L1-Total-Hits:        2771928241   95.95%
L1-Total-Misses:       116868865    4.05%
L1-Total-Accesses:    2888797106  100.00%

L2 Cache Stats:
L2-Load-Hits:         109856833   98.99%
L2-Load-Misses:         1118291    1.01%
L2-Load-Accesses:     110975124  100.00%

L2-Store-Hits:           4897185   83.09%
L2-Store-Misses:          996556   16.91%
L2-Store-Accesses:       5893741  100.00%

L2-Total-Hits:         114754018   98.19%
L2-Total-Misses:         2114847    1.81%
L2-Total-Accesses:     116868865  100.00%

