--------
Total Statistics
--------
Total Instructions: 10939890080
Total Cycles: 15701137268
IPC: 0.696758

--------
Single level Tlb hierarchy
--------
  Data Tlb:
    Entries:          64
    Page Size(B):   4096
    Associativity:      4

Latencies:    0   50
Tlb-Sets:   16 - LRU - assoc:   4

Tlb Stats:
Tlb-Load-Hits:        2283562571   99.41%
Tlb-Load-Misses:        13501938    0.59%
Tlb-Load-Accesses:    2297064509  100.00%

Tlb-Store-Hits:         591546943   99.97%
Tlb-Store-Misses:          185646    0.03%
Tlb-Store-Accesses:     591732589  100.00%

Tlb-Total-Hits:        2875109514   99.53%
Tlb-Total-Misses:        13687584    0.47%
Tlb-Total-Accesses:    2888797098  100.00%



--------
Two level Cache hierarchy
--------
  L1-Data Cache:
    Size(KB):          32
    Block Size(B):     64
    Associativity:      8

  L2-Data Cache:
    Size(KB):        1024
    Block Size(B):    128
    Associativity:      8

Latencies:    1   10  150
L1-Sets:   64 - LRU - assoc:   8
L2-Sets: 1024 - LRU - assoc:   8
Store_allocation: Yes
L2_inclusive: Yes
L2_prefetching: Yes ( 16)

L1 Cache Stats:
L1-Load-Hits:        2186309558   95.18%
L1-Load-Misses:       110754951    4.82%
L1-Load-Accesses:    2297064509  100.00%

L1-Store-Hits:         585932611   99.02%
L1-Store-Misses:         5799978    0.98%
L1-Store-Accesses:     591732589  100.00%

L1-Total-Hits:        2772242169   95.97%
L1-Total-Misses:       116554929    4.03%
L1-Total-Accesses:    2888797098  100.00%

L2 Cache Stats:
L2-Load-Hits:         110694776   99.95%
L2-Load-Misses:           60175    0.05%
L2-Load-Accesses:     110754951  100.00%

L2-Store-Hits:           5710009   98.45%
L2-Store-Misses:           89969    1.55%
L2-Store-Accesses:       5799978  100.00%

L2-Total-Hits:         116404785   99.87%
L2-Total-Misses:          150144    0.13%
L2-Total-Accesses:     116554929  100.00%

