--------
Total Statistics
--------
Total Instructions: 10939890080
Total Cycles: 15370803348
IPC: 0.711732

--------
Single level Tlb hierarchy
--------
  Data Tlb:
    Entries:          64
    Page Size(B):   4096
    Associativity:      4

Latencies:    0   50
Tlb-Sets:   16 - LRU - assoc:   4

Tlb Stats:
Tlb-Load-Hits:        2283477948   99.41%
Tlb-Load-Misses:        13586561    0.59%
Tlb-Load-Accesses:    2297064509  100.00%

Tlb-Store-Hits:         591546876   99.97%
Tlb-Store-Misses:          185713    0.03%
Tlb-Store-Accesses:     591732589  100.00%

Tlb-Total-Hits:        2875024824   99.52%
Tlb-Total-Misses:        13772274    0.48%
Tlb-Total-Accesses:    2888797098  100.00%



--------
Two level Cache hierarchy
--------
  L1-Data Cache:
    Size(KB):          64
    Block Size(B):     32
    Associativity:      8

  L2-Data Cache:
    Size(KB):        1024
    Block Size(B):    128
    Associativity:      8

Latencies:    1   10  150
L1-Sets:  256 - LRU - assoc:   8
L2-Sets: 1024 - LRU - assoc:   8
Store_allocation: Yes
L2_inclusive: Yes
L2_prefetching: No

L1 Cache Stats:
L1-Load-Hits:        2233996738   97.25%
L1-Load-Misses:        63067771    2.75%
L1-Load-Accesses:    2297064509  100.00%

L1-Store-Hits:         585668653   98.98%
L1-Store-Misses:         6063936    1.02%
L1-Store-Accesses:     591732589  100.00%

L1-Total-Hits:        2819665391   97.61%
L1-Total-Misses:        69131707    2.39%
L1-Total-Accesses:    2888797098  100.00%

L2 Cache Stats:
L2-Load-Hits:          62481411   99.07%
L2-Load-Misses:          586360    0.93%
L2-Load-Accesses:      63067771  100.00%

L2-Store-Hits:           5569060   91.84%
L2-Store-Misses:          494876    8.16%
L2-Store-Accesses:       6063936  100.00%

L2-Total-Hits:          68050471   98.44%
L2-Total-Misses:         1081236    1.56%
L2-Total-Accesses:      69131707  100.00%

