--------
Total Statistics
--------
Total Instructions: 10939890080
Total Cycles: 15773344108
IPC: 0.693568

--------
Single level Tlb hierarchy
--------
  Data Tlb:
    Entries:          64
    Page Size(B):   4096
    Associativity:      4

Latencies:    0   50
Tlb-Sets:   16 - LRU - assoc:   4

Tlb Stats:
Tlb-Load-Hits:        2283642040   99.42%
Tlb-Load-Misses:        13422469    0.58%
Tlb-Load-Accesses:    2297064509  100.00%

Tlb-Store-Hits:         591466889   99.96%
Tlb-Store-Misses:          265700    0.04%
Tlb-Store-Accesses:     591732589  100.00%

Tlb-Total-Hits:        2875108929   99.53%
Tlb-Total-Misses:        13688169    0.47%
Tlb-Total-Accesses:    2888797098  100.00%



--------
Two level Cache hierarchy
--------
  L1-Data Cache:
    Size(KB):          32
    Block Size(B):     64
    Associativity:      8

  L2-Data Cache:
    Size(KB):        1024
    Block Size(B):    256
    Associativity:     16

Latencies:    1   10  150
L1-Sets:   64 - LRU - assoc:   8
L2-Sets:  256 - LRU - assoc:  16
Store_allocation: Yes
L2_inclusive: Yes
L2_prefetching: No

L1 Cache Stats:
L1-Load-Hits:        2185869400   95.16%
L1-Load-Misses:       111195109    4.84%
L1-Load-Accesses:    2297064509  100.00%

L1-Store-Hits:         585547005   98.95%
L1-Store-Misses:         6185584    1.05%
L1-Store-Accesses:     591732589  100.00%

L1-Total-Hits:        2771416405   95.94%
L1-Total-Misses:       117380693    4.06%
L1-Total-Accesses:    2888797098  100.00%

L2 Cache Stats:
L2-Load-Hits:         110870839   99.71%
L2-Load-Misses:          324270    0.29%
L2-Load-Accesses:     111195109  100.00%

L2-Store-Hits:           5933577   95.93%
L2-Store-Misses:          252007    4.07%
L2-Store-Accesses:       6185584  100.00%

L2-Total-Hits:         116804416   99.51%
L2-Total-Misses:          576277    0.49%
L2-Total-Accesses:     117380693  100.00%

