--------
Total Statistics
--------
Total Instructions: 10939890105
Total Cycles: 15850220951
IPC: 0.690204

--------
Single level Tlb hierarchy
--------
  Data Tlb:
    Entries:          64
    Page Size(B):   4096
    Associativity:     64

Latencies:    0   50
Tlb-Sets:    1 - LRU - assoc:  64

Tlb Stats:
Tlb-Load-Hits:        2283642914   99.42%
Tlb-Load-Misses:        13421603    0.58%
Tlb-Load-Accesses:    2297064517  100.00%

Tlb-Store-Hits:         591466857   99.96%
Tlb-Store-Misses:          265732    0.04%
Tlb-Store-Accesses:     591732589  100.00%

Tlb-Total-Hits:        2875109771   99.53%
Tlb-Total-Misses:        13687335    0.47%
Tlb-Total-Accesses:    2888797106  100.00%



--------
Two level Cache hierarchy
--------
  L1-Data Cache:
    Size(KB):          32
    Block Size(B):     64
    Associativity:      8

  L2-Data Cache:
    Size(KB):        1024
    Block Size(B):    128
    Associativity:      8

Latencies:    1   10  150
L1-Sets:   64 - LRU - assoc:   8
L2-Sets: 1024 - LRU - assoc:   8
Store_allocation: Yes
L2_inclusive: Yes
L2_prefetching: No

L1 Cache Stats:
L1-Load-Hits:        2185831497   95.16%
L1-Load-Misses:       111233020    4.84%
L1-Load-Accesses:    2297064517  100.00%

L1-Store-Hits:         585475280   98.94%
L1-Store-Misses:         6257309    1.06%
L1-Store-Accesses:     591732589  100.00%

L1-Total-Hits:        2771306777   95.93%
L1-Total-Misses:       117490329    4.07%
L1-Total-Accesses:    2888797106  100.00%

L2 Cache Stats:
L2-Load-Hits:         110646112   99.47%
L2-Load-Misses:          586908    0.53%
L2-Load-Accesses:     111233020  100.00%

L2-Store-Hits:           5762459   92.09%
L2-Store-Misses:          494850    7.91%
L2-Store-Accesses:       6257309  100.00%

L2-Total-Hits:         116408571   99.08%
L2-Total-Misses:         1081758    0.92%
L2-Total-Accesses:     117490329  100.00%

