--------
Total Statistics
--------
Total Instructions: 10939890080
Total Cycles: 15729051898
IPC: 0.695521

--------
Single level Tlb hierarchy
--------
  Data Tlb:
    Entries:          64
    Page Size(B):   4096
    Associativity:      4

Latencies:    0   50
Tlb-Sets:   16 - LRU - assoc:   4

Tlb Stats:
Tlb-Load-Hits:        2283586237   99.41%
Tlb-Load-Misses:        13478272    0.59%
Tlb-Load-Accesses:    2297064509  100.00%

Tlb-Store-Hits:         591546894   99.97%
Tlb-Store-Misses:          185695    0.03%
Tlb-Store-Accesses:     591732589  100.00%

Tlb-Total-Hits:        2875133131   99.53%
Tlb-Total-Misses:        13663967    0.47%
Tlb-Total-Accesses:    2888797098  100.00%



--------
Two level Cache hierarchy
--------
  L1-Data Cache:
    Size(KB):          32
    Block Size(B):     64
    Associativity:      8

  L2-Data Cache:
    Size(KB):        2048
    Block Size(B):    256
    Associativity:     16

Latencies:    1   10  150
L1-Sets:   64 - LRU - assoc:   8
L2-Sets:  512 - LRU - assoc:  16
Store_allocation: Yes
L2_inclusive: Yes
L2_prefetching: No

L1 Cache Stats:
L1-Load-Hits:        2186008512   95.17%
L1-Load-Misses:       111055997    4.83%
L1-Load-Accesses:    2297064509  100.00%

L1-Store-Hits:         585719249   98.98%
L1-Store-Misses:         6013340    1.02%
L1-Store-Accesses:     591732589  100.00%

L1-Total-Hits:        2771727761   95.95%
L1-Total-Misses:       117069337    4.05%
L1-Total-Accesses:    2888797098  100.00%

L2 Cache Stats:
L2-Load-Hits:         110868832   99.83%
L2-Load-Misses:          187165    0.17%
L2-Load-Accesses:     111055997  100.00%

L2-Store-Hits:           5890685   97.96%
L2-Store-Misses:          122655    2.04%
L2-Store-Accesses:       6013340  100.00%

L2-Total-Hits:         116759517   99.74%
L2-Total-Misses:          309820    0.26%
L2-Total-Accesses:     117069337  100.00%

