--------
Total Statistics
--------
Total Instructions: 10939890086
Total Cycles: 15182860464
IPC: 0.720542

--------
Single level Tlb hierarchy
--------
  Data Tlb:
    Entries:         256
    Page Size(B):   4096
    Associativity:      4

Latencies:    0   50
Tlb-Sets:   64 - LRU - assoc:   4

Tlb Stats:
Tlb-Load-Hits:        2296837107   99.99%
Tlb-Load-Misses:          227402    0.01%
Tlb-Load-Accesses:    2297064509  100.00%

Tlb-Store-Hits:         591661988   99.99%
Tlb-Store-Misses:           70601    0.01%
Tlb-Store-Accesses:     591732589  100.00%

Tlb-Total-Hits:        2888499095   99.99%
Tlb-Total-Misses:          298003    0.01%
Tlb-Total-Accesses:    2888797098  100.00%



--------
Two level Cache hierarchy
--------
  L1-Data Cache:
    Size(KB):          32
    Block Size(B):     64
    Associativity:      8

  L2-Data Cache:
    Size(KB):        1024
    Block Size(B):    128
    Associativity:      8

Latencies:    1   10  150
L1-Sets:   64 - LRU - assoc:   8
L2-Sets: 1024 - LRU - assoc:   8
Store_allocation: Yes
L2_inclusive: Yes
L2_prefetching: No

L1 Cache Stats:
L1-Load-Hits:        2185815562   95.16%
L1-Load-Misses:       111248947    4.84%
L1-Load-Accesses:    2297064509  100.00%

L1-Store-Hits:         585267348   98.91%
L1-Store-Misses:         6465241    1.09%
L1-Store-Accesses:     591732589  100.00%

L1-Total-Hits:        2771082910   95.93%
L1-Total-Misses:       117714188    4.07%
L1-Total-Accesses:    2888797098  100.00%

L2 Cache Stats:
L2-Load-Hits:         110662845   99.47%
L2-Load-Misses:          586102    0.53%
L2-Load-Accesses:     111248947  100.00%

L2-Store-Hits:           5970468   92.35%
L2-Store-Misses:          494773    7.65%
L2-Store-Accesses:       6465241  100.00%

L2-Total-Hits:         116633313   99.08%
L2-Total-Misses:         1080875    0.92%
L2-Total-Accesses:     117714188  100.00%

