--------
Total Statistics
--------
Total Instructions: 10939890080
Total Cycles: 15845917708
IPC: 0.690392

--------
Single level Tlb hierarchy
--------
  Data Tlb:
    Entries:          64
    Page Size(B):   4096
    Associativity:      8

Latencies:    0   50
Tlb-Sets:    8 - LRU - assoc:   8

Tlb Stats:
Tlb-Load-Hits:        2283642854   99.42%
Tlb-Load-Misses:        13421655    0.58%
Tlb-Load-Accesses:    2297064509  100.00%

Tlb-Store-Hits:         591546838   99.97%
Tlb-Store-Misses:          185751    0.03%
Tlb-Store-Accesses:     591732589  100.00%

Tlb-Total-Hits:        2875189692   99.53%
Tlb-Total-Misses:        13607406    0.47%
Tlb-Total-Accesses:    2888797098  100.00%



--------
Two level Cache hierarchy
--------
  L1-Data Cache:
    Size(KB):          32
    Block Size(B):     64
    Associativity:      8

  L2-Data Cache:
    Size(KB):        1024
    Block Size(B):    128
    Associativity:      8

Latencies:    1   10  150
L1-Sets:   64 - LRU - assoc:   8
L2-Sets: 1024 - LRU - assoc:   8
Store_allocation: Yes
L2_inclusive: Yes
L2_prefetching: No

L1 Cache Stats:
L1-Load-Hits:        2185867955   95.16%
L1-Load-Misses:       111196554    4.84%
L1-Load-Accesses:    2297064509  100.00%

L1-Store-Hits:         585464045   98.94%
L1-Store-Misses:         6268544    1.06%
L1-Store-Accesses:     591732589  100.00%

L1-Total-Hits:        2771332000   95.93%
L1-Total-Misses:       117465098    4.07%
L1-Total-Accesses:    2888797098  100.00%

L2 Cache Stats:
L2-Load-Hits:         110609990   99.47%
L2-Load-Misses:          586564    0.53%
L2-Load-Accesses:     111196554  100.00%

L2-Store-Hits:           5773713   92.11%
L2-Store-Misses:          494831    7.89%
L2-Store-Accesses:       6268544  100.00%

L2-Total-Hits:         116383703   99.08%
L2-Total-Misses:         1081395    0.92%
L2-Total-Accesses:     117465098  100.00%

