--------
Total Statistics
--------
Total Instructions: 10939890080
Total Cycles: 15847425718
IPC: 0.690326

--------
Single level Tlb hierarchy
--------
  Data Tlb:
    Entries:          64
    Page Size(B):   4096
    Associativity:     16

Latencies:    0   50
Tlb-Sets:    4 - LRU - assoc:  16

Tlb Stats:
Tlb-Load-Hits:        2283642896   99.42%
Tlb-Load-Misses:        13421613    0.58%
Tlb-Load-Accesses:    2297064509  100.00%

Tlb-Store-Hits:         591546866   99.97%
Tlb-Store-Misses:          185723    0.03%
Tlb-Store-Accesses:     591732589  100.00%

Tlb-Total-Hits:        2875189762   99.53%
Tlb-Total-Misses:        13607336    0.47%
Tlb-Total-Accesses:    2888797098  100.00%



--------
Two level Cache hierarchy
--------
  L1-Data Cache:
    Size(KB):          32
    Block Size(B):     64
    Associativity:      8

  L2-Data Cache:
    Size(KB):        1024
    Block Size(B):    128
    Associativity:      8

Latencies:    1   10  150
L1-Sets:   64 - LRU - assoc:   8
L2-Sets: 1024 - LRU - assoc:   8
Store_allocation: Yes
L2_inclusive: Yes
L2_prefetching: No

L1 Cache Stats:
L1-Load-Hits:        2185838718   95.16%
L1-Load-Misses:       111225791    4.84%
L1-Load-Accesses:    2297064509  100.00%

L1-Store-Hits:         585348806   98.92%
L1-Store-Misses:         6383783    1.08%
L1-Store-Accesses:     591732589  100.00%

L1-Total-Hits:        2771187524   95.93%
L1-Total-Misses:       117609574    4.07%
L1-Total-Accesses:    2888797098  100.00%

L2 Cache Stats:
L2-Load-Hits:         110638884   99.47%
L2-Load-Misses:          586907    0.53%
L2-Load-Accesses:     111225791  100.00%

L2-Store-Hits:           5888850   92.25%
L2-Store-Misses:          494933    7.75%
L2-Store-Accesses:       6383783  100.00%

L2-Total-Hits:         116527734   99.08%
L2-Total-Misses:         1081840    0.92%
L2-Total-Accesses:     117609574  100.00%

