--------
Total Statistics
--------
Total Instructions: 10939890080
Total Cycles: 15931642498
IPC: 0.686677

--------
Single level Tlb hierarchy
--------
  Data Tlb:
    Entries:          64
    Page Size(B):   4096
    Associativity:      4

Latencies:    0   50
Tlb-Sets:   16 - LRU - assoc:   4

Tlb Stats:
Tlb-Load-Hits:        2283640958   99.42%
Tlb-Load-Misses:        13423551    0.58%
Tlb-Load-Accesses:    2297064509  100.00%

Tlb-Store-Hits:         591466915   99.96%
Tlb-Store-Misses:          265674    0.04%
Tlb-Store-Accesses:     591732589  100.00%

Tlb-Total-Hits:        2875107873   99.53%
Tlb-Total-Misses:        13689225    0.47%
Tlb-Total-Accesses:    2888797098  100.00%



--------
Two level Cache hierarchy
--------
  L1-Data Cache:
    Size(KB):          32
    Block Size(B):     64
    Associativity:      8

  L2-Data Cache:
    Size(KB):         512
    Block Size(B):    128
    Associativity:      8

Latencies:    1   10  150
L1-Sets:   64 - LRU - assoc:   8
L2-Sets:  512 - LRU - assoc:   8
Store_allocation: Yes
L2_inclusive: Yes
L2_prefetching: No

L1 Cache Stats:
L1-Load-Hits:        2185509513   95.14%
L1-Load-Misses:       111554996    4.86%
L1-Load-Accesses:    2297064509  100.00%

L1-Store-Hits:         585088663   98.88%
L1-Store-Misses:         6643926    1.12%
L1-Store-Accesses:     591732589  100.00%

L1-Total-Hits:        2770598176   95.91%
L1-Total-Misses:       118198922    4.09%
L1-Total-Accesses:    2888797098  100.00%

L2 Cache Stats:
L2-Load-Hits:         110652964   99.19%
L2-Load-Misses:          902032    0.81%
L2-Load-Accesses:     111554996  100.00%

L2-Store-Hits:           5969259   89.85%
L2-Store-Misses:          674667   10.15%
L2-Store-Accesses:       6643926  100.00%

L2-Total-Hits:         116622223   98.67%
L2-Total-Misses:         1576699    1.33%
L2-Total-Accesses:     118198922  100.00%

