--------
Total Statistics
--------
Total Instructions: 10939890080
Total Cycles: 15853879578
IPC: 0.690045

--------
Single level Tlb hierarchy
--------
  Data Tlb:
    Entries:          64
    Page Size(B):   4096
    Associativity:      4

Latencies:    0   50
Tlb-Sets:   16 - LRU - assoc:   4

Tlb Stats:
Tlb-Load-Hits:        2283572466   99.41%
Tlb-Load-Misses:        13492043    0.59%
Tlb-Load-Accesses:    2297064509  100.00%

Tlb-Store-Hits:         591546911   99.97%
Tlb-Store-Misses:          185678    0.03%
Tlb-Store-Accesses:     591732589  100.00%

Tlb-Total-Hits:        2875119377   99.53%
Tlb-Total-Misses:        13677721    0.47%
Tlb-Total-Accesses:    2888797098  100.00%



--------
Two level Cache hierarchy
--------
  L1-Data Cache:
    Size(KB):          32
    Block Size(B):     64
    Associativity:      8

  L2-Data Cache:
    Size(KB):        1024
    Block Size(B):    128
    Associativity:      8

Latencies:    1   10  150
L1-Sets:   64 - LRU - assoc:   8
L2-Sets: 1024 - LRU - assoc:   8
Store_allocation: Yes
L2_inclusive: Yes
L2_prefetching: No

L1 Cache Stats:
L1-Load-Hits:        2185713348   95.15%
L1-Load-Misses:       111351161    4.85%
L1-Load-Accesses:    2297064509  100.00%

L1-Store-Hits:         585176140   98.89%
L1-Store-Misses:         6556449    1.11%
L1-Store-Accesses:     591732589  100.00%

L1-Total-Hits:        2770889488   95.92%
L1-Total-Misses:       117907610    4.08%
L1-Total-Accesses:    2888797098  100.00%

L2 Cache Stats:
L2-Load-Hits:         110764601   99.47%
L2-Load-Misses:          586560    0.53%
L2-Load-Accesses:     111351161  100.00%

L2-Store-Hits:           6061474   92.45%
L2-Store-Misses:          494975    7.55%
L2-Store-Accesses:       6556449  100.00%

L2-Total-Hits:         116826075   99.08%
L2-Total-Misses:         1081535    0.92%
L2-Total-Accesses:     117907610  100.00%

