--------
Total Statistics
--------
Total Instructions: 10939890080
Total Cycles: 15716693158
IPC: 0.696068

--------
Single level Tlb hierarchy
--------
  Data Tlb:
    Entries:          64
    Page Size(B):   4096
    Associativity:      4

Latencies:    0   50
Tlb-Sets:   16 - LRU - assoc:   4

Tlb Stats:
Tlb-Load-Hits:        2283555884   99.41%
Tlb-Load-Misses:        13508625    0.59%
Tlb-Load-Accesses:    2297064509  100.00%

Tlb-Store-Hits:         591466863   99.96%
Tlb-Store-Misses:          265726    0.04%
Tlb-Store-Accesses:     591732589  100.00%

Tlb-Total-Hits:        2875022747   99.52%
Tlb-Total-Misses:        13774351    0.48%
Tlb-Total-Accesses:    2888797098  100.00%



--------
Two level Cache hierarchy
--------
  L1-Data Cache:
    Size(KB):          32
    Block Size(B):     64
    Associativity:      8

  L2-Data Cache:
    Size(KB):        1024
    Block Size(B):    128
    Associativity:      8

Latencies:    1   10  150
L1-Sets:   64 - LRU - assoc:   8
L2-Sets: 1024 - LRU - assoc:   8
Store_allocation: Yes
L2_inclusive: Yes
L2_prefetching: Yes (  8)

L1 Cache Stats:
L1-Load-Hits:        2186008481   95.17%
L1-Load-Misses:       111056028    4.83%
L1-Load-Accesses:    2297064509  100.00%

L1-Store-Hits:         585891604   99.01%
L1-Store-Misses:         5840985    0.99%
L1-Store-Accesses:     591732589  100.00%

L1-Total-Hits:        2771900085   95.95%
L1-Total-Misses:       116897013    4.05%
L1-Total-Accesses:    2888797098  100.00%

L2 Cache Stats:
L2-Load-Hits:         110957605   99.91%
L2-Load-Misses:           98423    0.09%
L2-Load-Accesses:     111056028  100.00%

L2-Store-Hits:           5737286   98.22%
L2-Store-Misses:          103699    1.78%
L2-Store-Accesses:       5840985  100.00%

L2-Total-Hits:         116694891   99.83%
L2-Total-Misses:          202122    0.17%
L2-Total-Accesses:     116897013  100.00%

