--------
Total Statistics
--------
Total Instructions: 10939890080
Total Cycles: 15766217648
IPC: 0.693882

--------
Single level Tlb hierarchy
--------
  Data Tlb:
    Entries:          64
    Page Size(B):   4096
    Associativity:      4

Latencies:    0   50
Tlb-Sets:   16 - LRU - assoc:   4

Tlb Stats:
Tlb-Load-Hits:        2283642571   99.42%
Tlb-Load-Misses:        13421938    0.58%
Tlb-Load-Accesses:    2297064509  100.00%

Tlb-Store-Hits:         591546835   99.97%
Tlb-Store-Misses:          185754    0.03%
Tlb-Store-Accesses:     591732589  100.00%

Tlb-Total-Hits:        2875189406   99.53%
Tlb-Total-Misses:        13607692    0.47%
Tlb-Total-Accesses:    2888797098  100.00%



--------
Two level Cache hierarchy
--------
  L1-Data Cache:
    Size(KB):          32
    Block Size(B):     64
    Associativity:      8

  L2-Data Cache:
    Size(KB):        1024
    Block Size(B):    256
    Associativity:      8

Latencies:    1   10  150
L1-Sets:   64 - LRU - assoc:   8
L2-Sets:  512 - LRU - assoc:   8
Store_allocation: Yes
L2_inclusive: Yes
L2_prefetching: No

L1 Cache Stats:
L1-Load-Hits:        2185964070   95.16%
L1-Load-Misses:       111100439    4.84%
L1-Load-Accesses:    2297064509  100.00%

L1-Store-Hits:         585678146   98.98%
L1-Store-Misses:         6054443    1.02%
L1-Store-Accesses:     591732589  100.00%

L1-Total-Hits:        2771642216   95.94%
L1-Total-Misses:       117154882    4.06%
L1-Total-Accesses:    2888797098  100.00%

L2 Cache Stats:
L2-Load-Hits:         110779959   99.71%
L2-Load-Misses:          320480    0.29%
L2-Load-Accesses:     111100439  100.00%

L2-Store-Hits:           5804276   95.87%
L2-Store-Misses:          250167    4.13%
L2-Store-Accesses:       6054443  100.00%

L2-Total-Hits:         116584235   99.51%
L2-Total-Misses:          570647    0.49%
L2-Total-Accesses:     117154882  100.00%

