--------
Total Statistics
--------
Total Instructions: 10939890105
Total Cycles: 15054681581
IPC: 0.726677

--------
Single level Tlb hierarchy
--------
  Data Tlb:
    Entries:          64
    Page Size(B):   4096
    Associativity:      4

Latencies:    0   50
Tlb-Sets:   16 - LRU - assoc:   4

Tlb Stats:
Tlb-Load-Hits:        2283642569   99.42%
Tlb-Load-Misses:        13421948    0.58%
Tlb-Load-Accesses:    2297064517  100.00%

Tlb-Store-Hits:         591546897   99.97%
Tlb-Store-Misses:          185692    0.03%
Tlb-Store-Accesses:     591732589  100.00%

Tlb-Total-Hits:        2875189466   99.53%
Tlb-Total-Misses:        13607640    0.47%
Tlb-Total-Accesses:    2888797106  100.00%



--------
Two level Cache hierarchy
--------
  L1-Data Cache:
    Size(KB):         128
    Block Size(B):     64
    Associativity:      8

  L2-Data Cache:
    Size(KB):        1024
    Block Size(B):    128
    Associativity:      8

Latencies:    1   10  150
L1-Sets:  256 - LRU - assoc:   8
L2-Sets: 1024 - LRU - assoc:   8
Store_allocation: Yes
L2_inclusive: Yes
L2_prefetching: No

L1 Cache Stats:
L1-Load-Hits:        2261783944   98.46%
L1-Load-Misses:        35280573    1.54%
L1-Load-Accesses:    2297064517  100.00%

L1-Store-Hits:         588669325   99.48%
L1-Store-Misses:         3063264    0.52%
L1-Store-Accesses:     591732589  100.00%

L1-Total-Hits:        2850453269   98.67%
L1-Total-Misses:        38343837    1.33%
L1-Total-Accesses:    2888797106  100.00%

L2 Cache Stats:
L2-Load-Hits:          34694291   98.34%
L2-Load-Misses:          586282    1.66%
L2-Load-Accesses:      35280573  100.00%

L2-Store-Hits:           2568386   83.84%
L2-Store-Misses:          494878   16.16%
L2-Store-Accesses:       3063264  100.00%

L2-Total-Hits:          37262677   97.18%
L2-Total-Misses:         1081160    2.82%
L2-Total-Accesses:      38343837  100.00%

