--------
Total Statistics
--------
Total Instructions: 10939890105
Total Cycles: 15850530931
IPC: 0.690191

--------
Single level Tlb hierarchy
--------
  Data Tlb:
    Entries:          64
    Page Size(B):   4096
    Associativity:      4

Latencies:    0   50
Tlb-Sets:   16 - LRU - assoc:   4

Tlb Stats:
Tlb-Load-Hits:        2283642790   99.42%
Tlb-Load-Misses:        13421727    0.58%
Tlb-Load-Accesses:    2297064517  100.00%

Tlb-Store-Hits:         591466803   99.96%
Tlb-Store-Misses:          265786    0.04%
Tlb-Store-Accesses:     591732589  100.00%

Tlb-Total-Hits:        2875109593   99.53%
Tlb-Total-Misses:        13687513    0.47%
Tlb-Total-Accesses:    2888797106  100.00%



--------
Two level Cache hierarchy
--------
  L1-Data Cache:
    Size(KB):          32
    Block Size(B):     64
    Associativity:      8

  L2-Data Cache:
    Size(KB):        1024
    Block Size(B):    128
    Associativity:      8

Latencies:    1   10  150
L1-Sets:   64 - LRU - assoc:   8
L2-Sets: 1024 - LRU - assoc:   8
Store_allocation: Yes
L2_inclusive: Yes
L2_prefetching: No

L1 Cache Stats:
L1-Load-Hits:        2185859362   95.16%
L1-Load-Misses:       111205155    4.84%
L1-Load-Accesses:    2297064517  100.00%

L1-Store-Hits:         585379942   98.93%
L1-Store-Misses:         6352647    1.07%
L1-Store-Accesses:     591732589  100.00%

L1-Total-Hits:        2771239304   95.93%
L1-Total-Misses:       117557802    4.07%
L1-Total-Accesses:    2888797106  100.00%

L2 Cache Stats:
L2-Load-Hits:         110620799   99.47%
L2-Load-Misses:          584356    0.53%
L2-Load-Accesses:     111205155  100.00%

L2-Store-Hits:           5857736   92.21%
L2-Store-Misses:          494911    7.79%
L2-Store-Accesses:       6352647  100.00%

L2-Total-Hits:         116478535   99.08%
L2-Total-Misses:         1079267    0.92%
L2-Total-Accesses:     117557802  100.00%

