--------
Total Statistics
--------
Total Instructions: 10939890080
Total Cycles: 15747098908
IPC: 0.694724

--------
Single level Tlb hierarchy
--------
  Data Tlb:
    Entries:          64
    Page Size(B):   4096
    Associativity:      4

Latencies:    0   50
Tlb-Sets:   16 - LRU - assoc:   4

Tlb Stats:
Tlb-Load-Hits:        2283558461   99.41%
Tlb-Load-Misses:        13506048    0.59%
Tlb-Load-Accesses:    2297064509  100.00%

Tlb-Store-Hits:         591546867   99.97%
Tlb-Store-Misses:          185722    0.03%
Tlb-Store-Accesses:     591732589  100.00%

Tlb-Total-Hits:        2875105328   99.53%
Tlb-Total-Misses:        13691770    0.47%
Tlb-Total-Accesses:    2888797098  100.00%



--------
Two level Cache hierarchy
--------
  L1-Data Cache:
    Size(KB):          64
    Block Size(B):     64
    Associativity:      8

  L2-Data Cache:
    Size(KB):        1024
    Block Size(B):    128
    Associativity:      8

Latencies:    1   10  150
L1-Sets:  128 - LRU - assoc:   8
L2-Sets: 1024 - LRU - assoc:   8
Store_allocation: Yes
L2_inclusive: Yes
L2_prefetching: No

L1 Cache Stats:
L1-Load-Hits:        2195266851   95.57%
L1-Load-Misses:       101797658    4.43%
L1-Load-Accesses:    2297064509  100.00%

L1-Store-Hits:         586360299   99.09%
L1-Store-Misses:         5372290    0.91%
L1-Store-Accesses:     591732589  100.00%

L1-Total-Hits:        2781627150   96.29%
L1-Total-Misses:       107169948    3.71%
L1-Total-Accesses:    2888797098  100.00%

L2 Cache Stats:
L2-Load-Hits:         101211746   99.42%
L2-Load-Misses:          585912    0.58%
L2-Load-Accesses:     101797658  100.00%

L2-Store-Hits:           4877377   90.79%
L2-Store-Misses:          494913    9.21%
L2-Store-Accesses:       5372290  100.00%

L2-Total-Hits:         106089123   98.99%
L2-Total-Misses:         1080825    1.01%
L2-Total-Accesses:     107169948  100.00%

