--------
Total Statistics
--------
Total Instructions: 10939890080
Total Cycles: 15866348768
IPC: 0.689503

--------
Single level Tlb hierarchy
--------
  Data Tlb:
    Entries:          64
    Page Size(B):   4096
    Associativity:      2

Latencies:    0   50
Tlb-Sets:   32 - LRU - assoc:   2

Tlb Stats:
Tlb-Load-Hits:        2283386732   99.40%
Tlb-Load-Misses:        13677777    0.60%
Tlb-Load-Accesses:    2297064509  100.00%

Tlb-Store-Hits:         591425289   99.95%
Tlb-Store-Misses:          307300    0.05%
Tlb-Store-Accesses:     591732589  100.00%

Tlb-Total-Hits:        2874812021   99.52%
Tlb-Total-Misses:        13985077    0.48%
Tlb-Total-Accesses:    2888797098  100.00%



--------
Two level Cache hierarchy
--------
  L1-Data Cache:
    Size(KB):          32
    Block Size(B):     64
    Associativity:      8

  L2-Data Cache:
    Size(KB):        1024
    Block Size(B):    128
    Associativity:      8

Latencies:    1   10  150
L1-Sets:   64 - LRU - assoc:   8
L2-Sets: 1024 - LRU - assoc:   8
Store_allocation: Yes
L2_inclusive: Yes
L2_prefetching: No

L1 Cache Stats:
L1-Load-Hits:        2185814849   95.16%
L1-Load-Misses:       111249660    4.84%
L1-Load-Accesses:    2297064509  100.00%

L1-Store-Hits:         585340290   98.92%
L1-Store-Misses:         6392299    1.08%
L1-Store-Accesses:     591732589  100.00%

L1-Total-Hits:        2771155139   95.93%
L1-Total-Misses:       117641959    4.07%
L1-Total-Accesses:    2888797098  100.00%

L2 Cache Stats:
L2-Load-Hits:         110664655   99.47%
L2-Load-Misses:          585005    0.53%
L2-Load-Accesses:     111249660  100.00%

L2-Store-Hits:           5897383   92.26%
L2-Store-Misses:          494916    7.74%
L2-Store-Accesses:       6392299  100.00%

L2-Total-Hits:         116562038   99.08%
L2-Total-Misses:         1079921    0.92%
L2-Total-Accesses:     117641959  100.00%

