--------
Total Statistics
--------
Total Instructions: 1516583454
Total Cycles: 9231536836
IPC: 0.164283

--------
Single level Tlb hierarchy
--------
  Data Tlb:
    Entries:          64
    Page Size(B):   4096
    Associativity:      4

Latencies:    0   50
Tlb-Sets:   16 - LRU - assoc:   4

Tlb Stats:
Tlb-Load-Hits:         243601440   86.34%
Tlb-Load-Misses:        38555946   13.66%
Tlb-Load-Accesses:     282157386  100.00%

Tlb-Store-Hits:          75928410   99.27%
Tlb-Store-Misses:          555126    0.73%
Tlb-Store-Accesses:      76483536  100.00%

Tlb-Total-Hits:         319529850   89.09%
Tlb-Total-Misses:        39111072   10.91%
Tlb-Total-Accesses:     358640922  100.00%



--------
Two level Cache hierarchy
--------
  L1-Data Cache:
    Size(KB):          32
    Block Size(B):     64
    Associativity:      8

  L2-Data Cache:
    Size(KB):        1024
    Block Size(B):    128
    Associativity:      8

Latencies:    1   10  150
L1-Sets:   64 - LRU - assoc:   8
L2-Sets: 1024 - LRU - assoc:   8
Store_allocation: Yes
L2_inclusive: Yes
L2_prefetching: Yes (  1)

L1 Cache Stats:
L1-Load-Hits:         205136023   72.70%
L1-Load-Misses:        77021363   27.30%
L1-Load-Accesses:     282157386  100.00%

L1-Store-Hits:          76129048   99.54%
L1-Store-Misses:          354488    0.46%
L1-Store-Accesses:      76483536  100.00%

L1-Total-Hits:         281265071   78.43%
L1-Total-Misses:        77375851   21.57%
L1-Total-Accesses:     358640922  100.00%

L2 Cache Stats:
L2-Load-Hits:          46174774   59.95%
L2-Load-Misses:        30846589   40.05%
L2-Load-Accesses:      77021363  100.00%

L2-Store-Hits:            354408   99.98%
L2-Store-Misses:              80    0.02%
L2-Store-Accesses:        354488  100.00%

L2-Total-Hits:          46529182   60.13%
L2-Total-Misses:        30846669   39.87%
L2-Total-Accesses:      77375851  100.00%

