--------
Total Statistics
--------
Total Instructions: 1516583429
Total Cycles: 8982856653
IPC: 0.168831

--------
Single level Tlb hierarchy
--------
  Data Tlb:
    Entries:          64
    Page Size(B):   4096
    Associativity:      4

Latencies:    0   50
Tlb-Sets:   16 - LRU - assoc:   4

Tlb Stats:
Tlb-Load-Hits:         243071791   86.15%
Tlb-Load-Misses:        39085587   13.85%
Tlb-Load-Accesses:     282157378  100.00%

Tlb-Store-Hits:          75927446   99.27%
Tlb-Store-Misses:          556090    0.73%
Tlb-Store-Accesses:      76483536  100.00%

Tlb-Total-Hits:         318999237   88.95%
Tlb-Total-Misses:        39641677   11.05%
Tlb-Total-Accesses:     358640914  100.00%



--------
Two level Cache hierarchy
--------
  L1-Data Cache:
    Size(KB):          32
    Block Size(B):     64
    Associativity:      8

  L2-Data Cache:
    Size(KB):        2048
    Block Size(B):     64
    Associativity:     16

Latencies:    1   10  150
L1-Sets:   64 - LRU - assoc:   8
L2-Sets: 2048 - LRU - assoc:  16
Store_allocation: Yes
L2_inclusive: Yes
L2_prefetching: No

L1 Cache Stats:
L1-Load-Hits:         245131849   86.88%
L1-Load-Misses:        37025529   13.12%
L1-Load-Accesses:     282157378  100.00%

L1-Store-Hits:          76481999  100.00%
L1-Store-Misses:            1537    0.00%
L1-Store-Accesses:      76483536  100.00%

L1-Total-Hits:         321613848   89.68%
L1-Total-Misses:        37027066   10.32%
L1-Total-Accesses:     358640914  100.00%

L2 Cache Stats:
L2-Load-Hits:           5324746   14.38%
L2-Load-Misses:        31700783   85.62%
L2-Load-Accesses:      37025529  100.00%

L2-Store-Hits:               468   30.45%
L2-Store-Misses:            1069   69.55%
L2-Store-Accesses:          1537  100.00%

L2-Total-Hits:           5325214   14.38%
L2-Total-Misses:        31701852   85.62%
L2-Total-Accesses:      37027066  100.00%

