--------
Total Statistics
--------
Total Instructions: 1516583429
Total Cycles: 9005311473
IPC: 0.16841

--------
Single level Tlb hierarchy
--------
  Data Tlb:
    Entries:          64
    Page Size(B):   4096
    Associativity:     32

Latencies:    0   50
Tlb-Sets:    2 - LRU - assoc:  32

Tlb Stats:
Tlb-Load-Hits:         249846696   88.55%
Tlb-Load-Misses:        32310682   11.45%
Tlb-Load-Accesses:     282157378  100.00%

Tlb-Store-Hits:          76346217   99.82%
Tlb-Store-Misses:          137319    0.18%
Tlb-Store-Accesses:      76483536  100.00%

Tlb-Total-Hits:         326192913   90.95%
Tlb-Total-Misses:        32448001    9.05%
Tlb-Total-Accesses:     358640914  100.00%



--------
Two level Cache hierarchy
--------
  L1-Data Cache:
    Size(KB):          32
    Block Size(B):     64
    Associativity:      8

  L2-Data Cache:
    Size(KB):        1024
    Block Size(B):    128
    Associativity:      8

Latencies:    1   10  150
L1-Sets:   64 - LRU - assoc:   8
L2-Sets: 1024 - LRU - assoc:   8
Store_allocation: Yes
L2_inclusive: Yes
L2_prefetching: No

L1 Cache Stats:
L1-Load-Hits:         210077849   74.45%
L1-Load-Misses:        72079529   25.55%
L1-Load-Accesses:     282157378  100.00%

L1-Store-Hits:          76474762   99.99%
L1-Store-Misses:            8774    0.01%
L1-Store-Accesses:      76483536  100.00%

L1-Total-Hits:         286552611   79.90%
L1-Total-Misses:        72088303   20.10%
L1-Total-Accesses:     358640914  100.00%

L2 Cache Stats:
L2-Load-Hits:          40169381   55.73%
L2-Load-Misses:        31910148   44.27%
L2-Load-Accesses:      72079529  100.00%

L2-Store-Hits:              6895   78.58%
L2-Store-Misses:            1879   21.42%
L2-Store-Accesses:          8774  100.00%

L2-Total-Hits:          40176276   55.73%
L2-Total-Misses:        31912027   44.27%
L2-Total-Accesses:      72088303  100.00%

