--------
Total Statistics
--------
Total Instructions: 1516583454
Total Cycles: 9238335406
IPC: 0.164162

--------
Single level Tlb hierarchy
--------
  Data Tlb:
    Entries:          64
    Page Size(B):   4096
    Associativity:      4

Latencies:    0   50
Tlb-Sets:   16 - LRU - assoc:   4

Tlb Stats:
Tlb-Load-Hits:         243741546   86.38%
Tlb-Load-Misses:        38415840   13.62%
Tlb-Load-Accesses:     282157386  100.00%

Tlb-Store-Hits:          75926935   99.27%
Tlb-Store-Misses:          556601    0.73%
Tlb-Store-Accesses:      76483536  100.00%

Tlb-Total-Hits:         319668481   89.13%
Tlb-Total-Misses:        38972441   10.87%
Tlb-Total-Accesses:     358640922  100.00%



--------
Two level Cache hierarchy
--------
  L1-Data Cache:
    Size(KB):          32
    Block Size(B):     64
    Associativity:      8

  L2-Data Cache:
    Size(KB):        1024
    Block Size(B):    128
    Associativity:      8

Latencies:    1   10  150
L1-Sets:   64 - LRU - assoc:   8
L2-Sets: 1024 - LRU - assoc:   8
Store_allocation: Yes
L2_inclusive: Yes
L2_prefetching: Yes ( 64)

L1 Cache Stats:
L1-Load-Hits:         210056081   74.45%
L1-Load-Misses:        72101305   25.55%
L1-Load-Accesses:     282157386  100.00%

L1-Store-Hits:          76408453   99.90%
L1-Store-Misses:           75083    0.10%
L1-Store-Accesses:      76483536  100.00%

L1-Total-Hits:         286464534   79.88%
L1-Total-Misses:        72176388   20.12%
L1-Total-Accesses:     358640922  100.00%

L2 Cache Stats:
L2-Load-Hits:          40850457   56.66%
L2-Load-Misses:        31250848   43.34%
L2-Load-Accesses:      72101305  100.00%

L2-Store-Hits:             41097   54.74%
L2-Store-Misses:           33986   45.26%
L2-Store-Accesses:         75083  100.00%

L2-Total-Hits:          40891554   56.66%
L2-Total-Misses:        31284834   43.34%
L2-Total-Accesses:      72176388  100.00%

