--------
Total Statistics
--------
Total Instructions: 1516583429
Total Cycles: 8999177273
IPC: 0.168525

--------
Single level Tlb hierarchy
--------
  Data Tlb:
    Entries:          64
    Page Size(B):   4096
    Associativity:      4

Latencies:    0   50
Tlb-Sets:   16 - LRU - assoc:   4

Tlb Stats:
Tlb-Load-Hits:         242775111   86.04%
Tlb-Load-Misses:        39382267   13.96%
Tlb-Load-Accesses:     282157378  100.00%

Tlb-Store-Hits:          76175714   99.60%
Tlb-Store-Misses:          307822    0.40%
Tlb-Store-Accesses:      76483536  100.00%

Tlb-Total-Hits:         318950825   88.93%
Tlb-Total-Misses:        39690089   11.07%
Tlb-Total-Accesses:     358640914  100.00%



--------
Two level Cache hierarchy
--------
  L1-Data Cache:
    Size(KB):          32
    Block Size(B):    128
    Associativity:      8

  L2-Data Cache:
    Size(KB):        1024
    Block Size(B):    128
    Associativity:      8

Latencies:    1   10  150
L1-Sets:   32 - LRU - assoc:   8
L2-Sets: 1024 - LRU - assoc:   8
Store_allocation: Yes
L2_inclusive: Yes
L2_prefetching: No

L1 Cache Stats:
L1-Load-Hits:         247379534   87.67%
L1-Load-Misses:        34777844   12.33%
L1-Load-Accesses:     282157378  100.00%

L1-Store-Hits:          76477987   99.99%
L1-Store-Misses:            5549    0.01%
L1-Store-Accesses:      76483536  100.00%

L1-Total-Hits:         323857521   90.30%
L1-Total-Misses:        34783393    9.70%
L1-Total-Accesses:     358640914  100.00%

L2 Cache Stats:
L2-Load-Hits:           2837590    8.16%
L2-Load-Misses:        31940254   91.84%
L2-Load-Accesses:      34777844  100.00%

L2-Store-Hits:              1706   30.74%
L2-Store-Misses:            3843   69.26%
L2-Store-Accesses:          5549  100.00%

L2-Total-Hits:           2839296    8.16%
L2-Total-Misses:        31944097   91.84%
L2-Total-Accesses:      34783393  100.00%

