--------
Total Statistics
--------
Total Instructions: 1516583429
Total Cycles: 8971660623
IPC: 0.169042

--------
Single level Tlb hierarchy
--------
  Data Tlb:
    Entries:         128
    Page Size(B):   4096
    Associativity:      4

Latencies:    0   50
Tlb-Sets:   32 - LRU - assoc:   4

Tlb Stats:
Tlb-Load-Hits:         250445573   88.76%
Tlb-Load-Misses:        31711805   11.24%
Tlb-Load-Accesses:     282157378  100.00%

Tlb-Store-Hits:          76423256   99.92%
Tlb-Store-Misses:           60280    0.08%
Tlb-Store-Accesses:      76483536  100.00%

Tlb-Total-Hits:         326868829   91.14%
Tlb-Total-Misses:        31772085    8.86%
Tlb-Total-Accesses:     358640914  100.00%



--------
Two level Cache hierarchy
--------
  L1-Data Cache:
    Size(KB):          32
    Block Size(B):     64
    Associativity:      8

  L2-Data Cache:
    Size(KB):        1024
    Block Size(B):    128
    Associativity:      8

Latencies:    1   10  150
L1-Sets:   64 - LRU - assoc:   8
L2-Sets: 1024 - LRU - assoc:   8
Store_allocation: Yes
L2_inclusive: Yes
L2_prefetching: No

L1 Cache Stats:
L1-Load-Hits:         210042837   74.44%
L1-Load-Misses:        72114541   25.56%
L1-Load-Accesses:     282157378  100.00%

L1-Store-Hits:          76474624   99.99%
L1-Store-Misses:            8912    0.01%
L1-Store-Accesses:      76483536  100.00%

L1-Total-Hits:         286517461   79.89%
L1-Total-Misses:        72123453   20.11%
L1-Total-Accesses:     358640914  100.00%

L2 Cache Stats:
L2-Load-Hits:          40205856   55.75%
L2-Load-Misses:        31908685   44.25%
L2-Load-Accesses:      72114541  100.00%

L2-Store-Hits:              6947   77.95%
L2-Store-Misses:            1965   22.05%
L2-Store-Accesses:          8912  100.00%

L2-Total-Hits:          40212803   55.76%
L2-Total-Misses:        31910650   44.24%
L2-Total-Accesses:      72123453  100.00%

