--------
Total Statistics
--------
Total Instructions: 1516583429
Total Cycles: 9369734073
IPC: 0.16186

--------
Single level Tlb hierarchy
--------
  Data Tlb:
    Entries:          64
    Page Size(B):   4096
    Associativity:      4

Latencies:    0   50
Tlb-Sets:   16 - LRU - assoc:   4

Tlb Stats:
Tlb-Load-Hits:         242976622   86.11%
Tlb-Load-Misses:        39180756   13.89%
Tlb-Load-Accesses:     282157378  100.00%

Tlb-Store-Hits:          75925833   99.27%
Tlb-Store-Misses:          557703    0.73%
Tlb-Store-Accesses:      76483536  100.00%

Tlb-Total-Hits:         318902455   88.92%
Tlb-Total-Misses:        39738459   11.08%
Tlb-Total-Accesses:     358640914  100.00%



--------
Two level Cache hierarchy
--------
  L1-Data Cache:
    Size(KB):          32
    Block Size(B):     64
    Associativity:      8

  L2-Data Cache:
    Size(KB):        1024
    Block Size(B):    128
    Associativity:      8

Latencies:    1   10  150
L1-Sets:   64 - LRU - assoc:   8
L2-Sets: 1024 - LRU - assoc:   8
Store_allocation: Yes
L2_inclusive: Yes
L2_prefetching: No

L1 Cache Stats:
L1-Load-Hits:         210083687   74.46%
L1-Load-Misses:        72073691   25.54%
L1-Load-Accesses:     282157378  100.00%

L1-Store-Hits:          76474439   99.99%
L1-Store-Misses:            9097    0.01%
L1-Store-Accesses:      76483536  100.00%

L1-Total-Hits:         286558126   79.90%
L1-Total-Misses:        72082788   20.10%
L1-Total-Accesses:     358640914  100.00%

L2 Cache Stats:
L2-Load-Hits:          40163937   55.73%
L2-Load-Misses:        31909754   44.27%
L2-Load-Accesses:      72073691  100.00%

L2-Store-Hits:              7125   78.32%
L2-Store-Misses:            1972   21.68%
L2-Store-Accesses:          9097  100.00%

L2-Total-Hits:          40171062   55.73%
L2-Total-Misses:        31911726   44.27%
L2-Total-Accesses:      72082788  100.00%

