--------
Total Statistics
--------
Total Instructions: 1516583429
Total Cycles: 9347005703
IPC: 0.162253

--------
Single level Tlb hierarchy
--------
  Data Tlb:
    Entries:          64
    Page Size(B):   4096
    Associativity:      4

Latencies:    0   50
Tlb-Sets:   16 - LRU - assoc:   4

Tlb Stats:
Tlb-Load-Hits:         242962090   86.11%
Tlb-Load-Misses:        39195288   13.89%
Tlb-Load-Accesses:     282157378  100.00%

Tlb-Store-Hits:          76174404   99.60%
Tlb-Store-Misses:          309132    0.40%
Tlb-Store-Accesses:      76483536  100.00%

Tlb-Total-Hits:         319136494   88.98%
Tlb-Total-Misses:        39504420   11.02%
Tlb-Total-Accesses:     358640914  100.00%



--------
Two level Cache hierarchy
--------
  L1-Data Cache:
    Size(KB):          32
    Block Size(B):     64
    Associativity:      4

  L2-Data Cache:
    Size(KB):        1024
    Block Size(B):    128
    Associativity:      8

Latencies:    1   10  150
L1-Sets:  128 - LRU - assoc:   4
L2-Sets: 1024 - LRU - assoc:   8
Store_allocation: Yes
L2_inclusive: Yes
L2_prefetching: No

L1 Cache Stats:
L1-Load-Hits:         211165307   74.84%
L1-Load-Misses:        70992071   25.16%
L1-Load-Accesses:     282157378  100.00%

L1-Store-Hits:          76455951   99.96%
L1-Store-Misses:           27585    0.04%
L1-Store-Accesses:      76483536  100.00%

L1-Total-Hits:         287621258   80.20%
L1-Total-Misses:        71019656   19.80%
L1-Total-Accesses:     358640914  100.00%

L2 Cache Stats:
L2-Load-Hits:          39083587   55.05%
L2-Load-Misses:        31908484   44.95%
L2-Load-Accesses:      70992071  100.00%

L2-Store-Hits:             26977   97.80%
L2-Store-Misses:             608    2.20%
L2-Store-Accesses:         27585  100.00%

L2-Total-Hits:          39110564   55.07%
L2-Total-Misses:        31909092   44.93%
L2-Total-Accesses:      71019656  100.00%

