--------
Total Statistics
--------
Total Instructions: 1516583429
Total Cycles: 9275208153
IPC: 0.163509

--------
Single level Tlb hierarchy
--------
  Data Tlb:
    Entries:          64
    Page Size(B):   4096
    Associativity:      4

Latencies:    0   50
Tlb-Sets:   16 - LRU - assoc:   4

Tlb Stats:
Tlb-Load-Hits:         243382291   86.26%
Tlb-Load-Misses:        38775087   13.74%
Tlb-Load-Accesses:     282157378  100.00%

Tlb-Store-Hits:          75734905   99.02%
Tlb-Store-Misses:          748631    0.98%
Tlb-Store-Accesses:      76483536  100.00%

Tlb-Total-Hits:         319117196   88.98%
Tlb-Total-Misses:        39523718   11.02%
Tlb-Total-Accesses:     358640914  100.00%



--------
Two level Cache hierarchy
--------
  L1-Data Cache:
    Size(KB):          32
    Block Size(B):     64
    Associativity:      8

  L2-Data Cache:
    Size(KB):        1024
    Block Size(B):     64
    Associativity:      8

Latencies:    1   10  150
L1-Sets:   64 - LRU - assoc:   8
L2-Sets: 2048 - LRU - assoc:   8
Store_allocation: Yes
L2_inclusive: Yes
L2_prefetching: No

L1 Cache Stats:
L1-Load-Hits:         245111780   86.87%
L1-Load-Misses:        37045598   13.13%
L1-Load-Accesses:     282157378  100.00%

L1-Store-Hits:          76480653  100.00%
L1-Store-Misses:            2883    0.00%
L1-Store-Accesses:      76483536  100.00%

L1-Total-Hits:         321592433   89.67%
L1-Total-Misses:        37048481   10.33%
L1-Total-Accesses:     358640914  100.00%

L2 Cache Stats:
L2-Load-Hits:           3359267    9.07%
L2-Load-Misses:        33686331   90.93%
L2-Load-Accesses:      37045598  100.00%

L2-Store-Hits:               460   15.96%
L2-Store-Misses:            2423   84.04%
L2-Store-Accesses:          2883  100.00%

L2-Total-Hits:           3359727    9.07%
L2-Total-Misses:        33688754   90.93%
L2-Total-Accesses:      37048481  100.00%

