--------
Total Statistics
--------
Total Instructions: 1516583454
Total Cycles: 9412738296
IPC: 0.16112

--------
Single level Tlb hierarchy
--------
  Data Tlb:
    Entries:          64
    Page Size(B):   4096
    Associativity:      4

Latencies:    0   50
Tlb-Sets:   16 - LRU - assoc:   4

Tlb Stats:
Tlb-Load-Hits:         242820123   86.06%
Tlb-Load-Misses:        39337263   13.94%
Tlb-Load-Accesses:     282157386  100.00%

Tlb-Store-Hits:          75929295   99.28%
Tlb-Store-Misses:          554241    0.72%
Tlb-Store-Accesses:      76483536  100.00%

Tlb-Total-Hits:         318749418   88.88%
Tlb-Total-Misses:        39891504   11.12%
Tlb-Total-Accesses:     358640922  100.00%



--------
Two level Cache hierarchy
--------
  L1-Data Cache:
    Size(KB):          32
    Block Size(B):     64
    Associativity:      8

  L2-Data Cache:
    Size(KB):         512
    Block Size(B):    256
    Associativity:      8

Latencies:    1   10  150
L1-Sets:   64 - LRU - assoc:   8
L2-Sets:  256 - LRU - assoc:   8
Store_allocation: Yes
L2_inclusive: Yes
L2_prefetching: No

L1 Cache Stats:
L1-Load-Hits:         207057366   73.38%
L1-Load-Misses:        75100020   26.62%
L1-Load-Accesses:     282157386  100.00%

L1-Store-Hits:          76474944   99.99%
L1-Store-Misses:            8592    0.01%
L1-Store-Accesses:      76483536  100.00%

L1-Total-Hits:         283532310   79.06%
L1-Total-Misses:        75108612   20.94%
L1-Total-Accesses:     358640922  100.00%

L2 Cache Stats:
L2-Load-Hits:          43157357   57.47%
L2-Load-Misses:        31942663   42.53%
L2-Load-Accesses:      75100020  100.00%

L2-Store-Hits:              5571   64.84%
L2-Store-Misses:            3021   35.16%
L2-Store-Accesses:          8592  100.00%

L2-Total-Hits:          43162928   57.47%
L2-Total-Misses:        31945684   42.53%
L2-Total-Accesses:      75108612  100.00%

