--------
Total Statistics
--------
Total Instructions: 1516583429
Total Cycles: 9374203153
IPC: 0.161783

--------
Single level Tlb hierarchy
--------
  Data Tlb:
    Entries:          64
    Page Size(B):   4096
    Associativity:      4

Latencies:    0   50
Tlb-Sets:   16 - LRU - assoc:   4

Tlb Stats:
Tlb-Load-Hits:         242617243   85.99%
Tlb-Load-Misses:        39540135   14.01%
Tlb-Load-Accesses:     282157378  100.00%

Tlb-Store-Hits:          75734905   99.02%
Tlb-Store-Misses:          748631    0.98%
Tlb-Store-Accesses:      76483536  100.00%

Tlb-Total-Hits:         318352148   88.77%
Tlb-Total-Misses:        40288766   11.23%
Tlb-Total-Accesses:     358640914  100.00%



--------
Two level Cache hierarchy
--------
  L1-Data Cache:
    Size(KB):          64
    Block Size(B):     64
    Associativity:      4

  L2-Data Cache:
    Size(KB):        1024
    Block Size(B):    128
    Associativity:      8

Latencies:    1   10  150
L1-Sets:  256 - LRU - assoc:   4
L2-Sets: 1024 - LRU - assoc:   8
Store_allocation: Yes
L2_inclusive: Yes
L2_prefetching: No

L1 Cache Stats:
L1-Load-Hits:         212542711   75.33%
L1-Load-Misses:        69614667   24.67%
L1-Load-Accesses:     282157378  100.00%

L1-Store-Hits:          76471827   99.98%
L1-Store-Misses:           11709    0.02%
L1-Store-Accesses:      76483536  100.00%

L1-Total-Hits:         289014538   80.59%
L1-Total-Misses:        69626376   19.41%
L1-Total-Accesses:     358640914  100.00%

L2 Cache Stats:
L2-Load-Hits:          37695051   54.15%
L2-Load-Misses:        31919616   45.85%
L2-Load-Accesses:      69614667  100.00%

L2-Store-Hits:              9480   80.96%
L2-Store-Misses:            2229   19.04%
L2-Store-Accesses:         11709  100.00%

L2-Total-Hits:          37704531   54.15%
L2-Total-Misses:        31921845   45.85%
L2-Total-Accesses:      69626376  100.00%

