--------
Total Statistics
--------
Total Instructions: 1516583429
Total Cycles: 8857806483
IPC: 0.171214

--------
Single level Tlb hierarchy
--------
  Data Tlb:
    Entries:          64
    Page Size(B):   4096
    Associativity:      4

Latencies:    0   50
Tlb-Sets:   16 - LRU - assoc:   4

Tlb Stats:
Tlb-Load-Hits:         243312738   86.23%
Tlb-Load-Misses:        38844640   13.77%
Tlb-Load-Accesses:     282157378  100.00%

Tlb-Store-Hits:          76158048   99.57%
Tlb-Store-Misses:          325488    0.43%
Tlb-Store-Accesses:      76483536  100.00%

Tlb-Total-Hits:         319470786   89.08%
Tlb-Total-Misses:        39170128   10.92%
Tlb-Total-Accesses:     358640914  100.00%



--------
Two level Cache hierarchy
--------
  L1-Data Cache:
    Size(KB):          32
    Block Size(B):     64
    Associativity:      8

  L2-Data Cache:
    Size(KB):        2048
    Block Size(B):    256
    Associativity:     16

Latencies:    1   10  150
L1-Sets:   64 - LRU - assoc:   8
L2-Sets:  512 - LRU - assoc:  16
Store_allocation: Yes
L2_inclusive: Yes
L2_prefetching: No

L1 Cache Stats:
L1-Load-Hits:         211499446   74.96%
L1-Load-Misses:        70657932   25.04%
L1-Load-Accesses:     282157378  100.00%

L1-Store-Hits:          76475864   99.99%
L1-Store-Misses:            7672    0.01%
L1-Store-Accesses:      76483536  100.00%

L1-Total-Hits:         287975310   80.30%
L1-Total-Misses:        70665604   19.70%
L1-Total-Accesses:     358640914  100.00%

L2 Cache Stats:
L2-Load-Hits:          41876504   59.27%
L2-Load-Misses:        28781428   40.73%
L2-Load-Accesses:      70657932  100.00%

L2-Store-Hits:              6302   82.14%
L2-Store-Misses:            1370   17.86%
L2-Store-Accesses:          7672  100.00%

L2-Total-Hits:          41882806   59.27%
L2-Total-Misses:        28782798   40.73%
L2-Total-Accesses:      70665604  100.00%

