--------
Total Statistics
--------
Total Instructions: 1516583429
Total Cycles: 9314410103
IPC: 0.162821

--------
Single level Tlb hierarchy
--------
  Data Tlb:
    Entries:          64
    Page Size(B):   4096
    Associativity:      4

Latencies:    0   50
Tlb-Sets:   16 - LRU - assoc:   4

Tlb Stats:
Tlb-Load-Hits:         244161703   86.53%
Tlb-Load-Misses:        37995675   13.47%
Tlb-Load-Accesses:     282157378  100.00%

Tlb-Store-Hits:          76173468   99.59%
Tlb-Store-Misses:          310068    0.41%
Tlb-Store-Accesses:      76483536  100.00%

Tlb-Total-Hits:         320335171   89.32%
Tlb-Total-Misses:        38305743   10.68%
Tlb-Total-Accesses:     358640914  100.00%



--------
Two level Cache hierarchy
--------
  L1-Data Cache:
    Size(KB):          64
    Block Size(B):     32
    Associativity:      8

  L2-Data Cache:
    Size(KB):        1024
    Block Size(B):    128
    Associativity:      8

Latencies:    1   10  150
L1-Sets:  256 - LRU - assoc:   8
L2-Sets: 1024 - LRU - assoc:   8
Store_allocation: Yes
L2_inclusive: Yes
L2_prefetching: No

L1 Cache Stats:
L1-Load-Hits:         208416336   73.87%
L1-Load-Misses:        73741042   26.13%
L1-Load-Accesses:     282157378  100.00%

L1-Store-Hits:          76380692   99.87%
L1-Store-Misses:          102844    0.13%
L1-Store-Accesses:      76483536  100.00%

L1-Total-Hits:         284797028   79.41%
L1-Total-Misses:        73843886   20.59%
L1-Total-Accesses:     358640914  100.00%

L2 Cache Stats:
L2-Load-Hits:          41838008   56.74%
L2-Load-Misses:        31903034   43.26%
L2-Load-Accesses:      73741042  100.00%

L2-Store-Hits:            102813   99.97%
L2-Store-Misses:              31    0.03%
L2-Store-Accesses:        102844  100.00%

L2-Total-Hits:          41940821   56.80%
L2-Total-Misses:        31903065   43.20%
L2-Total-Accesses:      73843886  100.00%

