--------
Total Statistics
--------
Total Instructions: 1516583429
Total Cycles: 10403620693
IPC: 0.145775

--------
Single level Tlb hierarchy
--------
  Data Tlb:
    Entries:          64
    Page Size(B):   4096
    Associativity:      1

Latencies:    0   50
Tlb-Sets:   64 - LRU - assoc:   1

Tlb Stats:
Tlb-Load-Hits:         222427054   78.83%
Tlb-Load-Misses:        59730324   21.17%
Tlb-Load-Accesses:     282157378  100.00%

Tlb-Store-Hits:          75824932   99.14%
Tlb-Store-Misses:          658604    0.86%
Tlb-Store-Accesses:      76483536  100.00%

Tlb-Total-Hits:         298251986   83.16%
Tlb-Total-Misses:        60388928   16.84%
Tlb-Total-Accesses:     358640914  100.00%



--------
Two level Cache hierarchy
--------
  L1-Data Cache:
    Size(KB):          32
    Block Size(B):     64
    Associativity:      8

  L2-Data Cache:
    Size(KB):        1024
    Block Size(B):    128
    Associativity:      8

Latencies:    1   10  150
L1-Sets:   64 - LRU - assoc:   8
L2-Sets: 1024 - LRU - assoc:   8
Store_allocation: Yes
L2_inclusive: Yes
L2_prefetching: No

L1 Cache Stats:
L1-Load-Hits:         210047505   74.44%
L1-Load-Misses:        72109873   25.56%
L1-Load-Accesses:     282157378  100.00%

L1-Store-Hits:          76468759   99.98%
L1-Store-Misses:           14777    0.02%
L1-Store-Accesses:      76483536  100.00%

L1-Total-Hits:         286516264   79.89%
L1-Total-Misses:        72124650   20.11%
L1-Total-Accesses:     358640914  100.00%

L2 Cache Stats:
L2-Load-Hits:          40193500   55.74%
L2-Load-Misses:        31916373   44.26%
L2-Load-Accesses:      72109873  100.00%

L2-Store-Hits:             13127   88.83%
L2-Store-Misses:            1650   11.17%
L2-Store-Accesses:         14777  100.00%

L2-Total-Hits:          40206627   55.75%
L2-Total-Misses:        31918023   44.25%
L2-Total-Accesses:      72124650  100.00%

