--------
Total Statistics
--------
Total Instructions: 1516583429
Total Cycles: 9790129743
IPC: 0.154909

--------
Single level Tlb hierarchy
--------
  Data Tlb:
    Entries:          64
    Page Size(B):   4096
    Associativity:      2

Latencies:    0   50
Tlb-Sets:   32 - LRU - assoc:   2

Tlb Stats:
Tlb-Load-Hits:         234463776   83.10%
Tlb-Load-Misses:        47693602   16.90%
Tlb-Load-Accesses:     282157378  100.00%

Tlb-Store-Hits:          76032148   99.41%
Tlb-Store-Misses:          451388    0.59%
Tlb-Store-Accesses:      76483536  100.00%

Tlb-Total-Hits:         310495924   86.58%
Tlb-Total-Misses:        48144990   13.42%
Tlb-Total-Accesses:     358640914  100.00%



--------
Two level Cache hierarchy
--------
  L1-Data Cache:
    Size(KB):          32
    Block Size(B):     64
    Associativity:      8

  L2-Data Cache:
    Size(KB):        1024
    Block Size(B):    128
    Associativity:      8

Latencies:    1   10  150
L1-Sets:   64 - LRU - assoc:   8
L2-Sets: 1024 - LRU - assoc:   8
Store_allocation: Yes
L2_inclusive: Yes
L2_prefetching: No

L1 Cache Stats:
L1-Load-Hits:         210078989   74.45%
L1-Load-Misses:        72078389   25.55%
L1-Load-Accesses:     282157378  100.00%

L1-Store-Hits:          76474760   99.99%
L1-Store-Misses:            8776    0.01%
L1-Store-Accesses:      76483536  100.00%

L1-Total-Hits:         286553749   79.90%
L1-Total-Misses:        72087165   20.10%
L1-Total-Accesses:     358640914  100.00%

L2 Cache Stats:
L2-Load-Hits:          40168371   55.73%
L2-Load-Misses:        31910018   44.27%
L2-Load-Accesses:      72078389  100.00%

L2-Store-Hits:              6899   78.61%
L2-Store-Misses:            1877   21.39%
L2-Store-Accesses:          8776  100.00%

L2-Total-Hits:          40175270   55.73%
L2-Total-Misses:        31911895   44.27%
L2-Total-Accesses:      72087165  100.00%

