--------
Total Statistics
--------
Total Instructions: 1516583429
Total Cycles: 9420569603
IPC: 0.160986

--------
Single level Tlb hierarchy
--------
  Data Tlb:
    Entries:          64
    Page Size(B):   4096
    Associativity:      4

Latencies:    0   50
Tlb-Sets:   16 - LRU - assoc:   4

Tlb Stats:
Tlb-Load-Hits:         242716006   86.02%
Tlb-Load-Misses:        39441372   13.98%
Tlb-Load-Accesses:     282157378  100.00%

Tlb-Store-Hits:          75925710   99.27%
Tlb-Store-Misses:          557826    0.73%
Tlb-Store-Accesses:      76483536  100.00%

Tlb-Total-Hits:         318641716   88.85%
Tlb-Total-Misses:        39999198   11.15%
Tlb-Total-Accesses:     358640914  100.00%



--------
Two level Cache hierarchy
--------
  L1-Data Cache:
    Size(KB):          32
    Block Size(B):     32
    Associativity:      8

  L2-Data Cache:
    Size(KB):        1024
    Block Size(B):    128
    Associativity:      8

Latencies:    1   10  150
L1-Sets:  128 - LRU - assoc:   8
L2-Sets: 1024 - LRU - assoc:   8
Store_allocation: Yes
L2_inclusive: Yes
L2_prefetching: No

L1 Cache Stats:
L1-Load-Hits:         206364537   73.14%
L1-Load-Misses:        75792841   26.86%
L1-Load-Accesses:     282157378  100.00%

L1-Store-Hits:          76288916   99.75%
L1-Store-Misses:          194620    0.25%
L1-Store-Accesses:      76483536  100.00%

L1-Total-Hits:         282653453   78.81%
L1-Total-Misses:        75987461   21.19%
L1-Total-Accesses:     358640914  100.00%

L2 Cache Stats:
L2-Load-Hits:          43889500   57.91%
L2-Load-Misses:        31903341   42.09%
L2-Load-Accesses:      75792841  100.00%

L2-Store-Hits:            194556   99.97%
L2-Store-Misses:              64    0.03%
L2-Store-Accesses:        194620  100.00%

L2-Total-Hits:          44084056   58.01%
L2-Total-Misses:        31903405   41.99%
L2-Total-Accesses:      75987461  100.00%

