--------
Total Statistics
--------
Total Instructions: 1516583454
Total Cycles: 9374937976
IPC: 0.16177

--------
Single level Tlb hierarchy
--------
  Data Tlb:
    Entries:          64
    Page Size(B):   4096
    Associativity:      4

Latencies:    0   50
Tlb-Sets:   16 - LRU - assoc:   4

Tlb Stats:
Tlb-Load-Hits:         242872391   86.08%
Tlb-Load-Misses:        39284995   13.92%
Tlb-Load-Accesses:     282157386  100.00%

Tlb-Store-Hits:          75927933   99.27%
Tlb-Store-Misses:          555603    0.73%
Tlb-Store-Accesses:      76483536  100.00%

Tlb-Total-Hits:         318800324   88.89%
Tlb-Total-Misses:        39840598   11.11%
Tlb-Total-Accesses:     358640922  100.00%



--------
Two level Cache hierarchy
--------
  L1-Data Cache:
    Size(KB):          32
    Block Size(B):     64
    Associativity:      8

  L2-Data Cache:
    Size(KB):        1024
    Block Size(B):    128
    Associativity:     16

Latencies:    1   10  150
L1-Sets:   64 - LRU - assoc:   8
L2-Sets:  512 - LRU - assoc:  16
Store_allocation: Yes
L2_inclusive: Yes
L2_prefetching: No

L1 Cache Stats:
L1-Load-Hits:         210068156   74.45%
L1-Load-Misses:        72089230   25.55%
L1-Load-Accesses:     282157386  100.00%

L1-Store-Hits:          76469996   99.98%
L1-Store-Misses:           13540    0.02%
L1-Store-Accesses:      76483536  100.00%

L1-Total-Hits:         286538152   79.90%
L1-Total-Misses:        72102770   20.10%
L1-Total-Accesses:     358640922  100.00%

L2 Cache Stats:
L2-Load-Hits:          40179793   55.74%
L2-Load-Misses:        31909437   44.26%
L2-Load-Accesses:      72089230  100.00%

L2-Store-Hits:             11937   88.16%
L2-Store-Misses:            1603   11.84%
L2-Store-Accesses:         13540  100.00%

L2-Total-Hits:          40191730   55.74%
L2-Total-Misses:        31911040   44.26%
L2-Total-Accesses:      72102770  100.00%

