--------
Total Statistics
--------
Total Instructions: 1516583429
Total Cycles: 9064136183
IPC: 0.167317

--------
Single level Tlb hierarchy
--------
  Data Tlb:
    Entries:          64
    Page Size(B):   4096
    Associativity:     16

Latencies:    0   50
Tlb-Sets:    4 - LRU - assoc:  16

Tlb Stats:
Tlb-Load-Hits:         248856067   88.20%
Tlb-Load-Misses:        33301311   11.80%
Tlb-Load-Accesses:     282157378  100.00%

Tlb-Store-Hits:          76161259   99.58%
Tlb-Store-Misses:          322277    0.42%
Tlb-Store-Accesses:      76483536  100.00%

Tlb-Total-Hits:         325017326   90.62%
Tlb-Total-Misses:        33623588    9.38%
Tlb-Total-Accesses:     358640914  100.00%



--------
Two level Cache hierarchy
--------
  L1-Data Cache:
    Size(KB):          32
    Block Size(B):     64
    Associativity:      8

  L2-Data Cache:
    Size(KB):        1024
    Block Size(B):    128
    Associativity:      8

Latencies:    1   10  150
L1-Sets:   64 - LRU - assoc:   8
L2-Sets: 1024 - LRU - assoc:   8
Store_allocation: Yes
L2_inclusive: Yes
L2_prefetching: No

L1 Cache Stats:
L1-Load-Hits:         210083331   74.46%
L1-Load-Misses:        72074047   25.54%
L1-Load-Accesses:     282157378  100.00%

L1-Store-Hits:          76474569   99.99%
L1-Store-Misses:            8967    0.01%
L1-Store-Accesses:      76483536  100.00%

L1-Total-Hits:         286557900   79.90%
L1-Total-Misses:        72083014   20.10%
L1-Total-Accesses:     358640914  100.00%

L2 Cache Stats:
L2-Load-Hits:          40163299   55.73%
L2-Load-Misses:        31910748   44.27%
L2-Load-Accesses:      72074047  100.00%

L2-Store-Hits:              7033   78.43%
L2-Store-Misses:            1934   21.57%
L2-Store-Accesses:          8967  100.00%

L2-Total-Hits:          40170332   55.73%
L2-Total-Misses:        31912682   44.27%
L2-Total-Accesses:      72083014  100.00%

