--------
Total Statistics
--------
Total Instructions: 1516583429
Total Cycles: 9234134763
IPC: 0.164237

--------
Single level Tlb hierarchy
--------
  Data Tlb:
    Entries:          64
    Page Size(B):   4096
    Associativity:      4

Latencies:    0   50
Tlb-Sets:   16 - LRU - assoc:   4

Tlb Stats:
Tlb-Load-Hits:         243237528   86.21%
Tlb-Load-Misses:        38919850   13.79%
Tlb-Load-Accesses:     282157378  100.00%

Tlb-Store-Hits:          76175089   99.60%
Tlb-Store-Misses:          308447    0.40%
Tlb-Store-Accesses:      76483536  100.00%

Tlb-Total-Hits:         319412617   89.06%
Tlb-Total-Misses:        39228297   10.94%
Tlb-Total-Accesses:     358640914  100.00%



--------
Two level Cache hierarchy
--------
  L1-Data Cache:
    Size(KB):          32
    Block Size(B):     64
    Associativity:      8

  L2-Data Cache:
    Size(KB):        1024
    Block Size(B):    128
    Associativity:      8

Latencies:    1   10  150
L1-Sets:   64 - LRU - assoc:   8
L2-Sets: 1024 - LRU - assoc:   8
Store_allocation: Yes
L2_inclusive: Yes
L2_prefetching: Yes (  2)

L1 Cache Stats:
L1-Load-Hits:         204460202   72.46%
L1-Load-Misses:        77697176   27.54%
L1-Load-Accesses:     282157378  100.00%

L1-Store-Hits:          76110845   99.51%
L1-Store-Misses:          372691    0.49%
L1-Store-Accesses:      76483536  100.00%

L1-Total-Hits:         280571047   78.23%
L1-Total-Misses:        78069867   21.77%
L1-Total-Accesses:     358640914  100.00%

L2 Cache Stats:
L2-Load-Hits:          46918573   60.39%
L2-Load-Misses:        30778603   39.61%
L2-Load-Accesses:      77697176  100.00%

L2-Store-Hits:            372648   99.99%
L2-Store-Misses:              43    0.01%
L2-Store-Accesses:        372691  100.00%

L2-Total-Hits:          47291221   60.58%
L2-Total-Misses:        30778646   39.42%
L2-Total-Accesses:      78069867  100.00%

