--------
Total Statistics
--------
Total Instructions: 1516583429
Total Cycles: 8991134223
IPC: 0.168675

--------
Single level Tlb hierarchy
--------
  Data Tlb:
    Entries:          64
    Page Size(B):   4096
    Associativity:     64

Latencies:    0   50
Tlb-Sets:    1 - LRU - assoc:  64

Tlb Stats:
Tlb-Load-Hits:         250124356   88.65%
Tlb-Load-Misses:        32033022   11.35%
Tlb-Load-Accesses:     282157378  100.00%

Tlb-Store-Hits:          76364344   99.84%
Tlb-Store-Misses:          119192    0.16%
Tlb-Store-Accesses:      76483536  100.00%

Tlb-Total-Hits:         326488700   91.03%
Tlb-Total-Misses:        32152214    8.97%
Tlb-Total-Accesses:     358640914  100.00%



--------
Two level Cache hierarchy
--------
  L1-Data Cache:
    Size(KB):          32
    Block Size(B):     64
    Associativity:      8

  L2-Data Cache:
    Size(KB):        1024
    Block Size(B):    128
    Associativity:      8

Latencies:    1   10  150
L1-Sets:   64 - LRU - assoc:   8
L2-Sets: 1024 - LRU - assoc:   8
Store_allocation: Yes
L2_inclusive: Yes
L2_prefetching: No

L1 Cache Stats:
L1-Load-Hits:         210071737   74.45%
L1-Load-Misses:        72085641   25.55%
L1-Load-Accesses:     282157378  100.00%

L1-Store-Hits:          76473754   99.99%
L1-Store-Misses:            9782    0.01%
L1-Store-Accesses:      76483536  100.00%

L1-Total-Hits:         286545491   79.90%
L1-Total-Misses:        72095423   20.10%
L1-Total-Accesses:     358640914  100.00%

L2 Cache Stats:
L2-Load-Hits:          40172058   55.73%
L2-Load-Misses:        31913583   44.27%
L2-Load-Accesses:      72085641  100.00%

L2-Store-Hits:              7732   79.04%
L2-Store-Misses:            2050   20.96%
L2-Store-Accesses:          9782  100.00%

L2-Total-Hits:          40179790   55.73%
L2-Total-Misses:        31915633   44.27%
L2-Total-Accesses:      72095423  100.00%

