--------
Total Statistics
--------
Total Instructions: 1516583429
Total Cycles: 9285633633
IPC: 0.163326

--------
Single level Tlb hierarchy
--------
  Data Tlb:
    Entries:          64
    Page Size(B):   4096
    Associativity:      4

Latencies:    0   50
Tlb-Sets:   16 - LRU - assoc:   4

Tlb Stats:
Tlb-Load-Hits:         242987745   86.12%
Tlb-Load-Misses:        39169633   13.88%
Tlb-Load-Accesses:     282157378  100.00%

Tlb-Store-Hits:          75927292   99.27%
Tlb-Store-Misses:          556244    0.73%
Tlb-Store-Accesses:      76483536  100.00%

Tlb-Total-Hits:         318915037   88.92%
Tlb-Total-Misses:        39725877   11.08%
Tlb-Total-Accesses:     358640914  100.00%



--------
Two level Cache hierarchy
--------
  L1-Data Cache:
    Size(KB):          32
    Block Size(B):     64
    Associativity:      8

  L2-Data Cache:
    Size(KB):        1024
    Block Size(B):     64
    Associativity:     16

Latencies:    1   10  150
L1-Sets:   64 - LRU - assoc:   8
L2-Sets: 1024 - LRU - assoc:  16
Store_allocation: Yes
L2_inclusive: Yes
L2_prefetching: No

L1 Cache Stats:
L1-Load-Hits:         245114089   86.87%
L1-Load-Misses:        37043289   13.13%
L1-Load-Accesses:     282157378  100.00%

L1-Store-Hits:          76480941  100.00%
L1-Store-Misses:            2595    0.00%
L1-Store-Accesses:      76483536  100.00%

L1-Total-Hits:         321595030   89.67%
L1-Total-Misses:        37045884   10.33%
L1-Total-Accesses:     358640914  100.00%

L2 Cache Stats:
L2-Load-Hits:           3354378    9.06%
L2-Load-Misses:        33688911   90.94%
L2-Load-Accesses:      37043289  100.00%

L2-Store-Hits:               462   17.80%
L2-Store-Misses:            2133   82.20%
L2-Store-Accesses:          2595  100.00%

L2-Total-Hits:           3354840    9.06%
L2-Total-Misses:        33691044   90.94%
L2-Total-Accesses:      37045884  100.00%

