--------
Total Statistics
--------
Total Instructions: 1516583429
Total Cycles: 9028681623
IPC: 0.167974

--------
Single level Tlb hierarchy
--------
  Data Tlb:
    Entries:          64
    Page Size(B):   4096
    Associativity:      4

Latencies:    0   50
Tlb-Sets:   16 - LRU - assoc:   4

Tlb Stats:
Tlb-Load-Hits:         242400493   85.91%
Tlb-Load-Misses:        39756885   14.09%
Tlb-Load-Accesses:     282157378  100.00%

Tlb-Store-Hits:          75926028   99.27%
Tlb-Store-Misses:          557508    0.73%
Tlb-Store-Accesses:      76483536  100.00%

Tlb-Total-Hits:         318326521   88.76%
Tlb-Total-Misses:        40314393   11.24%
Tlb-Total-Accesses:     358640914  100.00%



--------
Two level Cache hierarchy
--------
  L1-Data Cache:
    Size(KB):          64
    Block Size(B):    128
    Associativity:      8

  L2-Data Cache:
    Size(KB):        1024
    Block Size(B):    128
    Associativity:      8

Latencies:    1   10  150
L1-Sets:   64 - LRU - assoc:   8
L2-Sets: 1024 - LRU - assoc:   8
Store_allocation: Yes
L2_inclusive: Yes
L2_prefetching: No

L1 Cache Stats:
L1-Load-Hits:         247607129   87.75%
L1-Load-Misses:        34550249   12.25%
L1-Load-Accesses:     282157378  100.00%

L1-Store-Hits:          76479032   99.99%
L1-Store-Misses:            4504    0.01%
L1-Store-Accesses:      76483536  100.00%

L1-Total-Hits:         324086161   90.37%
L1-Total-Misses:        34554753    9.63%
L1-Total-Accesses:     358640914  100.00%

L2 Cache Stats:
L2-Load-Hits:           2606410    7.54%
L2-Load-Misses:        31943839   92.46%
L2-Load-Accesses:      34550249  100.00%

L2-Store-Hits:               409    9.08%
L2-Store-Misses:            4095   90.92%
L2-Store-Accesses:          4504  100.00%

L2-Total-Hits:           2606819    7.54%
L2-Total-Misses:        31947934   92.46%
L2-Total-Accesses:      34554753  100.00%

