--------
Total Statistics
--------
Total Instructions: 1516583429
Total Cycles: 9348079033
IPC: 0.162235

--------
Single level Tlb hierarchy
--------
  Data Tlb:
    Entries:          64
    Page Size(B):   4096
    Associativity:      4

Latencies:    0   50
Tlb-Sets:   16 - LRU - assoc:   4

Tlb Stats:
Tlb-Load-Hits:         243174838   86.18%
Tlb-Load-Misses:        38982540   13.82%
Tlb-Load-Accesses:     282157378  100.00%

Tlb-Store-Hits:          76175676   99.60%
Tlb-Store-Misses:          307860    0.40%
Tlb-Store-Accesses:      76483536  100.00%

Tlb-Total-Hits:         319350514   89.04%
Tlb-Total-Misses:        39290400   10.96%
Tlb-Total-Accesses:     358640914  100.00%



--------
Two level Cache hierarchy
--------
  L1-Data Cache:
    Size(KB):          32
    Block Size(B):     64
    Associativity:      8

  L2-Data Cache:
    Size(KB):        1024
    Block Size(B):    128
    Associativity:      8

Latencies:    1   10  150
L1-Sets:   64 - LRU - assoc:   8
L2-Sets: 1024 - LRU - assoc:   8
Store_allocation: Yes
L2_inclusive: Yes
L2_prefetching: No

L1 Cache Stats:
L1-Load-Hits:         210073283   74.45%
L1-Load-Misses:        72084095   25.55%
L1-Load-Accesses:     282157378  100.00%

L1-Store-Hits:          76473892   99.99%
L1-Store-Misses:            9644    0.01%
L1-Store-Accesses:      76483536  100.00%

L1-Total-Hits:         286547175   79.90%
L1-Total-Misses:        72093739   20.10%
L1-Total-Accesses:     358640914  100.00%

L2 Cache Stats:
L2-Load-Hits:          40170161   55.73%
L2-Load-Misses:        31913934   44.27%
L2-Load-Accesses:      72084095  100.00%

L2-Store-Hits:              7596   78.76%
L2-Store-Misses:            2048   21.24%
L2-Store-Accesses:          9644  100.00%

L2-Total-Hits:          40177757   55.73%
L2-Total-Misses:        31915982   44.27%
L2-Total-Accesses:      72093739  100.00%

