--------
Total Statistics
--------
Total Instructions: 1516583429
Total Cycles: 9046418463
IPC: 0.167645

--------
Single level Tlb hierarchy
--------
  Data Tlb:
    Entries:          64
    Page Size(B):   4096
    Associativity:      4

Latencies:    0   50
Tlb-Sets:   16 - LRU - assoc:   4

Tlb Stats:
Tlb-Load-Hits:         243313856   86.23%
Tlb-Load-Misses:        38843522   13.77%
Tlb-Load-Accesses:     282157378  100.00%

Tlb-Store-Hits:          75734905   99.02%
Tlb-Store-Misses:          748631    0.98%
Tlb-Store-Accesses:      76483536  100.00%

Tlb-Total-Hits:         319048761   88.96%
Tlb-Total-Misses:        39592153   11.04%
Tlb-Total-Accesses:     358640914  100.00%



--------
Two level Cache hierarchy
--------
  L1-Data Cache:
    Size(KB):          32
    Block Size(B):     64
    Associativity:      8

  L2-Data Cache:
    Size(KB):        2048
    Block Size(B):    128
    Associativity:     16

Latencies:    1   10  150
L1-Sets:   64 - LRU - assoc:   8
L2-Sets: 1024 - LRU - assoc:  16
Store_allocation: Yes
L2_inclusive: Yes
L2_prefetching: No

L1 Cache Stats:
L1-Load-Hits:         212192801   75.20%
L1-Load-Misses:        69964577   24.80%
L1-Load-Accesses:     282157378  100.00%

L1-Store-Hits:          76475701   99.99%
L1-Store-Misses:            7835    0.01%
L1-Store-Accesses:      76483536  100.00%

L1-Total-Hits:         288668502   80.49%
L1-Total-Misses:        69972412   19.51%
L1-Total-Accesses:     358640914  100.00%

L2 Cache Stats:
L2-Load-Hits:          40019623   57.20%
L2-Load-Misses:        29944954   42.80%
L2-Load-Accesses:      69964577  100.00%

L2-Store-Hits:              7040   89.85%
L2-Store-Misses:             795   10.15%
L2-Store-Accesses:          7835  100.00%

L2-Total-Hits:          40026663   57.20%
L2-Total-Misses:        29945749   42.80%
L2-Total-Accesses:      69972412  100.00%

