--------
Total Statistics
--------
Total Instructions: 1516583429
Total Cycles: 9347965453
IPC: 0.162237

--------
Single level Tlb hierarchy
--------
  Data Tlb:
    Entries:          64
    Page Size(B):   4096
    Associativity:      4

Latencies:    0   50
Tlb-Sets:   16 - LRU - assoc:   4

Tlb Stats:
Tlb-Load-Hits:         243029805   86.13%
Tlb-Load-Misses:        39127573   13.87%
Tlb-Load-Accesses:     282157378  100.00%

Tlb-Store-Hits:          75927122   99.27%
Tlb-Store-Misses:          556414    0.73%
Tlb-Store-Accesses:      76483536  100.00%

Tlb-Total-Hits:         318956927   88.93%
Tlb-Total-Misses:        39683987   11.07%
Tlb-Total-Accesses:     358640914  100.00%



--------
Two level Cache hierarchy
--------
  L1-Data Cache:
    Size(KB):          64
    Block Size(B):     64
    Associativity:      8

  L2-Data Cache:
    Size(KB):        1024
    Block Size(B):    128
    Associativity:      8

Latencies:    1   10  150
L1-Sets:  128 - LRU - assoc:   8
L2-Sets: 1024 - LRU - assoc:   8
Store_allocation: Yes
L2_inclusive: Yes
L2_prefetching: No

L1 Cache Stats:
L1-Load-Hits:         211843393   75.08%
L1-Load-Misses:        70313985   24.92%
L1-Load-Accesses:     282157378  100.00%

L1-Store-Hits:          76481625  100.00%
L1-Store-Misses:            1911    0.00%
L1-Store-Accesses:      76483536  100.00%

L1-Total-Hits:         288325018   80.39%
L1-Total-Misses:        70315896   19.61%
L1-Total-Accesses:     358640914  100.00%

L2 Cache Stats:
L2-Load-Hits:          38412149   54.63%
L2-Load-Misses:        31901836   45.37%
L2-Load-Accesses:      70313985  100.00%

L2-Store-Hits:              1195   62.53%
L2-Store-Misses:             716   37.47%
L2-Store-Accesses:          1911  100.00%

L2-Total-Hits:          38413344   54.63%
L2-Total-Misses:        31902552   45.37%
L2-Total-Accesses:      70315896  100.00%

