--------
Total Statistics
--------
Total Instructions: 1516583429
Total Cycles: 9236935703
IPC: 0.164187

--------
Single level Tlb hierarchy
--------
  Data Tlb:
    Entries:          64
    Page Size(B):   4096
    Associativity:      4

Latencies:    0   50
Tlb-Sets:   16 - LRU - assoc:   4

Tlb Stats:
Tlb-Load-Hits:         243358468   86.25%
Tlb-Load-Misses:        38798910   13.75%
Tlb-Load-Accesses:     282157378  100.00%

Tlb-Store-Hits:          75884141   99.22%
Tlb-Store-Misses:          599395    0.78%
Tlb-Store-Accesses:      76483536  100.00%

Tlb-Total-Hits:         319242609   89.01%
Tlb-Total-Misses:        39398305   10.99%
Tlb-Total-Accesses:     358640914  100.00%



--------
Two level Cache hierarchy
--------
  L1-Data Cache:
    Size(KB):          32
    Block Size(B):     64
    Associativity:      8

  L2-Data Cache:
    Size(KB):        1024
    Block Size(B):    128
    Associativity:      8

Latencies:    1   10  150
L1-Sets:   64 - LRU - assoc:   8
L2-Sets: 1024 - LRU - assoc:   8
Store_allocation: Yes
L2_inclusive: Yes
L2_prefetching: Yes ( 32)

L1 Cache Stats:
L1-Load-Hits:         210149376   74.48%
L1-Load-Misses:        72008002   25.52%
L1-Load-Accesses:     282157378  100.00%

L1-Store-Hits:          76411642   99.91%
L1-Store-Misses:           71894    0.09%
L1-Store-Accesses:      76483536  100.00%

L1-Total-Hits:         286561018   79.90%
L1-Total-Misses:        72079896   20.10%
L1-Total-Accesses:     358640914  100.00%

L2 Cache Stats:
L2-Load-Hits:          40895922   56.79%
L2-Load-Misses:        31112080   43.21%
L2-Load-Accesses:      72008002  100.00%

L2-Store-Hits:             43993   61.19%
L2-Store-Misses:           27901   38.81%
L2-Store-Accesses:         71894  100.00%

L2-Total-Hits:          40939915   56.80%
L2-Total-Misses:        31139981   43.20%
L2-Total-Accesses:      72079896  100.00%

