--------
Total Statistics
--------
Total Instructions: 1516583429
Total Cycles: 9404719813
IPC: 0.161258

--------
Single level Tlb hierarchy
--------
  Data Tlb:
    Entries:          64
    Page Size(B):   4096
    Associativity:      4

Latencies:    0   50
Tlb-Sets:   16 - LRU - assoc:   4

Tlb Stats:
Tlb-Load-Hits:         242693939   86.01%
Tlb-Load-Misses:        39463439   13.99%
Tlb-Load-Accesses:     282157378  100.00%

Tlb-Store-Hits:          75596101   98.84%
Tlb-Store-Misses:          887435    1.16%
Tlb-Store-Accesses:      76483536  100.00%

Tlb-Total-Hits:         318290040   88.75%
Tlb-Total-Misses:        40350874   11.25%
Tlb-Total-Accesses:     358640914  100.00%



--------
Two level Cache hierarchy
--------
  L1-Data Cache:
    Size(KB):         128
    Block Size(B):     32
    Associativity:      8

  L2-Data Cache:
    Size(KB):        1024
    Block Size(B):    128
    Associativity:      8

Latencies:    1   10  150
L1-Sets:  512 - LRU - assoc:   8
L2-Sets: 1024 - LRU - assoc:   8
Store_allocation: Yes
L2_inclusive: Yes
L2_prefetching: No

L1 Cache Stats:
L1-Load-Hits:         210349356   74.55%
L1-Load-Misses:        71808022   25.45%
L1-Load-Accesses:     282157378  100.00%

L1-Store-Hits:          76430156   99.93%
L1-Store-Misses:           53380    0.07%
L1-Store-Accesses:      76483536  100.00%

L1-Total-Hits:         286779512   79.96%
L1-Total-Misses:        71861402   20.04%
L1-Total-Accesses:     358640914  100.00%

L2 Cache Stats:
L2-Load-Hits:          39852477   55.50%
L2-Load-Misses:        31955545   44.50%
L2-Load-Accesses:      71808022  100.00%

L2-Store-Hits:             53340   99.93%
L2-Store-Misses:              40    0.07%
L2-Store-Accesses:         53380  100.00%

L2-Total-Hits:          39905817   55.53%
L2-Total-Misses:        31955585   44.47%
L2-Total-Accesses:      71861402  100.00%

