--------
Total Statistics
--------
Total Instructions: 1516583429
Total Cycles: 9077363263
IPC: 0.167073

--------
Single level Tlb hierarchy
--------
  Data Tlb:
    Entries:          64
    Page Size(B):   4096
    Associativity:      4

Latencies:    0   50
Tlb-Sets:   16 - LRU - assoc:   4

Tlb Stats:
Tlb-Load-Hits:         242050298   85.79%
Tlb-Load-Misses:        40107080   14.21%
Tlb-Load-Accesses:     282157378  100.00%

Tlb-Store-Hits:          75269194   98.41%
Tlb-Store-Misses:         1214342    1.59%
Tlb-Store-Accesses:      76483536  100.00%

Tlb-Total-Hits:         317319492   88.48%
Tlb-Total-Misses:        41321422   11.52%
Tlb-Total-Accesses:     358640914  100.00%



--------
Two level Cache hierarchy
--------
  L1-Data Cache:
    Size(KB):         128
    Block Size(B):    128
    Associativity:      8

  L2-Data Cache:
    Size(KB):        1024
    Block Size(B):    128
    Associativity:      8

Latencies:    1   10  150
L1-Sets:  128 - LRU - assoc:   8
L2-Sets: 1024 - LRU - assoc:   8
Store_allocation: Yes
L2_inclusive: Yes
L2_prefetching: No

L1 Cache Stats:
L1-Load-Hits:         247872383   87.85%
L1-Load-Misses:        34284995   12.15%
L1-Load-Accesses:     282157378  100.00%

L1-Store-Hits:          76478694   99.99%
L1-Store-Misses:            4842    0.01%
L1-Store-Accesses:      76483536  100.00%

L1-Total-Hits:         324351077   90.44%
L1-Total-Misses:        34289837    9.56%
L1-Total-Accesses:     358640914  100.00%

L2 Cache Stats:
L2-Load-Hits:           2335235    6.81%
L2-Load-Misses:        31949760   93.19%
L2-Load-Accesses:      34284995  100.00%

L2-Store-Hits:               139    2.87%
L2-Store-Misses:            4703   97.13%
L2-Store-Accesses:          4842  100.00%

L2-Total-Hits:           2335374    6.81%
L2-Total-Misses:        31954463   93.19%
L2-Total-Accesses:      34289837  100.00%

