--------
Total Statistics
--------
Total Instructions: 1516583429
Total Cycles: 9371577133
IPC: 0.161828

--------
Single level Tlb hierarchy
--------
  Data Tlb:
    Entries:          64
    Page Size(B):   4096
    Associativity:      4

Latencies:    0   50
Tlb-Sets:   16 - LRU - assoc:   4

Tlb Stats:
Tlb-Load-Hits:         242954317   86.11%
Tlb-Load-Misses:        39203061   13.89%
Tlb-Load-Accesses:     282157378  100.00%

Tlb-Store-Hits:          75929626   99.28%
Tlb-Store-Misses:          553910    0.72%
Tlb-Store-Accesses:      76483536  100.00%

Tlb-Total-Hits:         318883943   88.91%
Tlb-Total-Misses:        39756971   11.09%
Tlb-Total-Accesses:     358640914  100.00%



--------
Two level Cache hierarchy
--------
  L1-Data Cache:
    Size(KB):          32
    Block Size(B):     64
    Associativity:      8

  L2-Data Cache:
    Size(KB):        1024
    Block Size(B):    128
    Associativity:      8

Latencies:    1   10  150
L1-Sets:   64 - LRU - assoc:   8
L2-Sets: 1024 - LRU - assoc:   8
Store_allocation: Yes
L2_inclusive: Yes
L2_prefetching: No

L1 Cache Stats:
L1-Load-Hits:         210056242   74.45%
L1-Load-Misses:        72101136   25.55%
L1-Load-Accesses:     282157378  100.00%

L1-Store-Hits:          76468878   99.98%
L1-Store-Misses:           14658    0.02%
L1-Store-Accesses:      76483536  100.00%

L1-Total-Hits:         286525120   79.89%
L1-Total-Misses:        72115794   20.11%
L1-Total-Accesses:     358640914  100.00%

L2 Cache Stats:
L2-Load-Hits:          40187286   55.74%
L2-Load-Misses:        31913850   44.26%
L2-Load-Accesses:      72101136  100.00%

L2-Store-Hits:             12866   87.77%
L2-Store-Misses:            1792   12.23%
L2-Store-Accesses:         14658  100.00%

L2-Total-Hits:          40200152   55.74%
L2-Total-Misses:        31915642   44.26%
L2-Total-Accesses:      72115794  100.00%

