--------
Total Statistics
--------
Total Instructions: 8308522831
Total Cycles: 10672031304
IPC: 0.778532

--------
Single level Tlb hierarchy
--------
  Data Tlb:
    Entries:          64
    Page Size(B):   4096
    Associativity:      4

Latencies:    0   50
Tlb-Sets:   16 - LRU - assoc:   4

Tlb Stats:
Tlb-Load-Hits:        1869901994   99.97%
Tlb-Load-Misses:          565126    0.03%
Tlb-Load-Accesses:    1870467120  100.00%

Tlb-Store-Hits:         183336873   99.85%
Tlb-Store-Misses:          279850    0.15%
Tlb-Store-Accesses:     183616723  100.00%

Tlb-Total-Hits:        2053238867   99.96%
Tlb-Total-Misses:          844976    0.04%
Tlb-Total-Accesses:    2054083843  100.00%



--------
Two level Cache hierarchy
--------
  L1-Data Cache:
    Size(KB):          32
    Block Size(B):     64
    Associativity:      8

  L2-Data Cache:
    Size(KB):        1024
    Block Size(B):    128
    Associativity:      8

Latencies:    1   10  150
L1-Sets:   64 - LRU - assoc:   8
L2-Sets: 1024 - LRU - assoc:   8
Store_allocation: Yes
L2_inclusive: Yes
L2_prefetching: Yes ( 64)

L1 Cache Stats:
L1-Load-Hits:        1856070269   99.23%
L1-Load-Misses:        14396851    0.77%
L1-Load-Accesses:    1870467120  100.00%

L1-Store-Hits:         180364886   98.23%
L1-Store-Misses:         3251837    1.77%
L1-Store-Accesses:     183616723  100.00%

L1-Total-Hits:        2036435155   99.14%
L1-Total-Misses:        17648688    0.86%
L1-Total-Accesses:    2054083843  100.00%

L2 Cache Stats:
L2-Load-Hits:          13958261   96.95%
L2-Load-Misses:          438590    3.05%
L2-Load-Accesses:      14396851  100.00%

L2-Store-Hits:           3085834   94.90%
L2-Store-Misses:          166003    5.10%
L2-Store-Accesses:       3251837  100.00%

L2-Total-Hits:          17044095   96.57%
L2-Total-Misses:          604593    3.43%
L2-Total-Accesses:      17648688  100.00%

