--------
Total Statistics
--------
Total Instructions: 8308522831
Total Cycles: 11471682144
IPC: 0.724264

--------
Single level Tlb hierarchy
--------
  Data Tlb:
    Entries:          64
    Page Size(B):   4096
    Associativity:      4

Latencies:    0   50
Tlb-Sets:   16 - LRU - assoc:   4

Tlb Stats:
Tlb-Load-Hits:        1869901989   99.97%
Tlb-Load-Misses:          565131    0.03%
Tlb-Load-Accesses:    1870467120  100.00%

Tlb-Store-Hits:         183336878   99.85%
Tlb-Store-Misses:          279845    0.15%
Tlb-Store-Accesses:     183616723  100.00%

Tlb-Total-Hits:        2053238867   99.96%
Tlb-Total-Misses:          844976    0.04%
Tlb-Total-Accesses:    2054083843  100.00%



--------
Two level Cache hierarchy
--------
  L1-Data Cache:
    Size(KB):          32
    Block Size(B):     64
    Associativity:      8

  L2-Data Cache:
    Size(KB):        1024
    Block Size(B):    128
    Associativity:      8

Latencies:    1   10  150
L1-Sets:   64 - LRU - assoc:   8
L2-Sets: 1024 - LRU - assoc:   8
Store_allocation: Yes
L2_inclusive: Yes
L2_prefetching: Yes (  2)

L1 Cache Stats:
L1-Load-Hits:        1851449931   98.98%
L1-Load-Misses:        19017189    1.02%
L1-Load-Accesses:    1870467120  100.00%

L1-Store-Hits:         178963105   97.47%
L1-Store-Misses:         4653618    2.53%
L1-Store-Accesses:     183616723  100.00%

L1-Total-Hits:        2030413036   98.85%
L1-Total-Misses:        23670807    1.15%
L1-Total-Accesses:    2054083843  100.00%

L2 Cache Stats:
L2-Load-Hits:          15351506   80.72%
L2-Load-Misses:         3665683   19.28%
L2-Load-Accesses:      19017189  100.00%

L2-Store-Hits:           2785177   59.85%
L2-Store-Misses:         1868441   40.15%
L2-Store-Accesses:       4653618  100.00%

L2-Total-Hits:          18136683   76.62%
L2-Total-Misses:         5534124   23.38%
L2-Total-Accesses:      23670807  100.00%

