--------
Total Statistics
--------
Total Instructions: 8308522831
Total Cycles: 11772326964
IPC: 0.705767

--------
Single level Tlb hierarchy
--------
  Data Tlb:
    Entries:          64
    Page Size(B):   4096
    Associativity:      4

Latencies:    0   50
Tlb-Sets:   16 - LRU - assoc:   4

Tlb Stats:
Tlb-Load-Hits:        1869902272   99.97%
Tlb-Load-Misses:          564848    0.03%
Tlb-Load-Accesses:    1870467120  100.00%

Tlb-Store-Hits:         183336870   99.85%
Tlb-Store-Misses:          279853    0.15%
Tlb-Store-Accesses:     183616723  100.00%

Tlb-Total-Hits:        2053239142   99.96%
Tlb-Total-Misses:          844701    0.04%
Tlb-Total-Accesses:    2054083843  100.00%



--------
Two level Cache hierarchy
--------
  L1-Data Cache:
    Size(KB):          32
    Block Size(B):     64
    Associativity:      8

  L2-Data Cache:
    Size(KB):        2048
    Block Size(B):    128
    Associativity:     16

Latencies:    1   10  150
L1-Sets:   64 - LRU - assoc:   8
L2-Sets: 1024 - LRU - assoc:  16
Store_allocation: Yes
L2_inclusive: Yes
L2_prefetching: No

L1 Cache Stats:
L1-Load-Hits:        1850147027   98.91%
L1-Load-Misses:        20320093    1.09%
L1-Load-Accesses:    1870467120  100.00%

L1-Store-Hits:         178122142   97.01%
L1-Store-Misses:         5494581    2.99%
L1-Store-Accesses:     183616723  100.00%

L1-Total-Hits:        2028269169   98.74%
L1-Total-Misses:        25814674    1.26%
L1-Total-Accesses:    2054083843  100.00%

L2 Cache Stats:
L2-Load-Hits:          15643423   76.98%
L2-Load-Misses:         4676670   23.02%
L2-Load-Accesses:      20320093  100.00%

L2-Store-Hits:           2775661   50.52%
L2-Store-Misses:         2718920   49.48%
L2-Store-Accesses:       5494581  100.00%

L2-Total-Hits:          18419084   71.35%
L2-Total-Misses:         7395590   28.65%
L2-Total-Accesses:      25814674  100.00%

