--------
Total Statistics
--------
Total Instructions: 8308522831
Total Cycles: 11698049834
IPC: 0.710249

--------
Single level Tlb hierarchy
--------
  Data Tlb:
    Entries:          64
    Page Size(B):   4096
    Associativity:      4

Latencies:    0   50
Tlb-Sets:   16 - LRU - assoc:   4

Tlb Stats:
Tlb-Load-Hits:        1869902426   99.97%
Tlb-Load-Misses:          564694    0.03%
Tlb-Load-Accesses:    1870467120  100.00%

Tlb-Store-Hits:         183336877   99.85%
Tlb-Store-Misses:          279846    0.15%
Tlb-Store-Accesses:     183616723  100.00%

Tlb-Total-Hits:        2053239303   99.96%
Tlb-Total-Misses:          844540    0.04%
Tlb-Total-Accesses:    2054083843  100.00%



--------
Two level Cache hierarchy
--------
  L1-Data Cache:
    Size(KB):          32
    Block Size(B):     64
    Associativity:      8

  L2-Data Cache:
    Size(KB):         512
    Block Size(B):    256
    Associativity:      8

Latencies:    1   10  150
L1-Sets:   64 - LRU - assoc:   8
L2-Sets:  256 - LRU - assoc:   8
Store_allocation: Yes
L2_inclusive: Yes
L2_prefetching: No

L1 Cache Stats:
L1-Load-Hits:        1850512965   98.93%
L1-Load-Misses:        19954155    1.07%
L1-Load-Accesses:    1870467120  100.00%

L1-Store-Hits:         178470402   97.20%
L1-Store-Misses:         5146321    2.80%
L1-Store-Accesses:     183616723  100.00%

L1-Total-Hits:        2028983367   98.78%
L1-Total-Misses:        25100476    1.22%
L1-Total-Accesses:    2054083843  100.00%

L2 Cache Stats:
L2-Load-Hits:          15188655   76.12%
L2-Load-Misses:         4765500   23.88%
L2-Load-Accesses:      19954155  100.00%

L2-Store-Hits:           2963745   57.59%
L2-Store-Misses:         2182576   42.41%
L2-Store-Accesses:       5146321  100.00%

L2-Total-Hits:          18152400   72.32%
L2-Total-Misses:         6948076   27.68%
L2-Total-Accesses:      25100476  100.00%

