--------
Total Statistics
--------
Total Instructions: 8308522878
Total Cycles: 11925521917
IPC: 0.696701

--------
Single level Tlb hierarchy
--------
  Data Tlb:
    Entries:          64
    Page Size(B):   4096
    Associativity:      4

Latencies:    0   50
Tlb-Sets:   16 - LRU - assoc:   4

Tlb Stats:
Tlb-Load-Hits:        1869902318   99.97%
Tlb-Load-Misses:          564818    0.03%
Tlb-Load-Accesses:    1870467136  100.00%

Tlb-Store-Hits:         183336878   99.85%
Tlb-Store-Misses:          279845    0.15%
Tlb-Store-Accesses:     183616723  100.00%

Tlb-Total-Hits:        2053239196   99.96%
Tlb-Total-Misses:          844663    0.04%
Tlb-Total-Accesses:    2054083859  100.00%



--------
Two level Cache hierarchy
--------
  L1-Data Cache:
    Size(KB):         128
    Block Size(B):     64
    Associativity:      8

  L2-Data Cache:
    Size(KB):        1024
    Block Size(B):    128
    Associativity:      8

Latencies:    1   10  150
L1-Sets:  256 - LRU - assoc:   8
L2-Sets: 1024 - LRU - assoc:   8
Store_allocation: Yes
L2_inclusive: Yes
L2_prefetching: No

L1 Cache Stats:
L1-Load-Hits:        1854132438   99.13%
L1-Load-Misses:        16334698    0.87%
L1-Load-Accesses:    1870467136  100.00%

L1-Store-Hits:         178143353   97.02%
L1-Store-Misses:         5473370    2.98%
L1-Store-Accesses:     183616723  100.00%

L1-Total-Hits:        2032275791   98.94%
L1-Total-Misses:        21808068    1.06%
L1-Total-Accesses:    2054083859  100.00%

L2 Cache Stats:
L2-Load-Hits:          10369909   63.48%
L2-Load-Misses:         5964789   36.52%
L2-Load-Accesses:      16334698  100.00%

L2-Store-Hits:           2754150   50.32%
L2-Store-Misses:         2719220   49.68%
L2-Store-Accesses:       5473370  100.00%

L2-Total-Hits:          13124059   60.18%
L2-Total-Misses:         8684009   39.82%
L2-Total-Accesses:      21808068  100.00%

