--------
Total Statistics
--------
Total Instructions: 8308522831
Total Cycles: 11947298744
IPC: 0.695431

--------
Single level Tlb hierarchy
--------
  Data Tlb:
    Entries:          64
    Page Size(B):   4096
    Associativity:      4

Latencies:    0   50
Tlb-Sets:   16 - LRU - assoc:   4

Tlb Stats:
Tlb-Load-Hits:        1869902541   99.97%
Tlb-Load-Misses:          564579    0.03%
Tlb-Load-Accesses:    1870467120  100.00%

Tlb-Store-Hits:         183336871   99.85%
Tlb-Store-Misses:          279852    0.15%
Tlb-Store-Accesses:     183616723  100.00%

Tlb-Total-Hits:        2053239412   99.96%
Tlb-Total-Misses:          844431    0.04%
Tlb-Total-Accesses:    2054083843  100.00%



--------
Two level Cache hierarchy
--------
  L1-Data Cache:
    Size(KB):          64
    Block Size(B):     64
    Associativity:      4

  L2-Data Cache:
    Size(KB):        1024
    Block Size(B):    128
    Associativity:      8

Latencies:    1   10  150
L1-Sets:  256 - LRU - assoc:   4
L2-Sets: 1024 - LRU - assoc:   8
Store_allocation: Yes
L2_inclusive: Yes
L2_prefetching: No

L1 Cache Stats:
L1-Load-Hits:        1851956115   99.01%
L1-Load-Misses:        18511005    0.99%
L1-Load-Accesses:    1870467120  100.00%

L1-Store-Hits:         178142161   97.02%
L1-Store-Misses:         5474562    2.98%
L1-Store-Accesses:     183616723  100.00%

L1-Total-Hits:        2030098276   98.83%
L1-Total-Misses:        23985567    1.17%
L1-Total-Accesses:    2054083843  100.00%

L2 Cache Stats:
L2-Load-Hits:          12546092   67.78%
L2-Load-Misses:         5964913   32.22%
L2-Load-Accesses:      18511005  100.00%

L2-Store-Hits:           2755376   50.33%
L2-Store-Misses:         2719186   49.67%
L2-Store-Accesses:       5474562  100.00%

L2-Total-Hits:          15301468   63.79%
L2-Total-Misses:         8684099   36.21%
L2-Total-Accesses:      23985567  100.00%

