--------
Total Statistics
--------
Total Instructions: 8308522856
Total Cycles: 11999808027
IPC: 0.692388

--------
Single level Tlb hierarchy
--------
  Data Tlb:
    Entries:          64
    Page Size(B):   4096
    Associativity:      4

Latencies:    0   50
Tlb-Sets:   16 - LRU - assoc:   4

Tlb Stats:
Tlb-Load-Hits:        1869902117   99.97%
Tlb-Load-Misses:          565011    0.03%
Tlb-Load-Accesses:    1870467128  100.00%

Tlb-Store-Hits:         183336878   99.85%
Tlb-Store-Misses:          279845    0.15%
Tlb-Store-Accesses:     183616723  100.00%

Tlb-Total-Hits:        2053238995   99.96%
Tlb-Total-Misses:          844856    0.04%
Tlb-Total-Accesses:    2054083851  100.00%



--------
Two level Cache hierarchy
--------
  L1-Data Cache:
    Size(KB):         128
    Block Size(B):     32
    Associativity:      8

  L2-Data Cache:
    Size(KB):        1024
    Block Size(B):    128
    Associativity:      8

Latencies:    1   10  150
L1-Sets:  512 - LRU - assoc:   8
L2-Sets: 1024 - LRU - assoc:   8
Store_allocation: Yes
L2_inclusive: Yes
L2_prefetching: No

L1 Cache Stats:
L1-Load-Hits:        1848025766   98.80%
L1-Load-Misses:        22441362    1.20%
L1-Load-Accesses:    1870467128  100.00%

L1-Store-Hits:         176808013   96.29%
L1-Store-Misses:         6808710    3.71%
L1-Store-Accesses:     183616723  100.00%

L1-Total-Hits:        2024833779   98.58%
L1-Total-Misses:        29250072    1.42%
L1-Total-Accesses:    2054083851  100.00%

L2 Cache Stats:
L2-Load-Hits:          16477473   73.42%
L2-Load-Misses:         5963889   26.58%
L2-Load-Accesses:      22441362  100.00%

L2-Store-Hits:           4089547   60.06%
L2-Store-Misses:         2719163   39.94%
L2-Store-Accesses:       6808710  100.00%

L2-Total-Hits:          20567020   70.31%
L2-Total-Misses:         8683052   29.69%
L2-Total-Accesses:      29250072  100.00%

