--------
Total Statistics
--------
Total Instructions: 8308522856
Total Cycles: 11980591297
IPC: 0.693499

--------
Single level Tlb hierarchy
--------
  Data Tlb:
    Entries:          64
    Page Size(B):   4096
    Associativity:     16

Latencies:    0   50
Tlb-Sets:    4 - LRU - assoc:  16

Tlb Stats:
Tlb-Load-Hits:        1869926662   99.97%
Tlb-Load-Misses:          540466    0.03%
Tlb-Load-Accesses:    1870467128  100.00%

Tlb-Store-Hits:         183336877   99.85%
Tlb-Store-Misses:          279846    0.15%
Tlb-Store-Accesses:     183616723  100.00%

Tlb-Total-Hits:        2053263539   99.96%
Tlb-Total-Misses:          820312    0.04%
Tlb-Total-Accesses:    2054083851  100.00%



--------
Two level Cache hierarchy
--------
  L1-Data Cache:
    Size(KB):          32
    Block Size(B):     64
    Associativity:      8

  L2-Data Cache:
    Size(KB):        1024
    Block Size(B):    128
    Associativity:      8

Latencies:    1   10  150
L1-Sets:   64 - LRU - assoc:   8
L2-Sets: 1024 - LRU - assoc:   8
Store_allocation: Yes
L2_inclusive: Yes
L2_prefetching: No

L1 Cache Stats:
L1-Load-Hits:        1848525049   98.83%
L1-Load-Misses:        21942079    1.17%
L1-Load-Accesses:    1870467128  100.00%

L1-Store-Hits:         178121333   97.01%
L1-Store-Misses:         5495390    2.99%
L1-Store-Accesses:     183616723  100.00%

L1-Total-Hits:        2026646382   98.66%
L1-Total-Misses:        27437469    1.34%
L1-Total-Accesses:    2054083851  100.00%

L2 Cache Stats:
L2-Load-Hits:          15977093   72.81%
L2-Load-Misses:         5964986   27.19%
L2-Load-Accesses:      21942079  100.00%

L2-Store-Hits:           2776414   50.52%
L2-Store-Misses:         2718976   49.48%
L2-Store-Accesses:       5495390  100.00%

L2-Total-Hits:          18753507   68.35%
L2-Total-Misses:         8683962   31.65%
L2-Total-Accesses:      27437469  100.00%

