--------
Total Statistics
--------
Total Instructions: 8308522831
Total Cycles: 11842192474
IPC: 0.701603

--------
Single level Tlb hierarchy
--------
  Data Tlb:
    Entries:          64
    Page Size(B):   4096
    Associativity:      4

Latencies:    0   50
Tlb-Sets:   16 - LRU - assoc:   4

Tlb Stats:
Tlb-Load-Hits:        1869819343   99.97%
Tlb-Load-Misses:          647777    0.03%
Tlb-Load-Accesses:    1870467120  100.00%

Tlb-Store-Hits:         183336860   99.85%
Tlb-Store-Misses:          279863    0.15%
Tlb-Store-Accesses:     183616723  100.00%

Tlb-Total-Hits:        2053156203   99.95%
Tlb-Total-Misses:          927640    0.05%
Tlb-Total-Accesses:    2054083843  100.00%



--------
Two level Cache hierarchy
--------
  L1-Data Cache:
    Size(KB):          64
    Block Size(B):    128
    Associativity:      8

  L2-Data Cache:
    Size(KB):        1024
    Block Size(B):    128
    Associativity:      8

Latencies:    1   10  150
L1-Sets:   64 - LRU - assoc:   8
L2-Sets: 1024 - LRU - assoc:   8
Store_allocation: Yes
L2_inclusive: Yes
L2_prefetching: No

L1 Cache Stats:
L1-Load-Hits:        1860159320   99.45%
L1-Load-Misses:        10307800    0.55%
L1-Load-Accesses:    1870467120  100.00%

L1-Store-Hits:         180895598   98.52%
L1-Store-Misses:         2721125    1.48%
L1-Store-Accesses:     183616723  100.00%

L1-Total-Hits:        2041054918   99.37%
L1-Total-Misses:        13028925    0.63%
L1-Total-Accesses:    2054083843  100.00%

L2 Cache Stats:
L2-Load-Hits:           4340975   42.11%
L2-Load-Misses:         5966825   57.89%
L2-Load-Accesses:      10307800  100.00%

L2-Store-Hits:              1853    0.07%
L2-Store-Misses:         2719272   99.93%
L2-Store-Accesses:       2721125  100.00%

L2-Total-Hits:           4342828   33.33%
L2-Total-Misses:         8686097   66.67%
L2-Total-Accesses:      13028925  100.00%

