--------
Total Statistics
--------
Total Instructions: 8308522856
Total Cycles: 11394434227
IPC: 0.729174

--------
Single level Tlb hierarchy
--------
  Data Tlb:
    Entries:          64
    Page Size(B):   4096
    Associativity:      4

Latencies:    0   50
Tlb-Sets:   16 - LRU - assoc:   4

Tlb Stats:
Tlb-Load-Hits:        1869902197   99.97%
Tlb-Load-Misses:          564931    0.03%
Tlb-Load-Accesses:    1870467128  100.00%

Tlb-Store-Hits:         183336874   99.85%
Tlb-Store-Misses:          279849    0.15%
Tlb-Store-Accesses:     183616723  100.00%

Tlb-Total-Hits:        2053239071   99.96%
Tlb-Total-Misses:          844780    0.04%
Tlb-Total-Accesses:    2054083851  100.00%



--------
Two level Cache hierarchy
--------
  L1-Data Cache:
    Size(KB):          32
    Block Size(B):     64
    Associativity:      8

  L2-Data Cache:
    Size(KB):        1024
    Block Size(B):    128
    Associativity:      8

Latencies:    1   10  150
L1-Sets:   64 - LRU - assoc:   8
L2-Sets: 1024 - LRU - assoc:   8
Store_allocation: Yes
L2_inclusive: Yes
L2_prefetching: Yes (  4)

L1 Cache Stats:
L1-Load-Hits:        1852685033   99.05%
L1-Load-Misses:        17782095    0.95%
L1-Load-Accesses:    1870467128  100.00%

L1-Store-Hits:         178683526   97.31%
L1-Store-Misses:         4933197    2.69%
L1-Store-Accesses:     183616723  100.00%

L1-Total-Hits:        2031368559   98.89%
L1-Total-Misses:        22715292    1.11%
L1-Total-Accesses:    2054083851  100.00%

L2 Cache Stats:
L2-Load-Hits:          14586769   82.03%
L2-Load-Misses:         3195326   17.97%
L2-Load-Accesses:      17782095  100.00%

L2-Store-Hits:           3045619   61.74%
L2-Store-Misses:         1887578   38.26%
L2-Store-Accesses:       4933197  100.00%

L2-Total-Hits:          17632388   77.62%
L2-Total-Misses:         5082904   22.38%
L2-Total-Accesses:      22715292  100.00%

