--------
Total Statistics
--------
Total Instructions: 8308522831
Total Cycles: 11980775254
IPC: 0.693488

--------
Single level Tlb hierarchy
--------
  Data Tlb:
    Entries:          64
    Page Size(B):   4096
    Associativity:     32

Latencies:    0   50
Tlb-Sets:    2 - LRU - assoc:  32

Tlb Stats:
Tlb-Load-Hits:        1869918853   99.97%
Tlb-Load-Misses:          548267    0.03%
Tlb-Load-Accesses:    1870467120  100.00%

Tlb-Store-Hits:         183336878   99.85%
Tlb-Store-Misses:          279845    0.15%
Tlb-Store-Accesses:     183616723  100.00%

Tlb-Total-Hits:        2053255731   99.96%
Tlb-Total-Misses:          828112    0.04%
Tlb-Total-Accesses:    2054083843  100.00%



--------
Two level Cache hierarchy
--------
  L1-Data Cache:
    Size(KB):          32
    Block Size(B):     64
    Associativity:      8

  L2-Data Cache:
    Size(KB):        1024
    Block Size(B):    128
    Associativity:      8

Latencies:    1   10  150
L1-Sets:   64 - LRU - assoc:   8
L2-Sets: 1024 - LRU - assoc:   8
Store_allocation: Yes
L2_inclusive: Yes
L2_prefetching: No

L1 Cache Stats:
L1-Load-Hits:        1848548567   98.83%
L1-Load-Misses:        21918553    1.17%
L1-Load-Accesses:    1870467120  100.00%

L1-Store-Hits:         178122083   97.01%
L1-Store-Misses:         5494640    2.99%
L1-Store-Accesses:     183616723  100.00%

L1-Total-Hits:        2026670650   98.67%
L1-Total-Misses:        27413193    1.33%
L1-Total-Accesses:    2054083843  100.00%

L2 Cache Stats:
L2-Load-Hits:          15953235   72.78%
L2-Load-Misses:         5965318   27.22%
L2-Load-Accesses:      21918553  100.00%

L2-Store-Hits:           2775751   50.52%
L2-Store-Misses:         2718889   49.48%
L2-Store-Accesses:       5494640  100.00%

L2-Total-Hits:          18728986   68.32%
L2-Total-Misses:         8684207   31.68%
L2-Total-Accesses:      27413193  100.00%

