--------
Total Statistics
--------
Total Instructions: 8308522831
Total Cycles: 11981964034
IPC: 0.693419

--------
Single level Tlb hierarchy
--------
  Data Tlb:
    Entries:          64
    Page Size(B):   4096
    Associativity:      4

Latencies:    0   50
Tlb-Sets:   16 - LRU - assoc:   4

Tlb Stats:
Tlb-Load-Hits:        1869901731   99.97%
Tlb-Load-Misses:          565389    0.03%
Tlb-Load-Accesses:    1870467120  100.00%

Tlb-Store-Hits:         183336874   99.85%
Tlb-Store-Misses:          279849    0.15%
Tlb-Store-Accesses:     183616723  100.00%

Tlb-Total-Hits:        2053238605   99.96%
Tlb-Total-Misses:          845238    0.04%
Tlb-Total-Accesses:    2054083843  100.00%



--------
Two level Cache hierarchy
--------
  L1-Data Cache:
    Size(KB):          32
    Block Size(B):     64
    Associativity:      4

  L2-Data Cache:
    Size(KB):        1024
    Block Size(B):    128
    Associativity:      8

Latencies:    1   10  150
L1-Sets:  128 - LRU - assoc:   4
L2-Sets: 1024 - LRU - assoc:   8
Store_allocation: Yes
L2_inclusive: Yes
L2_prefetching: No

L1 Cache Stats:
L1-Load-Hits:        1848499342   98.83%
L1-Load-Misses:        21967778    1.17%
L1-Load-Accesses:    1870467120  100.00%

L1-Store-Hits:         178126945   97.01%
L1-Store-Misses:         5489778    2.99%
L1-Store-Accesses:     183616723  100.00%

L1-Total-Hits:        2026626287   98.66%
L1-Total-Misses:        27457556    1.34%
L1-Total-Accesses:    2054083843  100.00%

L2 Cache Stats:
L2-Load-Hits:          16003179   72.85%
L2-Load-Misses:         5964599   27.15%
L2-Load-Accesses:      21967778  100.00%

L2-Store-Hits:           2770911   50.47%
L2-Store-Misses:         2718867   49.53%
L2-Store-Accesses:       5489778  100.00%

L2-Total-Hits:          18774090   68.37%
L2-Total-Misses:         8683466   31.63%
L2-Total-Accesses:      27457556  100.00%

