--------
Total Statistics
--------
Total Instructions: 8308522856
Total Cycles: 11981808927
IPC: 0.693428

--------
Single level Tlb hierarchy
--------
  Data Tlb:
    Entries:          64
    Page Size(B):   4096
    Associativity:      4

Latencies:    0   50
Tlb-Sets:   16 - LRU - assoc:   4

Tlb Stats:
Tlb-Load-Hits:        1869902573   99.97%
Tlb-Load-Misses:          564555    0.03%
Tlb-Load-Accesses:    1870467128  100.00%

Tlb-Store-Hits:         183336873   99.85%
Tlb-Store-Misses:          279850    0.15%
Tlb-Store-Accesses:     183616723  100.00%

Tlb-Total-Hits:        2053239446   99.96%
Tlb-Total-Misses:          844405    0.04%
Tlb-Total-Accesses:    2054083851  100.00%



--------
Two level Cache hierarchy
--------
  L1-Data Cache:
    Size(KB):          32
    Block Size(B):     64
    Associativity:      8

  L2-Data Cache:
    Size(KB):        1024
    Block Size(B):    128
    Associativity:      8

Latencies:    1   10  150
L1-Sets:   64 - LRU - assoc:   8
L2-Sets: 1024 - LRU - assoc:   8
Store_allocation: Yes
L2_inclusive: Yes
L2_prefetching: No

L1 Cache Stats:
L1-Load-Hits:        1848522112   98.83%
L1-Load-Misses:        21945016    1.17%
L1-Load-Accesses:    1870467128  100.00%

L1-Store-Hits:         178120152   97.01%
L1-Store-Misses:         5496571    2.99%
L1-Store-Accesses:     183616723  100.00%

L1-Total-Hits:        2026642264   98.66%
L1-Total-Misses:        27441587    1.34%
L1-Total-Accesses:    2054083851  100.00%

L2 Cache Stats:
L2-Load-Hits:          15980153   72.82%
L2-Load-Misses:         5964863   27.18%
L2-Load-Accesses:      21945016  100.00%

L2-Store-Hits:           2777660   50.53%
L2-Store-Misses:         2718911   49.47%
L2-Store-Accesses:       5496571  100.00%

L2-Total-Hits:          18757813   68.36%
L2-Total-Misses:         8683774   31.64%
L2-Total-Accesses:      27441587  100.00%

