--------
Total Statistics
--------
Total Instructions: 8308522831
Total Cycles: 11636035034
IPC: 0.714034

--------
Single level Tlb hierarchy
--------
  Data Tlb:
    Entries:          64
    Page Size(B):   4096
    Associativity:      4

Latencies:    0   50
Tlb-Sets:   16 - LRU - assoc:   4

Tlb Stats:
Tlb-Load-Hits:        1869902172   99.97%
Tlb-Load-Misses:          564948    0.03%
Tlb-Load-Accesses:    1870467120  100.00%

Tlb-Store-Hits:         183336878   99.85%
Tlb-Store-Misses:          279845    0.15%
Tlb-Store-Accesses:     183616723  100.00%

Tlb-Total-Hits:        2053239050   99.96%
Tlb-Total-Misses:          844793    0.04%
Tlb-Total-Accesses:    2054083843  100.00%



--------
Two level Cache hierarchy
--------
  L1-Data Cache:
    Size(KB):          32
    Block Size(B):     64
    Associativity:      8

  L2-Data Cache:
    Size(KB):        1024
    Block Size(B):    256
    Associativity:      8

Latencies:    1   10  150
L1-Sets:   64 - LRU - assoc:   8
L2-Sets:  512 - LRU - assoc:   8
Store_allocation: Yes
L2_inclusive: Yes
L2_prefetching: No

L1 Cache Stats:
L1-Load-Hits:        1850639759   98.94%
L1-Load-Misses:        19827361    1.06%
L1-Load-Accesses:    1870467120  100.00%

L1-Store-Hits:         178632723   97.29%
L1-Store-Misses:         4984000    2.71%
L1-Store-Accesses:     183616723  100.00%

L1-Total-Hits:        2029272482   98.79%
L1-Total-Misses:        24811361    1.21%
L1-Total-Accesses:    2054083843  100.00%

L2 Cache Stats:
L2-Load-Hits:          15455829   77.95%
L2-Load-Misses:         4371532   22.05%
L2-Load-Accesses:      19827361  100.00%

L2-Store-Hits:           2801698   56.21%
L2-Store-Misses:         2182302   43.79%
L2-Store-Accesses:       4984000  100.00%

L2-Total-Hits:          18257527   73.59%
L2-Total-Misses:         6553834   26.41%
L2-Total-Accesses:      24811361  100.00%

