--------
Total Statistics
--------
Total Instructions: 8308522831
Total Cycles: 11628466914
IPC: 0.714499

--------
Single level Tlb hierarchy
--------
  Data Tlb:
    Entries:          64
    Page Size(B):   4096
    Associativity:      4

Latencies:    0   50
Tlb-Sets:   16 - LRU - assoc:   4

Tlb Stats:
Tlb-Load-Hits:        1869902050   99.97%
Tlb-Load-Misses:          565070    0.03%
Tlb-Load-Accesses:    1870467120  100.00%

Tlb-Store-Hits:         183336873   99.85%
Tlb-Store-Misses:          279850    0.15%
Tlb-Store-Accesses:     183616723  100.00%

Tlb-Total-Hits:        2053238923   99.96%
Tlb-Total-Misses:          844920    0.04%
Tlb-Total-Accesses:    2054083843  100.00%



--------
Two level Cache hierarchy
--------
  L1-Data Cache:
    Size(KB):          32
    Block Size(B):     64
    Associativity:      8

  L2-Data Cache:
    Size(KB):        1024
    Block Size(B):    256
    Associativity:     16

Latencies:    1   10  150
L1-Sets:   64 - LRU - assoc:   8
L2-Sets:  256 - LRU - assoc:  16
Store_allocation: Yes
L2_inclusive: Yes
L2_prefetching: No

L1 Cache Stats:
L1-Load-Hits:        1850701238   98.94%
L1-Load-Misses:        19765882    1.06%
L1-Load-Accesses:    1870467120  100.00%

L1-Store-Hits:         178665601   97.30%
L1-Store-Misses:         4951122    2.70%
L1-Store-Accesses:     183616723  100.00%

L1-Total-Hits:        2029366839   98.80%
L1-Total-Misses:        24717004    1.20%
L1-Total-Accesses:    2054083843  100.00%

L2 Cache Stats:
L2-Load-Hits:          15438427   78.11%
L2-Load-Misses:         4327455   21.89%
L2-Load-Accesses:      19765882  100.00%

L2-Store-Hits:           2768949   55.93%
L2-Store-Misses:         2182173   44.07%
L2-Store-Accesses:       4951122  100.00%

L2-Total-Hits:          18207376   73.66%
L2-Total-Misses:         6509628   26.34%
L2-Total-Accesses:      24717004  100.00%

