--------
Total Statistics
--------
Total Instructions: 8308522831
Total Cycles: 12156606114
IPC: 0.683457

--------
Single level Tlb hierarchy
--------
  Data Tlb:
    Entries:          64
    Page Size(B):   4096
    Associativity:      4

Latencies:    0   50
Tlb-Sets:   16 - LRU - assoc:   4

Tlb Stats:
Tlb-Load-Hits:        1869901829   99.97%
Tlb-Load-Misses:          565291    0.03%
Tlb-Load-Accesses:    1870467120  100.00%

Tlb-Store-Hits:         183336875   99.85%
Tlb-Store-Misses:          279848    0.15%
Tlb-Store-Accesses:     183616723  100.00%

Tlb-Total-Hits:        2053238704   99.96%
Tlb-Total-Misses:          845139    0.04%
Tlb-Total-Accesses:    2054083843  100.00%



--------
Two level Cache hierarchy
--------
  L1-Data Cache:
    Size(KB):          32
    Block Size(B):     64
    Associativity:      8

  L2-Data Cache:
    Size(KB):         512
    Block Size(B):     64
    Associativity:      8

Latencies:    1   10  150
L1-Sets:   64 - LRU - assoc:   8
L2-Sets: 1024 - LRU - assoc:   8
Store_allocation: Yes
L2_inclusive: Yes
L2_prefetching: No

L1 Cache Stats:
L1-Load-Hits:        1856550723   99.26%
L1-Load-Misses:        13916397    0.74%
L1-Load-Accesses:    1870467120  100.00%

L1-Store-Hits:         180527556   98.32%
L1-Store-Misses:         3089167    1.68%
L1-Store-Accesses:     183616723  100.00%

L1-Total-Hits:        2037078279   99.17%
L1-Total-Misses:        17005564    0.83%
L1-Total-Accesses:    2054083843  100.00%

L2 Cache Stats:
L2-Load-Hits:           6453670   46.37%
L2-Load-Misses:         7462727   53.63%
L2-Load-Accesses:      13916397  100.00%

L2-Store-Hits:              7315    0.24%
L2-Store-Misses:         3081852   99.76%
L2-Store-Accesses:       3089167  100.00%

L2-Total-Hits:           6460985   37.99%
L2-Total-Misses:        10544579   62.01%
L2-Total-Accesses:      17005564  100.00%

