--------
Total Statistics
--------
Total Instructions: 8308522856
Total Cycles: 11594623537
IPC: 0.716584

--------
Single level Tlb hierarchy
--------
  Data Tlb:
    Entries:          64
    Page Size(B):   4096
    Associativity:      4

Latencies:    0   50
Tlb-Sets:   16 - LRU - assoc:   4

Tlb Stats:
Tlb-Load-Hits:        1869902364   99.97%
Tlb-Load-Misses:          564764    0.03%
Tlb-Load-Accesses:    1870467128  100.00%

Tlb-Store-Hits:         183336877   99.85%
Tlb-Store-Misses:          279846    0.15%
Tlb-Store-Accesses:     183616723  100.00%

Tlb-Total-Hits:        2053239241   99.96%
Tlb-Total-Misses:          844610    0.04%
Tlb-Total-Accesses:    2054083851  100.00%



--------
Two level Cache hierarchy
--------
  L1-Data Cache:
    Size(KB):          32
    Block Size(B):     64
    Associativity:      8

  L2-Data Cache:
    Size(KB):        1024
    Block Size(B):    128
    Associativity:      8

Latencies:    1   10  150
L1-Sets:   64 - LRU - assoc:   8
L2-Sets: 1024 - LRU - assoc:   8
Store_allocation: Yes
L2_inclusive: Yes
L2_prefetching: Yes (  1)

L1 Cache Stats:
L1-Load-Hits:        1851249677   98.97%
L1-Load-Misses:        19217451    1.03%
L1-Load-Accesses:    1870467128  100.00%

L1-Store-Hits:         178562541   97.25%
L1-Store-Misses:         5054182    2.75%
L1-Store-Accesses:     183616723  100.00%

L1-Total-Hits:        2029812218   98.82%
L1-Total-Misses:        24271633    1.18%
L1-Total-Accesses:    2054083851  100.00%

L2 Cache Stats:
L2-Load-Hits:          15195764   79.07%
L2-Load-Misses:         4021687   20.93%
L2-Load-Accesses:      19217451  100.00%

L2-Store-Hits:           2762069   54.65%
L2-Store-Misses:         2292113   45.35%
L2-Store-Accesses:       5054182  100.00%

L2-Total-Hits:          17957833   73.99%
L2-Total-Misses:         6313800   26.01%
L2-Total-Accesses:      24271633  100.00%

