--------
Total Statistics
--------
Total Instructions: 8308522856
Total Cycles: 11809288057
IPC: 0.703558

--------
Single level Tlb hierarchy
--------
  Data Tlb:
    Entries:          64
    Page Size(B):   4096
    Associativity:      4

Latencies:    0   50
Tlb-Sets:   16 - LRU - assoc:   4

Tlb Stats:
Tlb-Load-Hits:        1869902555   99.97%
Tlb-Load-Misses:          564573    0.03%
Tlb-Load-Accesses:    1870467128  100.00%

Tlb-Store-Hits:         183336878   99.85%
Tlb-Store-Misses:          279845    0.15%
Tlb-Store-Accesses:     183616723  100.00%

Tlb-Total-Hits:        2053239433   99.96%
Tlb-Total-Misses:          844418    0.04%
Tlb-Total-Accesses:    2054083851  100.00%



--------
Two level Cache hierarchy
--------
  L1-Data Cache:
    Size(KB):         128
    Block Size(B):    128
    Associativity:      8

  L2-Data Cache:
    Size(KB):        1024
    Block Size(B):    128
    Associativity:      8

Latencies:    1   10  150
L1-Sets:  128 - LRU - assoc:   8
L2-Sets: 1024 - LRU - assoc:   8
Store_allocation: Yes
L2_inclusive: Yes
L2_prefetching: No

L1 Cache Stats:
L1-Load-Hits:        1862994596   99.60%
L1-Load-Misses:         7472532    0.40%
L1-Load-Accesses:    1870467128  100.00%

L1-Store-Hits:         180897435   98.52%
L1-Store-Misses:         2719288    1.48%
L1-Store-Accesses:     183616723  100.00%

L1-Total-Hits:        2043892031   99.50%
L1-Total-Misses:        10191820    0.50%
L1-Total-Accesses:    2054083851  100.00%

L2 Cache Stats:
L2-Load-Hits:           1508190   20.18%
L2-Load-Misses:         5964342   79.82%
L2-Load-Accesses:       7472532  100.00%

L2-Store-Hits:                15    0.00%
L2-Store-Misses:         2719273  100.00%
L2-Store-Accesses:       2719288  100.00%

L2-Total-Hits:           1508205   14.80%
L2-Total-Misses:         8683615   85.20%
L2-Total-Accesses:      10191820  100.00%

