--------
Total Statistics
--------
Total Instructions: 8308522831
Total Cycles: 12005558404
IPC: 0.692056

--------
Single level Tlb hierarchy
--------
  Data Tlb:
    Entries:          64
    Page Size(B):   4096
    Associativity:      2

Latencies:    0   50
Tlb-Sets:   32 - LRU - assoc:   2

Tlb Stats:
Tlb-Load-Hits:        1869429906   99.94%
Tlb-Load-Misses:         1037214    0.06%
Tlb-Load-Accesses:    1870467120  100.00%

Tlb-Store-Hits:         183329330   99.84%
Tlb-Store-Misses:          287393    0.16%
Tlb-Store-Accesses:     183616723  100.00%

Tlb-Total-Hits:        2052759236   99.94%
Tlb-Total-Misses:         1324607    0.06%
Tlb-Total-Accesses:    2054083843  100.00%



--------
Two level Cache hierarchy
--------
  L1-Data Cache:
    Size(KB):          32
    Block Size(B):     64
    Associativity:      8

  L2-Data Cache:
    Size(KB):        1024
    Block Size(B):    128
    Associativity:      8

Latencies:    1   10  150
L1-Sets:   64 - LRU - assoc:   8
L2-Sets: 1024 - LRU - assoc:   8
Store_allocation: Yes
L2_inclusive: Yes
L2_prefetching: No

L1 Cache Stats:
L1-Load-Hits:        1848547680   98.83%
L1-Load-Misses:        21919440    1.17%
L1-Load-Accesses:    1870467120  100.00%

L1-Store-Hits:         178122150   97.01%
L1-Store-Misses:         5494573    2.99%
L1-Store-Accesses:     183616723  100.00%

L1-Total-Hits:        2026669830   98.67%
L1-Total-Misses:        27414013    1.33%
L1-Total-Accesses:    2054083843  100.00%

L2 Cache Stats:
L2-Load-Hits:          15954374   72.79%
L2-Load-Misses:         5965066   27.21%
L2-Load-Accesses:      21919440  100.00%

L2-Store-Hits:           2775764   50.52%
L2-Store-Misses:         2718809   49.48%
L2-Store-Accesses:       5494573  100.00%

L2-Total-Hits:          18730138   68.32%
L2-Total-Misses:         8683875   31.68%
L2-Total-Accesses:      27414013  100.00%

