--------
Total Statistics
--------
Total Instructions: 8308522831
Total Cycles: 11978010034
IPC: 0.693648

--------
Single level Tlb hierarchy
--------
  Data Tlb:
    Entries:          64
    Page Size(B):   4096
    Associativity:      4

Latencies:    0   50
Tlb-Sets:   16 - LRU - assoc:   4

Tlb Stats:
Tlb-Load-Hits:        1869902524   99.97%
Tlb-Load-Misses:          564596    0.03%
Tlb-Load-Accesses:    1870467120  100.00%

Tlb-Store-Hits:         183336878   99.85%
Tlb-Store-Misses:          279845    0.15%
Tlb-Store-Accesses:     183616723  100.00%

Tlb-Total-Hits:        2053239402   99.96%
Tlb-Total-Misses:          844441    0.04%
Tlb-Total-Accesses:    2054083843  100.00%



--------
Two level Cache hierarchy
--------
  L1-Data Cache:
    Size(KB):          32
    Block Size(B):     64
    Associativity:      8

  L2-Data Cache:
    Size(KB):        1024
    Block Size(B):     64
    Associativity:     16

Latencies:    1   10  150
L1-Sets:   64 - LRU - assoc:   8
L2-Sets: 1024 - LRU - assoc:  16
Store_allocation: Yes
L2_inclusive: Yes
L2_prefetching: No

L1 Cache Stats:
L1-Load-Hits:        1856553462   99.26%
L1-Load-Misses:        13913658    0.74%
L1-Load-Accesses:    1870467120  100.00%

L1-Store-Hits:         180528055   98.32%
L1-Store-Misses:         3088668    1.68%
L1-Store-Accesses:     183616723  100.00%

L1-Total-Hits:        2037081517   99.17%
L1-Total-Misses:        17002326    0.83%
L1-Total-Accesses:    2054083843  100.00%

L2 Cache Stats:
L2-Load-Hits:           7640173   54.91%
L2-Load-Misses:         6273485   45.09%
L2-Load-Accesses:      13913658  100.00%

L2-Store-Hits:              7766    0.25%
L2-Store-Misses:         3080902   99.75%
L2-Store-Accesses:       3088668  100.00%

L2-Total-Hits:           7647939   44.98%
L2-Total-Misses:         9354387   55.02%
L2-Total-Accesses:      17002326  100.00%

