--------
Total Statistics
--------
Total Instructions: 8308522856
Total Cycles: 12068716107
IPC: 0.688435

--------
Single level Tlb hierarchy
--------
  Data Tlb:
    Entries:          64
    Page Size(B):   4096
    Associativity:      4

Latencies:    0   50
Tlb-Sets:   16 - LRU - assoc:   4

Tlb Stats:
Tlb-Load-Hits:        1869902586   99.97%
Tlb-Load-Misses:          564542    0.03%
Tlb-Load-Accesses:    1870467128  100.00%

Tlb-Store-Hits:         183336871   99.85%
Tlb-Store-Misses:          279852    0.15%
Tlb-Store-Accesses:     183616723  100.00%

Tlb-Total-Hits:        2053239457   99.96%
Tlb-Total-Misses:          844394    0.04%
Tlb-Total-Accesses:    2054083851  100.00%



--------
Two level Cache hierarchy
--------
  L1-Data Cache:
    Size(KB):          32
    Block Size(B):     64
    Associativity:      8

  L2-Data Cache:
    Size(KB):         512
    Block Size(B):    128
    Associativity:      8

Latencies:    1   10  150
L1-Sets:   64 - LRU - assoc:   8
L2-Sets:  512 - LRU - assoc:   8
Store_allocation: Yes
L2_inclusive: Yes
L2_prefetching: No

L1 Cache Stats:
L1-Load-Hits:        1848317421   98.82%
L1-Load-Misses:        22149707    1.18%
L1-Load-Accesses:    1870467128  100.00%

L1-Store-Hits:         177874410   96.87%
L1-Store-Misses:         5742313    3.13%
L1-Store-Accesses:     183616723  100.00%

L1-Total-Hits:        2026191831   98.64%
L1-Total-Misses:        27892020    1.36%
L1-Total-Accesses:    2054083851  100.00%

L2 Cache Stats:
L2-Load-Hits:          15635418   70.59%
L2-Load-Misses:         6514289   29.41%
L2-Load-Accesses:      22149707  100.00%

L2-Store-Hits:           3023472   52.65%
L2-Store-Misses:         2718841   47.35%
L2-Store-Accesses:       5742313  100.00%

L2-Total-Hits:          18658890   66.90%
L2-Total-Misses:         9233130   33.10%
L2-Total-Accesses:      27892020  100.00%

