--------
Total Statistics
--------
Total Instructions: 8308522831
Total Cycles: 11038204894
IPC: 0.752706

--------
Single level Tlb hierarchy
--------
  Data Tlb:
    Entries:          64
    Page Size(B):   4096
    Associativity:      4

Latencies:    0   50
Tlb-Sets:   16 - LRU - assoc:   4

Tlb Stats:
Tlb-Load-Hits:        1869902085   99.97%
Tlb-Load-Misses:          565035    0.03%
Tlb-Load-Accesses:    1870467120  100.00%

Tlb-Store-Hits:         183336876   99.85%
Tlb-Store-Misses:          279847    0.15%
Tlb-Store-Accesses:     183616723  100.00%

Tlb-Total-Hits:        2053238961   99.96%
Tlb-Total-Misses:          844882    0.04%
Tlb-Total-Accesses:    2054083843  100.00%



--------
Two level Cache hierarchy
--------
  L1-Data Cache:
    Size(KB):          32
    Block Size(B):     64
    Associativity:      8

  L2-Data Cache:
    Size(KB):        1024
    Block Size(B):    128
    Associativity:      8

Latencies:    1   10  150
L1-Sets:   64 - LRU - assoc:   8
L2-Sets: 1024 - LRU - assoc:   8
Store_allocation: Yes
L2_inclusive: Yes
L2_prefetching: Yes (  8)

L1 Cache Stats:
L1-Load-Hits:        1854160598   99.13%
L1-Load-Misses:        16306522    0.87%
L1-Load-Accesses:    1870467120  100.00%

L1-Store-Hits:         179705438   97.87%
L1-Store-Misses:         3911285    2.13%
L1-Store-Accesses:     183616723  100.00%

L1-Total-Hits:        2033866036   99.02%
L1-Total-Misses:        20217807    0.98%
L1-Total-Accesses:    2054083843  100.00%

L2 Cache Stats:
L2-Load-Hits:          14309337   87.75%
L2-Load-Misses:         1997185   12.25%
L2-Load-Accesses:      16306522  100.00%

L2-Store-Hits:           3033963   77.57%
L2-Store-Misses:          877322   22.43%
L2-Store-Accesses:       3911285  100.00%

L2-Total-Hits:          17343300   85.78%
L2-Total-Misses:         2874507   14.22%
L2-Total-Accesses:      20217807  100.00%

