--------
Total Statistics
--------
Total Instructions: 8308522831
Total Cycles: 11983635634
IPC: 0.693322

--------
Single level Tlb hierarchy
--------
  Data Tlb:
    Entries:          64
    Page Size(B):   4096
    Associativity:      4

Latencies:    0   50
Tlb-Sets:   16 - LRU - assoc:   4

Tlb Stats:
Tlb-Load-Hits:        1869902494   99.97%
Tlb-Load-Misses:          564626    0.03%
Tlb-Load-Accesses:    1870467120  100.00%

Tlb-Store-Hits:         183336871   99.85%
Tlb-Store-Misses:          279852    0.15%
Tlb-Store-Accesses:     183616723  100.00%

Tlb-Total-Hits:        2053239365   99.96%
Tlb-Total-Misses:          844478    0.04%
Tlb-Total-Accesses:    2054083843  100.00%



--------
Two level Cache hierarchy
--------
  L1-Data Cache:
    Size(KB):          32
    Block Size(B):     64
    Associativity:      8

  L2-Data Cache:
    Size(KB):        1024
    Block Size(B):    128
    Associativity:     16

Latencies:    1   10  150
L1-Sets:   64 - LRU - assoc:   8
L2-Sets:  512 - LRU - assoc:  16
Store_allocation: Yes
L2_inclusive: Yes
L2_prefetching: No

L1 Cache Stats:
L1-Load-Hits:        1848514685   98.83%
L1-Load-Misses:        21952435    1.17%
L1-Load-Accesses:    1870467120  100.00%

L1-Store-Hits:         178121452   97.01%
L1-Store-Misses:         5495271    2.99%
L1-Store-Accesses:     183616723  100.00%

L1-Total-Hits:        2026636137   98.66%
L1-Total-Misses:        27447706    1.34%
L1-Total-Accesses:    2054083843  100.00%

L2 Cache Stats:
L2-Load-Hits:          15975889   72.78%
L2-Load-Misses:         5976546   27.22%
L2-Load-Accesses:      21952435  100.00%

L2-Store-Hits:           2776297   50.52%
L2-Store-Misses:         2718974   49.48%
L2-Store-Accesses:       5495271  100.00%

L2-Total-Hits:          18752186   68.32%
L2-Total-Misses:         8695520   31.68%
L2-Total-Accesses:      27447706  100.00%

