--------
Total Statistics
--------
Total Instructions: 8308522837
Total Cycles: 12017213320
IPC: 0.691385

--------
Single level Tlb hierarchy
--------
  Data Tlb:
    Entries:          64
    Page Size(B):   4096
    Associativity:      4

Latencies:    0   50
Tlb-Sets:   16 - LRU - assoc:   4

Tlb Stats:
Tlb-Load-Hits:        1869902469   99.97%
Tlb-Load-Misses:          564651    0.03%
Tlb-Load-Accesses:    1870467120  100.00%

Tlb-Store-Hits:         183336878   99.85%
Tlb-Store-Misses:          279845    0.15%
Tlb-Store-Accesses:     183616723  100.00%

Tlb-Total-Hits:        2053239347   99.96%
Tlb-Total-Misses:          844496    0.04%
Tlb-Total-Accesses:    2054083843  100.00%



--------
Two level Cache hierarchy
--------
  L1-Data Cache:
    Size(KB):          64
    Block Size(B):     32
    Associativity:      8

  L2-Data Cache:
    Size(KB):        1024
    Block Size(B):    128
    Associativity:      8

Latencies:    1   10  150
L1-Sets:  256 - LRU - assoc:   8
L2-Sets: 1024 - LRU - assoc:   8
Store_allocation: Yes
L2_inclusive: Yes
L2_prefetching: No

L1 Cache Stats:
L1-Load-Hits:        1846293988   98.71%
L1-Load-Misses:        24173132    1.29%
L1-Load-Accesses:    1870467120  100.00%

L1-Store-Hits:         176797331   96.29%
L1-Store-Misses:         6819392    3.71%
L1-Store-Accesses:     183616723  100.00%

L1-Total-Hits:        2023091319   98.49%
L1-Total-Misses:        30992524    1.51%
L1-Total-Accesses:    2054083843  100.00%

L2 Cache Stats:
L2-Load-Hits:          18209037   75.33%
L2-Load-Misses:         5964095   24.67%
L2-Load-Accesses:      24173132  100.00%

L2-Store-Hits:           4100443   60.13%
L2-Store-Misses:         2718949   39.87%
L2-Store-Accesses:       6819392  100.00%

L2-Total-Hits:          22309480   71.98%
L2-Total-Misses:         8683044   28.02%
L2-Total-Accesses:      30992524  100.00%

