--------
Total Statistics
--------
Total Instructions: 8308522856
Total Cycles: 11958012907
IPC: 0.694808

--------
Single level Tlb hierarchy
--------
  Data Tlb:
    Entries:          64
    Page Size(B):   4096
    Associativity:      4

Latencies:    0   50
Tlb-Sets:   16 - LRU - assoc:   4

Tlb Stats:
Tlb-Load-Hits:        1869902861   99.97%
Tlb-Load-Misses:          564267    0.03%
Tlb-Load-Accesses:    1870467128  100.00%

Tlb-Store-Hits:         183336878   99.85%
Tlb-Store-Misses:          279845    0.15%
Tlb-Store-Accesses:     183616723  100.00%

Tlb-Total-Hits:        2053239739   99.96%
Tlb-Total-Misses:          844112    0.04%
Tlb-Total-Accesses:    2054083851  100.00%



--------
Two level Cache hierarchy
--------
  L1-Data Cache:
    Size(KB):          64
    Block Size(B):     64
    Associativity:      8

  L2-Data Cache:
    Size(KB):        1024
    Block Size(B):    128
    Associativity:      8

Latencies:    1   10  150
L1-Sets:  128 - LRU - assoc:   8
L2-Sets: 1024 - LRU - assoc:   8
Store_allocation: Yes
L2_inclusive: Yes
L2_prefetching: No

L1 Cache Stats:
L1-Load-Hits:        1850892375   98.95%
L1-Load-Misses:        19574753    1.05%
L1-Load-Accesses:    1870467128  100.00%

L1-Store-Hits:         178136111   97.02%
L1-Store-Misses:         5480612    2.98%
L1-Store-Accesses:     183616723  100.00%

L1-Total-Hits:        2029028486   98.78%
L1-Total-Misses:        25055365    1.22%
L1-Total-Accesses:    2054083851  100.00%

L2 Cache Stats:
L2-Load-Hits:          13609555   69.53%
L2-Load-Misses:         5965198   30.47%
L2-Load-Accesses:      19574753  100.00%

L2-Store-Hits:           2761497   50.39%
L2-Store-Misses:         2719115   49.61%
L2-Store-Accesses:       5480612  100.00%

L2-Total-Hits:          16371052   65.34%
L2-Total-Misses:         8684313   34.66%
L2-Total-Accesses:      25055365  100.00%

