--------
Total Statistics
--------
Total Instructions: 32491938858
Total Cycles: 49759785683
IPC: 0.652976

--------
Single level Tlb hierarchy
--------
  Data Tlb:
    Entries:          64
    Page Size(B):   4096
    Associativity:      4

Latencies:    0   50
Tlb-Sets:   16 - LRU - assoc:   4

Tlb Stats:
Tlb-Load-Hits:        9261744626   99.87%
Tlb-Load-Misses:        11996696    0.13%
Tlb-Load-Accesses:    9273741322  100.00%

Tlb-Store-Hits:        4836889917   99.93%
Tlb-Store-Misses:         3614696    0.07%
Tlb-Store-Accesses:    4840504613  100.00%

Tlb-Total-Hits:       14098634543   99.89%
Tlb-Total-Misses:        15611392    0.11%
Tlb-Total-Accesses:   14114245935  100.00%



--------
Two level Cache hierarchy
--------
  L1-Data Cache:
    Size(KB):          32
    Block Size(B):     64
    Associativity:      8

  L2-Data Cache:
    Size(KB):         512
    Block Size(B):    128
    Associativity:      8

Latencies:    1   10  150
L1-Sets:   64 - LRU - assoc:   8
L2-Sets:  512 - LRU - assoc:   8
Store_allocation: Yes
L2_inclusive: Yes
L2_prefetching: No

L1 Cache Stats:
L1-Load-Hits:        9220659681   99.43%
L1-Load-Misses:        53081641    0.57%
L1-Load-Accesses:    9273741322  100.00%

L1-Store-Hits:        4829872440   99.78%
L1-Store-Misses:        10632173    0.22%
L1-Store-Accesses:    4840504613  100.00%

L1-Total-Hits:       14050532121   99.55%
L1-Total-Misses:        63713814    0.45%
L1-Total-Accesses:   14114245935  100.00%

L2 Cache Stats:
L2-Load-Hits:          44056910   83.00%
L2-Load-Misses:         9024731   17.00%
L2-Load-Accesses:      53081641  100.00%

L2-Store-Hits:           8084283   76.04%
L2-Store-Misses:         2547890   23.96%
L2-Store-Accesses:      10632173  100.00%

L2-Total-Hits:          52141193   81.84%
L2-Total-Misses:        11572621   18.16%
L2-Total-Accesses:      63713814  100.00%

