--------
Total Statistics
--------
Total Instructions: 32491938858
Total Cycles: 49745156773
IPC: 0.653168

--------
Single level Tlb hierarchy
--------
  Data Tlb:
    Entries:          64
    Page Size(B):   4096
    Associativity:      4

Latencies:    0   50
Tlb-Sets:   16 - LRU - assoc:   4

Tlb Stats:
Tlb-Load-Hits:        9253576291   99.78%
Tlb-Load-Misses:        20165031    0.22%
Tlb-Load-Accesses:    9273741322  100.00%

Tlb-Store-Hits:        4835123335   99.89%
Tlb-Store-Misses:         5381278    0.11%
Tlb-Store-Accesses:    4840504613  100.00%

Tlb-Total-Hits:       14088699626   99.82%
Tlb-Total-Misses:        25546309    0.18%
Tlb-Total-Accesses:   14114245935  100.00%



--------
Two level Cache hierarchy
--------
  L1-Data Cache:
    Size(KB):          32
    Block Size(B):     64
    Associativity:      8

  L2-Data Cache:
    Size(KB):        1024
    Block Size(B):    128
    Associativity:      8

Latencies:    1   10  150
L1-Sets:   64 - LRU - assoc:   8
L2-Sets: 1024 - LRU - assoc:   8
Store_allocation: Yes
L2_inclusive: Yes
L2_prefetching: No

L1 Cache Stats:
L1-Load-Hits:        9223645776   99.46%
L1-Load-Misses:        50095546    0.54%
L1-Load-Accesses:    9273741322  100.00%

L1-Store-Hits:        4830312301   99.79%
L1-Store-Misses:        10192312    0.21%
L1-Store-Accesses:    4840504613  100.00%

L1-Total-Hits:       14053958077   99.57%
L1-Total-Misses:        60287858    0.43%
L1-Total-Accesses:   14114245935  100.00%

L2 Cache Stats:
L2-Load-Hits:          43973555   87.78%
L2-Load-Misses:         6121991   12.22%
L2-Load-Accesses:      50095546  100.00%

L2-Store-Hits:           7922450   77.73%
L2-Store-Misses:         2269862   22.27%
L2-Store-Accesses:      10192312  100.00%

L2-Total-Hits:          51896005   86.08%
L2-Total-Misses:         8391853   13.92%
L2-Total-Accesses:      60287858  100.00%

