--------
Total Statistics
--------
Total Instructions: 32491938858
Total Cycles: 48895100023
IPC: 0.664523

--------
Single level Tlb hierarchy
--------
  Data Tlb:
    Entries:          64
    Page Size(B):   4096
    Associativity:      4

Latencies:    0   50
Tlb-Sets:   16 - LRU - assoc:   4

Tlb Stats:
Tlb-Load-Hits:        9261648781   99.87%
Tlb-Load-Misses:        12092541    0.13%
Tlb-Load-Accesses:    9273741322  100.00%

Tlb-Store-Hits:        4836872285   99.92%
Tlb-Store-Misses:         3632328    0.08%
Tlb-Store-Accesses:    4840504613  100.00%

Tlb-Total-Hits:       14098521066   99.89%
Tlb-Total-Misses:        15724869    0.11%
Tlb-Total-Accesses:   14114245935  100.00%



--------
Two level Cache hierarchy
--------
  L1-Data Cache:
    Size(KB):          32
    Block Size(B):     64
    Associativity:      8

  L2-Data Cache:
    Size(KB):        2048
    Block Size(B):    128
    Associativity:     16

Latencies:    1   10  150
L1-Sets:   64 - LRU - assoc:   8
L2-Sets: 1024 - LRU - assoc:  16
Store_allocation: Yes
L2_inclusive: Yes
L2_prefetching: No

L1 Cache Stats:
L1-Load-Hits:        9225703431   99.48%
L1-Load-Misses:        48037891    0.52%
L1-Load-Accesses:    9273741322  100.00%

L1-Store-Hits:        4830854951   99.80%
L1-Store-Misses:         9649662    0.20%
L1-Store-Accesses:    4840504613  100.00%

L1-Total-Hits:       14056558382   99.59%
L1-Total-Misses:        57687553    0.41%
L1-Total-Accesses:   14114245935  100.00%

L2 Cache Stats:
L2-Load-Hits:          43662692   90.89%
L2-Load-Misses:         4375199    9.11%
L2-Load-Accesses:      48037891  100.00%

L2-Store-Hits:           7852886   81.38%
L2-Store-Misses:         1796776   18.62%
L2-Store-Accesses:       9649662  100.00%

L2-Total-Hits:          51515578   89.30%
L2-Total-Misses:         6171975   10.70%
L2-Total-Accesses:      57687553  100.00%

