--------
Total Statistics
--------
Total Instructions: 32491938858
Total Cycles: 49354734583
IPC: 0.658335

--------
Single level Tlb hierarchy
--------
  Data Tlb:
    Entries:          64
    Page Size(B):   4096
    Associativity:      4

Latencies:    0   50
Tlb-Sets:   16 - LRU - assoc:   4

Tlb Stats:
Tlb-Load-Hits:        9261279493   99.87%
Tlb-Load-Misses:        12461829    0.13%
Tlb-Load-Accesses:    9273741322  100.00%

Tlb-Store-Hits:        4835257996   99.89%
Tlb-Store-Misses:         5246617    0.11%
Tlb-Store-Accesses:    4840504613  100.00%

Tlb-Total-Hits:       14096537489   99.87%
Tlb-Total-Misses:        17708446    0.13%
Tlb-Total-Accesses:   14114245935  100.00%



--------
Two level Cache hierarchy
--------
  L1-Data Cache:
    Size(KB):          32
    Block Size(B):     64
    Associativity:      8

  L2-Data Cache:
    Size(KB):        1024
    Block Size(B):    128
    Associativity:      8

Latencies:    1   10  150
L1-Sets:   64 - LRU - assoc:   8
L2-Sets: 1024 - LRU - assoc:   8
Store_allocation: Yes
L2_inclusive: Yes
L2_prefetching: No

L1 Cache Stats:
L1-Load-Hits:        9223637727   99.46%
L1-Load-Misses:        50103595    0.54%
L1-Load-Accesses:    9273741322  100.00%

L1-Store-Hits:        4830296029   99.79%
L1-Store-Misses:        10208584    0.21%
L1-Store-Accesses:    4840504613  100.00%

L1-Total-Hits:       14053933756   99.57%
L1-Total-Misses:        60312179    0.43%
L1-Total-Accesses:   14114245935  100.00%

L2 Cache Stats:
L2-Load-Hits:          43973902   87.77%
L2-Load-Misses:         6129693   12.23%
L2-Load-Accesses:      50103595  100.00%

L2-Store-Hits:           7938239   77.76%
L2-Store-Misses:         2270345   22.24%
L2-Store-Accesses:      10208584  100.00%

L2-Total-Hits:          51912141   86.07%
L2-Total-Misses:         8400038   13.93%
L2-Total-Accesses:      60312179  100.00%

