--------
Total Statistics
--------
Total Instructions: 32491938858
Total Cycles: 49263199783
IPC: 0.659558

--------
Single level Tlb hierarchy
--------
  Data Tlb:
    Entries:          64
    Page Size(B):   4096
    Associativity:      4

Latencies:    0   50
Tlb-Sets:   16 - LRU - assoc:   4

Tlb Stats:
Tlb-Load-Hits:        9260379815   99.86%
Tlb-Load-Misses:        13361507    0.14%
Tlb-Load-Accesses:    9273741322  100.00%

Tlb-Store-Hits:        4836334634   99.91%
Tlb-Store-Misses:         4169979    0.09%
Tlb-Store-Accesses:    4840504613  100.00%

Tlb-Total-Hits:       14096714449   99.88%
Tlb-Total-Misses:        17531486    0.12%
Tlb-Total-Accesses:   14114245935  100.00%



--------
Two level Cache hierarchy
--------
  L1-Data Cache:
    Size(KB):         128
    Block Size(B):     32
    Associativity:      8

  L2-Data Cache:
    Size(KB):        1024
    Block Size(B):    128
    Associativity:      8

Latencies:    1   10  150
L1-Sets:  512 - LRU - assoc:   8
L2-Sets: 1024 - LRU - assoc:   8
Store_allocation: Yes
L2_inclusive: Yes
L2_prefetching: No

L1 Cache Stats:
L1-Load-Hits:        9234820779   99.58%
L1-Load-Misses:        38920543    0.42%
L1-Load-Accesses:    9273741322  100.00%

L1-Store-Hits:        4827542052   99.73%
L1-Store-Misses:        12962561    0.27%
L1-Store-Accesses:    4840504613  100.00%

L1-Total-Hits:       14062362831   99.63%
L1-Total-Misses:        51883104    0.37%
L1-Total-Accesses:   14114245935  100.00%

L2 Cache Stats:
L2-Load-Hits:          32781048   84.23%
L2-Load-Misses:         6139495   15.77%
L2-Load-Accesses:      38920543  100.00%

L2-Store-Hits:          10691325   82.48%
L2-Store-Misses:         2271236   17.52%
L2-Store-Accesses:      12962561  100.00%

L2-Total-Hits:          43472373   83.79%
L2-Total-Misses:         8410731   16.21%
L2-Total-Accesses:      51883104  100.00%

