--------
Total Statistics
--------
Total Instructions: 32491938858
Total Cycles: 49219278633
IPC: 0.660147

--------
Single level Tlb hierarchy
--------
  Data Tlb:
    Entries:          64
    Page Size(B):   4096
    Associativity:     64

Latencies:    0   50
Tlb-Sets:    1 - LRU - assoc:  64

Tlb Stats:
Tlb-Load-Hits:        9262086619   99.87%
Tlb-Load-Misses:        11654703    0.13%
Tlb-Load-Accesses:    9273741322  100.00%

Tlb-Store-Hits:        4837145086   99.93%
Tlb-Store-Misses:         3359527    0.07%
Tlb-Store-Accesses:    4840504613  100.00%

Tlb-Total-Hits:       14099231705   99.89%
Tlb-Total-Misses:        15014230    0.11%
Tlb-Total-Accesses:   14114245935  100.00%



--------
Two level Cache hierarchy
--------
  L1-Data Cache:
    Size(KB):          32
    Block Size(B):     64
    Associativity:      8

  L2-Data Cache:
    Size(KB):        1024
    Block Size(B):    128
    Associativity:      8

Latencies:    1   10  150
L1-Sets:   64 - LRU - assoc:   8
L2-Sets: 1024 - LRU - assoc:   8
Store_allocation: Yes
L2_inclusive: Yes
L2_prefetching: No

L1 Cache Stats:
L1-Load-Hits:        9223588568   99.46%
L1-Load-Misses:        50152754    0.54%
L1-Load-Accesses:    9273741322  100.00%

L1-Store-Hits:        4830291123   99.79%
L1-Store-Misses:        10213490    0.21%
L1-Store-Accesses:    4840504613  100.00%

L1-Total-Hits:       14053879691   99.57%
L1-Total-Misses:        60366244    0.43%
L1-Total-Accesses:   14114245935  100.00%

L2 Cache Stats:
L2-Load-Hits:          44030123   87.79%
L2-Load-Misses:         6122631   12.21%
L2-Load-Accesses:      50152754  100.00%

L2-Store-Hits:           7944655   77.79%
L2-Store-Misses:         2268835   22.21%
L2-Store-Accesses:      10213490  100.00%

L2-Total-Hits:          51974778   86.10%
L2-Total-Misses:         8391466   13.90%
L2-Total-Accesses:      60366244  100.00%

