--------
Total Statistics
--------
Total Instructions: 32491938858
Total Cycles: 50391096013
IPC: 0.644795

--------
Single level Tlb hierarchy
--------
  Data Tlb:
    Entries:          64
    Page Size(B):   4096
    Associativity:      4

Latencies:    0   50
Tlb-Sets:   16 - LRU - assoc:   4

Tlb Stats:
Tlb-Load-Hits:        9244473299   99.68%
Tlb-Load-Misses:        29268023    0.32%
Tlb-Load-Accesses:    9273741322  100.00%

Tlb-Store-Hits:        4831534666   99.81%
Tlb-Store-Misses:         8969947    0.19%
Tlb-Store-Accesses:    4840504613  100.00%

Tlb-Total-Hits:       14076007965   99.73%
Tlb-Total-Misses:        38237970    0.27%
Tlb-Total-Accesses:   14114245935  100.00%



--------
Two level Cache hierarchy
--------
  L1-Data Cache:
    Size(KB):          32
    Block Size(B):     64
    Associativity:      4

  L2-Data Cache:
    Size(KB):        1024
    Block Size(B):    128
    Associativity:      8

Latencies:    1   10  150
L1-Sets:  128 - LRU - assoc:   4
L2-Sets: 1024 - LRU - assoc:   8
Store_allocation: Yes
L2_inclusive: Yes
L2_prefetching: No

L1 Cache Stats:
L1-Load-Hits:        9222537681   99.45%
L1-Load-Misses:        51203641    0.55%
L1-Load-Accesses:    9273741322  100.00%

L1-Store-Hits:        4830265412   99.79%
L1-Store-Misses:        10239201    0.21%
L1-Store-Accesses:    4840504613  100.00%

L1-Total-Hits:       14052803093   99.56%
L1-Total-Misses:        61442842    0.44%
L1-Total-Accesses:   14114245935  100.00%

L2 Cache Stats:
L2-Load-Hits:          45084108   88.05%
L2-Load-Misses:         6119533   11.95%
L2-Load-Accesses:      51203641  100.00%

L2-Store-Hits:           7968172   77.82%
L2-Store-Misses:         2271029   22.18%
L2-Store-Accesses:      10239201  100.00%

L2-Total-Hits:          53052280   86.34%
L2-Total-Misses:         8390562   13.66%
L2-Total-Accesses:      61442842  100.00%

