--------
Total Statistics
--------
Total Instructions: 32491938858
Total Cycles: 49165466913
IPC: 0.660869

--------
Single level Tlb hierarchy
--------
  Data Tlb:
    Entries:          64
    Page Size(B):   4096
    Associativity:      4

Latencies:    0   50
Tlb-Sets:   16 - LRU - assoc:   4

Tlb Stats:
Tlb-Load-Hits:        9260020362   99.85%
Tlb-Load-Misses:        13720960    0.15%
Tlb-Load-Accesses:    9273741322  100.00%

Tlb-Store-Hits:        4835833568   99.90%
Tlb-Store-Misses:         4671045    0.10%
Tlb-Store-Accesses:    4840504613  100.00%

Tlb-Total-Hits:       14095853930   99.87%
Tlb-Total-Misses:        18392005    0.13%
Tlb-Total-Accesses:   14114245935  100.00%



--------
Two level Cache hierarchy
--------
  L1-Data Cache:
    Size(KB):         128
    Block Size(B):     64
    Associativity:      8

  L2-Data Cache:
    Size(KB):        1024
    Block Size(B):    128
    Associativity:      8

Latencies:    1   10  150
L1-Sets:  256 - LRU - assoc:   8
L2-Sets: 1024 - LRU - assoc:   8
Store_allocation: Yes
L2_inclusive: Yes
L2_prefetching: No

L1 Cache Stats:
L1-Load-Hits:        9244640598   99.69%
L1-Load-Misses:        29100724    0.31%
L1-Load-Accesses:    9273741322  100.00%

L1-Store-Hits:        4831918355   99.82%
L1-Store-Misses:         8586258    0.18%
L1-Store-Accesses:    4840504613  100.00%

L1-Total-Hits:       14076558953   99.73%
L1-Total-Misses:        37686982    0.27%
L1-Total-Accesses:   14114245935  100.00%

L2 Cache Stats:
L2-Load-Hits:          22955106   78.88%
L2-Load-Misses:         6145618   21.12%
L2-Load-Accesses:      29100724  100.00%

L2-Store-Hits:           6313129   73.53%
L2-Store-Misses:         2273129   26.47%
L2-Store-Accesses:       8586258  100.00%

L2-Total-Hits:          29268235   77.66%
L2-Total-Misses:         8418747   22.34%
L2-Total-Accesses:      37686982  100.00%

