--------
Total Statistics
--------
Total Instructions: 32491938858
Total Cycles: 48793174483
IPC: 0.665912

--------
Single level Tlb hierarchy
--------
  Data Tlb:
    Entries:          64
    Page Size(B):   4096
    Associativity:      4

Latencies:    0   50
Tlb-Sets:   16 - LRU - assoc:   4

Tlb Stats:
Tlb-Load-Hits:        9259389764   99.85%
Tlb-Load-Misses:        14351558    0.15%
Tlb-Load-Accesses:    9273741322  100.00%

Tlb-Store-Hits:        4835742241   99.90%
Tlb-Store-Misses:         4762372    0.10%
Tlb-Store-Accesses:    4840504613  100.00%

Tlb-Total-Hits:       14095132005   99.86%
Tlb-Total-Misses:        19113930    0.14%
Tlb-Total-Accesses:   14114245935  100.00%



--------
Two level Cache hierarchy
--------
  L1-Data Cache:
    Size(KB):          32
    Block Size(B):     64
    Associativity:      8

  L2-Data Cache:
    Size(KB):        2048
    Block Size(B):    256
    Associativity:     16

Latencies:    1   10  150
L1-Sets:   64 - LRU - assoc:   8
L2-Sets:  512 - LRU - assoc:  16
Store_allocation: Yes
L2_inclusive: Yes
L2_prefetching: No

L1 Cache Stats:
L1-Load-Hits:        9226674329   99.49%
L1-Load-Misses:        47066993    0.51%
L1-Load-Accesses:    9273741322  100.00%

L1-Store-Hits:        4831762662   99.82%
L1-Store-Misses:         8741951    0.18%
L1-Store-Accesses:    4840504613  100.00%

L1-Total-Hits:       14058436991   99.60%
L1-Total-Misses:        55808944    0.40%
L1-Total-Accesses:   14114245935  100.00%

L2 Cache Stats:
L2-Load-Hits:          43617511   92.67%
L2-Load-Misses:         3449482    7.33%
L2-Load-Accesses:      47066993  100.00%

L2-Store-Hits:           7703408   88.12%
L2-Store-Misses:         1038543   11.88%
L2-Store-Accesses:       8741951  100.00%

L2-Total-Hits:          51320919   91.96%
L2-Total-Misses:         4488025    8.04%
L2-Total-Accesses:      55808944  100.00%

