--------
Total Statistics
--------
Total Instructions: 32491938858
Total Cycles: 49015821153
IPC: 0.662887

--------
Single level Tlb hierarchy
--------
  Data Tlb:
    Entries:          64
    Page Size(B):   4096
    Associativity:      4

Latencies:    0   50
Tlb-Sets:   16 - LRU - assoc:   4

Tlb Stats:
Tlb-Load-Hits:        9260483608   99.86%
Tlb-Load-Misses:        13257714    0.14%
Tlb-Load-Accesses:    9273741322  100.00%

Tlb-Store-Hits:        4836420199   99.92%
Tlb-Store-Misses:         4084414    0.08%
Tlb-Store-Accesses:    4840504613  100.00%

Tlb-Total-Hits:       14096903807   99.88%
Tlb-Total-Misses:        17342128    0.12%
Tlb-Total-Accesses:   14114245935  100.00%



--------
Two level Cache hierarchy
--------
  L1-Data Cache:
    Size(KB):          32
    Block Size(B):     64
    Associativity:      8

  L2-Data Cache:
    Size(KB):        1024
    Block Size(B):    256
    Associativity:     16

Latencies:    1   10  150
L1-Sets:   64 - LRU - assoc:   8
L2-Sets:  256 - LRU - assoc:  16
Store_allocation: Yes
L2_inclusive: Yes
L2_prefetching: No

L1 Cache Stats:
L1-Load-Hits:        9224474336   99.47%
L1-Load-Misses:        49266986    0.53%
L1-Load-Accesses:    9273741322  100.00%

L1-Store-Hits:        4831440303   99.81%
L1-Store-Misses:         9064310    0.19%
L1-Store-Accesses:    4840504613  100.00%

L1-Total-Hits:       14055914639   99.59%
L1-Total-Misses:        58331296    0.41%
L1-Total-Accesses:   14114245935  100.00%

L2 Cache Stats:
L2-Load-Hits:          44102435   89.52%
L2-Load-Misses:         5164551   10.48%
L2-Load-Accesses:      49266986  100.00%

L2-Store-Hits:           7834081   86.43%
L2-Store-Misses:         1230229   13.57%
L2-Store-Accesses:       9064310  100.00%

L2-Total-Hits:          51936516   89.04%
L2-Total-Misses:         6394780   10.96%
L2-Total-Accesses:      58331296  100.00%

