--------
Total Statistics
--------
Total Instructions: 32491938883
Total Cycles: 49406740536
IPC: 0.657642

--------
Single level Tlb hierarchy
--------
  Data Tlb:
    Entries:          64
    Page Size(B):   4096
    Associativity:      4

Latencies:    0   50
Tlb-Sets:   16 - LRU - assoc:   4

Tlb Stats:
Tlb-Load-Hits:        9258638368   99.84%
Tlb-Load-Misses:        15102962    0.16%
Tlb-Load-Accesses:    9273741330  100.00%

Tlb-Store-Hits:        4836848251   99.92%
Tlb-Store-Misses:         3656362    0.08%
Tlb-Store-Accesses:    4840504613  100.00%

Tlb-Total-Hits:       14095486619   99.87%
Tlb-Total-Misses:        18759324    0.13%
Tlb-Total-Accesses:   14114245943  100.00%



--------
Two level Cache hierarchy
--------
  L1-Data Cache:
    Size(KB):          32
    Block Size(B):     64
    Associativity:      8

  L2-Data Cache:
    Size(KB):        1024
    Block Size(B):    128
    Associativity:      8

Latencies:    1   10  150
L1-Sets:   64 - LRU - assoc:   8
L2-Sets: 1024 - LRU - assoc:   8
Store_allocation: Yes
L2_inclusive: Yes
L2_prefetching: No

L1 Cache Stats:
L1-Load-Hits:        9223606185   99.46%
L1-Load-Misses:        50135145    0.54%
L1-Load-Accesses:    9273741330  100.00%

L1-Store-Hits:        4830294602   99.79%
L1-Store-Misses:        10210011    0.21%
L1-Store-Accesses:    4840504613  100.00%

L1-Total-Hits:       14053900787   99.57%
L1-Total-Misses:        60345156    0.43%
L1-Total-Accesses:   14114245943  100.00%

L2 Cache Stats:
L2-Load-Hits:          44010721   87.78%
L2-Load-Misses:         6124424   12.22%
L2-Load-Accesses:      50135145  100.00%

L2-Store-Hits:           7940182   77.77%
L2-Store-Misses:         2269829   22.23%
L2-Store-Accesses:      10210011  100.00%

L2-Total-Hits:          51950903   86.09%
L2-Total-Misses:         8394253   13.91%
L2-Total-Accesses:      60345156  100.00%

