--------
Total Statistics
--------
Total Instructions: 32491938858
Total Cycles: 49985858013
IPC: 0.650023

--------
Single level Tlb hierarchy
--------
  Data Tlb:
    Entries:          64
    Page Size(B):   4096
    Associativity:      4

Latencies:    0   50
Tlb-Sets:   16 - LRU - assoc:   4

Tlb Stats:
Tlb-Load-Hits:        9259216569   99.84%
Tlb-Load-Misses:        14524753    0.16%
Tlb-Load-Accesses:    9273741322  100.00%

Tlb-Store-Hits:        4835314290   99.89%
Tlb-Store-Misses:         5190323    0.11%
Tlb-Store-Accesses:    4840504613  100.00%

Tlb-Total-Hits:       14094530859   99.86%
Tlb-Total-Misses:        19715076    0.14%
Tlb-Total-Accesses:   14114245935  100.00%



--------
Two level Cache hierarchy
--------
  L1-Data Cache:
    Size(KB):          32
    Block Size(B):     64
    Associativity:      8

  L2-Data Cache:
    Size(KB):        1024
    Block Size(B):     64
    Associativity:      8

Latencies:    1   10  150
L1-Sets:   64 - LRU - assoc:   8
L2-Sets: 2048 - LRU - assoc:   8
Store_allocation: Yes
L2_inclusive: Yes
L2_prefetching: No

L1 Cache Stats:
L1-Load-Hits:        9230947110   99.54%
L1-Load-Misses:        42794212    0.46%
L1-Load-Accesses:    9273741322  100.00%

L1-Store-Hits:        4833041973   99.85%
L1-Store-Misses:         7462640    0.15%
L1-Store-Accesses:    4840504613  100.00%

L1-Total-Hits:       14063989083   99.64%
L1-Total-Misses:        50256852    0.36%
L1-Total-Accesses:   14114245935  100.00%

L2 Cache Stats:
L2-Load-Hits:          34419557   80.43%
L2-Load-Misses:         8374655   19.57%
L2-Load-Accesses:      42794212  100.00%

L2-Store-Hits:           3228289   43.26%
L2-Store-Misses:         4234351   56.74%
L2-Store-Accesses:       7462640  100.00%

L2-Total-Hits:          37647846   74.91%
L2-Total-Misses:        12609006   25.09%
L2-Total-Accesses:      50256852  100.00%

