--------
Total Statistics
--------
Total Instructions: 32491938858
Total Cycles: 49789445943
IPC: 0.652587

--------
Single level Tlb hierarchy
--------
  Data Tlb:
    Entries:          64
    Page Size(B):   4096
    Associativity:      4

Latencies:    0   50
Tlb-Sets:   16 - LRU - assoc:   4

Tlb Stats:
Tlb-Load-Hits:        9261452816   99.87%
Tlb-Load-Misses:        12288506    0.13%
Tlb-Load-Accesses:    9273741322  100.00%

Tlb-Store-Hits:        4836830419   99.92%
Tlb-Store-Misses:         3674194    0.08%
Tlb-Store-Accesses:    4840504613  100.00%

Tlb-Total-Hits:       14098283235   99.89%
Tlb-Total-Misses:        15962700    0.11%
Tlb-Total-Accesses:   14114245935  100.00%



--------
Two level Cache hierarchy
--------
  L1-Data Cache:
    Size(KB):          32
    Block Size(B):     64
    Associativity:      8

  L2-Data Cache:
    Size(KB):        1024
    Block Size(B):     64
    Associativity:     16

Latencies:    1   10  150
L1-Sets:   64 - LRU - assoc:   8
L2-Sets: 1024 - LRU - assoc:  16
Store_allocation: Yes
L2_inclusive: Yes
L2_prefetching: No

L1 Cache Stats:
L1-Load-Hits:        9230950510   99.54%
L1-Load-Misses:        42790812    0.46%
L1-Load-Accesses:    9273741322  100.00%

L1-Store-Hits:        4833058205   99.85%
L1-Store-Misses:         7446408    0.15%
L1-Store-Accesses:    4840504613  100.00%

L1-Total-Hits:       14064008715   99.64%
L1-Total-Misses:        50237220    0.36%
L1-Total-Accesses:   14114245935  100.00%

L2 Cache Stats:
L2-Load-Hits:          34496522   80.62%
L2-Load-Misses:         8294290   19.38%
L2-Load-Accesses:      42790812  100.00%

L2-Store-Hits:           3189005   42.83%
L2-Store-Misses:         4257403   57.17%
L2-Store-Accesses:       7446408  100.00%

L2-Total-Hits:          37685527   75.02%
L2-Total-Misses:        12551693   24.98%
L2-Total-Accesses:      50237220  100.00%

