--------
Total Statistics
--------
Total Instructions: 32491938858
Total Cycles: 50710282853
IPC: 0.640737

--------
Single level Tlb hierarchy
--------
  Data Tlb:
    Entries:          64
    Page Size(B):   4096
    Associativity:      4

Latencies:    0   50
Tlb-Sets:   16 - LRU - assoc:   4

Tlb Stats:
Tlb-Load-Hits:        9255492371   99.80%
Tlb-Load-Misses:        18248951    0.20%
Tlb-Load-Accesses:    9273741322  100.00%

Tlb-Store-Hits:        4835415910   99.89%
Tlb-Store-Misses:         5088703    0.11%
Tlb-Store-Accesses:    4840504613  100.00%

Tlb-Total-Hits:       14090908281   99.83%
Tlb-Total-Misses:        23337654    0.17%
Tlb-Total-Accesses:   14114245935  100.00%



--------
Two level Cache hierarchy
--------
  L1-Data Cache:
    Size(KB):          32
    Block Size(B):     64
    Associativity:      8

  L2-Data Cache:
    Size(KB):         512
    Block Size(B):     64
    Associativity:      8

Latencies:    1   10  150
L1-Sets:   64 - LRU - assoc:   8
L2-Sets: 1024 - LRU - assoc:   8
Store_allocation: Yes
L2_inclusive: Yes
L2_prefetching: No

L1 Cache Stats:
L1-Load-Hits:        9230923178   99.54%
L1-Load-Misses:        42818144    0.46%
L1-Load-Accesses:    9273741322  100.00%

L1-Store-Hits:        4833056216   99.85%
L1-Store-Misses:         7448397    0.15%
L1-Store-Accesses:    4840504613  100.00%

L1-Total-Hits:       14063979394   99.64%
L1-Total-Misses:        50266541    0.36%
L1-Total-Accesses:   14114245935  100.00%

L2 Cache Stats:
L2-Load-Hits:          31334376   73.18%
L2-Load-Misses:        11483768   26.82%
L2-Load-Accesses:      42818144  100.00%

L2-Store-Hits:           2701832   36.27%
L2-Store-Misses:         4746565   63.73%
L2-Store-Accesses:       7448397  100.00%

L2-Total-Hits:          34036208   67.71%
L2-Total-Misses:        16230333   32.29%
L2-Total-Accesses:      50266541  100.00%

