--------
Total Statistics
--------
Total Instructions: 32491938858
Total Cycles: 49396494933
IPC: 0.657778

--------
Single level Tlb hierarchy
--------
  Data Tlb:
    Entries:          64
    Page Size(B):   4096
    Associativity:      4

Latencies:    0   50
Tlb-Sets:   16 - LRU - assoc:   4

Tlb Stats:
Tlb-Load-Hits:        9261593466   99.87%
Tlb-Load-Misses:        12147856    0.13%
Tlb-Load-Accesses:    9273741322  100.00%

Tlb-Store-Hits:        4836872535   99.92%
Tlb-Store-Misses:         3632078    0.08%
Tlb-Store-Accesses:    4840504613  100.00%

Tlb-Total-Hits:       14098466001   99.89%
Tlb-Total-Misses:        15779934    0.11%
Tlb-Total-Accesses:   14114245935  100.00%



--------
Two level Cache hierarchy
--------
  L1-Data Cache:
    Size(KB):          32
    Block Size(B):     32
    Associativity:      8

  L2-Data Cache:
    Size(KB):        1024
    Block Size(B):    128
    Associativity:      8

Latencies:    1   10  150
L1-Sets:  128 - LRU - assoc:   8
L2-Sets: 1024 - LRU - assoc:   8
Store_allocation: Yes
L2_inclusive: Yes
L2_prefetching: No

L1 Cache Stats:
L1-Load-Hits:        9214192887   99.36%
L1-Load-Misses:        59548435    0.64%
L1-Load-Accesses:    9273741322  100.00%

L1-Store-Hits:        4825834554   99.70%
L1-Store-Misses:        14670059    0.30%
L1-Store-Accesses:    4840504613  100.00%

L1-Total-Hits:       14040027441   99.47%
L1-Total-Misses:        74218494    0.53%
L1-Total-Accesses:   14114245935  100.00%

L2 Cache Stats:
L2-Load-Hits:          53423805   89.71%
L2-Load-Misses:         6124630   10.29%
L2-Load-Accesses:      59548435  100.00%

L2-Store-Hits:          12400499   84.53%
L2-Store-Misses:         2269560   15.47%
L2-Store-Accesses:      14670059  100.00%

L2-Total-Hits:          65824304   88.69%
L2-Total-Misses:         8394190   11.31%
L2-Total-Accesses:      74218494  100.00%

