--------
Total Statistics
--------
Total Instructions: 32491938858
Total Cycles: 49101947463
IPC: 0.661724

--------
Single level Tlb hierarchy
--------
  Data Tlb:
    Entries:          64
    Page Size(B):   4096
    Associativity:      4

Latencies:    0   50
Tlb-Sets:   16 - LRU - assoc:   4

Tlb Stats:
Tlb-Load-Hits:        9261568110   99.87%
Tlb-Load-Misses:        12173212    0.13%
Tlb-Load-Accesses:    9273741322  100.00%

Tlb-Store-Hits:        4836875096   99.93%
Tlb-Store-Misses:         3629517    0.07%
Tlb-Store-Accesses:    4840504613  100.00%

Tlb-Total-Hits:       14098443206   99.89%
Tlb-Total-Misses:        15802729    0.11%
Tlb-Total-Accesses:   14114245935  100.00%



--------
Two level Cache hierarchy
--------
  L1-Data Cache:
    Size(KB):          32
    Block Size(B):     64
    Associativity:      8

  L2-Data Cache:
    Size(KB):        1024
    Block Size(B):    128
    Associativity:      8

Latencies:    1   10  150
L1-Sets:   64 - LRU - assoc:   8
L2-Sets: 1024 - LRU - assoc:   8
Store_allocation: Yes
L2_inclusive: Yes
L2_prefetching: Yes (  8)

L1 Cache Stats:
L1-Load-Hits:        9221877632   99.44%
L1-Load-Misses:        51863690    0.56%
L1-Load-Accesses:    9273741322  100.00%

L1-Store-Hits:        4831692051   99.82%
L1-Store-Misses:         8812562    0.18%
L1-Store-Accesses:    4840504613  100.00%

L1-Total-Hits:       14053569683   99.57%
L1-Total-Misses:        60676252    0.43%
L1-Total-Accesses:   14114245935  100.00%

L2 Cache Stats:
L2-Load-Hits:          45389634   87.52%
L2-Load-Misses:         6474056   12.48%
L2-Load-Accesses:      51863690  100.00%

L2-Store-Hits:           7960860   90.34%
L2-Store-Misses:          851702    9.66%
L2-Store-Accesses:       8812562  100.00%

L2-Total-Hits:          53350494   87.93%
L2-Total-Misses:         7325758   12.07%
L2-Total-Accesses:      60676252  100.00%

