--------
Total Statistics
--------
Total Instructions: 32491938883
Total Cycles: 49122870846
IPC: 0.661442

--------
Single level Tlb hierarchy
--------
  Data Tlb:
    Entries:          64
    Page Size(B):   4096
    Associativity:      4

Latencies:    0   50
Tlb-Sets:   16 - LRU - assoc:   4

Tlb Stats:
Tlb-Load-Hits:        9261567823   99.87%
Tlb-Load-Misses:        12173507    0.13%
Tlb-Load-Accesses:    9273741330  100.00%

Tlb-Store-Hits:        4836870397   99.92%
Tlb-Store-Misses:         3634216    0.08%
Tlb-Store-Accesses:    4840504613  100.00%

Tlb-Total-Hits:       14098438220   99.89%
Tlb-Total-Misses:        15807723    0.11%
Tlb-Total-Accesses:   14114245943  100.00%



--------
Two level Cache hierarchy
--------
  L1-Data Cache:
    Size(KB):          32
    Block Size(B):    128
    Associativity:      8

  L2-Data Cache:
    Size(KB):        1024
    Block Size(B):    128
    Associativity:      8

Latencies:    1   10  150
L1-Sets:   32 - LRU - assoc:   8
L2-Sets: 1024 - LRU - assoc:   8
Store_allocation: Yes
L2_inclusive: Yes
L2_prefetching: No

L1 Cache Stats:
L1-Load-Hits:        9232551130   99.56%
L1-Load-Misses:        41190200    0.44%
L1-Load-Accesses:    9273741330  100.00%

L1-Store-Hits:        4835050981   99.89%
L1-Store-Misses:         5453632    0.11%
L1-Store-Accesses:    4840504613  100.00%

L1-Total-Hits:       14067602111   99.67%
L1-Total-Misses:        46643832    0.33%
L1-Total-Accesses:   14114245943  100.00%

L2 Cache Stats:
L2-Load-Hits:          35063370   85.13%
L2-Load-Misses:         6126830   14.87%
L2-Load-Accesses:      41190200  100.00%

L2-Store-Hits:           3181385   58.34%
L2-Store-Misses:         2272247   41.66%
L2-Store-Accesses:       5453632  100.00%

L2-Total-Hits:          38244755   81.99%
L2-Total-Misses:         8399077   18.01%
L2-Total-Accesses:      46643832  100.00%

