--------
Total Statistics
--------
Total Instructions: 32491938858
Total Cycles: 49388696333
IPC: 0.657882

--------
Single level Tlb hierarchy
--------
  Data Tlb:
    Entries:          64
    Page Size(B):   4096
    Associativity:      4

Latencies:    0   50
Tlb-Sets:   16 - LRU - assoc:   4

Tlb Stats:
Tlb-Load-Hits:        9260626039   99.86%
Tlb-Load-Misses:        13115283    0.14%
Tlb-Load-Accesses:    9273741322  100.00%

Tlb-Store-Hits:        4836421461   99.92%
Tlb-Store-Misses:         4083152    0.08%
Tlb-Store-Accesses:    4840504613  100.00%

Tlb-Total-Hits:       14097047500   99.88%
Tlb-Total-Misses:        17198435    0.12%
Tlb-Total-Accesses:   14114245935  100.00%



--------
Two level Cache hierarchy
--------
  L1-Data Cache:
    Size(KB):          32
    Block Size(B):     64
    Associativity:      8

  L2-Data Cache:
    Size(KB):        1024
    Block Size(B):    128
    Associativity:      8

Latencies:    1   10  150
L1-Sets:   64 - LRU - assoc:   8
L2-Sets: 1024 - LRU - assoc:   8
Store_allocation: Yes
L2_inclusive: Yes
L2_prefetching: Yes ( 16)

L1 Cache Stats:
L1-Load-Hits:        9221605435   99.44%
L1-Load-Misses:        52135887    0.56%
L1-Load-Accesses:    9273741322  100.00%

L1-Store-Hits:        4830779086   99.80%
L1-Store-Misses:         9725527    0.20%
L1-Store-Accesses:    4840504613  100.00%

L1-Total-Hits:       14052384521   99.56%
L1-Total-Misses:        61861414    0.44%
L1-Total-Accesses:   14114245935  100.00%

L2 Cache Stats:
L2-Load-Hits:          45043303   86.40%
L2-Load-Misses:         7092584   13.60%
L2-Load-Accesses:      52135887  100.00%

L2-Store-Hits:           8124940   83.54%
L2-Store-Misses:         1600587   16.46%
L2-Store-Accesses:       9725527  100.00%

L2-Total-Hits:          53168243   85.95%
L2-Total-Misses:         8693171   14.05%
L2-Total-Accesses:      61861414  100.00%

