--------
Total Statistics
--------
Total Instructions: 32491938858
Total Cycles: 49909772153
IPC: 0.651014

--------
Single level Tlb hierarchy
--------
  Data Tlb:
    Entries:          64
    Page Size(B):   4096
    Associativity:      4

Latencies:    0   50
Tlb-Sets:   16 - LRU - assoc:   4

Tlb Stats:
Tlb-Load-Hits:        9259516444   99.85%
Tlb-Load-Misses:        14224878    0.15%
Tlb-Load-Accesses:    9273741322  100.00%

Tlb-Store-Hits:        4833102307   99.85%
Tlb-Store-Misses:         7402306    0.15%
Tlb-Store-Accesses:    4840504613  100.00%

Tlb-Total-Hits:       14092618751   99.85%
Tlb-Total-Misses:        21627184    0.15%
Tlb-Total-Accesses:   14114245935  100.00%



--------
Two level Cache hierarchy
--------
  L1-Data Cache:
    Size(KB):          32
    Block Size(B):     64
    Associativity:      8

  L2-Data Cache:
    Size(KB):        1024
    Block Size(B):    128
    Associativity:      8

Latencies:    1   10  150
L1-Sets:   64 - LRU - assoc:   8
L2-Sets: 1024 - LRU - assoc:   8
Store_allocation: Yes
L2_inclusive: Yes
L2_prefetching: Yes ( 64)

L1 Cache Stats:
L1-Load-Hits:        9221157536   99.43%
L1-Load-Misses:        52583786    0.57%
L1-Load-Accesses:    9273741322  100.00%

L1-Store-Hits:        4829698273   99.78%
L1-Store-Misses:        10806340    0.22%
L1-Store-Accesses:    4840504613  100.00%

L1-Total-Hits:       14050855809   99.55%
L1-Total-Misses:        63390126    0.45%
L1-Total-Accesses:   14114245935  100.00%

L2 Cache Stats:
L2-Load-Hits:          44760580   85.12%
L2-Load-Misses:         7823206   14.88%
L2-Load-Accesses:      52583786  100.00%

L2-Store-Hits:           8040700   74.41%
L2-Store-Misses:         2765640   25.59%
L2-Store-Accesses:      10806340  100.00%

L2-Total-Hits:          52801280   83.30%
L2-Total-Misses:        10588846   16.70%
L2-Total-Accesses:      63390126  100.00%

