--------
Total Statistics
--------
Total Instructions: 32491938858
Total Cycles: 50209805873
IPC: 0.647123

--------
Single level Tlb hierarchy
--------
  Data Tlb:
    Entries:          64
    Page Size(B):   4096
    Associativity:      4

Latencies:    0   50
Tlb-Sets:   16 - LRU - assoc:   4

Tlb Stats:
Tlb-Load-Hits:        9242109520   99.66%
Tlb-Load-Misses:        31631802    0.34%
Tlb-Load-Accesses:    9273741322  100.00%

Tlb-Store-Hits:        4831518435   99.81%
Tlb-Store-Misses:         8986178    0.19%
Tlb-Store-Accesses:    4840504613  100.00%

Tlb-Total-Hits:       14073627955   99.71%
Tlb-Total-Misses:        40617980    0.29%
Tlb-Total-Accesses:   14114245935  100.00%



--------
Two level Cache hierarchy
--------
  L1-Data Cache:
    Size(KB):          32
    Block Size(B):     64
    Associativity:      8

  L2-Data Cache:
    Size(KB):        1024
    Block Size(B):    128
    Associativity:      8

Latencies:    1   10  150
L1-Sets:   64 - LRU - assoc:   8
L2-Sets: 1024 - LRU - assoc:   8
Store_allocation: Yes
L2_inclusive: Yes
L2_prefetching: Yes (  4)

L1 Cache Stats:
L1-Load-Hits:        9222966595   99.45%
L1-Load-Misses:        50774727    0.55%
L1-Load-Accesses:    9273741322  100.00%

L1-Store-Hits:        4831836172   99.82%
L1-Store-Misses:         8668441    0.18%
L1-Store-Accesses:    4840504613  100.00%

L1-Total-Hits:       14054802767   99.58%
L1-Total-Misses:        59443168    0.42%
L1-Total-Accesses:   14114245935  100.00%

L2 Cache Stats:
L2-Load-Hits:          45064297   88.75%
L2-Load-Misses:         5710430   11.25%
L2-Load-Accesses:      50774727  100.00%

L2-Store-Hits:           7856935   90.64%
L2-Store-Misses:          811506    9.36%
L2-Store-Accesses:       8668441  100.00%

L2-Total-Hits:          52921232   89.03%
L2-Total-Misses:         6521936   10.97%
L2-Total-Accesses:      59443168  100.00%

