--------
Total Statistics
--------
Total Instructions: 32491938858
Total Cycles: 49108450213
IPC: 0.661636

--------
Single level Tlb hierarchy
--------
  Data Tlb:
    Entries:          64
    Page Size(B):   4096
    Associativity:      4

Latencies:    0   50
Tlb-Sets:   16 - LRU - assoc:   4

Tlb Stats:
Tlb-Load-Hits:        9261665585   99.87%
Tlb-Load-Misses:        12075737    0.13%
Tlb-Load-Accesses:    9273741322  100.00%

Tlb-Store-Hits:        4836875032   99.93%
Tlb-Store-Misses:         3629581    0.07%
Tlb-Store-Accesses:    4840504613  100.00%

Tlb-Total-Hits:       14098540617   99.89%
Tlb-Total-Misses:        15705318    0.11%
Tlb-Total-Accesses:   14114245935  100.00%



--------
Two level Cache hierarchy
--------
  L1-Data Cache:
    Size(KB):          64
    Block Size(B):     64
    Associativity:      4

  L2-Data Cache:
    Size(KB):        1024
    Block Size(B):    128
    Associativity:      8

Latencies:    1   10  150
L1-Sets:  256 - LRU - assoc:   4
L2-Sets: 1024 - LRU - assoc:   8
Store_allocation: Yes
L2_inclusive: Yes
L2_prefetching: No

L1 Cache Stats:
L1-Load-Hits:        9237155327   99.61%
L1-Load-Misses:        36585995    0.39%
L1-Load-Accesses:    9273741322  100.00%

L1-Store-Hits:        4831310886   99.81%
L1-Store-Misses:         9193727    0.19%
L1-Store-Accesses:    4840504613  100.00%

L1-Total-Hits:       14068466213   99.68%
L1-Total-Misses:        45779722    0.32%
L1-Total-Accesses:   14114245935  100.00%

L2 Cache Stats:
L2-Load-Hits:          30460198   83.26%
L2-Load-Misses:         6125797   16.74%
L2-Load-Accesses:      36585995  100.00%

L2-Store-Hits:           6924842   75.32%
L2-Store-Misses:         2268885   24.68%
L2-Store-Accesses:       9193727  100.00%

L2-Total-Hits:          37385040   81.66%
L2-Total-Misses:         8394682   18.34%
L2-Total-Accesses:      45779722  100.00%

