--------
Total Statistics
--------
Total Instructions: 32491938858
Total Cycles: 48916356823
IPC: 0.664235

--------
Single level Tlb hierarchy
--------
  Data Tlb:
    Entries:          64
    Page Size(B):   4096
    Associativity:      4

Latencies:    0   50
Tlb-Sets:   16 - LRU - assoc:   4

Tlb Stats:
Tlb-Load-Hits:        9261519909   99.87%
Tlb-Load-Misses:        12221413    0.13%
Tlb-Load-Accesses:    9273741322  100.00%

Tlb-Store-Hits:        4836781427   99.92%
Tlb-Store-Misses:         3723186    0.08%
Tlb-Store-Accesses:    4840504613  100.00%

Tlb-Total-Hits:       14098301336   99.89%
Tlb-Total-Misses:        15944599    0.11%
Tlb-Total-Accesses:   14114245935  100.00%



--------
Two level Cache hierarchy
--------
  L1-Data Cache:
    Size(KB):          32
    Block Size(B):     64
    Associativity:      8

  L2-Data Cache:
    Size(KB):        1024
    Block Size(B):    128
    Associativity:      8

Latencies:    1   10  150
L1-Sets:   64 - LRU - assoc:   8
L2-Sets: 1024 - LRU - assoc:   8
Store_allocation: Yes
L2_inclusive: Yes
L2_prefetching: Yes (  2)

L1 Cache Stats:
L1-Load-Hits:        9223918458   99.46%
L1-Load-Misses:        49822864    0.54%
L1-Load-Accesses:    9273741322  100.00%

L1-Store-Hits:        4831627129   99.82%
L1-Store-Misses:         8877484    0.18%
L1-Store-Accesses:    4840504613  100.00%

L1-Total-Hits:       14055545587   99.58%
L1-Total-Misses:        58700348    0.42%
L1-Total-Accesses:   14114245935  100.00%

L2 Cache Stats:
L2-Load-Hits:          44661648   89.64%
L2-Load-Misses:         5161216   10.36%
L2-Load-Accesses:      49822864  100.00%

L2-Store-Hits:           7865776   88.60%
L2-Store-Misses:         1011708   11.40%
L2-Store-Accesses:       8877484  100.00%

L2-Total-Hits:          52527424   89.48%
L2-Total-Misses:         6172924   10.52%
L2-Total-Accesses:      58700348  100.00%

