--------
Total Statistics
--------
Total Instructions: 32491938858
Total Cycles: 49220942983
IPC: 0.660124

--------
Single level Tlb hierarchy
--------
  Data Tlb:
    Entries:          64
    Page Size(B):   4096
    Associativity:     32

Latencies:    0   50
Tlb-Sets:    2 - LRU - assoc:  32

Tlb Stats:
Tlb-Load-Hits:        9262088651   99.87%
Tlb-Load-Misses:        11652671    0.13%
Tlb-Load-Accesses:    9273741322  100.00%

Tlb-Store-Hits:        4837110717   99.93%
Tlb-Store-Misses:         3393896    0.07%
Tlb-Store-Accesses:    4840504613  100.00%

Tlb-Total-Hits:       14099199368   99.89%
Tlb-Total-Misses:        15046567    0.11%
Tlb-Total-Accesses:   14114245935  100.00%



--------
Two level Cache hierarchy
--------
  L1-Data Cache:
    Size(KB):          32
    Block Size(B):     64
    Associativity:      8

  L2-Data Cache:
    Size(KB):        1024
    Block Size(B):    128
    Associativity:      8

Latencies:    1   10  150
L1-Sets:   64 - LRU - assoc:   8
L2-Sets: 1024 - LRU - assoc:   8
Store_allocation: Yes
L2_inclusive: Yes
L2_prefetching: No

L1 Cache Stats:
L1-Load-Hits:        9223624956   99.46%
L1-Load-Misses:        50116366    0.54%
L1-Load-Accesses:    9273741322  100.00%

L1-Store-Hits:        4830300535   99.79%
L1-Store-Misses:        10204078    0.21%
L1-Store-Accesses:    4840504613  100.00%

L1-Total-Hits:       14053925491   99.57%
L1-Total-Misses:        60320444    0.43%
L1-Total-Accesses:   14114245935  100.00%

L2 Cache Stats:
L2-Load-Hits:          43990850   87.78%
L2-Load-Misses:         6125516   12.22%
L2-Load-Accesses:      50116366  100.00%

L2-Store-Hits:           7934758   77.76%
L2-Store-Misses:         2269320   22.24%
L2-Store-Accesses:      10204078  100.00%

L2-Total-Hits:          51925608   86.08%
L2-Total-Misses:         8394836   13.92%
L2-Total-Accesses:      60320444  100.00%

