--------
Total Statistics
--------
Total Instructions: 32491938858
Total Cycles: 49024156213
IPC: 0.662774

--------
Single level Tlb hierarchy
--------
  Data Tlb:
    Entries:          64
    Page Size(B):   4096
    Associativity:      4

Latencies:    0   50
Tlb-Sets:   16 - LRU - assoc:   4

Tlb Stats:
Tlb-Load-Hits:        9260709205   99.86%
Tlb-Load-Misses:        13032117    0.14%
Tlb-Load-Accesses:    9273741322  100.00%

Tlb-Store-Hits:        4836411765   99.92%
Tlb-Store-Misses:         4092848    0.08%
Tlb-Store-Accesses:    4840504613  100.00%

Tlb-Total-Hits:       14097120970   99.88%
Tlb-Total-Misses:        17124965    0.12%
Tlb-Total-Accesses:   14114245935  100.00%



--------
Two level Cache hierarchy
--------
  L1-Data Cache:
    Size(KB):          64
    Block Size(B):    128
    Associativity:      8

  L2-Data Cache:
    Size(KB):        1024
    Block Size(B):    128
    Associativity:      8

Latencies:    1   10  150
L1-Sets:   64 - LRU - assoc:   8
L2-Sets: 1024 - LRU - assoc:   8
Store_allocation: Yes
L2_inclusive: Yes
L2_prefetching: No

L1 Cache Stats:
L1-Load-Hits:        9248235659   99.72%
L1-Load-Misses:        25505663    0.28%
L1-Load-Accesses:    9273741322  100.00%

L1-Store-Hits:        4835941489   99.91%
L1-Store-Misses:         4563124    0.09%
L1-Store-Accesses:    4840504613  100.00%

L1-Total-Hits:       14084177148   99.79%
L1-Total-Misses:        30068787    0.21%
L1-Total-Accesses:   14114245935  100.00%

L2 Cache Stats:
L2-Load-Hits:          19371383   75.95%
L2-Load-Misses:         6134280   24.05%
L2-Load-Accesses:      25505663  100.00%

L2-Store-Hits:           2290502   50.20%
L2-Store-Misses:         2272622   49.80%
L2-Store-Accesses:       4563124  100.00%

L2-Total-Hits:          21661885   72.04%
L2-Total-Misses:         8406902   27.96%
L2-Total-Accesses:      30068787  100.00%

