--------
Total Statistics
--------
Total Instructions: 32491938858
Total Cycles: 49232717123
IPC: 0.659966

--------
Single level Tlb hierarchy
--------
  Data Tlb:
    Entries:          64
    Page Size(B):   4096
    Associativity:      8

Latencies:    0   50
Tlb-Sets:    8 - LRU - assoc:   8

Tlb Stats:
Tlb-Load-Hits:        9261900182   99.87%
Tlb-Load-Misses:        11841140    0.13%
Tlb-Load-Accesses:    9273741322  100.00%

Tlb-Store-Hits:        4837043649   99.93%
Tlb-Store-Misses:         3460964    0.07%
Tlb-Store-Accesses:    4840504613  100.00%

Tlb-Total-Hits:       14098943831   99.89%
Tlb-Total-Misses:        15302104    0.11%
Tlb-Total-Accesses:   14114245935  100.00%



--------
Two level Cache hierarchy
--------
  L1-Data Cache:
    Size(KB):          32
    Block Size(B):     64
    Associativity:      8

  L2-Data Cache:
    Size(KB):        1024
    Block Size(B):    128
    Associativity:      8

Latencies:    1   10  150
L1-Sets:   64 - LRU - assoc:   8
L2-Sets: 1024 - LRU - assoc:   8
Store_allocation: Yes
L2_inclusive: Yes
L2_prefetching: No

L1 Cache Stats:
L1-Load-Hits:        9223647383   99.46%
L1-Load-Misses:        50093939    0.54%
L1-Load-Accesses:    9273741322  100.00%

L1-Store-Hits:        4830313654   99.79%
L1-Store-Misses:        10190959    0.21%
L1-Store-Accesses:    4840504613  100.00%

L1-Total-Hits:       14053961037   99.57%
L1-Total-Misses:        60284898    0.43%
L1-Total-Accesses:   14114245935  100.00%

L2 Cache Stats:
L2-Load-Hits:          43973493   87.78%
L2-Load-Misses:         6120446   12.22%
L2-Load-Accesses:      50093939  100.00%

L2-Store-Hits:           7920884   77.72%
L2-Store-Misses:         2270075   22.28%
L2-Store-Accesses:      10190959  100.00%

L2-Total-Hits:          51894377   86.08%
L2-Total-Misses:         8390521   13.92%
L2-Total-Accesses:      60284898  100.00%

