--------
Total Statistics
--------
Total Instructions: 32491938858
Total Cycles: 48995790973
IPC: 0.663158

--------
Single level Tlb hierarchy
--------
  Data Tlb:
    Entries:         128
    Page Size(B):   4096
    Associativity:      4

Latencies:    0   50
Tlb-Sets:   32 - LRU - assoc:   4

Tlb Stats:
Tlb-Load-Hits:        9266182888   99.92%
Tlb-Load-Misses:         7558434    0.08%
Tlb-Load-Accesses:    9273741322  100.00%

Tlb-Store-Hits:        4837509294   99.94%
Tlb-Store-Misses:         2995319    0.06%
Tlb-Store-Accesses:    4840504613  100.00%

Tlb-Total-Hits:       14103692182   99.93%
Tlb-Total-Misses:        10553753    0.07%
Tlb-Total-Accesses:   14114245935  100.00%



--------
Two level Cache hierarchy
--------
  L1-Data Cache:
    Size(KB):          32
    Block Size(B):     64
    Associativity:      8

  L2-Data Cache:
    Size(KB):        1024
    Block Size(B):    128
    Associativity:      8

Latencies:    1   10  150
L1-Sets:   64 - LRU - assoc:   8
L2-Sets: 1024 - LRU - assoc:   8
Store_allocation: Yes
L2_inclusive: Yes
L2_prefetching: No

L1 Cache Stats:
L1-Load-Hits:        9223644260   99.46%
L1-Load-Misses:        50097062    0.54%
L1-Load-Accesses:    9273741322  100.00%

L1-Store-Hits:        4830307267   99.79%
L1-Store-Misses:        10197346    0.21%
L1-Store-Accesses:    4840504613  100.00%

L1-Total-Hits:       14053951527   99.57%
L1-Total-Misses:        60294408    0.43%
L1-Total-Accesses:   14114245935  100.00%

L2 Cache Stats:
L2-Load-Hits:          43974310   87.78%
L2-Load-Misses:         6122752   12.22%
L2-Load-Accesses:      50097062  100.00%

L2-Store-Hits:           7926935   77.74%
L2-Store-Misses:         2270411   22.26%
L2-Store-Accesses:      10197346  100.00%

L2-Total-Hits:          51901245   86.08%
L2-Total-Misses:         8393163   13.92%
L2-Total-Accesses:      60294408  100.00%

