--------
Total Statistics
--------
Total Instructions: 6594258431
Total Cycles: 8990033363
IPC: 0.733508

--------
Single level Tlb hierarchy
--------
  Data Tlb:
    Entries:          64
    Page Size(B):   4096
    Associativity:      4

Latencies:    0   50
Tlb-Sets:   16 - LRU - assoc:   4

Tlb Stats:
Tlb-Load-Hits:        1667274143   99.97%
Tlb-Load-Misses:          556971    0.03%
Tlb-Load-Accesses:    1667831114  100.00%

Tlb-Store-Hits:         565379633   99.99%
Tlb-Store-Misses:           52805    0.01%
Tlb-Store-Accesses:     565432438  100.00%

Tlb-Total-Hits:        2232653776   99.97%
Tlb-Total-Misses:          609776    0.03%
Tlb-Total-Accesses:    2233263552  100.00%



--------
Two level Cache hierarchy
--------
  L1-Data Cache:
    Size(KB):          32
    Block Size(B):     64
    Associativity:      8

  L2-Data Cache:
    Size(KB):        1024
    Block Size(B):    128
    Associativity:      8

Latencies:    1   10  150
L1-Sets:   64 - LRU - assoc:   8
L2-Sets: 1024 - LRU - assoc:   8
Store_allocation: Yes
L2_inclusive: Yes
L2_prefetching: Yes (  1)

L1 Cache Stats:
L1-Load-Hits:        1664444650   99.80%
L1-Load-Misses:         3386464    0.20%
L1-Load-Accesses:    1667831114  100.00%

L1-Store-Hits:         564902124   99.91%
L1-Store-Misses:          530314    0.09%
L1-Store-Accesses:     565432438  100.00%

L1-Total-Hits:        2229346774   99.82%
L1-Total-Misses:         3916778    0.18%
L1-Total-Accesses:    2233263552  100.00%

L2 Cache Stats:
L2-Load-Hits:           2864904   84.60%
L2-Load-Misses:          521560   15.40%
L2-Load-Accesses:       3386464  100.00%

L2-Store-Hits:            432842   81.62%
L2-Store-Misses:           97472   18.38%
L2-Store-Accesses:        530314  100.00%

L2-Total-Hits:           3297746   84.20%
L2-Total-Misses:          619032   15.80%
L2-Total-Accesses:       3916778  100.00%

