--------
Total Statistics
--------
Total Instructions: 6594258431
Total Cycles: 9045766013
IPC: 0.728988

--------
Single level Tlb hierarchy
--------
  Data Tlb:
    Entries:          64
    Page Size(B):   4096
    Associativity:      4

Latencies:    0   50
Tlb-Sets:   16 - LRU - assoc:   4

Tlb Stats:
Tlb-Load-Hits:        1667253479   99.97%
Tlb-Load-Misses:          577635    0.03%
Tlb-Load-Accesses:    1667831114  100.00%

Tlb-Store-Hits:         565373628   99.99%
Tlb-Store-Misses:           58810    0.01%
Tlb-Store-Accesses:     565432438  100.00%

Tlb-Total-Hits:        2232627107   99.97%
Tlb-Total-Misses:          636445    0.03%
Tlb-Total-Accesses:    2233263552  100.00%



--------
Two level Cache hierarchy
--------
  L1-Data Cache:
    Size(KB):          32
    Block Size(B):     64
    Associativity:      8

  L2-Data Cache:
    Size(KB):        1024
    Block Size(B):    128
    Associativity:      8

Latencies:    1   10  150
L1-Sets:   64 - LRU - assoc:   8
L2-Sets: 1024 - LRU - assoc:   8
Store_allocation: Yes
L2_inclusive: Yes
L2_prefetching: No

L1 Cache Stats:
L1-Load-Hits:        1664290949   99.79%
L1-Load-Misses:         3540165    0.21%
L1-Load-Accesses:    1667831114  100.00%

L1-Store-Hits:         564815970   99.89%
L1-Store-Misses:          616468    0.11%
L1-Store-Accesses:     565432438  100.00%

L1-Total-Hits:        2229106919   99.81%
L1-Total-Misses:         4156633    0.19%
L1-Total-Accesses:    2233263552  100.00%

L2 Cache Stats:
L2-Load-Hits:           2769470   78.23%
L2-Load-Misses:          770695   21.77%
L2-Load-Accesses:       3540165  100.00%

L2-Store-Hits:            421460   68.37%
L2-Store-Misses:          195008   31.63%
L2-Store-Accesses:        616468  100.00%

L2-Total-Hits:           3190930   76.77%
L2-Total-Misses:          965703   23.23%
L2-Total-Accesses:       4156633  100.00%

