--------
Total Statistics
--------
Total Instructions: 6594258456
Total Cycles: 8974366116
IPC: 0.734788

--------
Single level Tlb hierarchy
--------
  Data Tlb:
    Entries:          64
    Page Size(B):   4096
    Associativity:      4

Latencies:    0   50
Tlb-Sets:   16 - LRU - assoc:   4

Tlb Stats:
Tlb-Load-Hits:        1667274092   99.97%
Tlb-Load-Misses:          557030    0.03%
Tlb-Load-Accesses:    1667831122  100.00%

Tlb-Store-Hits:         565379693   99.99%
Tlb-Store-Misses:           52745    0.01%
Tlb-Store-Accesses:     565432438  100.00%

Tlb-Total-Hits:        2232653785   99.97%
Tlb-Total-Misses:          609775    0.03%
Tlb-Total-Accesses:    2233263560  100.00%



--------
Two level Cache hierarchy
--------
  L1-Data Cache:
    Size(KB):          32
    Block Size(B):     64
    Associativity:      8

  L2-Data Cache:
    Size(KB):        1024
    Block Size(B):    256
    Associativity:      8

Latencies:    1   10  150
L1-Sets:   64 - LRU - assoc:   8
L2-Sets:  512 - LRU - assoc:   8
Store_allocation: Yes
L2_inclusive: Yes
L2_prefetching: No

L1 Cache Stats:
L1-Load-Hits:        1664614515   99.81%
L1-Load-Misses:         3216607    0.19%
L1-Load-Accesses:    1667831122  100.00%

L1-Store-Hits:         564906090   99.91%
L1-Store-Misses:          526348    0.09%
L1-Store-Accesses:     565432438  100.00%

L1-Total-Hits:        2229520605   99.83%
L1-Total-Misses:         3742955    0.17%
L1-Total-Accesses:    2233263560  100.00%

L2 Cache Stats:
L2-Load-Hits:           2788034   86.68%
L2-Load-Misses:          428573   13.32%
L2-Load-Accesses:       3216607  100.00%

L2-Store-Hits:            428749   81.46%
L2-Store-Misses:           97599   18.54%
L2-Store-Accesses:        526348  100.00%

L2-Total-Hits:           3216783   85.94%
L2-Total-Misses:          526172   14.06%
L2-Total-Accesses:       3742955  100.00%

