--------
Total Statistics
--------
Total Instructions: 6594258456
Total Cycles: 9038158636
IPC: 0.729602

--------
Single level Tlb hierarchy
--------
  Data Tlb:
    Entries:          64
    Page Size(B):   4096
    Associativity:      4

Latencies:    0   50
Tlb-Sets:   16 - LRU - assoc:   4

Tlb Stats:
Tlb-Load-Hits:        1667270507   99.97%
Tlb-Load-Misses:          560615    0.03%
Tlb-Load-Accesses:    1667831122  100.00%

Tlb-Store-Hits:         565379209   99.99%
Tlb-Store-Misses:           53229    0.01%
Tlb-Store-Accesses:     565432438  100.00%

Tlb-Total-Hits:        2232649716   99.97%
Tlb-Total-Misses:          613844    0.03%
Tlb-Total-Accesses:    2233263560  100.00%



--------
Two level Cache hierarchy
--------
  L1-Data Cache:
    Size(KB):         128
    Block Size(B):     64
    Associativity:      8

  L2-Data Cache:
    Size(KB):        1024
    Block Size(B):    128
    Associativity:      8

Latencies:    1   10  150
L1-Sets:  256 - LRU - assoc:   8
L2-Sets: 1024 - LRU - assoc:   8
Store_allocation: Yes
L2_inclusive: Yes
L2_prefetching: No

L1 Cache Stats:
L1-Load-Hits:        1664917388   99.83%
L1-Load-Misses:         2913734    0.17%
L1-Load-Accesses:    1667831122  100.00%

L1-Store-Hits:         564855800   99.90%
L1-Store-Misses:          576638    0.10%
L1-Store-Accesses:     565432438  100.00%

L1-Total-Hits:        2229773188   99.84%
L1-Total-Misses:         3490372    0.16%
L1-Total-Accesses:    2233263560  100.00%

L2 Cache Stats:
L2-Load-Hits:           2142003   73.51%
L2-Load-Misses:          771731   26.49%
L2-Load-Accesses:       2913734  100.00%

L2-Store-Hits:            381431   66.15%
L2-Store-Misses:          195207   33.85%
L2-Store-Accesses:        576638  100.00%

L2-Total-Hits:           2523434   72.30%
L2-Total-Misses:          966938   27.70%
L2-Total-Accesses:       3490372  100.00%

