--------
Total Statistics
--------
Total Instructions: 6594258431
Total Cycles: 9039056803
IPC: 0.729529

--------
Single level Tlb hierarchy
--------
  Data Tlb:
    Entries:          64
    Page Size(B):   4096
    Associativity:     64

Latencies:    0   50
Tlb-Sets:    1 - LRU - assoc:  64

Tlb Stats:
Tlb-Load-Hits:        1667383765   99.97%
Tlb-Load-Misses:          447349    0.03%
Tlb-Load-Accesses:    1667831114  100.00%

Tlb-Store-Hits:         565384336   99.99%
Tlb-Store-Misses:           48102    0.01%
Tlb-Store-Accesses:     565432438  100.00%

Tlb-Total-Hits:        2232768101   99.98%
Tlb-Total-Misses:          495451    0.02%
Tlb-Total-Accesses:    2233263552  100.00%



--------
Two level Cache hierarchy
--------
  L1-Data Cache:
    Size(KB):          32
    Block Size(B):     64
    Associativity:      8

  L2-Data Cache:
    Size(KB):        1024
    Block Size(B):    128
    Associativity:      8

Latencies:    1   10  150
L1-Sets:   64 - LRU - assoc:   8
L2-Sets: 1024 - LRU - assoc:   8
Store_allocation: Yes
L2_inclusive: Yes
L2_prefetching: No

L1 Cache Stats:
L1-Load-Hits:        1664274146   99.79%
L1-Load-Misses:         3556968    0.21%
L1-Load-Accesses:    1667831114  100.00%

L1-Store-Hits:         564813154   99.89%
L1-Store-Misses:          619284    0.11%
L1-Store-Accesses:     565432438  100.00%

L1-Total-Hits:        2229087300   99.81%
L1-Total-Misses:         4176252    0.19%
L1-Total-Accesses:    2233263552  100.00%

L2 Cache Stats:
L2-Load-Hits:           2785397   78.31%
L2-Load-Misses:          771571   21.69%
L2-Load-Accesses:       3556968  100.00%

L2-Store-Hits:            424190   68.50%
L2-Store-Misses:          195094   31.50%
L2-Store-Accesses:        619284  100.00%

L2-Total-Hits:           3209587   76.85%
L2-Total-Misses:          966665   23.15%
L2-Total-Accesses:       4176252  100.00%

