--------
Total Statistics
--------
Total Instructions: 6594258431
Total Cycles: 9031978003
IPC: 0.730101

--------
Single level Tlb hierarchy
--------
  Data Tlb:
    Entries:          64
    Page Size(B):   4096
    Associativity:      4

Latencies:    0   50
Tlb-Sets:   16 - LRU - assoc:   4

Tlb Stats:
Tlb-Load-Hits:        1667168616   99.96%
Tlb-Load-Misses:          662498    0.04%
Tlb-Load-Accesses:    1667831114  100.00%

Tlb-Store-Hits:         565330308   99.98%
Tlb-Store-Misses:          102130    0.02%
Tlb-Store-Accesses:     565432438  100.00%

Tlb-Total-Hits:        2232498924   99.97%
Tlb-Total-Misses:          764628    0.03%
Tlb-Total-Accesses:    2233263552  100.00%



--------
Two level Cache hierarchy
--------
  L1-Data Cache:
    Size(KB):          32
    Block Size(B):    128
    Associativity:      8

  L2-Data Cache:
    Size(KB):        1024
    Block Size(B):    128
    Associativity:      8

Latencies:    1   10  150
L1-Sets:   32 - LRU - assoc:   8
L2-Sets: 1024 - LRU - assoc:   8
Store_allocation: Yes
L2_inclusive: Yes
L2_prefetching: No

L1 Cache Stats:
L1-Load-Hits:        1665972383   99.89%
L1-Load-Misses:         1858731    0.11%
L1-Load-Accesses:    1667831114  100.00%

L1-Store-Hits:         565190987   99.96%
L1-Store-Misses:          241451    0.04%
L1-Store-Accesses:     565432438  100.00%

L1-Total-Hits:        2231163370   99.91%
L1-Total-Misses:         2100182    0.09%
L1-Total-Accesses:    2233263552  100.00%

L2 Cache Stats:
L2-Load-Hits:           1085879   58.42%
L2-Load-Misses:          772852   41.58%
L2-Load-Accesses:       1858731  100.00%

L2-Store-Hits:             46151   19.11%
L2-Store-Misses:          195300   80.89%
L2-Store-Accesses:        241451  100.00%

L2-Total-Hits:           1132030   53.90%
L2-Total-Misses:          968152   46.10%
L2-Total-Accesses:       2100182  100.00%

