--------
Total Statistics
--------
Total Instructions: 6594258431
Total Cycles: 9020113973
IPC: 0.731062

--------
Single level Tlb hierarchy
--------
  Data Tlb:
    Entries:          64
    Page Size(B):   4096
    Associativity:      4

Latencies:    0   50
Tlb-Sets:   16 - LRU - assoc:   4

Tlb Stats:
Tlb-Load-Hits:        1667264395   99.97%
Tlb-Load-Misses:          566719    0.03%
Tlb-Load-Accesses:    1667831114  100.00%

Tlb-Store-Hits:         565378423   99.99%
Tlb-Store-Misses:           54015    0.01%
Tlb-Store-Accesses:     565432438  100.00%

Tlb-Total-Hits:        2232642818   99.97%
Tlb-Total-Misses:          620734    0.03%
Tlb-Total-Accesses:    2233263552  100.00%



--------
Two level Cache hierarchy
--------
  L1-Data Cache:
    Size(KB):          64
    Block Size(B):    128
    Associativity:      8

  L2-Data Cache:
    Size(KB):        1024
    Block Size(B):    128
    Associativity:      8

Latencies:    1   10  150
L1-Sets:   64 - LRU - assoc:   8
L2-Sets: 1024 - LRU - assoc:   8
Store_allocation: Yes
L2_inclusive: Yes
L2_prefetching: No

L1 Cache Stats:
L1-Load-Hits:        1666413989   99.92%
L1-Load-Misses:         1417125    0.08%
L1-Load-Accesses:    1667831114  100.00%

L1-Store-Hits:         565228944   99.96%
L1-Store-Misses:          203494    0.04%
L1-Store-Accesses:     565432438  100.00%

L1-Total-Hits:        2231642933   99.93%
L1-Total-Misses:         1620619    0.07%
L1-Total-Accesses:    2233263552  100.00%

L2 Cache Stats:
L2-Load-Hits:            643676   45.42%
L2-Load-Misses:          773449   54.58%
L2-Load-Accesses:       1417125  100.00%

L2-Store-Hits:              7949    3.91%
L2-Store-Misses:          195545   96.09%
L2-Store-Accesses:        203494  100.00%

L2-Total-Hits:            651625   40.21%
L2-Total-Misses:          968994   59.79%
L2-Total-Accesses:       1620619  100.00%

