--------
Total Statistics
--------
Total Instructions: 6594258431
Total Cycles: 9045081193
IPC: 0.729044

--------
Single level Tlb hierarchy
--------
  Data Tlb:
    Entries:          64
    Page Size(B):   4096
    Associativity:      4

Latencies:    0   50
Tlb-Sets:   16 - LRU - assoc:   4

Tlb Stats:
Tlb-Load-Hits:        1667268725   99.97%
Tlb-Load-Misses:          562389    0.03%
Tlb-Load-Accesses:    1667831114  100.00%

Tlb-Store-Hits:         565380466   99.99%
Tlb-Store-Misses:           51972    0.01%
Tlb-Store-Accesses:     565432438  100.00%

Tlb-Total-Hits:        2232649191   99.97%
Tlb-Total-Misses:          614361    0.03%
Tlb-Total-Accesses:    2233263552  100.00%



--------
Two level Cache hierarchy
--------
  L1-Data Cache:
    Size(KB):          32
    Block Size(B):     64
    Associativity:      4

  L2-Data Cache:
    Size(KB):        1024
    Block Size(B):    128
    Associativity:      8

Latencies:    1   10  150
L1-Sets:  128 - LRU - assoc:   4
L2-Sets: 1024 - LRU - assoc:   8
Store_allocation: Yes
L2_inclusive: Yes
L2_prefetching: No

L1 Cache Stats:
L1-Load-Hits:        1664257583   99.79%
L1-Load-Misses:         3573531    0.21%
L1-Load-Accesses:    1667831114  100.00%

L1-Store-Hits:         564811898   99.89%
L1-Store-Misses:          620540    0.11%
L1-Store-Accesses:     565432438  100.00%

L1-Total-Hits:        2229069481   99.81%
L1-Total-Misses:         4194071    0.19%
L1-Total-Accesses:    2233263552  100.00%

L2 Cache Stats:
L2-Load-Hits:           2802487   78.42%
L2-Load-Misses:          771044   21.58%
L2-Load-Accesses:       3573531  100.00%

L2-Store-Hits:            425581   68.58%
L2-Store-Misses:          194959   31.42%
L2-Store-Accesses:        620540  100.00%

L2-Total-Hits:           3228068   76.97%
L2-Total-Misses:          966003   23.03%
L2-Total-Accesses:       4194071  100.00%

