--------
Total Statistics
--------
Total Instructions: 6594258431
Total Cycles: 9055670383
IPC: 0.728191

--------
Single level Tlb hierarchy
--------
  Data Tlb:
    Entries:          64
    Page Size(B):   4096
    Associativity:      2

Latencies:    0   50
Tlb-Sets:   32 - LRU - assoc:   2

Tlb Stats:
Tlb-Load-Hits:        1667081326   99.96%
Tlb-Load-Misses:          749788    0.04%
Tlb-Load-Accesses:    1667831114  100.00%

Tlb-Store-Hits:         565348737   99.99%
Tlb-Store-Misses:           83701    0.01%
Tlb-Store-Accesses:     565432438  100.00%

Tlb-Total-Hits:        2232430063   99.96%
Tlb-Total-Misses:          833489    0.04%
Tlb-Total-Accesses:    2233263552  100.00%



--------
Two level Cache hierarchy
--------
  L1-Data Cache:
    Size(KB):          32
    Block Size(B):     64
    Associativity:      8

  L2-Data Cache:
    Size(KB):        1024
    Block Size(B):    128
    Associativity:      8

Latencies:    1   10  150
L1-Sets:   64 - LRU - assoc:   8
L2-Sets: 1024 - LRU - assoc:   8
Store_allocation: Yes
L2_inclusive: Yes
L2_prefetching: No

L1 Cache Stats:
L1-Load-Hits:        1664281516   99.79%
L1-Load-Misses:         3549598    0.21%
L1-Load-Accesses:    1667831114  100.00%

L1-Store-Hits:         564814246   99.89%
L1-Store-Misses:          618192    0.11%
L1-Store-Accesses:     565432438  100.00%

L1-Total-Hits:        2229095762   99.81%
L1-Total-Misses:         4167790    0.19%
L1-Total-Accesses:    2233263552  100.00%

L2 Cache Stats:
L2-Load-Hits:           2779386   78.30%
L2-Load-Misses:          770212   21.70%
L2-Load-Accesses:       3549598  100.00%

L2-Store-Hits:            423097   68.44%
L2-Store-Misses:          195095   31.56%
L2-Store-Accesses:        618192  100.00%

L2-Total-Hits:           3202483   76.84%
L2-Total-Misses:          965307   23.16%
L2-Total-Accesses:       4167790  100.00%

