--------
Total Statistics
--------
Total Instructions: 6594258431
Total Cycles: 9044670443
IPC: 0.729077

--------
Single level Tlb hierarchy
--------
  Data Tlb:
    Entries:          64
    Page Size(B):   4096
    Associativity:      4

Latencies:    0   50
Tlb-Sets:   16 - LRU - assoc:   4

Tlb Stats:
Tlb-Load-Hits:        1667269998   99.97%
Tlb-Load-Misses:          561116    0.03%
Tlb-Load-Accesses:    1667831114  100.00%

Tlb-Store-Hits:         565379121   99.99%
Tlb-Store-Misses:           53317    0.01%
Tlb-Store-Accesses:     565432438  100.00%

Tlb-Total-Hits:        2232649119   99.97%
Tlb-Total-Misses:          614433    0.03%
Tlb-Total-Accesses:    2233263552  100.00%



--------
Two level Cache hierarchy
--------
  L1-Data Cache:
    Size(KB):          32
    Block Size(B):     64
    Associativity:      8

  L2-Data Cache:
    Size(KB):        1024
    Block Size(B):    128
    Associativity:      8

Latencies:    1   10  150
L1-Sets:   64 - LRU - assoc:   8
L2-Sets: 1024 - LRU - assoc:   8
Store_allocation: Yes
L2_inclusive: Yes
L2_prefetching: No

L1 Cache Stats:
L1-Load-Hits:        1664283937   99.79%
L1-Load-Misses:         3547177    0.21%
L1-Load-Accesses:    1667831114  100.00%

L1-Store-Hits:         564823799   99.89%
L1-Store-Misses:          608639    0.11%
L1-Store-Accesses:     565432438  100.00%

L1-Total-Hits:        2229107736   99.81%
L1-Total-Misses:         4155816    0.19%
L1-Total-Accesses:    2233263552  100.00%

L2 Cache Stats:
L2-Load-Hits:           2776428   78.27%
L2-Load-Misses:          770749   21.73%
L2-Load-Accesses:       3547177  100.00%

L2-Store-Hits:            413597   67.95%
L2-Store-Misses:          195042   32.05%
L2-Store-Accesses:        608639  100.00%

L2-Total-Hits:           3190025   76.76%
L2-Total-Misses:          965791   23.24%
L2-Total-Accesses:       4155816  100.00%

