--------
Total Statistics
--------
Total Instructions: 6594258431
Total Cycles: 9029611343
IPC: 0.730293

--------
Single level Tlb hierarchy
--------
  Data Tlb:
    Entries:         128
    Page Size(B):   4096
    Associativity:      4

Latencies:    0   50
Tlb-Sets:   32 - LRU - assoc:   4

Tlb Stats:
Tlb-Load-Hits:        1667538405   99.98%
Tlb-Load-Misses:          292709    0.02%
Tlb-Load-Accesses:    1667831114  100.00%

Tlb-Store-Hits:         565411635  100.00%
Tlb-Store-Misses:           20803    0.00%
Tlb-Store-Accesses:     565432438  100.00%

Tlb-Total-Hits:        2232950040   99.99%
Tlb-Total-Misses:          313512    0.01%
Tlb-Total-Accesses:    2233263552  100.00%



--------
Two level Cache hierarchy
--------
  L1-Data Cache:
    Size(KB):          32
    Block Size(B):     64
    Associativity:      8

  L2-Data Cache:
    Size(KB):        1024
    Block Size(B):    128
    Associativity:      8

Latencies:    1   10  150
L1-Sets:   64 - LRU - assoc:   8
L2-Sets: 1024 - LRU - assoc:   8
Store_allocation: Yes
L2_inclusive: Yes
L2_prefetching: No

L1 Cache Stats:
L1-Load-Hits:        1664286489   99.79%
L1-Load-Misses:         3544625    0.21%
L1-Load-Accesses:    1667831114  100.00%

L1-Store-Hits:         564817452   99.89%
L1-Store-Misses:          614986    0.11%
L1-Store-Accesses:     565432438  100.00%

L1-Total-Hits:        2229103941   99.81%
L1-Total-Misses:         4159611    0.19%
L1-Total-Accesses:    2233263552  100.00%

L2 Cache Stats:
L2-Load-Hits:           2774091   78.26%
L2-Load-Misses:          770534   21.74%
L2-Load-Accesses:       3544625  100.00%

L2-Store-Hits:            420069   68.31%
L2-Store-Misses:          194917   31.69%
L2-Store-Accesses:        614986  100.00%

L2-Total-Hits:           3194160   76.79%
L2-Total-Misses:          965451   23.21%
L2-Total-Accesses:       4159611  100.00%

