--------
Total Statistics
--------
Total Instructions: 6594258431
Total Cycles: 9018572073
IPC: 0.731187

--------
Single level Tlb hierarchy
--------
  Data Tlb:
    Entries:          64
    Page Size(B):   4096
    Associativity:      4

Latencies:    0   50
Tlb-Sets:   16 - LRU - assoc:   4

Tlb Stats:
Tlb-Load-Hits:        1667276774   99.97%
Tlb-Load-Misses:          554340    0.03%
Tlb-Load-Accesses:    1667831114  100.00%

Tlb-Store-Hits:         565379481   99.99%
Tlb-Store-Misses:           52957    0.01%
Tlb-Store-Accesses:     565432438  100.00%

Tlb-Total-Hits:        2232656255   99.97%
Tlb-Total-Misses:          607297    0.03%
Tlb-Total-Accesses:    2233263552  100.00%



--------
Two level Cache hierarchy
--------
  L1-Data Cache:
    Size(KB):         128
    Block Size(B):    128
    Associativity:      8

  L2-Data Cache:
    Size(KB):        1024
    Block Size(B):    128
    Associativity:      8

Latencies:    1   10  150
L1-Sets:  128 - LRU - assoc:   8
L2-Sets: 1024 - LRU - assoc:   8
Store_allocation: Yes
L2_inclusive: Yes
L2_prefetching: No

L1 Cache Stats:
L1-Load-Hits:        1666551360   99.92%
L1-Load-Misses:         1279754    0.08%
L1-Load-Accesses:    1667831114  100.00%

L1-Store-Hits:         565233823   99.96%
L1-Store-Misses:          198615    0.04%
L1-Store-Accesses:     565432438  100.00%

L1-Total-Hits:        2231785183   99.93%
L1-Total-Misses:         1478369    0.07%
L1-Total-Accesses:    2233263552  100.00%

L2 Cache Stats:
L2-Load-Hits:            502985   39.30%
L2-Load-Misses:          776769   60.70%
L2-Load-Accesses:       1279754  100.00%

L2-Store-Hits:              2707    1.36%
L2-Store-Misses:          195908   98.64%
L2-Store-Accesses:        198615  100.00%

L2-Total-Hits:            505692   34.21%
L2-Total-Misses:          972677   65.79%
L2-Total-Accesses:       1478369  100.00%

