--------
Total Statistics
--------
Total Instructions: 6594258431
Total Cycles: 8952634643
IPC: 0.736572

--------
Single level Tlb hierarchy
--------
  Data Tlb:
    Entries:          64
    Page Size(B):   4096
    Associativity:      4

Latencies:    0   50
Tlb-Sets:   16 - LRU - assoc:   4

Tlb Stats:
Tlb-Load-Hits:        1667282041   99.97%
Tlb-Load-Misses:          549073    0.03%
Tlb-Load-Accesses:    1667831114  100.00%

Tlb-Store-Hits:         565378806   99.99%
Tlb-Store-Misses:           53632    0.01%
Tlb-Store-Accesses:     565432438  100.00%

Tlb-Total-Hits:        2232660847   99.97%
Tlb-Total-Misses:          602705    0.03%
Tlb-Total-Accesses:    2233263552  100.00%



--------
Two level Cache hierarchy
--------
  L1-Data Cache:
    Size(KB):          32
    Block Size(B):     64
    Associativity:      8

  L2-Data Cache:
    Size(KB):        1024
    Block Size(B):    128
    Associativity:      8

Latencies:    1   10  150
L1-Sets:   64 - LRU - assoc:   8
L2-Sets: 1024 - LRU - assoc:   8
Store_allocation: Yes
L2_inclusive: Yes
L2_prefetching: Yes (  4)

L1 Cache Stats:
L1-Load-Hits:        1664655955   99.81%
L1-Load-Misses:         3175159    0.19%
L1-Load-Accesses:    1667831114  100.00%

L1-Store-Hits:         564961641   99.92%
L1-Store-Misses:          470797    0.08%
L1-Store-Accesses:     565432438  100.00%

L1-Total-Hits:        2229617596   99.84%
L1-Total-Misses:         3645956    0.16%
L1-Total-Accesses:    2233263552  100.00%

L2 Cache Stats:
L2-Load-Hits:           2824180   88.95%
L2-Load-Misses:          350979   11.05%
L2-Load-Accesses:       3175159  100.00%

L2-Store-Hits:            431657   91.69%
L2-Store-Misses:           39140    8.31%
L2-Store-Accesses:        470797  100.00%

L2-Total-Hits:           3255837   89.30%
L2-Total-Misses:          390119   10.70%
L2-Total-Accesses:       3645956  100.00%

