--------
Total Statistics
--------
Total Instructions: 6594258478
Total Cycles: 9136958516
IPC: 0.721713

--------
Single level Tlb hierarchy
--------
  Data Tlb:
    Entries:          64
    Page Size(B):   4096
    Associativity:      1

Latencies:    0   50
Tlb-Sets:   64 - LRU - assoc:   1

Tlb Stats:
Tlb-Load-Hits:        1665680474   99.87%
Tlb-Load-Misses:         2150656    0.13%
Tlb-Load-Accesses:    1667831130  100.00%

Tlb-Store-Hits:         565126006   99.95%
Tlb-Store-Misses:          306432    0.05%
Tlb-Store-Accesses:     565432438  100.00%

Tlb-Total-Hits:        2230806480   99.89%
Tlb-Total-Misses:         2457088    0.11%
Tlb-Total-Accesses:    2233263568  100.00%



--------
Two level Cache hierarchy
--------
  L1-Data Cache:
    Size(KB):          32
    Block Size(B):     64
    Associativity:      8

  L2-Data Cache:
    Size(KB):        1024
    Block Size(B):    128
    Associativity:      8

Latencies:    1   10  150
L1-Sets:   64 - LRU - assoc:   8
L2-Sets: 1024 - LRU - assoc:   8
Store_allocation: Yes
L2_inclusive: Yes
L2_prefetching: No

L1 Cache Stats:
L1-Load-Hits:        1664274282   99.79%
L1-Load-Misses:         3556848    0.21%
L1-Load-Accesses:    1667831130  100.00%

L1-Store-Hits:         564813879   99.89%
L1-Store-Misses:          618559    0.11%
L1-Store-Accesses:     565432438  100.00%

L1-Total-Hits:        2229088161   99.81%
L1-Total-Misses:         4175407    0.19%
L1-Total-Accesses:    2233263568  100.00%

L2 Cache Stats:
L2-Load-Hits:           2786389   78.34%
L2-Load-Misses:          770459   21.66%
L2-Load-Accesses:       3556848  100.00%

L2-Store-Hits:            423498   68.47%
L2-Store-Misses:          195061   31.53%
L2-Store-Accesses:        618559  100.00%

L2-Total-Hits:           3209887   76.88%
L2-Total-Misses:          965520   23.12%
L2-Total-Accesses:       4175407  100.00%

