--------
Total Statistics
--------
Total Instructions: 6594258431
Total Cycles: 9190072953
IPC: 0.717541

--------
Single level Tlb hierarchy
--------
  Data Tlb:
    Entries:          64
    Page Size(B):   4096
    Associativity:      4

Latencies:    0   50
Tlb-Sets:   16 - LRU - assoc:   4

Tlb Stats:
Tlb-Load-Hits:        1667279694   99.97%
Tlb-Load-Misses:          551420    0.03%
Tlb-Load-Accesses:    1667831114  100.00%

Tlb-Store-Hits:         565380100   99.99%
Tlb-Store-Misses:           52338    0.01%
Tlb-Store-Accesses:     565432438  100.00%

Tlb-Total-Hits:        2232659794   99.97%
Tlb-Total-Misses:          603758    0.03%
Tlb-Total-Accesses:    2233263552  100.00%



--------
Two level Cache hierarchy
--------
  L1-Data Cache:
    Size(KB):          32
    Block Size(B):     64
    Associativity:      8

  L2-Data Cache:
    Size(KB):         512
    Block Size(B):     64
    Associativity:      8

Latencies:    1   10  150
L1-Sets:   64 - LRU - assoc:   8
L2-Sets: 1024 - LRU - assoc:   8
Store_allocation: Yes
L2_inclusive: Yes
L2_prefetching: No

L1 Cache Stats:
L1-Load-Hits:        1665234215   99.84%
L1-Load-Misses:         2596899    0.16%
L1-Load-Accesses:    1667831114  100.00%

L1-Store-Hits:         565014580   99.93%
L1-Store-Misses:          417858    0.07%
L1-Store-Accesses:     565432438  100.00%

L1-Total-Hits:        2230248795   99.87%
L1-Total-Misses:         3014757    0.13%
L1-Total-Accesses:    2233263552  100.00%

L2 Cache Stats:
L2-Load-Hits:            974185   37.51%
L2-Load-Misses:         1622714   62.49%
L2-Load-Accesses:       2596899  100.00%

L2-Store-Hits:             25802    6.17%
L2-Store-Misses:          392056   93.83%
L2-Store-Accesses:        417858  100.00%

L2-Total-Hits:            999987   33.17%
L2-Total-Misses:         2014770   66.83%
L2-Total-Accesses:       3014757  100.00%

