--------
Total Statistics
--------
Total Instructions: 6594258456
Total Cycles: 9003045046
IPC: 0.732448

--------
Single level Tlb hierarchy
--------
  Data Tlb:
    Entries:          64
    Page Size(B):   4096
    Associativity:      4

Latencies:    0   50
Tlb-Sets:   16 - LRU - assoc:   4

Tlb Stats:
Tlb-Load-Hits:        1667275919   99.97%
Tlb-Load-Misses:          555203    0.03%
Tlb-Load-Accesses:    1667831122  100.00%

Tlb-Store-Hits:         565380518   99.99%
Tlb-Store-Misses:           51920    0.01%
Tlb-Store-Accesses:     565432438  100.00%

Tlb-Total-Hits:        2232656437   99.97%
Tlb-Total-Misses:          607123    0.03%
Tlb-Total-Accesses:    2233263560  100.00%



--------
Two level Cache hierarchy
--------
  L1-Data Cache:
    Size(KB):          32
    Block Size(B):     64
    Associativity:      8

  L2-Data Cache:
    Size(KB):         512
    Block Size(B):    256
    Associativity:      8

Latencies:    1   10  150
L1-Sets:   64 - LRU - assoc:   8
L2-Sets:  256 - LRU - assoc:   8
Store_allocation: Yes
L2_inclusive: Yes
L2_prefetching: No

L1 Cache Stats:
L1-Load-Hits:        1664385069   99.79%
L1-Load-Misses:         3446053    0.21%
L1-Load-Accesses:    1667831122  100.00%

L1-Store-Hits:         564899963   99.91%
L1-Store-Misses:          532475    0.09%
L1-Store-Accesses:     565432438  100.00%

L1-Total-Hits:        2229285032   99.82%
L1-Total-Misses:         3978528    0.18%
L1-Total-Accesses:    2233263560  100.00%

L2 Cache Stats:
L2-Load-Hits:           2842844   82.50%
L2-Load-Misses:          603209   17.50%
L2-Load-Accesses:       3446053  100.00%

L2-Store-Hits:            433140   81.34%
L2-Store-Misses:           99335   18.66%
L2-Store-Accesses:        532475  100.00%

L2-Total-Hits:           3275984   82.34%
L2-Total-Misses:          702544   17.66%
L2-Total-Accesses:       3978528  100.00%

