--------
Total Statistics
--------
Total Instructions: 6594258431
Total Cycles: 8951178533
IPC: 0.736692

--------
Single level Tlb hierarchy
--------
  Data Tlb:
    Entries:          64
    Page Size(B):   4096
    Associativity:      4

Latencies:    0   50
Tlb-Sets:   16 - LRU - assoc:   4

Tlb Stats:
Tlb-Load-Hits:        1667140941   99.96%
Tlb-Load-Misses:          690173    0.04%
Tlb-Load-Accesses:    1667831114  100.00%

Tlb-Store-Hits:         565338806   99.98%
Tlb-Store-Misses:           93632    0.02%
Tlb-Store-Accesses:     565432438  100.00%

Tlb-Total-Hits:        2232479747   99.96%
Tlb-Total-Misses:          783805    0.04%
Tlb-Total-Accesses:    2233263552  100.00%



--------
Two level Cache hierarchy
--------
  L1-Data Cache:
    Size(KB):          32
    Block Size(B):     64
    Associativity:      8

  L2-Data Cache:
    Size(KB):        1024
    Block Size(B):    128
    Associativity:      8

Latencies:    1   10  150
L1-Sets:   64 - LRU - assoc:   8
L2-Sets: 1024 - LRU - assoc:   8
Store_allocation: Yes
L2_inclusive: Yes
L2_prefetching: Yes ( 32)

L1 Cache Stats:
L1-Load-Hits:        1664769747   99.82%
L1-Load-Misses:         3061367    0.18%
L1-Load-Accesses:    1667831114  100.00%

L1-Store-Hits:         565003250   99.92%
L1-Store-Misses:          429188    0.08%
L1-Store-Accesses:     565432438  100.00%

L1-Total-Hits:        2229772997   99.84%
L1-Total-Misses:         3490555    0.16%
L1-Total-Accesses:    2233263552  100.00%

L2 Cache Stats:
L2-Load-Hits:           2740080   89.51%
L2-Load-Misses:          321287   10.49%
L2-Load-Accesses:       3061367  100.00%

L2-Store-Hits:            420070   97.88%
L2-Store-Misses:            9118    2.12%
L2-Store-Accesses:        429188  100.00%

L2-Total-Hits:           3160150   90.53%
L2-Total-Misses:          330405    9.47%
L2-Total-Accesses:       3490555  100.00%

