--------
Total Statistics
--------
Total Instructions: 6594258431
Total Cycles: 9040201673
IPC: 0.729437

--------
Single level Tlb hierarchy
--------
  Data Tlb:
    Entries:          64
    Page Size(B):   4096
    Associativity:     32

Latencies:    0   50
Tlb-Sets:    2 - LRU - assoc:  32

Tlb Stats:
Tlb-Load-Hits:        1667371968   99.97%
Tlb-Load-Misses:          459146    0.03%
Tlb-Load-Accesses:    1667831114  100.00%

Tlb-Store-Hits:         565373596   99.99%
Tlb-Store-Misses:           58842    0.01%
Tlb-Store-Accesses:     565432438  100.00%

Tlb-Total-Hits:        2232745564   99.98%
Tlb-Total-Misses:          517988    0.02%
Tlb-Total-Accesses:    2233263552  100.00%



--------
Two level Cache hierarchy
--------
  L1-Data Cache:
    Size(KB):          32
    Block Size(B):     64
    Associativity:      8

  L2-Data Cache:
    Size(KB):        1024
    Block Size(B):    128
    Associativity:      8

Latencies:    1   10  150
L1-Sets:   64 - LRU - assoc:   8
L2-Sets: 1024 - LRU - assoc:   8
Store_allocation: Yes
L2_inclusive: Yes
L2_prefetching: No

L1 Cache Stats:
L1-Load-Hits:        1664257423   99.79%
L1-Load-Misses:         3573691    0.21%
L1-Load-Accesses:    1667831114  100.00%

L1-Store-Hits:         564816195   99.89%
L1-Store-Misses:          616243    0.11%
L1-Store-Accesses:     565432438  100.00%

L1-Total-Hits:        2229073618   99.81%
L1-Total-Misses:         4189934    0.19%
L1-Total-Accesses:    2233263552  100.00%

L2 Cache Stats:
L2-Load-Hits:           2802758   78.43%
L2-Load-Misses:          770933   21.57%
L2-Load-Accesses:       3573691  100.00%

L2-Store-Hits:            421303   68.37%
L2-Store-Misses:          194940   31.63%
L2-Store-Accesses:        616243  100.00%

L2-Total-Hits:           3224061   76.95%
L2-Total-Misses:          965873   23.05%
L2-Total-Accesses:       4189934  100.00%

