--------
Total Statistics
--------
Total Instructions: 6594258431
Total Cycles: 9055428303
IPC: 0.728211

--------
Single level Tlb hierarchy
--------
  Data Tlb:
    Entries:          64
    Page Size(B):   4096
    Associativity:      4

Latencies:    0   50
Tlb-Sets:   16 - LRU - assoc:   4

Tlb Stats:
Tlb-Load-Hits:        1667284664   99.97%
Tlb-Load-Misses:          546450    0.03%
Tlb-Load-Accesses:    1667831114  100.00%

Tlb-Store-Hits:         565380483   99.99%
Tlb-Store-Misses:           51955    0.01%
Tlb-Store-Accesses:     565432438  100.00%

Tlb-Total-Hits:        2232665147   99.97%
Tlb-Total-Misses:          598405    0.03%
Tlb-Total-Accesses:    2233263552  100.00%



--------
Two level Cache hierarchy
--------
  L1-Data Cache:
    Size(KB):          64
    Block Size(B):     32
    Associativity:      8

  L2-Data Cache:
    Size(KB):        1024
    Block Size(B):    128
    Associativity:      8

Latencies:    1   10  150
L1-Sets:  256 - LRU - assoc:   8
L2-Sets: 1024 - LRU - assoc:   8
Store_allocation: Yes
L2_inclusive: Yes
L2_prefetching: No

L1 Cache Stats:
L1-Load-Hits:        1663496645   99.74%
L1-Load-Misses:         4334469    0.26%
L1-Load-Accesses:    1667831114  100.00%

L1-Store-Hits:         564456350   99.83%
L1-Store-Misses:          976088    0.17%
L1-Store-Accesses:     565432438  100.00%

L1-Total-Hits:        2227952995   99.76%
L1-Total-Misses:         5310557    0.24%
L1-Total-Accesses:    2233263552  100.00%

L2 Cache Stats:
L2-Load-Hits:           3563716   82.22%
L2-Load-Misses:          770753   17.78%
L2-Load-Accesses:       4334469  100.00%

L2-Store-Hits:            780971   80.01%
L2-Store-Misses:          195117   19.99%
L2-Store-Accesses:        976088  100.00%

L2-Total-Hits:           4344687   81.81%
L2-Total-Misses:          965870   18.19%
L2-Total-Accesses:       5310557  100.00%

