--------
Total Statistics
--------
Total Instructions: 6594258431
Total Cycles: 8941775723
IPC: 0.737466

--------
Single level Tlb hierarchy
--------
  Data Tlb:
    Entries:          64
    Page Size(B):   4096
    Associativity:      4

Latencies:    0   50
Tlb-Sets:   16 - LRU - assoc:   4

Tlb Stats:
Tlb-Load-Hits:        1667279004   99.97%
Tlb-Load-Misses:          552110    0.03%
Tlb-Load-Accesses:    1667831114  100.00%

Tlb-Store-Hits:         565379754   99.99%
Tlb-Store-Misses:           52684    0.01%
Tlb-Store-Accesses:     565432438  100.00%

Tlb-Total-Hits:        2232658758   99.97%
Tlb-Total-Misses:          604794    0.03%
Tlb-Total-Accesses:    2233263552  100.00%



--------
Two level Cache hierarchy
--------
  L1-Data Cache:
    Size(KB):          32
    Block Size(B):     64
    Associativity:      8

  L2-Data Cache:
    Size(KB):        1024
    Block Size(B):    128
    Associativity:      8

Latencies:    1   10  150
L1-Sets:   64 - LRU - assoc:   8
L2-Sets: 1024 - LRU - assoc:   8
Store_allocation: Yes
L2_inclusive: Yes
L2_prefetching: Yes ( 16)

L1 Cache Stats:
L1-Load-Hits:        1664671038   99.81%
L1-Load-Misses:         3160076    0.19%
L1-Load-Accesses:    1667831114  100.00%

L1-Store-Hits:         564996270   99.92%
L1-Store-Misses:          436168    0.08%
L1-Store-Accesses:     565432438  100.00%

L1-Total-Hits:        2229667308   99.84%
L1-Total-Misses:         3596244    0.16%
L1-Total-Accesses:    2233263552  100.00%

L2 Cache Stats:
L2-Load-Hits:           2853169   90.29%
L2-Load-Misses:          306907    9.71%
L2-Load-Accesses:       3160076  100.00%

L2-Store-Hits:            422731   96.92%
L2-Store-Misses:           13437    3.08%
L2-Store-Accesses:        436168  100.00%

L2-Total-Hits:           3275900   91.09%
L2-Total-Misses:          320344    8.91%
L2-Total-Accesses:       3596244  100.00%

