--------
Total Statistics
--------
Total Instructions: 6594258431
Total Cycles: 9040424863
IPC: 0.729419

--------
Single level Tlb hierarchy
--------
  Data Tlb:
    Entries:          64
    Page Size(B):   4096
    Associativity:     16

Latencies:    0   50
Tlb-Sets:    4 - LRU - assoc:  16

Tlb Stats:
Tlb-Load-Hits:        1667364306   99.97%
Tlb-Load-Misses:          466808    0.03%
Tlb-Load-Accesses:    1667831114  100.00%

Tlb-Store-Hits:         565375068   99.99%
Tlb-Store-Misses:           57370    0.01%
Tlb-Store-Accesses:     565432438  100.00%

Tlb-Total-Hits:        2232739374   99.98%
Tlb-Total-Misses:          524178    0.02%
Tlb-Total-Accesses:    2233263552  100.00%



--------
Two level Cache hierarchy
--------
  L1-Data Cache:
    Size(KB):          32
    Block Size(B):     64
    Associativity:      8

  L2-Data Cache:
    Size(KB):        1024
    Block Size(B):    128
    Associativity:      8

Latencies:    1   10  150
L1-Sets:   64 - LRU - assoc:   8
L2-Sets: 1024 - LRU - assoc:   8
Store_allocation: Yes
L2_inclusive: Yes
L2_prefetching: No

L1 Cache Stats:
L1-Load-Hits:        1664261674   99.79%
L1-Load-Misses:         3569440    0.21%
L1-Load-Accesses:    1667831114  100.00%

L1-Store-Hits:         564812520   99.89%
L1-Store-Misses:          619918    0.11%
L1-Store-Accesses:     565432438  100.00%

L1-Total-Hits:        2229074194   99.81%
L1-Total-Misses:         4189358    0.19%
L1-Total-Accesses:    2233263552  100.00%

L2 Cache Stats:
L2-Load-Hits:           2799090   78.42%
L2-Load-Misses:          770350   21.58%
L2-Load-Accesses:       3569440  100.00%

L2-Store-Hits:            424932   68.55%
L2-Store-Misses:          194986   31.45%
L2-Store-Accesses:        619918  100.00%

L2-Total-Hits:           3224022   76.96%
L2-Total-Misses:          965336   23.04%
L2-Total-Accesses:       4189358  100.00%

