--------
Total Statistics
--------
Total Instructions: 6594258431
Total Cycles: 9045151223
IPC: 0.729038

--------
Single level Tlb hierarchy
--------
  Data Tlb:
    Entries:          64
    Page Size(B):   4096
    Associativity:      4

Latencies:    0   50
Tlb-Sets:   16 - LRU - assoc:   4

Tlb Stats:
Tlb-Load-Hits:        1667265855   99.97%
Tlb-Load-Misses:          565259    0.03%
Tlb-Load-Accesses:    1667831114  100.00%

Tlb-Store-Hits:         565374325   99.99%
Tlb-Store-Misses:           58113    0.01%
Tlb-Store-Accesses:     565432438  100.00%

Tlb-Total-Hits:        2232640180   99.97%
Tlb-Total-Misses:          623372    0.03%
Tlb-Total-Accesses:    2233263552  100.00%



--------
Two level Cache hierarchy
--------
  L1-Data Cache:
    Size(KB):          32
    Block Size(B):     64
    Associativity:      8

  L2-Data Cache:
    Size(KB):        1024
    Block Size(B):    128
    Associativity:      8

Latencies:    1   10  150
L1-Sets:   64 - LRU - assoc:   8
L2-Sets: 1024 - LRU - assoc:   8
Store_allocation: Yes
L2_inclusive: Yes
L2_prefetching: No

L1 Cache Stats:
L1-Load-Hits:        1664283897   99.79%
L1-Load-Misses:         3547217    0.21%
L1-Load-Accesses:    1667831114  100.00%

L1-Store-Hits:         564812491   99.89%
L1-Store-Misses:          619947    0.11%
L1-Store-Accesses:     565432438  100.00%

L1-Total-Hits:        2229096388   99.81%
L1-Total-Misses:         4167164    0.19%
L1-Total-Accesses:    2233263552  100.00%

L2 Cache Stats:
L2-Load-Hits:           2777054   78.29%
L2-Load-Misses:          770163   21.71%
L2-Load-Accesses:       3547217  100.00%

L2-Store-Hits:            424850   68.53%
L2-Store-Misses:          195097   31.47%
L2-Store-Accesses:        619947  100.00%

L2-Total-Hits:           3201904   76.84%
L2-Total-Misses:          965260   23.16%
L2-Total-Accesses:       4167164  100.00%

