--------
Total Statistics
--------
Total Instructions: 6594258431
Total Cycles: 9023929433
IPC: 0.730752

--------
Single level Tlb hierarchy
--------
  Data Tlb:
    Entries:         256
    Page Size(B):   4096
    Associativity:      4

Latencies:    0   50
Tlb-Sets:   64 - LRU - assoc:   4

Tlb Stats:
Tlb-Load-Hits:        1667648645   99.99%
Tlb-Load-Misses:          182469    0.01%
Tlb-Load-Accesses:    1667831114  100.00%

Tlb-Store-Hits:         565422480  100.00%
Tlb-Store-Misses:            9958    0.00%
Tlb-Store-Accesses:     565432438  100.00%

Tlb-Total-Hits:        2233071125   99.99%
Tlb-Total-Misses:          192427    0.01%
Tlb-Total-Accesses:    2233263552  100.00%



--------
Two level Cache hierarchy
--------
  L1-Data Cache:
    Size(KB):          32
    Block Size(B):     64
    Associativity:      8

  L2-Data Cache:
    Size(KB):        1024
    Block Size(B):    128
    Associativity:      8

Latencies:    1   10  150
L1-Sets:   64 - LRU - assoc:   8
L2-Sets: 1024 - LRU - assoc:   8
Store_allocation: Yes
L2_inclusive: Yes
L2_prefetching: No

L1 Cache Stats:
L1-Load-Hits:        1664253648   99.79%
L1-Load-Misses:         3577466    0.21%
L1-Load-Accesses:    1667831114  100.00%

L1-Store-Hits:         564812489   99.89%
L1-Store-Misses:          619949    0.11%
L1-Store-Accesses:     565432438  100.00%

L1-Total-Hits:        2229066137   99.81%
L1-Total-Misses:         4197415    0.19%
L1-Total-Accesses:    2233263552  100.00%

L2 Cache Stats:
L2-Load-Hits:           2807066   78.47%
L2-Load-Misses:          770400   21.53%
L2-Load-Accesses:       3577466  100.00%

L2-Store-Hits:            424936   68.54%
L2-Store-Misses:          195013   31.46%
L2-Store-Accesses:        619949  100.00%

L2-Total-Hits:           3232002   77.00%
L2-Total-Misses:          965413   23.00%
L2-Total-Accesses:       4197415  100.00%

