--------
Total Statistics
--------
Total Instructions: 6594258431
Total Cycles: 8947338933
IPC: 0.737008

--------
Single level Tlb hierarchy
--------
  Data Tlb:
    Entries:          64
    Page Size(B):   4096
    Associativity:      4

Latencies:    0   50
Tlb-Sets:   16 - LRU - assoc:   4

Tlb Stats:
Tlb-Load-Hits:        1667267969   99.97%
Tlb-Load-Misses:          563145    0.03%
Tlb-Load-Accesses:    1667831114  100.00%

Tlb-Store-Hits:         565379660   99.99%
Tlb-Store-Misses:           52778    0.01%
Tlb-Store-Accesses:     565432438  100.00%

Tlb-Total-Hits:        2232647629   99.97%
Tlb-Total-Misses:          615923    0.03%
Tlb-Total-Accesses:    2233263552  100.00%



--------
Two level Cache hierarchy
--------
  L1-Data Cache:
    Size(KB):          32
    Block Size(B):     64
    Associativity:      8

  L2-Data Cache:
    Size(KB):        1024
    Block Size(B):    128
    Associativity:      8

Latencies:    1   10  150
L1-Sets:   64 - LRU - assoc:   8
L2-Sets: 1024 - LRU - assoc:   8
Store_allocation: Yes
L2_inclusive: Yes
L2_prefetching: Yes ( 64)

L1 Cache Stats:
L1-Load-Hits:        1664759740   99.82%
L1-Load-Misses:         3071374    0.18%
L1-Load-Accesses:    1667831114  100.00%

L1-Store-Hits:         565004012   99.92%
L1-Store-Misses:          428426    0.08%
L1-Store-Accesses:     565432438  100.00%

L1-Total-Hits:        2229763752   99.84%
L1-Total-Misses:         3499800    0.16%
L1-Total-Accesses:    2233263552  100.00%

L2 Cache Stats:
L2-Load-Hits:           2722075   88.63%
L2-Load-Misses:          349299   11.37%
L2-Load-Accesses:       3071374  100.00%

L2-Store-Hits:            417573   97.47%
L2-Store-Misses:           10853    2.53%
L2-Store-Accesses:        428426  100.00%

L2-Total-Hits:           3139648   89.71%
L2-Total-Misses:          360152   10.29%
L2-Total-Accesses:       3499800  100.00%

