--------
Total Statistics
--------
Total Instructions: 6594258431
Total Cycles: 9041613903
IPC: 0.729323

--------
Single level Tlb hierarchy
--------
  Data Tlb:
    Entries:          64
    Page Size(B):   4096
    Associativity:      4

Latencies:    0   50
Tlb-Sets:   16 - LRU - assoc:   4

Tlb Stats:
Tlb-Load-Hits:        1667276667   99.97%
Tlb-Load-Misses:          554447    0.03%
Tlb-Load-Accesses:    1667831114  100.00%

Tlb-Store-Hits:         565379843   99.99%
Tlb-Store-Misses:           52595    0.01%
Tlb-Store-Accesses:     565432438  100.00%

Tlb-Total-Hits:        2232656510   99.97%
Tlb-Total-Misses:          607042    0.03%
Tlb-Total-Accesses:    2233263552  100.00%



--------
Two level Cache hierarchy
--------
  L1-Data Cache:
    Size(KB):          32
    Block Size(B):     64
    Associativity:      8

  L2-Data Cache:
    Size(KB):        2048
    Block Size(B):    128
    Associativity:     16

Latencies:    1   10  150
L1-Sets:   64 - LRU - assoc:   8
L2-Sets: 1024 - LRU - assoc:  16
Store_allocation: Yes
L2_inclusive: Yes
L2_prefetching: No

L1 Cache Stats:
L1-Load-Hits:        1664285722   99.79%
L1-Load-Misses:         3545392    0.21%
L1-Load-Accesses:    1667831114  100.00%

L1-Store-Hits:         564815373   99.89%
L1-Store-Misses:          617065    0.11%
L1-Store-Accesses:     565432438  100.00%

L1-Total-Hits:        2229101095   99.81%
L1-Total-Misses:         4162457    0.19%
L1-Total-Accesses:    2233263552  100.00%

L2 Cache Stats:
L2-Load-Hits:           2792636   78.77%
L2-Load-Misses:          752756   21.23%
L2-Load-Accesses:       3545392  100.00%

L2-Store-Hits:            422386   68.45%
L2-Store-Misses:          194679   31.55%
L2-Store-Accesses:        617065  100.00%

L2-Total-Hits:           3215022   77.24%
L2-Total-Misses:          947435   22.76%
L2-Total-Accesses:       4162457  100.00%

