--------
Total Statistics
--------
Total Instructions: 17762795945
Total Cycles: 75965291877
IPC: 0.233828

--------
Single level Tlb hierarchy
--------
  Data Tlb:
    Entries:          64
    Page Size(B):   4096
    Associativity:      4

Latencies:    0   50
Tlb-Sets:   16 - LRU - assoc:   4

Tlb Stats:
Tlb-Load-Hits:        2975246527   98.89%
Tlb-Load-Misses:        33393809    1.11%
Tlb-Load-Accesses:    3008640336  100.00%

Tlb-Store-Hits:          85587943   99.83%
Tlb-Store-Misses:          143153    0.17%
Tlb-Store-Accesses:      85731096  100.00%

Tlb-Total-Hits:        3060834470   98.92%
Tlb-Total-Misses:        33536962    1.08%
Tlb-Total-Accesses:    3094371432  100.00%



--------
Two level Cache hierarchy
--------
  L1-Data Cache:
    Size(KB):          32
    Block Size(B):     64
    Associativity:      8

  L2-Data Cache:
    Size(KB):        1024
    Block Size(B):     64
    Associativity:     16

Latencies:    1   10  150
L1-Sets:   64 - LRU - assoc:   8
L2-Sets: 1024 - LRU - assoc:  16
Store_allocation: Yes
L2_inclusive: Yes
L2_prefetching: No

L1 Cache Stats:
L1-Load-Hits:        2664481402   88.56%
L1-Load-Misses:       344158934   11.44%
L1-Load-Accesses:    3008640336  100.00%

L1-Store-Hits:          84717810   98.82%
L1-Store-Misses:         1013286    1.18%
L1-Store-Accesses:      85731096  100.00%

L1-Total-Hits:        2749199212   88.85%
L1-Total-Misses:       345172220   11.15%
L1-Total-Accesses:    3094371432  100.00%

L2 Cache Stats:
L2-Load-Hits:          11881494    3.45%
L2-Load-Misses:       332277440   96.55%
L2-Load-Accesses:     344158934  100.00%

L2-Store-Hits:             93698    9.25%
L2-Store-Misses:          919588   90.75%
L2-Store-Accesses:       1013286  100.00%

L2-Total-Hits:          11975192    3.47%
L2-Total-Misses:       333197028   96.53%
L2-Total-Accesses:     345172220  100.00%

