--------
Total Statistics
--------
Total Instructions: 17762795945
Total Cycles: 54587108727
IPC: 0.325403

--------
Single level Tlb hierarchy
--------
  Data Tlb:
    Entries:          64
    Page Size(B):   4096
    Associativity:      4

Latencies:    0   50
Tlb-Sets:   16 - LRU - assoc:   4

Tlb Stats:
Tlb-Load-Hits:        2975293408   98.89%
Tlb-Load-Misses:        33346928    1.11%
Tlb-Load-Accesses:    3008640336  100.00%

Tlb-Store-Hits:          85587591   99.83%
Tlb-Store-Misses:          143505    0.17%
Tlb-Store-Accesses:      85731096  100.00%

Tlb-Total-Hits:        3060880999   98.92%
Tlb-Total-Misses:        33490433    1.08%
Tlb-Total-Accesses:    3094371432  100.00%



--------
Two level Cache hierarchy
--------
  L1-Data Cache:
    Size(KB):          32
    Block Size(B):     64
    Associativity:      8

  L2-Data Cache:
    Size(KB):        1024
    Block Size(B):    128
    Associativity:      8

Latencies:    1   10  150
L1-Sets:   64 - LRU - assoc:   8
L2-Sets: 1024 - LRU - assoc:   8
Store_allocation: Yes
L2_inclusive: Yes
L2_prefetching: No

L1 Cache Stats:
L1-Load-Hits:        2497989809   83.03%
L1-Load-Misses:       510650527   16.97%
L1-Load-Accesses:    3008640336  100.00%

L1-Store-Hits:          83719813   97.65%
L1-Store-Misses:         2011283    2.35%
L1-Store-Accesses:      85731096  100.00%

L1-Total-Hits:        2581709622   83.43%
L1-Total-Misses:       512661810   16.57%
L1-Total-Accesses:    3094371432  100.00%

L2 Cache Stats:
L2-Load-Hits:         331590981   64.94%
L2-Load-Misses:       179059546   35.06%
L2-Load-Accesses:     510650527  100.00%

L2-Store-Hits:           1545485   76.84%
L2-Store-Misses:          465798   23.16%
L2-Store-Accesses:       2011283  100.00%

L2-Total-Hits:         333136466   64.98%
L2-Total-Misses:       179525344   35.02%
L2-Total-Accesses:     512661810  100.00%

