--------
Total Statistics
--------
Total Instructions: 17762795945
Total Cycles: 53368237677
IPC: 0.332835

--------
Single level Tlb hierarchy
--------
  Data Tlb:
    Entries:          64
    Page Size(B):   4096
    Associativity:      4

Latencies:    0   50
Tlb-Sets:   16 - LRU - assoc:   4

Tlb Stats:
Tlb-Load-Hits:        2975275459   98.89%
Tlb-Load-Misses:        33364877    1.11%
Tlb-Load-Accesses:    3008640336  100.00%

Tlb-Store-Hits:          85596009   99.84%
Tlb-Store-Misses:          135087    0.16%
Tlb-Store-Accesses:      85731096  100.00%

Tlb-Total-Hits:        3060871468   98.92%
Tlb-Total-Misses:        33499964    1.08%
Tlb-Total-Accesses:    3094371432  100.00%



--------
Two level Cache hierarchy
--------
  L1-Data Cache:
    Size(KB):          32
    Block Size(B):     64
    Associativity:      8

  L2-Data Cache:
    Size(KB):        2048
    Block Size(B):    128
    Associativity:     16

Latencies:    1   10  150
L1-Sets:   64 - LRU - assoc:   8
L2-Sets: 1024 - LRU - assoc:  16
Store_allocation: Yes
L2_inclusive: Yes
L2_prefetching: No

L1 Cache Stats:
L1-Load-Hits:        2500737011   83.12%
L1-Load-Misses:       507903325   16.88%
L1-Load-Accesses:    3008640336  100.00%

L1-Store-Hits:          83753836   97.69%
L1-Store-Misses:         1977260    2.31%
L1-Store-Accesses:      85731096  100.00%

L1-Total-Hits:        2584490847   83.52%
L1-Total-Misses:       509880585   16.48%
L1-Total-Accesses:    3094371432  100.00%

L2 Cache Stats:
L2-Load-Hits:         336762281   66.30%
L2-Load-Misses:       171141044   33.70%
L2-Load-Accesses:     507903325  100.00%

L2-Store-Hits:           1536529   77.71%
L2-Store-Misses:          440731   22.29%
L2-Store-Accesses:       1977260  100.00%

L2-Total-Hits:         338298810   66.35%
L2-Total-Misses:       171581775   33.65%
L2-Total-Accesses:     509880585  100.00%

