--------
Total Statistics
--------
Total Instructions: 17762795970
Total Cycles: 54615398250
IPC: 0.325234

--------
Single level Tlb hierarchy
--------
  Data Tlb:
    Entries:          64
    Page Size(B):   4096
    Associativity:     16

Latencies:    0   50
Tlb-Sets:    4 - LRU - assoc:  16

Tlb Stats:
Tlb-Load-Hits:        2975408694   98.90%
Tlb-Load-Misses:        33231650    1.10%
Tlb-Load-Accesses:    3008640344  100.00%

Tlb-Store-Hits:          85622171   99.87%
Tlb-Store-Misses:          108925    0.13%
Tlb-Store-Accesses:      85731096  100.00%

Tlb-Total-Hits:        3061030865   98.92%
Tlb-Total-Misses:        33340575    1.08%
Tlb-Total-Accesses:    3094371440  100.00%



--------
Two level Cache hierarchy
--------
  L1-Data Cache:
    Size(KB):          32
    Block Size(B):     64
    Associativity:      8

  L2-Data Cache:
    Size(KB):        1024
    Block Size(B):    128
    Associativity:      8

Latencies:    1   10  150
L1-Sets:   64 - LRU - assoc:   8
L2-Sets: 1024 - LRU - assoc:   8
Store_allocation: Yes
L2_inclusive: Yes
L2_prefetching: No

L1 Cache Stats:
L1-Load-Hits:        2494095859   82.90%
L1-Load-Misses:       514544485   17.10%
L1-Load-Accesses:    3008640344  100.00%

L1-Store-Hits:          83709072   97.64%
L1-Store-Misses:         2022024    2.36%
L1-Store-Accesses:      85731096  100.00%

L1-Total-Hits:        2577804931   83.31%
L1-Total-Misses:       516566509   16.69%
L1-Total-Accesses:    3094371440  100.00%

L2 Cache Stats:
L2-Load-Hits:         335517683   65.21%
L2-Load-Misses:       179026802   34.79%
L2-Load-Accesses:     514544485  100.00%

L2-Store-Hits:           1545246   76.42%
L2-Store-Misses:          476778   23.58%
L2-Store-Accesses:       2022024  100.00%

L2-Total-Hits:         337062929   65.25%
L2-Total-Misses:       179503580   34.75%
L2-Total-Accesses:     516566509  100.00%

