--------
Total Statistics
--------
Total Instructions: 17762795945
Total Cycles: 56731179047
IPC: 0.313105

--------
Single level Tlb hierarchy
--------
  Data Tlb:
    Entries:          64
    Page Size(B):   4096
    Associativity:      4

Latencies:    0   50
Tlb-Sets:   16 - LRU - assoc:   4

Tlb Stats:
Tlb-Load-Hits:        2975254699   98.89%
Tlb-Load-Misses:        33385637    1.11%
Tlb-Load-Accesses:    3008640336  100.00%

Tlb-Store-Hits:          85596007   99.84%
Tlb-Store-Misses:          135089    0.16%
Tlb-Store-Accesses:      85731096  100.00%

Tlb-Total-Hits:        3060850706   98.92%
Tlb-Total-Misses:        33520726    1.08%
Tlb-Total-Accesses:    3094371432  100.00%



--------
Two level Cache hierarchy
--------
  L1-Data Cache:
    Size(KB):         128
    Block Size(B):     32
    Associativity:      8

  L2-Data Cache:
    Size(KB):        1024
    Block Size(B):    128
    Associativity:      8

Latencies:    1   10  150
L1-Sets:  512 - LRU - assoc:   8
L2-Sets: 1024 - LRU - assoc:   8
Store_allocation: Yes
L2_inclusive: Yes
L2_prefetching: No

L1 Cache Stats:
L1-Load-Hits:        2283739114   75.91%
L1-Load-Misses:       724901222   24.09%
L1-Load-Accesses:    3008640336  100.00%

L1-Store-Hits:          83469541   97.36%
L1-Store-Misses:         2261555    2.64%
L1-Store-Accesses:      85731096  100.00%

L1-Total-Hits:        2367208655   76.50%
L1-Total-Misses:       727162777   23.50%
L1-Total-Accesses:    3094371432  100.00%

L2 Cache Stats:
L2-Load-Hits:         545873948   75.30%
L2-Load-Misses:       179027274   24.70%
L2-Load-Accesses:     724901222  100.00%

L2-Store-Hits:           1779845   78.70%
L2-Store-Misses:          481710   21.30%
L2-Store-Accesses:       2261555  100.00%

L2-Total-Hits:         547653793   75.31%
L2-Total-Misses:       179508984   24.69%
L2-Total-Accesses:     727162777  100.00%

