--------
Total Statistics
--------
Total Instructions: 17762795945
Total Cycles: 58314374317
IPC: 0.304604

--------
Single level Tlb hierarchy
--------
  Data Tlb:
    Entries:          64
    Page Size(B):   4096
    Associativity:      1

Latencies:    0   50
Tlb-Sets:   64 - LRU - assoc:   1

Tlb Stats:
Tlb-Load-Hits:        2901209129   96.43%
Tlb-Load-Misses:       107431207    3.57%
Tlb-Load-Accesses:    3008640336  100.00%

Tlb-Store-Hits:          85059530   99.22%
Tlb-Store-Misses:          671566    0.78%
Tlb-Store-Accesses:      85731096  100.00%

Tlb-Total-Hits:        2986268659   96.51%
Tlb-Total-Misses:       108102773    3.49%
Tlb-Total-Accesses:    3094371432  100.00%



--------
Two level Cache hierarchy
--------
  L1-Data Cache:
    Size(KB):          32
    Block Size(B):     64
    Associativity:      8

  L2-Data Cache:
    Size(KB):        1024
    Block Size(B):    128
    Associativity:      8

Latencies:    1   10  150
L1-Sets:   64 - LRU - assoc:   8
L2-Sets: 1024 - LRU - assoc:   8
Store_allocation: Yes
L2_inclusive: Yes
L2_prefetching: No

L1 Cache Stats:
L1-Load-Hits:        2497987870   83.03%
L1-Load-Misses:       510652466   16.97%
L1-Load-Accesses:    3008640336  100.00%

L1-Store-Hits:          83720458   97.65%
L1-Store-Misses:         2010638    2.35%
L1-Store-Accesses:      85731096  100.00%

L1-Total-Hits:        2581708328   83.43%
L1-Total-Misses:       512663104   16.57%
L1-Total-Accesses:    3094371432  100.00%

L2 Cache Stats:
L2-Load-Hits:         331612270   64.94%
L2-Load-Misses:       179040196   35.06%
L2-Load-Accesses:     510652466  100.00%

L2-Store-Hits:           1547919   76.99%
L2-Store-Misses:          462719   23.01%
L2-Store-Accesses:       2010638  100.00%

L2-Total-Hits:         333160189   64.99%
L2-Total-Misses:       179502915   35.01%
L2-Total-Accesses:     512663104  100.00%

