--------
Total Statistics
--------
Total Instructions: 17762795945
Total Cycles: 40558939877
IPC: 0.43795

--------
Single level Tlb hierarchy
--------
  Data Tlb:
    Entries:          64
    Page Size(B):   4096
    Associativity:      4

Latencies:    0   50
Tlb-Sets:   16 - LRU - assoc:   4

Tlb Stats:
Tlb-Load-Hits:        2975238474   98.89%
Tlb-Load-Misses:        33401862    1.11%
Tlb-Load-Accesses:    3008640336  100.00%

Tlb-Store-Hits:          85570783   99.81%
Tlb-Store-Misses:          160313    0.19%
Tlb-Store-Accesses:      85731096  100.00%

Tlb-Total-Hits:        3060809257   98.92%
Tlb-Total-Misses:        33562175    1.08%
Tlb-Total-Accesses:    3094371432  100.00%



--------
Two level Cache hierarchy
--------
  L1-Data Cache:
    Size(KB):          32
    Block Size(B):     64
    Associativity:      8

  L2-Data Cache:
    Size(KB):        1024
    Block Size(B):    256
    Associativity:     16

Latencies:    1   10  150
L1-Sets:   64 - LRU - assoc:   8
L2-Sets:  256 - LRU - assoc:  16
Store_allocation: Yes
L2_inclusive: Yes
L2_prefetching: No

L1 Cache Stats:
L1-Load-Hits:        2555053907   84.92%
L1-Load-Misses:       453586429   15.08%
L1-Load-Accesses:    3008640336  100.00%

L1-Store-Hits:          84214925   98.23%
L1-Store-Misses:         1516171    1.77%
L1-Store-Accesses:      85731096  100.00%

L1-Total-Hits:        2639268832   85.29%
L1-Total-Misses:       455102600   14.71%
L1-Total-Accesses:    3094371432  100.00%

L2 Cache Stats:
L2-Load-Hits:         364010943   80.25%
L2-Load-Misses:        89575486   19.75%
L2-Load-Accesses:     453586429  100.00%

L2-Store-Hits:           1274072   84.03%
L2-Store-Misses:          242099   15.97%
L2-Store-Accesses:       1516171  100.00%

L2-Total-Hits:         365285015   80.26%
L2-Total-Misses:        89817585   19.74%
L2-Total-Accesses:     455102600  100.00%

