--------
Total Statistics
--------
Total Instructions: 17762795945
Total Cycles: 34904741507
IPC: 0.508893

--------
Single level Tlb hierarchy
--------
  Data Tlb:
    Entries:          64
    Page Size(B):   4096
    Associativity:      4

Latencies:    0   50
Tlb-Sets:   16 - LRU - assoc:   4

Tlb Stats:
Tlb-Load-Hits:        2975280492   98.89%
Tlb-Load-Misses:        33359844    1.11%
Tlb-Load-Accesses:    3008640336  100.00%

Tlb-Store-Hits:          85570114   99.81%
Tlb-Store-Misses:          160982    0.19%
Tlb-Store-Accesses:      85731096  100.00%

Tlb-Total-Hits:        3060850606   98.92%
Tlb-Total-Misses:        33520826    1.08%
Tlb-Total-Accesses:    3094371432  100.00%



--------
Two level Cache hierarchy
--------
  L1-Data Cache:
    Size(KB):          32
    Block Size(B):     64
    Associativity:      8

  L2-Data Cache:
    Size(KB):        1024
    Block Size(B):    128
    Associativity:      8

Latencies:    1   10  150
L1-Sets:   64 - LRU - assoc:   8
L2-Sets: 1024 - LRU - assoc:   8
Store_allocation: Yes
L2_inclusive: Yes
L2_prefetching: Yes (  4)

L1 Cache Stats:
L1-Load-Hits:        2619352753   87.06%
L1-Load-Misses:       389287583   12.94%
L1-Load-Accesses:    3008640336  100.00%

L1-Store-Hits:          84384171   98.43%
L1-Store-Misses:         1346925    1.57%
L1-Store-Accesses:      85731096  100.00%

L1-Total-Hits:        2703736924   87.38%
L1-Total-Misses:       390634508   12.62%
L1-Total-Accesses:    3094371432  100.00%

L2 Cache Stats:
L2-Load-Hits:         332963529   85.53%
L2-Load-Misses:        56324054   14.47%
L2-Load-Accesses:     389287583  100.00%

L2-Store-Hits:           1236394   91.79%
L2-Store-Misses:          110531    8.21%
L2-Store-Accesses:       1346925  100.00%

L2-Total-Hits:         334199923   85.55%
L2-Total-Misses:        56434585   14.45%
L2-Total-Accesses:     390634508  100.00%

