--------
Total Statistics
--------
Total Instructions: 17762795945
Total Cycles: 54413827387
IPC: 0.326439

--------
Single level Tlb hierarchy
--------
  Data Tlb:
    Entries:         256
    Page Size(B):   4096
    Associativity:      4

Latencies:    0   50
Tlb-Sets:   64 - LRU - assoc:   4

Tlb Stats:
Tlb-Load-Hits:        2978570913   99.00%
Tlb-Load-Misses:        30069423    1.00%
Tlb-Load-Accesses:    3008640336  100.00%

Tlb-Store-Hits:          85704110   99.97%
Tlb-Store-Misses:           26986    0.03%
Tlb-Store-Accesses:      85731096  100.00%

Tlb-Total-Hits:        3064275023   99.03%
Tlb-Total-Misses:        30096409    0.97%
Tlb-Total-Accesses:    3094371432  100.00%



--------
Two level Cache hierarchy
--------
  L1-Data Cache:
    Size(KB):          32
    Block Size(B):     64
    Associativity:      8

  L2-Data Cache:
    Size(KB):        1024
    Block Size(B):    128
    Associativity:      8

Latencies:    1   10  150
L1-Sets:   64 - LRU - assoc:   8
L2-Sets: 1024 - LRU - assoc:   8
Store_allocation: Yes
L2_inclusive: Yes
L2_prefetching: No

L1 Cache Stats:
L1-Load-Hits:        2497963116   83.03%
L1-Load-Misses:       510677220   16.97%
L1-Load-Accesses:    3008640336  100.00%

L1-Store-Hits:          83711445   97.64%
L1-Store-Misses:         2019651    2.36%
L1-Store-Accesses:      85731096  100.00%

L1-Total-Hits:        2581674561   83.43%
L1-Total-Misses:       512696871   16.57%
L1-Total-Accesses:    3094371432  100.00%

L2 Cache Stats:
L2-Load-Hits:         331653325   64.94%
L2-Load-Misses:       179023895   35.06%
L2-Load-Accesses:     510677220  100.00%

L2-Store-Hits:           1544407   76.47%
L2-Store-Misses:          475244   23.53%
L2-Store-Accesses:       2019651  100.00%

L2-Total-Hits:         333197732   64.99%
L2-Total-Misses:       179499139   35.01%
L2-Total-Accesses:     512696871  100.00%

