--------
Total Statistics
--------
Total Instructions: 17762795945
Total Cycles: 30822442277
IPC: 0.576294

--------
Single level Tlb hierarchy
--------
  Data Tlb:
    Entries:          64
    Page Size(B):   4096
    Associativity:      4

Latencies:    0   50
Tlb-Sets:   16 - LRU - assoc:   4

Tlb Stats:
Tlb-Load-Hits:        2975247196   98.89%
Tlb-Load-Misses:        33393140    1.11%
Tlb-Load-Accesses:    3008640336  100.00%

Tlb-Store-Hits:          85587944   99.83%
Tlb-Store-Misses:          143152    0.17%
Tlb-Store-Accesses:      85731096  100.00%

Tlb-Total-Hits:        3060835140   98.92%
Tlb-Total-Misses:        33536292    1.08%
Tlb-Total-Accesses:    3094371432  100.00%



--------
Two level Cache hierarchy
--------
  L1-Data Cache:
    Size(KB):          32
    Block Size(B):     64
    Associativity:      8

  L2-Data Cache:
    Size(KB):        1024
    Block Size(B):    128
    Associativity:      8

Latencies:    1   10  150
L1-Sets:   64 - LRU - assoc:   8
L2-Sets: 1024 - LRU - assoc:   8
Store_allocation: Yes
L2_inclusive: Yes
L2_prefetching: Yes ( 16)

L1 Cache Stats:
L1-Load-Hits:        2626839758   87.31%
L1-Load-Misses:       381800578   12.69%
L1-Load-Accesses:    3008640336  100.00%

L1-Store-Hits:          84512404   98.58%
L1-Store-Misses:         1218692    1.42%
L1-Store-Accesses:      85731096  100.00%

L1-Total-Hits:        2711352162   87.62%
L1-Total-Misses:       383019270   12.38%
L1-Total-Accesses:    3094371432  100.00%

L2 Cache Stats:
L2-Load-Hits:         352153325   92.23%
L2-Load-Misses:        29647253    7.77%
L2-Load-Accesses:     381800578  100.00%

L2-Store-Hits:           1144161   93.88%
L2-Store-Misses:           74531    6.12%
L2-Store-Accesses:       1218692  100.00%

L2-Total-Hits:         353297486   92.24%
L2-Total-Misses:        29721784    7.76%
L2-Total-Accesses:     383019270  100.00%

