--------
Total Statistics
--------
Total Instructions: 17762795970
Total Cycles: 30475680250
IPC: 0.582852

--------
Single level Tlb hierarchy
--------
  Data Tlb:
    Entries:          64
    Page Size(B):   4096
    Associativity:      4

Latencies:    0   50
Tlb-Sets:   16 - LRU - assoc:   4

Tlb Stats:
Tlb-Load-Hits:        2975298559   98.89%
Tlb-Load-Misses:        33341785    1.11%
Tlb-Load-Accesses:    3008640344  100.00%

Tlb-Store-Hits:          85587593   99.83%
Tlb-Store-Misses:          143503    0.17%
Tlb-Store-Accesses:      85731096  100.00%

Tlb-Total-Hits:        3060886152   98.92%
Tlb-Total-Misses:        33485288    1.08%
Tlb-Total-Accesses:    3094371440  100.00%



--------
Two level Cache hierarchy
--------
  L1-Data Cache:
    Size(KB):          32
    Block Size(B):     64
    Associativity:      8

  L2-Data Cache:
    Size(KB):        1024
    Block Size(B):    128
    Associativity:      8

Latencies:    1   10  150
L1-Sets:   64 - LRU - assoc:   8
L2-Sets: 1024 - LRU - assoc:   8
Store_allocation: Yes
L2_inclusive: Yes
L2_prefetching: Yes ( 64)

L1 Cache Stats:
L1-Load-Hits:        2635316902   87.59%
L1-Load-Misses:       373323442   12.41%
L1-Load-Accesses:    3008640344  100.00%

L1-Store-Hits:          84449424   98.51%
L1-Store-Misses:         1281672    1.49%
L1-Store-Accesses:      85731096  100.00%

L1-Total-Hits:        2719766326   87.89%
L1-Total-Misses:       374605114   12.11%
L1-Total-Accesses:    3094371440  100.00%

L2 Cache Stats:
L2-Load-Hits:         345474822   92.54%
L2-Load-Misses:        27848620    7.46%
L2-Load-Accesses:     373323442  100.00%

L2-Store-Hits:           1142310   89.13%
L2-Store-Misses:          139362   10.87%
L2-Store-Accesses:       1281672  100.00%

L2-Total-Hits:         346617132   92.53%
L2-Total-Misses:        27987982    7.47%
L2-Total-Accesses:     374605114  100.00%

