--------
Total Statistics
--------
Total Instructions: 17762795970
Total Cycles: 76883258940
IPC: 0.231036

--------
Single level Tlb hierarchy
--------
  Data Tlb:
    Entries:          64
    Page Size(B):   4096
    Associativity:      4

Latencies:    0   50
Tlb-Sets:   16 - LRU - assoc:   4

Tlb Stats:
Tlb-Load-Hits:        2975276677   98.89%
Tlb-Load-Misses:        33363667    1.11%
Tlb-Load-Accesses:    3008640344  100.00%

Tlb-Store-Hits:          85562380   99.80%
Tlb-Store-Misses:          168716    0.20%
Tlb-Store-Accesses:      85731096  100.00%

Tlb-Total-Hits:        3060839057   98.92%
Tlb-Total-Misses:        33532383    1.08%
Tlb-Total-Accesses:    3094371440  100.00%



--------
Two level Cache hierarchy
--------
  L1-Data Cache:
    Size(KB):          32
    Block Size(B):     64
    Associativity:      8

  L2-Data Cache:
    Size(KB):         512
    Block Size(B):     64
    Associativity:      8

Latencies:    1   10  150
L1-Sets:   64 - LRU - assoc:   8
L2-Sets: 1024 - LRU - assoc:   8
Store_allocation: Yes
L2_inclusive: Yes
L2_prefetching: No

L1 Cache Stats:
L1-Load-Hits:        2664102190   88.55%
L1-Load-Misses:       344538154   11.45%
L1-Load-Accesses:    3008640344  100.00%

L1-Store-Hits:          84687297   98.78%
L1-Store-Misses:         1043799    1.22%
L1-Store-Accesses:      85731096  100.00%

L1-Total-Hits:        2748789487   88.83%
L1-Total-Misses:       345581953   11.17%
L1-Total-Accesses:    3094371440  100.00%

L2 Cache Stats:
L2-Load-Hits:           6231447    1.81%
L2-Load-Misses:       338306707   98.19%
L2-Load-Accesses:     344538154  100.00%

L2-Store-Hits:             59487    5.70%
L2-Store-Misses:          984312   94.30%
L2-Store-Accesses:       1043799  100.00%

L2-Total-Hits:           6290934    1.82%
L2-Total-Misses:       339291019   98.18%
L2-Total-Accesses:     345581953  100.00%

