--------
Total Statistics
--------
Total Instructions: 17762795945
Total Cycles: 40484744147
IPC: 0.438753

--------
Single level Tlb hierarchy
--------
  Data Tlb:
    Entries:          64
    Page Size(B):   4096
    Associativity:      4

Latencies:    0   50
Tlb-Sets:   16 - LRU - assoc:   4

Tlb Stats:
Tlb-Load-Hits:        2975246484   98.89%
Tlb-Load-Misses:        33393852    1.11%
Tlb-Load-Accesses:    3008640336  100.00%

Tlb-Store-Hits:          85591297   99.84%
Tlb-Store-Misses:          139799    0.16%
Tlb-Store-Accesses:      85731096  100.00%

Tlb-Total-Hits:        3060837781   98.92%
Tlb-Total-Misses:        33533651    1.08%
Tlb-Total-Accesses:    3094371432  100.00%



--------
Two level Cache hierarchy
--------
  L1-Data Cache:
    Size(KB):          32
    Block Size(B):     64
    Associativity:      8

  L2-Data Cache:
    Size(KB):        1024
    Block Size(B):    128
    Associativity:      8

Latencies:    1   10  150
L1-Sets:   64 - LRU - assoc:   8
L2-Sets: 1024 - LRU - assoc:   8
Store_allocation: Yes
L2_inclusive: Yes
L2_prefetching: Yes (  1)

L1 Cache Stats:
L1-Load-Hits:        2562278653   85.16%
L1-Load-Misses:       446361683   14.84%
L1-Load-Accesses:    3008640336  100.00%

L1-Store-Hits:          84206172   98.22%
L1-Store-Misses:         1524924    1.78%
L1-Store-Accesses:      85731096  100.00%

L1-Total-Hits:        2646484825   85.53%
L1-Total-Misses:       447886607   14.47%
L1-Total-Accesses:    3094371432  100.00%

L2 Cache Stats:
L2-Load-Hits:         356790140   79.93%
L2-Load-Misses:        89571543   20.07%
L2-Load-Accesses:     446361683  100.00%

L2-Store-Hits:           1282946   84.13%
L2-Store-Misses:          241978   15.87%
L2-Store-Accesses:       1524924  100.00%

L2-Total-Hits:         358073086   79.95%
L2-Total-Misses:        89813521   20.05%
L2-Total-Accesses:     447886607  100.00%

