--------
Total Statistics
--------
Total Instructions: 17762795945
Total Cycles: 56895029657
IPC: 0.312203

--------
Single level Tlb hierarchy
--------
  Data Tlb:
    Entries:          64
    Page Size(B):   4096
    Associativity:      4

Latencies:    0   50
Tlb-Sets:   16 - LRU - assoc:   4

Tlb Stats:
Tlb-Load-Hits:        2975292194   98.89%
Tlb-Load-Misses:        33348142    1.11%
Tlb-Load-Accesses:    3008640336  100.00%

Tlb-Store-Hits:          85584362   99.83%
Tlb-Store-Misses:          146734    0.17%
Tlb-Store-Accesses:      85731096  100.00%

Tlb-Total-Hits:        3060876556   98.92%
Tlb-Total-Misses:        33494876    1.08%
Tlb-Total-Accesses:    3094371432  100.00%



--------
Two level Cache hierarchy
--------
  L1-Data Cache:
    Size(KB):          32
    Block Size(B):     32
    Associativity:      8

  L2-Data Cache:
    Size(KB):        1024
    Block Size(B):    128
    Associativity:      8

Latencies:    1   10  150
L1-Sets:  128 - LRU - assoc:   8
L2-Sets: 1024 - LRU - assoc:   8
Store_allocation: Yes
L2_inclusive: Yes
L2_prefetching: No

L1 Cache Stats:
L1-Load-Hits:        2266962722   75.35%
L1-Load-Misses:       741677614   24.65%
L1-Load-Accesses:    3008640336  100.00%

L1-Store-Hits:          83315702   97.18%
L1-Store-Misses:         2415394    2.82%
L1-Store-Accesses:      85731096  100.00%

L1-Total-Hits:        2350278424   75.95%
L1-Total-Misses:       744093008   24.05%
L1-Total-Accesses:    3094371432  100.00%

L2 Cache Stats:
L2-Load-Hits:         562671783   75.86%
L2-Load-Misses:       179005831   24.14%
L2-Load-Accesses:     741677614  100.00%

L2-Store-Hits:           1939969   80.32%
L2-Store-Misses:          475425   19.68%
L2-Store-Accesses:       2415394  100.00%

L2-Total-Hits:         564611752   75.88%
L2-Total-Misses:       179481256   24.12%
L2-Total-Accesses:     744093008  100.00%

