--------
Total Statistics
--------
Total Instructions: 17762795945
Total Cycles: 56793088507
IPC: 0.312763

--------
Single level Tlb hierarchy
--------
  Data Tlb:
    Entries:          64
    Page Size(B):   4096
    Associativity:      4

Latencies:    0   50
Tlb-Sets:   16 - LRU - assoc:   4

Tlb Stats:
Tlb-Load-Hits:        2975207380   98.89%
Tlb-Load-Misses:        33432956    1.11%
Tlb-Load-Accesses:    3008640336  100.00%

Tlb-Store-Hits:          85574140   99.82%
Tlb-Store-Misses:          156956    0.18%
Tlb-Store-Accesses:      85731096  100.00%

Tlb-Total-Hits:        3060781520   98.91%
Tlb-Total-Misses:        33589912    1.09%
Tlb-Total-Accesses:    3094371432  100.00%



--------
Two level Cache hierarchy
--------
  L1-Data Cache:
    Size(KB):          64
    Block Size(B):     32
    Associativity:      8

  L2-Data Cache:
    Size(KB):        1024
    Block Size(B):    128
    Associativity:      8

Latencies:    1   10  150
L1-Sets:  256 - LRU - assoc:   8
L2-Sets: 1024 - LRU - assoc:   8
Store_allocation: Yes
L2_inclusive: Yes
L2_prefetching: No

L1 Cache Stats:
L1-Load-Hits:        2277624884   75.70%
L1-Load-Misses:       731015452   24.30%
L1-Load-Accesses:    3008640336  100.00%

L1-Store-Hits:          83385550   97.26%
L1-Store-Misses:         2345546    2.74%
L1-Store-Accesses:      85731096  100.00%

L1-Total-Hits:        2361010434   76.30%
L1-Total-Misses:       733360998   23.70%
L1-Total-Accesses:    3094371432  100.00%

L2 Cache Stats:
L2-Load-Hits:         551998853   75.51%
L2-Load-Misses:       179016599   24.49%
L2-Load-Accesses:     731015452  100.00%

L2-Store-Hits:           1876708   80.01%
L2-Store-Misses:          468838   19.99%
L2-Store-Accesses:       2345546  100.00%

L2-Total-Hits:         553875561   75.53%
L2-Total-Misses:       179485437   24.47%
L2-Total-Accesses:     733360998  100.00%

