--------
Total Statistics
--------
Total Instructions: 17762795945
Total Cycles: 30547455597
IPC: 0.581482

--------
Single level Tlb hierarchy
--------
  Data Tlb:
    Entries:          64
    Page Size(B):   4096
    Associativity:      4

Latencies:    0   50
Tlb-Sets:   16 - LRU - assoc:   4

Tlb Stats:
Tlb-Load-Hits:        2975253008   98.89%
Tlb-Load-Misses:        33387328    1.11%
Tlb-Load-Accesses:    3008640336  100.00%

Tlb-Store-Hits:          85584182   99.83%
Tlb-Store-Misses:          146914    0.17%
Tlb-Store-Accesses:      85731096  100.00%

Tlb-Total-Hits:        3060837190   98.92%
Tlb-Total-Misses:        33534242    1.08%
Tlb-Total-Accesses:    3094371432  100.00%



--------
Two level Cache hierarchy
--------
  L1-Data Cache:
    Size(KB):          32
    Block Size(B):     64
    Associativity:      8

  L2-Data Cache:
    Size(KB):        1024
    Block Size(B):    128
    Associativity:      8

Latencies:    1   10  150
L1-Sets:   64 - LRU - assoc:   8
L2-Sets: 1024 - LRU - assoc:   8
Store_allocation: Yes
L2_inclusive: Yes
L2_prefetching: Yes ( 32)

L1 Cache Stats:
L1-Load-Hits:        2634933102   87.58%
L1-Load-Misses:       373707234   12.42%
L1-Load-Accesses:    3008640336  100.00%

L1-Store-Hits:          84510648   98.58%
L1-Store-Misses:         1220448    1.42%
L1-Store-Accesses:      85731096  100.00%

L1-Total-Hits:        2719443750   87.88%
L1-Total-Misses:       374927682   12.12%
L1-Total-Accesses:    3094371432  100.00%

L2 Cache Stats:
L2-Load-Hits:         345374100   92.42%
L2-Load-Misses:        28333134    7.58%
L2-Load-Accesses:     373707234  100.00%

L2-Store-Hits:           1124920   92.17%
L2-Store-Misses:           95528    7.83%
L2-Store-Accesses:       1220448  100.00%

L2-Total-Hits:         346499020   92.42%
L2-Total-Misses:        28428662    7.58%
L2-Total-Accesses:     374927682  100.00%

