--------
Total Statistics
--------
Total Instructions: 17762795970
Total Cycles: 40513544290
IPC: 0.438441

--------
Single level Tlb hierarchy
--------
  Data Tlb:
    Entries:          64
    Page Size(B):   4096
    Associativity:      4

Latencies:    0   50
Tlb-Sets:   16 - LRU - assoc:   4

Tlb Stats:
Tlb-Load-Hits:        2975300058   98.89%
Tlb-Load-Misses:        33340286    1.11%
Tlb-Load-Accesses:    3008640344  100.00%

Tlb-Store-Hits:          85592691   99.84%
Tlb-Store-Misses:          138405    0.16%
Tlb-Store-Accesses:      85731096  100.00%

Tlb-Total-Hits:        3060892749   98.92%
Tlb-Total-Misses:        33478691    1.08%
Tlb-Total-Accesses:    3094371440  100.00%



--------
Two level Cache hierarchy
--------
  L1-Data Cache:
    Size(KB):          32
    Block Size(B):     64
    Associativity:      8

  L2-Data Cache:
    Size(KB):        1024
    Block Size(B):    256
    Associativity:      8

Latencies:    1   10  150
L1-Sets:   64 - LRU - assoc:   8
L2-Sets:  512 - LRU - assoc:   8
Store_allocation: Yes
L2_inclusive: Yes
L2_prefetching: No

L1 Cache Stats:
L1-Load-Hits:        2562291217   85.16%
L1-Load-Misses:       446349127   14.84%
L1-Load-Accesses:    3008640344  100.00%

L1-Store-Hits:          80336955   93.71%
L1-Store-Misses:         5394141    6.29%
L1-Store-Accesses:      85731096  100.00%

L1-Total-Hits:        2642628172   85.40%
L1-Total-Misses:       451743268   14.60%
L1-Total-Accesses:    3094371440  100.00%

L2 Cache Stats:
L2-Load-Hits:         356820767   79.94%
L2-Load-Misses:        89528360   20.06%
L2-Load-Accesses:     446349127  100.00%

L2-Store-Hits:           5155770   95.58%
L2-Store-Misses:          238371    4.42%
L2-Store-Accesses:       5394141  100.00%

L2-Total-Hits:         361976537   80.13%
L2-Total-Misses:        89766731   19.87%
L2-Total-Accesses:     451743268  100.00%

