--------
Total Statistics
--------
Total Instructions: 17762795945
Total Cycles: 51356568857
IPC: 0.345872

--------
Single level Tlb hierarchy
--------
  Data Tlb:
    Entries:          64
    Page Size(B):   4096
    Associativity:      4

Latencies:    0   50
Tlb-Sets:   16 - LRU - assoc:   4

Tlb Stats:
Tlb-Load-Hits:        2975204097   98.89%
Tlb-Load-Misses:        33436239    1.11%
Tlb-Load-Accesses:    3008640336  100.00%

Tlb-Store-Hits:          85592260   99.84%
Tlb-Store-Misses:          138836    0.16%
Tlb-Store-Accesses:      85731096  100.00%

Tlb-Total-Hits:        3060796357   98.91%
Tlb-Total-Misses:        33575075    1.09%
Tlb-Total-Accesses:    3094371432  100.00%



--------
Two level Cache hierarchy
--------
  L1-Data Cache:
    Size(KB):         128
    Block Size(B):    128
    Associativity:      8

  L2-Data Cache:
    Size(KB):        1024
    Block Size(B):    128
    Associativity:      8

Latencies:    1   10  150
L1-Sets:  128 - LRU - assoc:   8
L2-Sets: 1024 - LRU - assoc:   8
Store_allocation: Yes
L2_inclusive: Yes
L2_prefetching: No

L1 Cache Stats:
L1-Load-Hits:        2822725380   93.82%
L1-Load-Misses:       185914956    6.18%
L1-Load-Accesses:    3008640336  100.00%

L1-Store-Hits:          85226149   99.41%
L1-Store-Misses:          504947    0.59%
L1-Store-Accesses:      85731096  100.00%

L1-Total-Hits:        2907951529   93.98%
L1-Total-Misses:       186419903    6.02%
L1-Total-Accesses:    3094371432  100.00%

L2 Cache Stats:
L2-Load-Hits:           6676776    3.59%
L2-Load-Misses:       179238180   96.41%
L2-Load-Accesses:     185914956  100.00%

L2-Store-Hits:             33469    6.63%
L2-Store-Misses:          471478   93.37%
L2-Store-Accesses:        504947  100.00%

L2-Total-Hits:           6710245    3.60%
L2-Total-Misses:       179709658   96.40%
L2-Total-Accesses:     186419903  100.00%

