--------
Total Statistics
--------
Total Instructions: 17762795945
Total Cycles: 40802644287
IPC: 0.435334

--------
Single level Tlb hierarchy
--------
  Data Tlb:
    Entries:          64
    Page Size(B):   4096
    Associativity:      4

Latencies:    0   50
Tlb-Sets:   16 - LRU - assoc:   4

Tlb Stats:
Tlb-Load-Hits:        2975276589   98.89%
Tlb-Load-Misses:        33363747    1.11%
Tlb-Load-Accesses:    3008640336  100.00%

Tlb-Store-Hits:          85592671   99.84%
Tlb-Store-Misses:          138425    0.16%
Tlb-Store-Accesses:      85731096  100.00%

Tlb-Total-Hits:        3060869260   98.92%
Tlb-Total-Misses:        33502172    1.08%
Tlb-Total-Accesses:    3094371432  100.00%



--------
Two level Cache hierarchy
--------
  L1-Data Cache:
    Size(KB):          32
    Block Size(B):     64
    Associativity:      8

  L2-Data Cache:
    Size(KB):         512
    Block Size(B):    256
    Associativity:      8

Latencies:    1   10  150
L1-Sets:   64 - LRU - assoc:   8
L2-Sets:  256 - LRU - assoc:   8
Store_allocation: Yes
L2_inclusive: Yes
L2_prefetching: No

L1 Cache Stats:
L1-Load-Hits:        2559971592   85.09%
L1-Load-Misses:       448668744   14.91%
L1-Load-Accesses:    3008640336  100.00%

L1-Store-Hits:          84207864   98.22%
L1-Store-Misses:         1523232    1.78%
L1-Store-Accesses:      85731096  100.00%

L1-Total-Hits:        2644179456   85.45%
L1-Total-Misses:       450191976   14.55%
L1-Total-Accesses:    3094371432  100.00%

L2 Cache Stats:
L2-Load-Hits:         357127083   79.60%
L2-Load-Misses:        91541661   20.40%
L2-Load-Accesses:     448668744  100.00%

L2-Store-Hits:           1275236   83.72%
L2-Store-Misses:          247996   16.28%
L2-Store-Accesses:       1523232  100.00%

L2-Total-Hits:         358402319   79.61%
L2-Total-Misses:        91789657   20.39%
L2-Total-Accesses:     450191976  100.00%

