--------
Total Statistics
--------
Total Instructions: 17762795945
Total Cycles: 54613222757
IPC: 0.325247

--------
Single level Tlb hierarchy
--------
  Data Tlb:
    Entries:          64
    Page Size(B):   4096
    Associativity:     64

Latencies:    0   50
Tlb-Sets:    1 - LRU - assoc:  64

Tlb Stats:
Tlb-Load-Hits:        2975504010   98.90%
Tlb-Load-Misses:        33136326    1.10%
Tlb-Load-Accesses:    3008640336  100.00%

Tlb-Store-Hits:          85631302   99.88%
Tlb-Store-Misses:           99794    0.12%
Tlb-Store-Accesses:      85731096  100.00%

Tlb-Total-Hits:        3061135312   98.93%
Tlb-Total-Misses:        33236120    1.07%
Tlb-Total-Accesses:    3094371432  100.00%



--------
Two level Cache hierarchy
--------
  L1-Data Cache:
    Size(KB):          32
    Block Size(B):     64
    Associativity:      8

  L2-Data Cache:
    Size(KB):        1024
    Block Size(B):    128
    Associativity:      8

Latencies:    1   10  150
L1-Sets:   64 - LRU - assoc:   8
L2-Sets: 1024 - LRU - assoc:   8
Store_allocation: Yes
L2_inclusive: Yes
L2_prefetching: No

L1 Cache Stats:
L1-Load-Hits:        2494123339   82.90%
L1-Load-Misses:       514516997   17.10%
L1-Load-Accesses:    3008640336  100.00%

L1-Store-Hits:          83705760   97.64%
L1-Store-Misses:         2025336    2.36%
L1-Store-Accesses:      85731096  100.00%

L1-Total-Hits:        2577829099   83.31%
L1-Total-Misses:       516542333   16.69%
L1-Total-Accesses:    3094371432  100.00%

L2 Cache Stats:
L2-Load-Hits:         335472474   65.20%
L2-Load-Misses:       179044523   34.80%
L2-Load-Accesses:     514516997  100.00%

L2-Store-Hits:           1544352   76.25%
L2-Store-Misses:          480984   23.75%
L2-Store-Accesses:       2025336  100.00%

L2-Total-Hits:         337016826   65.24%
L2-Total-Misses:       179525507   34.76%
L2-Total-Accesses:     516542333  100.00%

