--------
Total Statistics
--------
Total Instructions: 17762795945
Total Cycles: 54625479017
IPC: 0.325174

--------
Single level Tlb hierarchy
--------
  Data Tlb:
    Entries:          64
    Page Size(B):   4096
    Associativity:      4

Latencies:    0   50
Tlb-Sets:   16 - LRU - assoc:   4

Tlb Stats:
Tlb-Load-Hits:        2975289647   98.89%
Tlb-Load-Misses:        33350689    1.11%
Tlb-Load-Accesses:    3008640336  100.00%

Tlb-Store-Hits:          85587095   99.83%
Tlb-Store-Misses:          144001    0.17%
Tlb-Store-Accesses:      85731096  100.00%

Tlb-Total-Hits:        3060876742   98.92%
Tlb-Total-Misses:        33494690    1.08%
Tlb-Total-Accesses:    3094371432  100.00%



--------
Two level Cache hierarchy
--------
  L1-Data Cache:
    Size(KB):          32
    Block Size(B):     64
    Associativity:      8

  L2-Data Cache:
    Size(KB):        1024
    Block Size(B):    128
    Associativity:      8

Latencies:    1   10  150
L1-Sets:   64 - LRU - assoc:   8
L2-Sets: 1024 - LRU - assoc:   8
Store_allocation: Yes
L2_inclusive: Yes
L2_prefetching: No

L1 Cache Stats:
L1-Load-Hits:        2494121197   82.90%
L1-Load-Misses:       514519139   17.10%
L1-Load-Accesses:    3008640336  100.00%

L1-Store-Hits:          83709936   97.64%
L1-Store-Misses:         2021160    2.36%
L1-Store-Accesses:      85731096  100.00%

L1-Total-Hits:        2577831133   83.31%
L1-Total-Misses:       516540299   16.69%
L1-Total-Accesses:    3094371432  100.00%

L2 Cache Stats:
L2-Load-Hits:         335475972   65.20%
L2-Load-Misses:       179043167   34.80%
L2-Load-Accesses:     514519139  100.00%

L2-Store-Hits:           1543166   76.35%
L2-Store-Misses:          477994   23.65%
L2-Store-Accesses:       2021160  100.00%

L2-Total-Hits:         337019138   65.25%
L2-Total-Misses:       179521161   34.75%
L2-Total-Accesses:     516540299  100.00%

