--------
Total Statistics
--------
Total Instructions: 17762795945
Total Cycles: 74136272597
IPC: 0.239597

--------
Single level Tlb hierarchy
--------
  Data Tlb:
    Entries:          64
    Page Size(B):   4096
    Associativity:      4

Latencies:    0   50
Tlb-Sets:   16 - LRU - assoc:   4

Tlb Stats:
Tlb-Load-Hits:        2975252938   98.89%
Tlb-Load-Misses:        33387398    1.11%
Tlb-Load-Accesses:    3008640336  100.00%

Tlb-Store-Hits:          85584184   99.83%
Tlb-Store-Misses:          146912    0.17%
Tlb-Store-Accesses:      85731096  100.00%

Tlb-Total-Hits:        3060837122   98.92%
Tlb-Total-Misses:        33534310    1.08%
Tlb-Total-Accesses:    3094371432  100.00%



--------
Two level Cache hierarchy
--------
  L1-Data Cache:
    Size(KB):          32
    Block Size(B):     64
    Associativity:      8

  L2-Data Cache:
    Size(KB):        2048
    Block Size(B):     64
    Associativity:     16

Latencies:    1   10  150
L1-Sets:   64 - LRU - assoc:   8
L2-Sets: 2048 - LRU - assoc:  16
Store_allocation: Yes
L2_inclusive: Yes
L2_prefetching: No

L1 Cache Stats:
L1-Load-Hits:        2664661452   88.57%
L1-Load-Misses:       343978884   11.43%
L1-Load-Accesses:    3008640336  100.00%

L1-Store-Hits:          84715823   98.82%
L1-Store-Misses:         1015273    1.18%
L1-Store-Accesses:      85731096  100.00%

L1-Total-Hits:        2749377275   88.85%
L1-Total-Misses:       344994157   11.15%
L1-Total-Accesses:    3094371432  100.00%

L2 Cache Stats:
L2-Load-Hits:          23794175    6.92%
L2-Load-Misses:       320184709   93.08%
L2-Load-Accesses:     343978884  100.00%

L2-Store-Hits:            183661   18.09%
L2-Store-Misses:          831612   81.91%
L2-Store-Accesses:       1015273  100.00%

L2-Total-Hits:          23977836    6.95%
L2-Total-Misses:       321016321   93.05%
L2-Total-Accesses:     344994157  100.00%

