--------
Total Statistics
--------
Total Instructions: 17762795945
Total Cycles: 55224794517
IPC: 0.321645

--------
Single level Tlb hierarchy
--------
  Data Tlb:
    Entries:          64
    Page Size(B):   4096
    Associativity:      4

Latencies:    0   50
Tlb-Sets:   16 - LRU - assoc:   4

Tlb Stats:
Tlb-Load-Hits:        2975207295   98.89%
Tlb-Load-Misses:        33433041    1.11%
Tlb-Load-Accesses:    3008640336  100.00%

Tlb-Store-Hits:          85596009   99.84%
Tlb-Store-Misses:          135087    0.16%
Tlb-Store-Accesses:      85731096  100.00%

Tlb-Total-Hits:        3060803304   98.92%
Tlb-Total-Misses:        33568128    1.08%
Tlb-Total-Accesses:    3094371432  100.00%



--------
Two level Cache hierarchy
--------
  L1-Data Cache:
    Size(KB):          32
    Block Size(B):     64
    Associativity:      8

  L2-Data Cache:
    Size(KB):         512
    Block Size(B):    128
    Associativity:      8

Latencies:    1   10  150
L1-Sets:   64 - LRU - assoc:   8
L2-Sets:  512 - LRU - assoc:   8
Store_allocation: Yes
L2_inclusive: Yes
L2_prefetching: No

L1 Cache Stats:
L1-Load-Hits:        2494635160   82.92%
L1-Load-Misses:       514005176   17.08%
L1-Load-Accesses:    3008640336  100.00%

L1-Store-Hits:          83689108   97.62%
L1-Store-Misses:         2041988    2.38%
L1-Store-Accesses:      85731096  100.00%

L1-Total-Hits:        2578324268   83.32%
L1-Total-Misses:       516047164   16.68%
L1-Total-Accesses:    3094371432  100.00%

L2 Cache Stats:
L2-Load-Hits:         330971627   64.39%
L2-Load-Misses:       183033549   35.61%
L2-Load-Accesses:     514005176  100.00%

L2-Store-Hits:           1550543   75.93%
L2-Store-Misses:          491445   24.07%
L2-Store-Accesses:       2041988  100.00%

L2-Total-Hits:         332522170   64.44%
L2-Total-Misses:       183524994   35.56%
L2-Total-Accesses:     516047164  100.00%

