--------
Total Statistics
--------
Total Instructions: 17762795945
Total Cycles: 54466422577
IPC: 0.326124

--------
Single level Tlb hierarchy
--------
  Data Tlb:
    Entries:          64
    Page Size(B):   4096
    Associativity:      4

Latencies:    0   50
Tlb-Sets:   16 - LRU - assoc:   4

Tlb Stats:
Tlb-Load-Hits:        2975244368   98.89%
Tlb-Load-Misses:        33395968    1.11%
Tlb-Load-Accesses:    3008640336  100.00%

Tlb-Store-Hits:          85587120   99.83%
Tlb-Store-Misses:          143976    0.17%
Tlb-Store-Accesses:      85731096  100.00%

Tlb-Total-Hits:        3060831488   98.92%
Tlb-Total-Misses:        33539944    1.08%
Tlb-Total-Accesses:    3094371432  100.00%



--------
Two level Cache hierarchy
--------
  L1-Data Cache:
    Size(KB):          64
    Block Size(B):     64
    Associativity:      4

  L2-Data Cache:
    Size(KB):        1024
    Block Size(B):    128
    Associativity:      8

Latencies:    1   10  150
L1-Sets:  256 - LRU - assoc:   4
L2-Sets: 1024 - LRU - assoc:   8
Store_allocation: Yes
L2_inclusive: Yes
L2_prefetching: No

L1 Cache Stats:
L1-Load-Hits:        2509601766   83.41%
L1-Load-Misses:       499038570   16.59%
L1-Load-Accesses:    3008640336  100.00%

L1-Store-Hits:          84101571   98.10%
L1-Store-Misses:         1629525    1.90%
L1-Store-Accesses:      85731096  100.00%

L1-Total-Hits:        2593703337   83.82%
L1-Total-Misses:       500668095   16.18%
L1-Total-Accesses:    3094371432  100.00%

L2 Cache Stats:
L2-Load-Hits:         320003238   64.12%
L2-Load-Misses:       179035332   35.88%
L2-Load-Accesses:     499038570  100.00%

L2-Store-Hits:           1161010   71.25%
L2-Store-Misses:          468515   28.75%
L2-Store-Accesses:       1629525  100.00%

L2-Total-Hits:         321164248   64.15%
L2-Total-Misses:       179503847   35.85%
L2-Total-Accesses:     500668095  100.00%

