--------
Total Statistics
--------
Total Instructions: 17762795945
Total Cycles: 31177127257
IPC: 0.569738

--------
Single level Tlb hierarchy
--------
  Data Tlb:
    Entries:          64
    Page Size(B):   4096
    Associativity:      4

Latencies:    0   50
Tlb-Sets:   16 - LRU - assoc:   4

Tlb Stats:
Tlb-Load-Hits:        2975205832   98.89%
Tlb-Load-Misses:        33434504    1.11%
Tlb-Load-Accesses:    3008640336  100.00%

Tlb-Store-Hits:          85571885   99.81%
Tlb-Store-Misses:          159211    0.19%
Tlb-Store-Accesses:      85731096  100.00%

Tlb-Total-Hits:        3060777717   98.91%
Tlb-Total-Misses:        33593715    1.09%
Tlb-Total-Accesses:    3094371432  100.00%



--------
Two level Cache hierarchy
--------
  L1-Data Cache:
    Size(KB):          32
    Block Size(B):     64
    Associativity:      8

  L2-Data Cache:
    Size(KB):        1024
    Block Size(B):    128
    Associativity:      8

Latencies:    1   10  150
L1-Sets:   64 - LRU - assoc:   8
L2-Sets: 1024 - LRU - assoc:   8
Store_allocation: Yes
L2_inclusive: Yes
L2_prefetching: Yes (  8)

L1 Cache Stats:
L1-Load-Hits:        2621049851   87.12%
L1-Load-Misses:       387590485   12.88%
L1-Load-Accesses:    3008640336  100.00%

L1-Store-Hits:          84519203   98.59%
L1-Store-Misses:         1211893    1.41%
L1-Store-Accesses:      85731096  100.00%

L1-Total-Hits:        2705569054   87.44%
L1-Total-Misses:       388802378   12.56%
L1-Total-Accesses:    3094371432  100.00%

L2 Cache Stats:
L2-Load-Hits:         355983084   91.85%
L2-Load-Misses:        31607401    8.15%
L2-Load-Accesses:     387590485  100.00%

L2-Store-Hits:           1137625   93.87%
L2-Store-Misses:           74268    6.13%
L2-Store-Accesses:       1211893  100.00%

L2-Total-Hits:         357120709   91.85%
L2-Total-Misses:        31681669    8.15%
L2-Total-Accesses:     388802378  100.00%

