--------
Total Statistics
--------
Total Instructions: 17762795970
Total Cycles: 51357487720
IPC: 0.345866

--------
Single level Tlb hierarchy
--------
  Data Tlb:
    Entries:          64
    Page Size(B):   4096
    Associativity:      4

Latencies:    0   50
Tlb-Sets:   16 - LRU - assoc:   4

Tlb Stats:
Tlb-Load-Hits:        2975219778   98.89%
Tlb-Load-Misses:        33420566    1.11%
Tlb-Load-Accesses:    3008640344  100.00%

Tlb-Store-Hits:          85584184   99.83%
Tlb-Store-Misses:          146912    0.17%
Tlb-Store-Accesses:      85731096  100.00%

Tlb-Total-Hits:        3060803962   98.92%
Tlb-Total-Misses:        33567478    1.08%
Tlb-Total-Accesses:    3094371440  100.00%



--------
Two level Cache hierarchy
--------
  L1-Data Cache:
    Size(KB):          64
    Block Size(B):    128
    Associativity:      8

  L2-Data Cache:
    Size(KB):        1024
    Block Size(B):    128
    Associativity:      8

Latencies:    1   10  150
L1-Sets:   64 - LRU - assoc:   8
L2-Sets: 1024 - LRU - assoc:   8
Store_allocation: Yes
L2_inclusive: Yes
L2_prefetching: No

L1 Cache Stats:
L1-Load-Hits:        2822101622   93.80%
L1-Load-Misses:       186538722    6.20%
L1-Load-Accesses:    3008640344  100.00%

L1-Store-Hits:          85208727   99.39%
L1-Store-Misses:          522369    0.61%
L1-Store-Accesses:      85731096  100.00%

L1-Total-Hits:        2907310349   93.95%
L1-Total-Misses:       187061091    6.05%
L1-Total-Accesses:    3094371440  100.00%

L2 Cache Stats:
L2-Load-Hits:           7338247    3.93%
L2-Load-Misses:       179200475   96.07%
L2-Load-Accesses:     186538722  100.00%

L2-Store-Hits:             47274    9.05%
L2-Store-Misses:          475095   90.95%
L2-Store-Accesses:        522369  100.00%

L2-Total-Hits:           7385521    3.95%
L2-Total-Misses:       179675570   96.05%
L2-Total-Accesses:     187061091  100.00%

