--------
Total Statistics
--------
Total Instructions: 17762795970
Total Cycles: 54589566250
IPC: 0.325388

--------
Single level Tlb hierarchy
--------
  Data Tlb:
    Entries:          64
    Page Size(B):   4096
    Associativity:      4

Latencies:    0   50
Tlb-Sets:   16 - LRU - assoc:   4

Tlb Stats:
Tlb-Load-Hits:        2975223718   98.89%
Tlb-Load-Misses:        33416626    1.11%
Tlb-Load-Accesses:    3008640344  100.00%

Tlb-Store-Hits:          85571439   99.81%
Tlb-Store-Misses:          159657    0.19%
Tlb-Store-Accesses:      85731096  100.00%

Tlb-Total-Hits:        3060795157   98.91%
Tlb-Total-Misses:        33576283    1.09%
Tlb-Total-Accesses:    3094371440  100.00%



--------
Two level Cache hierarchy
--------
  L1-Data Cache:
    Size(KB):          32
    Block Size(B):     64
    Associativity:      8

  L2-Data Cache:
    Size(KB):        1024
    Block Size(B):    128
    Associativity:      8

Latencies:    1   10  150
L1-Sets:   64 - LRU - assoc:   8
L2-Sets: 1024 - LRU - assoc:   8
Store_allocation: Yes
L2_inclusive: Yes
L2_prefetching: No

L1 Cache Stats:
L1-Load-Hits:        2497986400   83.03%
L1-Load-Misses:       510653944   16.97%
L1-Load-Accesses:    3008640344  100.00%

L1-Store-Hits:          83714296   97.65%
L1-Store-Misses:         2016800    2.35%
L1-Store-Accesses:      85731096  100.00%

L1-Total-Hits:        2581700696   83.43%
L1-Total-Misses:       512670744   16.57%
L1-Total-Accesses:    3094371440  100.00%

L2 Cache Stats:
L2-Load-Hits:         331614237   64.94%
L2-Load-Misses:       179039707   35.06%
L2-Load-Accesses:     510653944  100.00%

L2-Store-Hits:           1543992   76.56%
L2-Store-Misses:          472808   23.44%
L2-Store-Accesses:       2016800  100.00%

L2-Total-Hits:         333158229   64.98%
L2-Total-Misses:       179512515   35.02%
L2-Total-Accesses:     512670744  100.00%

