--------
Total Statistics
--------
Total Instructions: 17762795945
Total Cycles: 75940968677
IPC: 0.233903

--------
Single level Tlb hierarchy
--------
  Data Tlb:
    Entries:          64
    Page Size(B):   4096
    Associativity:      4

Latencies:    0   50
Tlb-Sets:   16 - LRU - assoc:   4

Tlb Stats:
Tlb-Load-Hits:        2975232528   98.89%
Tlb-Load-Misses:        33407808    1.11%
Tlb-Load-Accesses:    3008640336  100.00%

Tlb-Store-Hits:          85584362   99.83%
Tlb-Store-Misses:          146734    0.17%
Tlb-Store-Accesses:      85731096  100.00%

Tlb-Total-Hits:        3060816890   98.92%
Tlb-Total-Misses:        33554542    1.08%
Tlb-Total-Accesses:    3094371432  100.00%



--------
Two level Cache hierarchy
--------
  L1-Data Cache:
    Size(KB):          32
    Block Size(B):     64
    Associativity:      8

  L2-Data Cache:
    Size(KB):        1024
    Block Size(B):     64
    Associativity:      8

Latencies:    1   10  150
L1-Sets:   64 - LRU - assoc:   8
L2-Sets: 2048 - LRU - assoc:   8
Store_allocation: Yes
L2_inclusive: Yes
L2_prefetching: No

L1 Cache Stats:
L1-Load-Hits:        2664480204   88.56%
L1-Load-Misses:       344160132   11.44%
L1-Load-Accesses:    3008640336  100.00%

L1-Store-Hits:          84716138   98.82%
L1-Store-Misses:         1014958    1.18%
L1-Store-Accesses:      85731096  100.00%

L1-Total-Hits:        2749196342   88.85%
L1-Total-Misses:       345175090   11.15%
L1-Total-Accesses:    3094371432  100.00%

L2 Cache Stats:
L2-Load-Hits:          12041879    3.50%
L2-Load-Misses:       332118253   96.50%
L2-Load-Accesses:     344160132  100.00%

L2-Store-Hits:            104389   10.29%
L2-Store-Misses:          910569   89.71%
L2-Store-Accesses:       1014958  100.00%

L2-Total-Hits:          12146268    3.52%
L2-Total-Misses:       333028822   96.48%
L2-Total-Accesses:     345175090  100.00%

