--------
Total Statistics
--------
Total Instructions: 17762795945
Total Cycles: 54644882897
IPC: 0.325059

--------
Single level Tlb hierarchy
--------
  Data Tlb:
    Entries:          64
    Page Size(B):   4096
    Associativity:     32

Latencies:    0   50
Tlb-Sets:    2 - LRU - assoc:  32

Tlb Stats:
Tlb-Load-Hits:        2975448679   98.90%
Tlb-Load-Misses:        33191657    1.10%
Tlb-Load-Accesses:    3008640336  100.00%

Tlb-Store-Hits:          85628138   99.88%
Tlb-Store-Misses:          102958    0.12%
Tlb-Store-Accesses:      85731096  100.00%

Tlb-Total-Hits:        3061076817   98.92%
Tlb-Total-Misses:        33294615    1.08%
Tlb-Total-Accesses:    3094371432  100.00%



--------
Two level Cache hierarchy
--------
  L1-Data Cache:
    Size(KB):          32
    Block Size(B):     64
    Associativity:      8

  L2-Data Cache:
    Size(KB):        1024
    Block Size(B):    128
    Associativity:      8

Latencies:    1   10  150
L1-Sets:   64 - LRU - assoc:   8
L2-Sets: 1024 - LRU - assoc:   8
Store_allocation: Yes
L2_inclusive: Yes
L2_prefetching: No

L1 Cache Stats:
L1-Load-Hits:        2490952214   82.79%
L1-Load-Misses:       517688122   17.21%
L1-Load-Accesses:    3008640336  100.00%

L1-Store-Hits:          83720506   97.65%
L1-Store-Misses:         2010590    2.35%
L1-Store-Accesses:      85731096  100.00%

L1-Total-Hits:        2574672720   83.21%
L1-Total-Misses:       519698712   16.79%
L1-Total-Accesses:    3094371432  100.00%

L2 Cache Stats:
L2-Load-Hits:         338644186   65.41%
L2-Load-Misses:       179043936   34.59%
L2-Load-Accesses:     517688122  100.00%

L2-Store-Hits:           1547875   76.99%
L2-Store-Misses:          462715   23.01%
L2-Store-Accesses:       2010590  100.00%

L2-Total-Hits:         340192061   65.46%
L2-Total-Misses:       179506651   34.54%
L2-Total-Accesses:     519698712  100.00%

