--------
Total Statistics
--------
Total Instructions: 17762795945
Total Cycles: 54537436517
IPC: 0.325699

--------
Single level Tlb hierarchy
--------
  Data Tlb:
    Entries:          64
    Page Size(B):   4096
    Associativity:      4

Latencies:    0   50
Tlb-Sets:   16 - LRU - assoc:   4

Tlb Stats:
Tlb-Load-Hits:        2975280652   98.89%
Tlb-Load-Misses:        33359684    1.11%
Tlb-Load-Accesses:    3008640336  100.00%

Tlb-Store-Hits:          85585717   99.83%
Tlb-Store-Misses:          145379    0.17%
Tlb-Store-Accesses:      85731096  100.00%

Tlb-Total-Hits:        3060866369   98.92%
Tlb-Total-Misses:        33505063    1.08%
Tlb-Total-Accesses:    3094371432  100.00%



--------
Two level Cache hierarchy
--------
  L1-Data Cache:
    Size(KB):          32
    Block Size(B):     64
    Associativity:      4

  L2-Data Cache:
    Size(KB):        1024
    Block Size(B):    128
    Associativity:      8

Latencies:    1   10  150
L1-Sets:  128 - LRU - assoc:   4
L2-Sets: 1024 - LRU - assoc:   8
Store_allocation: Yes
L2_inclusive: Yes
L2_prefetching: No

L1 Cache Stats:
L1-Load-Hits:        2502614240   83.18%
L1-Load-Misses:       506026096   16.82%
L1-Load-Accesses:    3008640336  100.00%

L1-Store-Hits:          83928378   97.90%
L1-Store-Misses:         1802718    2.10%
L1-Store-Accesses:      85731096  100.00%

L1-Total-Hits:        2586542618   83.59%
L1-Total-Misses:       507828814   16.41%
L1-Total-Accesses:    3094371432  100.00%

L2 Cache Stats:
L2-Load-Hits:         326989876   64.62%
L2-Load-Misses:       179036220   35.38%
L2-Load-Accesses:     506026096  100.00%

L2-Store-Hits:           1327419   73.63%
L2-Store-Misses:          475299   26.37%
L2-Store-Accesses:       1802718  100.00%

L2-Total-Hits:         328317295   64.65%
L2-Total-Misses:       179511519   35.35%
L2-Total-Accesses:     507828814  100.00%

