--------
Total Statistics
--------
Total Instructions: 17762795945
Total Cycles: 54460273757
IPC: 0.326161

--------
Single level Tlb hierarchy
--------
  Data Tlb:
    Entries:          64
    Page Size(B):   4096
    Associativity:      4

Latencies:    0   50
Tlb-Sets:   16 - LRU - assoc:   4

Tlb Stats:
Tlb-Load-Hits:        2975239926   98.89%
Tlb-Load-Misses:        33400410    1.11%
Tlb-Load-Accesses:    3008640336  100.00%

Tlb-Store-Hits:          85579594   99.82%
Tlb-Store-Misses:          151502    0.18%
Tlb-Store-Accesses:      85731096  100.00%

Tlb-Total-Hits:        3060819520   98.92%
Tlb-Total-Misses:        33551912    1.08%
Tlb-Total-Accesses:    3094371432  100.00%



--------
Two level Cache hierarchy
--------
  L1-Data Cache:
    Size(KB):         128
    Block Size(B):     64
    Associativity:      8

  L2-Data Cache:
    Size(KB):        1024
    Block Size(B):    128
    Associativity:      8

Latencies:    1   10  150
L1-Sets:  256 - LRU - assoc:   8
L2-Sets: 1024 - LRU - assoc:   8
Store_allocation: Yes
L2_inclusive: Yes
L2_prefetching: No

L1 Cache Stats:
L1-Load-Hits:        2510493836   83.44%
L1-Load-Misses:       498146500   16.56%
L1-Load-Accesses:    3008640336  100.00%

L1-Store-Hits:          84124208   98.13%
L1-Store-Misses:         1606888    1.87%
L1-Store-Accesses:      85731096  100.00%

L1-Total-Hits:        2594618044   83.85%
L1-Total-Misses:       499753388   16.15%
L1-Total-Accesses:    3094371432  100.00%

L2 Cache Stats:
L2-Load-Hits:         319092668   64.06%
L2-Load-Misses:       179053832   35.94%
L2-Load-Accesses:     498146500  100.00%

L2-Store-Hits:           1140874   71.00%
L2-Store-Misses:          466014   29.00%
L2-Store-Accesses:       1606888  100.00%

L2-Total-Hits:         320233542   64.08%
L2-Total-Misses:       179519846   35.92%
L2-Total-Accesses:     499753388  100.00%

