--------
Total Statistics
--------
Total Instructions: 23714279418
Total Cycles: 32302010165
IPC: 0.734143

--------
Single level Tlb hierarchy
--------
  Data Tlb:
    Entries:          64
    Page Size(B):   4096
    Associativity:      4

Latencies:    0   50
Tlb-Sets:   16 - LRU - assoc:   4

Tlb Stats:
Tlb-Load-Hits:        6728858045  100.00%
Tlb-Load-Misses:              44    0.00%
Tlb-Load-Accesses:    6728858089  100.00%

Tlb-Store-Hits:        1857031756  100.00%
Tlb-Store-Misses:             342    0.00%
Tlb-Store-Accesses:    1857032098  100.00%

Tlb-Total-Hits:        8585889801  100.00%
Tlb-Total-Misses:             386    0.00%
Tlb-Total-Accesses:    8585890187  100.00%



--------
Two level Cache hierarchy
--------
  L1-Data Cache:
    Size(KB):          64
    Block Size(B):    128
    Associativity:      8

  L2-Data Cache:
    Size(KB):        1024
    Block Size(B):    128
    Associativity:      8

Latencies:    1   10  150
L1-Sets:   64 - LRU - assoc:   8
L2-Sets: 1024 - LRU - assoc:   8
Store_allocation: Yes
L2_inclusive: Yes
L2_prefetching: No

L1 Cache Stats:
L1-Load-Hits:        6728856621  100.00%
L1-Load-Misses:            1468    0.00%
L1-Load-Accesses:    6728858089  100.00%

L1-Store-Hits:        1857021690  100.00%
L1-Store-Misses:           10408    0.00%
L1-Store-Accesses:    1857032098  100.00%

L1-Total-Hits:        8585878311  100.00%
L1-Total-Misses:           11876    0.00%
L1-Total-Accesses:    8585890187  100.00%

L2 Cache Stats:
L2-Load-Hits:               419   28.54%
L2-Load-Misses:            1049   71.46%
L2-Load-Accesses:          1468  100.00%

L2-Store-Hits:               107    1.03%
L2-Store-Misses:           10301   98.97%
L2-Store-Accesses:         10408  100.00%

L2-Total-Hits:               526    4.43%
L2-Total-Misses:           11350   95.57%
L2-Total-Accesses:         11876  100.00%

