--------
Total Statistics
--------
Total Instructions: 23714279393
Total Cycles: 32807574932
IPC: 0.722829

--------
Single level Tlb hierarchy
--------
  Data Tlb:
    Entries:         256
    Page Size(B):   4096
    Associativity:      4

Latencies:    0   50
Tlb-Sets:   64 - LRU - assoc:   4

Tlb Stats:
Tlb-Load-Hits:        6728858043  100.00%
Tlb-Load-Misses:              38    0.00%
Tlb-Load-Accesses:    6728858081  100.00%

Tlb-Store-Hits:        1857031756  100.00%
Tlb-Store-Misses:             342    0.00%
Tlb-Store-Accesses:    1857032098  100.00%

Tlb-Total-Hits:        8585889799  100.00%
Tlb-Total-Misses:             380    0.00%
Tlb-Total-Accesses:    8585890179  100.00%



--------
Two level Cache hierarchy
--------
  L1-Data Cache:
    Size(KB):          32
    Block Size(B):     64
    Associativity:      8

  L2-Data Cache:
    Size(KB):        1024
    Block Size(B):    128
    Associativity:      8

Latencies:    1   10  150
L1-Sets:   64 - LRU - assoc:   8
L2-Sets: 1024 - LRU - assoc:   8
Store_allocation: Yes
L2_inclusive: Yes
L2_prefetching: No

L1 Cache Stats:
L1-Load-Hits:        6711130550   99.74%
L1-Load-Misses:        17727531    0.26%
L1-Load-Accesses:    6728858081  100.00%

L1-Store-Hits:        1824190403   98.23%
L1-Store-Misses:        32841695    1.77%
L1-Store-Accesses:    1857032098  100.00%

L1-Total-Hits:        8535320953   99.41%
L1-Total-Misses:        50569226    0.59%
L1-Total-Accesses:    8585890179  100.00%

L2 Cache Stats:
L2-Load-Hits:          17726532   99.99%
L2-Load-Misses:             999    0.01%
L2-Load-Accesses:      17727531  100.00%

L2-Store-Hits:          32831400   99.97%
L2-Store-Misses:           10295    0.03%
L2-Store-Accesses:      32841695  100.00%

L2-Total-Hits:          50557932   99.98%
L2-Total-Misses:           11294    0.02%
L2-Total-Accesses:      50569226  100.00%

