--------
Total Statistics
--------
Total Instructions: 23714279393
Total Cycles: 32795969022
IPC: 0.723085

--------
Single level Tlb hierarchy
--------
  Data Tlb:
    Entries:          64
    Page Size(B):   4096
    Associativity:      4

Latencies:    0   50
Tlb-Sets:   16 - LRU - assoc:   4

Tlb Stats:
Tlb-Load-Hits:        6728858031  100.00%
Tlb-Load-Misses:              50    0.00%
Tlb-Load-Accesses:    6728858081  100.00%

Tlb-Store-Hits:        1857031753  100.00%
Tlb-Store-Misses:             345    0.00%
Tlb-Store-Accesses:    1857032098  100.00%

Tlb-Total-Hits:        8585889784  100.00%
Tlb-Total-Misses:             395    0.00%
Tlb-Total-Accesses:    8585890179  100.00%



--------
Two level Cache hierarchy
--------
  L1-Data Cache:
    Size(KB):          32
    Block Size(B):     64
    Associativity:      8

  L2-Data Cache:
    Size(KB):        1024
    Block Size(B):    128
    Associativity:      8

Latencies:    1   10  150
L1-Sets:   64 - LRU - assoc:   8
L2-Sets: 1024 - LRU - assoc:   8
Store_allocation: Yes
L2_inclusive: Yes
L2_prefetching: Yes ( 16)

L1 Cache Stats:
L1-Load-Hits:        6711133815   99.74%
L1-Load-Misses:        17724266    0.26%
L1-Load-Accesses:    6728858081  100.00%

L1-Store-Hits:        1825193499   98.29%
L1-Store-Misses:        31838599    1.71%
L1-Store-Accesses:    1857032098  100.00%

L1-Total-Hits:        8536327314   99.42%
L1-Total-Misses:        49562865    0.58%
L1-Total-Accesses:    8585890179  100.00%

L2 Cache Stats:
L2-Load-Hits:          17724138  100.00%
L2-Load-Misses:             128    0.00%
L2-Load-Accesses:      17724266  100.00%

L2-Store-Hits:          31837720  100.00%
L2-Store-Misses:             879    0.00%
L2-Store-Accesses:      31838599  100.00%

L2-Total-Hits:          49561858  100.00%
L2-Total-Misses:            1007    0.00%
L2-Total-Accesses:      49562865  100.00%

