--------
Total Statistics
--------
Total Instructions: 23714279393
Total Cycles: 32815584462
IPC: 0.722653

--------
Single level Tlb hierarchy
--------
  Data Tlb:
    Entries:          64
    Page Size(B):   4096
    Associativity:     32

Latencies:    0   50
Tlb-Sets:    2 - LRU - assoc:  32

Tlb Stats:
Tlb-Load-Hits:        6728858040  100.00%
Tlb-Load-Misses:              41    0.00%
Tlb-Load-Accesses:    6728858081  100.00%

Tlb-Store-Hits:        1857031755  100.00%
Tlb-Store-Misses:             343    0.00%
Tlb-Store-Accesses:    1857032098  100.00%

Tlb-Total-Hits:        8585889795  100.00%
Tlb-Total-Misses:             384    0.00%
Tlb-Total-Accesses:    8585890179  100.00%



--------
Two level Cache hierarchy
--------
  L1-Data Cache:
    Size(KB):          32
    Block Size(B):     64
    Associativity:      8

  L2-Data Cache:
    Size(KB):        1024
    Block Size(B):    128
    Associativity:      8

Latencies:    1   10  150
L1-Sets:   64 - LRU - assoc:   8
L2-Sets: 1024 - LRU - assoc:   8
Store_allocation: Yes
L2_inclusive: Yes
L2_prefetching: No

L1 Cache Stats:
L1-Load-Hits:        6710839160   99.73%
L1-Load-Misses:        18018921    0.27%
L1-Load-Accesses:    6728858081  100.00%

L1-Store-Hits:        1823680875   98.20%
L1-Store-Misses:        33351223    1.80%
L1-Store-Accesses:    1857032098  100.00%

L1-Total-Hits:        8534520035   99.40%
L1-Total-Misses:        51370144    0.60%
L1-Total-Accesses:    8585890179  100.00%

L2 Cache Stats:
L2-Load-Hits:          18017921   99.99%
L2-Load-Misses:            1000    0.01%
L2-Load-Accesses:      18018921  100.00%

L2-Store-Hits:          33340928   99.97%
L2-Store-Misses:           10295    0.03%
L2-Store-Accesses:      33351223  100.00%

L2-Total-Hits:          51358849   99.98%
L2-Total-Misses:           11295    0.02%
L2-Total-Accesses:      51370144  100.00%

