--------
Total Statistics
--------
Total Instructions: 23714279393
Total Cycles: 32800860442
IPC: 0.722977

--------
Single level Tlb hierarchy
--------
  Data Tlb:
    Entries:          64
    Page Size(B):   4096
    Associativity:      8

Latencies:    0   50
Tlb-Sets:    8 - LRU - assoc:   8

Tlb Stats:
Tlb-Load-Hits:        6728858036  100.00%
Tlb-Load-Misses:              45    0.00%
Tlb-Load-Accesses:    6728858081  100.00%

Tlb-Store-Hits:        1857031756  100.00%
Tlb-Store-Misses:             342    0.00%
Tlb-Store-Accesses:    1857032098  100.00%

Tlb-Total-Hits:        8585889792  100.00%
Tlb-Total-Misses:             387    0.00%
Tlb-Total-Accesses:    8585890179  100.00%



--------
Two level Cache hierarchy
--------
  L1-Data Cache:
    Size(KB):          32
    Block Size(B):     64
    Associativity:      8

  L2-Data Cache:
    Size(KB):        1024
    Block Size(B):    128
    Associativity:      8

Latencies:    1   10  150
L1-Sets:   64 - LRU - assoc:   8
L2-Sets: 1024 - LRU - assoc:   8
Store_allocation: Yes
L2_inclusive: Yes
L2_prefetching: No

L1 Cache Stats:
L1-Load-Hits:        6711124321   99.74%
L1-Load-Misses:        17733760    0.26%
L1-Load-Accesses:    6728858081  100.00%

L1-Store-Hits:        1824868146   98.27%
L1-Store-Misses:        32163952    1.73%
L1-Store-Accesses:    1857032098  100.00%

L1-Total-Hits:        8535992467   99.42%
L1-Total-Misses:        49897712    0.58%
L1-Total-Accesses:    8585890179  100.00%

L2 Cache Stats:
L2-Load-Hits:          17732757   99.99%
L2-Load-Misses:            1003    0.01%
L2-Load-Accesses:      17733760  100.00%

L2-Store-Hits:          32153659   99.97%
L2-Store-Misses:           10293    0.03%
L2-Store-Accesses:      32163952  100.00%

L2-Total-Hits:          49886416   99.98%
L2-Total-Misses:           11296    0.02%
L2-Total-Accesses:      49897712  100.00%

