--------
Total Statistics
--------
Total Instructions: 23714279393
Total Cycles: 32302403502
IPC: 0.734134

--------
Single level Tlb hierarchy
--------
  Data Tlb:
    Entries:          64
    Page Size(B):   4096
    Associativity:      4

Latencies:    0   50
Tlb-Sets:   16 - LRU - assoc:   4

Tlb Stats:
Tlb-Load-Hits:        6728853022  100.00%
Tlb-Load-Misses:            5059    0.00%
Tlb-Load-Accesses:    6728858081  100.00%

Tlb-Store-Hits:        1857031755  100.00%
Tlb-Store-Misses:             343    0.00%
Tlb-Store-Accesses:    1857032098  100.00%

Tlb-Total-Hits:        8585884777  100.00%
Tlb-Total-Misses:            5402    0.00%
Tlb-Total-Accesses:    8585890179  100.00%



--------
Two level Cache hierarchy
--------
  L1-Data Cache:
    Size(KB):         128
    Block Size(B):     64
    Associativity:      8

  L2-Data Cache:
    Size(KB):        1024
    Block Size(B):    128
    Associativity:      8

Latencies:    1   10  150
L1-Sets:  256 - LRU - assoc:   8
L2-Sets: 1024 - LRU - assoc:   8
Store_allocation: Yes
L2_inclusive: Yes
L2_prefetching: No

L1 Cache Stats:
L1-Load-Hits:        6728855645  100.00%
L1-Load-Misses:            2436    0.00%
L1-Load-Accesses:    6728858081  100.00%

L1-Store-Hits:        1857008521  100.00%
L1-Store-Misses:           23577    0.00%
L1-Store-Accesses:    1857032098  100.00%

L1-Total-Hits:        8585864166  100.00%
L1-Total-Misses:           26013    0.00%
L1-Total-Accesses:    8585890179  100.00%

L2 Cache Stats:
L2-Load-Hits:              1376   56.49%
L2-Load-Misses:            1060   43.51%
L2-Load-Accesses:          2436  100.00%

L2-Store-Hits:             13279   56.32%
L2-Store-Misses:           10298   43.68%
L2-Store-Accesses:         23577  100.00%

L2-Total-Hits:             14655   56.34%
L2-Total-Misses:           11358   43.66%
L2-Total-Accesses:         26013  100.00%

