--------
Total Statistics
--------
Total Instructions: 23714279393
Total Cycles: 32306995422
IPC: 0.734029

--------
Single level Tlb hierarchy
--------
  Data Tlb:
    Entries:          64
    Page Size(B):   4096
    Associativity:      4

Latencies:    0   50
Tlb-Sets:   16 - LRU - assoc:   4

Tlb Stats:
Tlb-Load-Hits:        6728853016  100.00%
Tlb-Load-Misses:            5065    0.00%
Tlb-Load-Accesses:    6728858081  100.00%

Tlb-Store-Hits:        1857029255  100.00%
Tlb-Store-Misses:            2843    0.00%
Tlb-Store-Accesses:    1857032098  100.00%

Tlb-Total-Hits:        8585882271  100.00%
Tlb-Total-Misses:            7908    0.00%
Tlb-Total-Accesses:    8585890179  100.00%



--------
Two level Cache hierarchy
--------
  L1-Data Cache:
    Size(KB):          64
    Block Size(B):     64
    Associativity:      4

  L2-Data Cache:
    Size(KB):        1024
    Block Size(B):    128
    Associativity:      8

Latencies:    1   10  150
L1-Sets:  256 - LRU - assoc:   4
L2-Sets: 1024 - LRU - assoc:   8
Store_allocation: Yes
L2_inclusive: Yes
L2_prefetching: No

L1 Cache Stats:
L1-Load-Hits:        6728550186  100.00%
L1-Load-Misses:          307895    0.00%
L1-Load-Accesses:    6728858081  100.00%

L1-Store-Hits:        1856866688   99.99%
L1-Store-Misses:          165410    0.01%
L1-Store-Accesses:    1857032098  100.00%

L1-Total-Hits:        8585416874   99.99%
L1-Total-Misses:          473305    0.01%
L1-Total-Accesses:    8585890179  100.00%

L2 Cache Stats:
L2-Load-Hits:            306877   99.67%
L2-Load-Misses:            1018    0.33%
L2-Load-Accesses:        307895  100.00%

L2-Store-Hits:            155112   93.77%
L2-Store-Misses:           10298    6.23%
L2-Store-Accesses:        165410  100.00%

L2-Total-Hits:            461989   97.61%
L2-Total-Misses:           11316    2.39%
L2-Total-Accesses:        473305  100.00%

