--------
Total Statistics
--------
Total Instructions: 23714279418
Total Cycles: 38349823835
IPC: 0.618367

--------
Single level Tlb hierarchy
--------
  Data Tlb:
    Entries:          64
    Page Size(B):   4096
    Associativity:      1

Latencies:    0   50
Tlb-Sets:   64 - LRU - assoc:   1

Tlb Stats:
Tlb-Load-Hits:        6638202276   98.65%
Tlb-Load-Misses:        90655813    1.35%
Tlb-Load-Accesses:    6728858089  100.00%

Tlb-Store-Hits:        1836916721   98.92%
Tlb-Store-Misses:        20115377    1.08%
Tlb-Store-Accesses:    1857032098  100.00%

Tlb-Total-Hits:        8475118997   98.71%
Tlb-Total-Misses:       110771190    1.29%
Tlb-Total-Accesses:    8585890187  100.00%



--------
Two level Cache hierarchy
--------
  L1-Data Cache:
    Size(KB):          32
    Block Size(B):     64
    Associativity:      8

  L2-Data Cache:
    Size(KB):        1024
    Block Size(B):    128
    Associativity:      8

Latencies:    1   10  150
L1-Sets:   64 - LRU - assoc:   8
L2-Sets: 1024 - LRU - assoc:   8
Store_allocation: Yes
L2_inclusive: Yes
L2_prefetching: No

L1 Cache Stats:
L1-Load-Hits:        6710983880   99.73%
L1-Load-Misses:        17874209    0.27%
L1-Load-Accesses:    6728858089  100.00%

L1-Store-Hits:        1823966274   98.22%
L1-Store-Misses:        33065824    1.78%
L1-Store-Accesses:    1857032098  100.00%

L1-Total-Hits:        8534950154   99.41%
L1-Total-Misses:        50940033    0.59%
L1-Total-Accesses:    8585890187  100.00%

L2 Cache Stats:
L2-Load-Hits:          17873206   99.99%
L2-Load-Misses:            1003    0.01%
L2-Load-Accesses:      17874209  100.00%

L2-Store-Hits:          33055531   99.97%
L2-Store-Misses:           10293    0.03%
L2-Store-Accesses:      33065824  100.00%

L2-Total-Hits:          50928737   99.98%
L2-Total-Misses:           11296    0.02%
L2-Total-Accesses:      50940033  100.00%

