--------
Total Statistics
--------
Total Instructions: 23714279393
Total Cycles: 32809769002
IPC: 0.722781

--------
Single level Tlb hierarchy
--------
  Data Tlb:
    Entries:          64
    Page Size(B):   4096
    Associativity:      4

Latencies:    0   50
Tlb-Sets:   16 - LRU - assoc:   4

Tlb Stats:
Tlb-Load-Hits:        6728818014  100.00%
Tlb-Load-Misses:           40067    0.00%
Tlb-Load-Accesses:    6728858081  100.00%

Tlb-Store-Hits:        1857031752  100.00%
Tlb-Store-Misses:             346    0.00%
Tlb-Store-Accesses:    1857032098  100.00%

Tlb-Total-Hits:        8585849766  100.00%
Tlb-Total-Misses:           40413    0.00%
Tlb-Total-Accesses:    8585890179  100.00%



--------
Two level Cache hierarchy
--------
  L1-Data Cache:
    Size(KB):          32
    Block Size(B):     64
    Associativity:      8

  L2-Data Cache:
    Size(KB):        1024
    Block Size(B):    128
    Associativity:     16

Latencies:    1   10  150
L1-Sets:   64 - LRU - assoc:   8
L2-Sets:  512 - LRU - assoc:  16
Store_allocation: Yes
L2_inclusive: Yes
L2_prefetching: No

L1 Cache Stats:
L1-Load-Hits:        6710846904   99.73%
L1-Load-Misses:        18011177    0.27%
L1-Load-Accesses:    6728858081  100.00%

L1-Store-Hits:        1824454837   98.25%
L1-Store-Misses:        32577261    1.75%
L1-Store-Accesses:    1857032098  100.00%

L1-Total-Hits:        8535301741   99.41%
L1-Total-Misses:        50588438    0.59%
L1-Total-Accesses:    8585890179  100.00%

L2 Cache Stats:
L2-Load-Hits:          18010174   99.99%
L2-Load-Misses:            1003    0.01%
L2-Load-Accesses:      18011177  100.00%

L2-Store-Hits:          32566968   99.97%
L2-Store-Misses:           10293    0.03%
L2-Store-Accesses:      32577261  100.00%

L2-Total-Hits:          50577142   99.98%
L2-Total-Misses:           11296    0.02%
L2-Total-Accesses:      50588438  100.00%

