--------
Total Statistics
--------
Total Instructions: 23714279393
Total Cycles: 32799661262
IPC: 0.723004

--------
Single level Tlb hierarchy
--------
  Data Tlb:
    Entries:          64
    Page Size(B):   4096
    Associativity:      4

Latencies:    0   50
Tlb-Sets:   16 - LRU - assoc:   4

Tlb Stats:
Tlb-Load-Hits:        6728858021  100.00%
Tlb-Load-Misses:              60    0.00%
Tlb-Load-Accesses:    6728858081  100.00%

Tlb-Store-Hits:        1857031752  100.00%
Tlb-Store-Misses:             346    0.00%
Tlb-Store-Accesses:    1857032098  100.00%

Tlb-Total-Hits:        8585889773  100.00%
Tlb-Total-Misses:             406    0.00%
Tlb-Total-Accesses:    8585890179  100.00%



--------
Two level Cache hierarchy
--------
  L1-Data Cache:
    Size(KB):          32
    Block Size(B):     64
    Associativity:      8

  L2-Data Cache:
    Size(KB):        1024
    Block Size(B):    128
    Associativity:      8

Latencies:    1   10  150
L1-Sets:   64 - LRU - assoc:   8
L2-Sets: 1024 - LRU - assoc:   8
Store_allocation: Yes
L2_inclusive: Yes
L2_prefetching: Yes (  8)

L1 Cache Stats:
L1-Load-Hits:        6710973461   99.73%
L1-Load-Misses:        17884620    0.27%
L1-Load-Accesses:    6728858081  100.00%

L1-Store-Hits:        1824998979   98.28%
L1-Store-Misses:        32033119    1.72%
L1-Store-Accesses:    1857032098  100.00%

L1-Total-Hits:        8535972440   99.42%
L1-Total-Misses:        49917739    0.58%
L1-Total-Accesses:    8585890179  100.00%

L2 Cache Stats:
L2-Load-Hits:          17884429  100.00%
L2-Load-Misses:             191    0.00%
L2-Load-Accesses:      17884620  100.00%

L2-Store-Hits:          32031350   99.99%
L2-Store-Misses:            1769    0.01%
L2-Store-Accesses:      32033119  100.00%

L2-Total-Hits:          49915779  100.00%
L2-Total-Misses:            1960    0.00%
L2-Total-Accesses:      49917739  100.00%

