--------
Total Statistics
--------
Total Instructions: 23714279393
Total Cycles: 32797623342
IPC: 0.723049

--------
Single level Tlb hierarchy
--------
  Data Tlb:
    Entries:          64
    Page Size(B):   4096
    Associativity:      4

Latencies:    0   50
Tlb-Sets:   16 - LRU - assoc:   4

Tlb Stats:
Tlb-Load-Hits:        6728858029  100.00%
Tlb-Load-Misses:              52    0.00%
Tlb-Load-Accesses:    6728858081  100.00%

Tlb-Store-Hits:        1857031756  100.00%
Tlb-Store-Misses:             342    0.00%
Tlb-Store-Accesses:    1857032098  100.00%

Tlb-Total-Hits:        8585889785  100.00%
Tlb-Total-Misses:             394    0.00%
Tlb-Total-Accesses:    8585890179  100.00%



--------
Two level Cache hierarchy
--------
  L1-Data Cache:
    Size(KB):          32
    Block Size(B):     64
    Associativity:      8

  L2-Data Cache:
    Size(KB):        2048
    Block Size(B):    128
    Associativity:     16

Latencies:    1   10  150
L1-Sets:   64 - LRU - assoc:   8
L2-Sets: 1024 - LRU - assoc:  16
Store_allocation: Yes
L2_inclusive: Yes
L2_prefetching: No

L1 Cache Stats:
L1-Load-Hits:        6711157038   99.74%
L1-Load-Misses:        17701043    0.26%
L1-Load-Accesses:    6728858081  100.00%

L1-Store-Hits:        1825159084   98.28%
L1-Store-Misses:        31873014    1.72%
L1-Store-Accesses:    1857032098  100.00%

L1-Total-Hits:        8536316122   99.42%
L1-Total-Misses:        49574057    0.58%
L1-Total-Accesses:    8585890179  100.00%

L2 Cache Stats:
L2-Load-Hits:          17700046   99.99%
L2-Load-Misses:             997    0.01%
L2-Load-Accesses:      17701043  100.00%

L2-Store-Hits:          31862721   99.97%
L2-Store-Misses:           10293    0.03%
L2-Store-Accesses:      31873014  100.00%

L2-Total-Hits:          49562767   99.98%
L2-Total-Misses:           11290    0.02%
L2-Total-Accesses:      49574057  100.00%

