--------
Total Statistics
--------
Total Instructions: 23714279393
Total Cycles: 32754537362
IPC: 0.724

--------
Single level Tlb hierarchy
--------
  Data Tlb:
    Entries:          64
    Page Size(B):   4096
    Associativity:      4

Latencies:    0   50
Tlb-Sets:   16 - LRU - assoc:   4

Tlb Stats:
Tlb-Load-Hits:        6728858033  100.00%
Tlb-Load-Misses:              48    0.00%
Tlb-Load-Accesses:    6728858081  100.00%

Tlb-Store-Hits:        1857031755  100.00%
Tlb-Store-Misses:             343    0.00%
Tlb-Store-Accesses:    1857032098  100.00%

Tlb-Total-Hits:        8585889788  100.00%
Tlb-Total-Misses:             391    0.00%
Tlb-Total-Accesses:    8585890179  100.00%



--------
Two level Cache hierarchy
--------
  L1-Data Cache:
    Size(KB):          32
    Block Size(B):     64
    Associativity:      4

  L2-Data Cache:
    Size(KB):        1024
    Block Size(B):    128
    Associativity:      8

Latencies:    1   10  150
L1-Sets:  128 - LRU - assoc:   4
L2-Sets: 1024 - LRU - assoc:   8
Store_allocation: Yes
L2_inclusive: Yes
L2_prefetching: No

L1 Cache Stats:
L1-Load-Hits:        6711580946   99.74%
L1-Load-Misses:        17277135    0.26%
L1-Load-Accesses:    6728858081  100.00%

L1-Store-Hits:        1829043834   98.49%
L1-Store-Misses:        27988264    1.51%
L1-Store-Accesses:    1857032098  100.00%

L1-Total-Hits:        8540624780   99.47%
L1-Total-Misses:        45265399    0.53%
L1-Total-Accesses:    8585890179  100.00%

L2 Cache Stats:
L2-Load-Hits:          17276132   99.99%
L2-Load-Misses:            1003    0.01%
L2-Load-Accesses:      17277135  100.00%

L2-Store-Hits:          27977972   99.96%
L2-Store-Misses:           10292    0.04%
L2-Store-Accesses:      27988264  100.00%

L2-Total-Hits:          45254104   99.98%
L2-Total-Misses:           11295    0.02%
L2-Total-Accesses:      45265399  100.00%

