--------
Total Statistics
--------
Total Instructions: 23714279393
Total Cycles: 32813054142
IPC: 0.722709

--------
Single level Tlb hierarchy
--------
  Data Tlb:
    Entries:          64
    Page Size(B):   4096
    Associativity:      4

Latencies:    0   50
Tlb-Sets:   16 - LRU - assoc:   4

Tlb Stats:
Tlb-Load-Hits:        6728858032  100.00%
Tlb-Load-Misses:              49    0.00%
Tlb-Load-Accesses:    6728858081  100.00%

Tlb-Store-Hits:        1857031756  100.00%
Tlb-Store-Misses:             342    0.00%
Tlb-Store-Accesses:    1857032098  100.00%

Tlb-Total-Hits:        8585889788  100.00%
Tlb-Total-Misses:             391    0.00%
Tlb-Total-Accesses:    8585890179  100.00%



--------
Two level Cache hierarchy
--------
  L1-Data Cache:
    Size(KB):          32
    Block Size(B):     64
    Associativity:      8

  L2-Data Cache:
    Size(KB):        2048
    Block Size(B):     64
    Associativity:     16

Latencies:    1   10  150
L1-Sets:   64 - LRU - assoc:   8
L2-Sets: 2048 - LRU - assoc:  16
Store_allocation: Yes
L2_inclusive: Yes
L2_prefetching: No

L1 Cache Stats:
L1-Load-Hits:        6710919644   99.73%
L1-Load-Misses:        17938437    0.27%
L1-Load-Accesses:    6728858081  100.00%

L1-Store-Hits:        1824021848   98.22%
L1-Store-Misses:        33010250    1.78%
L1-Store-Accesses:    1857032098  100.00%

L1-Total-Hits:        8534941492   99.41%
L1-Total-Misses:        50948687    0.59%
L1-Total-Accesses:    8585890179  100.00%

L2 Cache Stats:
L2-Load-Hits:          17936466   99.99%
L2-Load-Misses:            1971    0.01%
L2-Load-Accesses:      17938437  100.00%

L2-Store-Hits:          32989700   99.94%
L2-Store-Misses:           20550    0.06%
L2-Store-Accesses:      33010250  100.00%

L2-Total-Hits:          50926166   99.96%
L2-Total-Misses:           22521    0.04%
L2-Total-Accesses:      50948687  100.00%

