--------
Total Statistics
--------
Total Instructions: 23714279393
Total Cycles: 32302389292
IPC: 0.734134

--------
Single level Tlb hierarchy
--------
  Data Tlb:
    Entries:          64
    Page Size(B):   4096
    Associativity:      4

Latencies:    0   50
Tlb-Sets:   16 - LRU - assoc:   4

Tlb Stats:
Tlb-Load-Hits:        6728858037  100.00%
Tlb-Load-Misses:              44    0.00%
Tlb-Load-Accesses:    6728858081  100.00%

Tlb-Store-Hits:        1857031753  100.00%
Tlb-Store-Misses:             345    0.00%
Tlb-Store-Accesses:    1857032098  100.00%

Tlb-Total-Hits:        8585889790  100.00%
Tlb-Total-Misses:             389    0.00%
Tlb-Total-Accesses:    8585890179  100.00%



--------
Two level Cache hierarchy
--------
  L1-Data Cache:
    Size(KB):          64
    Block Size(B):     32
    Associativity:      8

  L2-Data Cache:
    Size(KB):        1024
    Block Size(B):    128
    Associativity:      8

Latencies:    1   10  150
L1-Sets:  256 - LRU - assoc:   8
L2-Sets: 1024 - LRU - assoc:   8
Store_allocation: Yes
L2_inclusive: Yes
L2_prefetching: No

L1 Cache Stats:
L1-Load-Hits:        6728853581  100.00%
L1-Load-Misses:            4500    0.00%
L1-Load-Accesses:    6728858081  100.00%

L1-Store-Hits:        1856986416  100.00%
L1-Store-Misses:           45682    0.00%
L1-Store-Accesses:    1857032098  100.00%

L1-Total-Hits:        8585839997  100.00%
L1-Total-Misses:           50182    0.00%
L1-Total-Accesses:    8585890179  100.00%

L2 Cache Stats:
L2-Load-Hits:              3473   77.18%
L2-Load-Misses:            1027   22.82%
L2-Load-Accesses:          4500  100.00%

L2-Store-Hits:             35386   77.46%
L2-Store-Misses:           10296   22.54%
L2-Store-Accesses:         45682  100.00%

L2-Total-Hits:             38859   77.44%
L2-Total-Misses:           11323   22.56%
L2-Total-Accesses:         50182  100.00%

