--------
Total Statistics
--------
Total Instructions: 23714279393
Total Cycles: 32808511612
IPC: 0.722809

--------
Single level Tlb hierarchy
--------
  Data Tlb:
    Entries:          64
    Page Size(B):   4096
    Associativity:      4

Latencies:    0   50
Tlb-Sets:   16 - LRU - assoc:   4

Tlb Stats:
Tlb-Load-Hits:        6728858036  100.00%
Tlb-Load-Misses:              45    0.00%
Tlb-Load-Accesses:    6728858081  100.00%

Tlb-Store-Hits:        1857031756  100.00%
Tlb-Store-Misses:             342    0.00%
Tlb-Store-Accesses:    1857032098  100.00%

Tlb-Total-Hits:        8585889792  100.00%
Tlb-Total-Misses:             387    0.00%
Tlb-Total-Accesses:    8585890179  100.00%



--------
Two level Cache hierarchy
--------
  L1-Data Cache:
    Size(KB):          32
    Block Size(B):     64
    Associativity:      8

  L2-Data Cache:
    Size(KB):        1024
    Block Size(B):    256
    Associativity:      8

Latencies:    1   10  150
L1-Sets:   64 - LRU - assoc:   8
L2-Sets:  512 - LRU - assoc:   8
Store_allocation: Yes
L2_inclusive: Yes
L2_prefetching: No

L1 Cache Stats:
L1-Load-Hits:        6711009532   99.73%
L1-Load-Misses:        17848549    0.27%
L1-Load-Accesses:    6728858081  100.00%

L1-Store-Hits:        1824133458   98.23%
L1-Store-Misses:        32898640    1.77%
L1-Store-Accesses:    1857032098  100.00%

L1-Total-Hits:        8535142990   99.41%
L1-Total-Misses:        50747189    0.59%
L1-Total-Accesses:    8585890179  100.00%

L2 Cache Stats:
L2-Load-Hits:          17848028  100.00%
L2-Load-Misses:             521    0.00%
L2-Load-Accesses:      17848549  100.00%

L2-Store-Hits:          32893489   99.98%
L2-Store-Misses:            5151    0.02%
L2-Store-Accesses:      32898640  100.00%

L2-Total-Hits:          50741517   99.99%
L2-Total-Misses:            5672    0.01%
L2-Total-Accesses:      50747189  100.00%

