--------
Total Statistics
--------
Total Instructions: 23714279393
Total Cycles: 32619307302
IPC: 0.727001

--------
Single level Tlb hierarchy
--------
  Data Tlb:
    Entries:          64
    Page Size(B):   4096
    Associativity:      4

Latencies:    0   50
Tlb-Sets:   16 - LRU - assoc:   4

Tlb Stats:
Tlb-Load-Hits:        6728743006  100.00%
Tlb-Load-Misses:          115075    0.00%
Tlb-Load-Accesses:    6728858081  100.00%

Tlb-Store-Hits:        1857031751  100.00%
Tlb-Store-Misses:             347    0.00%
Tlb-Store-Accesses:    1857032098  100.00%

Tlb-Total-Hits:        8585774757  100.00%
Tlb-Total-Misses:          115422    0.00%
Tlb-Total-Accesses:    8585890179  100.00%



--------
Two level Cache hierarchy
--------
  L1-Data Cache:
    Size(KB):          32
    Block Size(B):    128
    Associativity:      8

  L2-Data Cache:
    Size(KB):        1024
    Block Size(B):    128
    Associativity:      8

Latencies:    1   10  150
L1-Sets:   32 - LRU - assoc:   8
L2-Sets: 1024 - LRU - assoc:   8
Store_allocation: Yes
L2_inclusive: Yes
L2_prefetching: No

L1 Cache Stats:
L1-Load-Hits:        6717032699   99.82%
L1-Load-Misses:        11825382    0.18%
L1-Load-Accesses:    6728858081  100.00%

L1-Store-Hits:        1837690257   98.96%
L1-Store-Misses:        19341841    1.04%
L1-Store-Accesses:    1857032098  100.00%

L1-Total-Hits:        8554722956   99.64%
L1-Total-Misses:        31167223    0.36%
L1-Total-Accesses:    8585890179  100.00%

L2 Cache Stats:
L2-Load-Hits:          11824382   99.99%
L2-Load-Misses:            1000    0.01%
L2-Load-Accesses:      11825382  100.00%

L2-Store-Hits:          19331545   99.95%
L2-Store-Misses:           10296    0.05%
L2-Store-Accesses:      19341841  100.00%

L2-Total-Hits:          31155927   99.96%
L2-Total-Misses:           11296    0.04%
L2-Total-Accesses:      31167223  100.00%

