--------
Total Statistics
--------
Total Instructions: 23714279393
Total Cycles: 32802284642
IPC: 0.722946

--------
Single level Tlb hierarchy
--------
  Data Tlb:
    Entries:          64
    Page Size(B):   4096
    Associativity:      4

Latencies:    0   50
Tlb-Sets:   16 - LRU - assoc:   4

Tlb Stats:
Tlb-Load-Hits:        6728858018  100.00%
Tlb-Load-Misses:              63    0.00%
Tlb-Load-Accesses:    6728858081  100.00%

Tlb-Store-Hits:        1857031743  100.00%
Tlb-Store-Misses:             355    0.00%
Tlb-Store-Accesses:    1857032098  100.00%

Tlb-Total-Hits:        8585889761  100.00%
Tlb-Total-Misses:             418    0.00%
Tlb-Total-Accesses:    8585890179  100.00%



--------
Two level Cache hierarchy
--------
  L1-Data Cache:
    Size(KB):          32
    Block Size(B):     64
    Associativity:      8

  L2-Data Cache:
    Size(KB):        1024
    Block Size(B):    128
    Associativity:      8

Latencies:    1   10  150
L1-Sets:   64 - LRU - assoc:   8
L2-Sets: 1024 - LRU - assoc:   8
Store_allocation: Yes
L2_inclusive: Yes
L2_prefetching: Yes (  4)

L1 Cache Stats:
L1-Load-Hits:        6711080196   99.74%
L1-Load-Misses:        17777885    0.26%
L1-Load-Accesses:    6728858081  100.00%

L1-Store-Hits:        1824643031   98.26%
L1-Store-Misses:        32389067    1.74%
L1-Store-Accesses:    1857032098  100.00%

L1-Total-Hits:        8535723227   99.42%
L1-Total-Misses:        50166952    0.58%
L1-Total-Accesses:    8585890179  100.00%

L2 Cache Stats:
L2-Load-Hits:          17777624  100.00%
L2-Load-Misses:             261    0.00%
L2-Load-Accesses:      17777885  100.00%

L2-Store-Hits:          32386497   99.99%
L2-Store-Misses:            2570    0.01%
L2-Store-Accesses:      32389067  100.00%

L2-Total-Hits:          50164121   99.99%
L2-Total-Misses:            2831    0.01%
L2-Total-Accesses:      50166952  100.00%

