--------
Total Statistics
--------
Total Instructions: 23714279393
Total Cycles: 32302010192
IPC: 0.734143

--------
Single level Tlb hierarchy
--------
  Data Tlb:
    Entries:          64
    Page Size(B):   4096
    Associativity:      4

Latencies:    0   50
Tlb-Sets:   16 - LRU - assoc:   4

Tlb Stats:
Tlb-Load-Hits:        6728858034  100.00%
Tlb-Load-Misses:              47    0.00%
Tlb-Load-Accesses:    6728858081  100.00%

Tlb-Store-Hits:        1857031755  100.00%
Tlb-Store-Misses:             343    0.00%
Tlb-Store-Accesses:    1857032098  100.00%

Tlb-Total-Hits:        8585889789  100.00%
Tlb-Total-Misses:             390    0.00%
Tlb-Total-Accesses:    8585890179  100.00%



--------
Two level Cache hierarchy
--------
  L1-Data Cache:
    Size(KB):         128
    Block Size(B):    128
    Associativity:      8

  L2-Data Cache:
    Size(KB):        1024
    Block Size(B):    128
    Associativity:      8

Latencies:    1   10  150
L1-Sets:  128 - LRU - assoc:   8
L2-Sets: 1024 - LRU - assoc:   8
Store_allocation: Yes
L2_inclusive: Yes
L2_prefetching: No

L1 Cache Stats:
L1-Load-Hits:        6728856907  100.00%
L1-Load-Misses:            1174    0.00%
L1-Load-Accesses:    6728858081  100.00%

L1-Store-Hits:        1857021740  100.00%
L1-Store-Misses:           10358    0.00%
L1-Store-Accesses:    1857032098  100.00%

L1-Total-Hits:        8585878647  100.00%
L1-Total-Misses:           11532    0.00%
L1-Total-Accesses:    8585890179  100.00%

L2 Cache Stats:
L2-Load-Hits:               100    8.52%
L2-Load-Misses:            1074   91.48%
L2-Load-Accesses:          1174  100.00%

L2-Store-Hits:                60    0.58%
L2-Store-Misses:           10298   99.42%
L2-Store-Accesses:         10358  100.00%

L2-Total-Hits:               160    1.39%
L2-Total-Misses:           11372   98.61%
L2-Total-Accesses:         11532  100.00%

