--------
Total Statistics
--------
Total Instructions: 23714279418
Total Cycles: 33119544225
IPC: 0.716021

--------
Single level Tlb hierarchy
--------
  Data Tlb:
    Entries:          64
    Page Size(B):   4096
    Associativity:      4

Latencies:    0   50
Tlb-Sets:   16 - LRU - assoc:   4

Tlb Stats:
Tlb-Load-Hits:        6728858048  100.00%
Tlb-Load-Misses:              41    0.00%
Tlb-Load-Accesses:    6728858089  100.00%

Tlb-Store-Hits:        1857031756  100.00%
Tlb-Store-Misses:             342    0.00%
Tlb-Store-Accesses:    1857032098  100.00%

Tlb-Total-Hits:        8585889804  100.00%
Tlb-Total-Misses:             383    0.00%
Tlb-Total-Accesses:    8585890187  100.00%



--------
Two level Cache hierarchy
--------
  L1-Data Cache:
    Size(KB):          32
    Block Size(B):     32
    Associativity:      8

  L2-Data Cache:
    Size(KB):        1024
    Block Size(B):    128
    Associativity:      8

Latencies:    1   10  150
L1-Sets:  128 - LRU - assoc:   8
L2-Sets: 1024 - LRU - assoc:   8
Store_allocation: Yes
L2_inclusive: Yes
L2_prefetching: No

L1 Cache Stats:
L1-Load-Hits:        6704050674   99.63%
L1-Load-Misses:        24807415    0.37%
L1-Load-Accesses:    6728858089  100.00%

L1-Store-Hits:        1800073376   96.93%
L1-Store-Misses:        56958722    3.07%
L1-Store-Accesses:    1857032098  100.00%

L1-Total-Hits:        8504124050   99.05%
L1-Total-Misses:        81766137    0.95%
L1-Total-Accesses:    8585890187  100.00%

L2 Cache Stats:
L2-Load-Hits:          24806415  100.00%
L2-Load-Misses:            1000    0.00%
L2-Load-Accesses:      24807415  100.00%

L2-Store-Hits:          56948428   99.98%
L2-Store-Misses:           10294    0.02%
L2-Store-Accesses:      56958722  100.00%

L2-Total-Hits:          81754843   99.99%
L2-Total-Misses:           11294    0.01%
L2-Total-Accesses:      81766137  100.00%

