--------
Total Statistics
--------
Total Instructions: 23714279393
Total Cycles: 32815832062
IPC: 0.722648

--------
Single level Tlb hierarchy
--------
  Data Tlb:
    Entries:          64
    Page Size(B):   4096
    Associativity:      4

Latencies:    0   50
Tlb-Sets:   16 - LRU - assoc:   4

Tlb Stats:
Tlb-Load-Hits:        6728858027  100.00%
Tlb-Load-Misses:              54    0.00%
Tlb-Load-Accesses:    6728858081  100.00%

Tlb-Store-Hits:        1857031756  100.00%
Tlb-Store-Misses:             342    0.00%
Tlb-Store-Accesses:    1857032098  100.00%

Tlb-Total-Hits:        8585889783  100.00%
Tlb-Total-Misses:             396    0.00%
Tlb-Total-Accesses:    8585890179  100.00%



--------
Two level Cache hierarchy
--------
  L1-Data Cache:
    Size(KB):          32
    Block Size(B):     64
    Associativity:      8

  L2-Data Cache:
    Size(KB):         512
    Block Size(B):     64
    Associativity:      8

Latencies:    1   10  150
L1-Sets:   64 - LRU - assoc:   8
L2-Sets: 1024 - LRU - assoc:   8
Store_allocation: Yes
L2_inclusive: Yes
L2_prefetching: No

L1 Cache Stats:
L1-Load-Hits:        6710734462   99.73%
L1-Load-Misses:        18123619    0.27%
L1-Load-Accesses:    6728858081  100.00%

L1-Store-Hits:        1823929533   98.22%
L1-Store-Misses:        33102565    1.78%
L1-Store-Accesses:    1857032098  100.00%

L1-Total-Hits:        8534663995   99.40%
L1-Total-Misses:        51226184    0.60%
L1-Total-Accesses:    8585890179  100.00%

L2 Cache Stats:
L2-Load-Hits:          18121634   99.99%
L2-Load-Misses:            1985    0.01%
L2-Load-Accesses:      18123619  100.00%

L2-Store-Hits:          33082011   99.94%
L2-Store-Misses:           20554    0.06%
L2-Store-Accesses:      33102565  100.00%

L2-Total-Hits:          51203645   99.96%
L2-Total-Misses:           22539    0.04%
L2-Total-Accesses:      51226184  100.00%

