--------
Total Statistics
--------
Total Instructions: 23714279393
Total Cycles: 32818358442
IPC: 0.722592

--------
Single level Tlb hierarchy
--------
  Data Tlb:
    Entries:          64
    Page Size(B):   4096
    Associativity:      4

Latencies:    0   50
Tlb-Sets:   16 - LRU - assoc:   4

Tlb Stats:
Tlb-Load-Hits:        6728857991  100.00%
Tlb-Load-Misses:              90    0.00%
Tlb-Load-Accesses:    6728858081  100.00%

Tlb-Store-Hits:        1857031746  100.00%
Tlb-Store-Misses:             352    0.00%
Tlb-Store-Accesses:    1857032098  100.00%

Tlb-Total-Hits:        8585889737  100.00%
Tlb-Total-Misses:             442    0.00%
Tlb-Total-Accesses:    8585890179  100.00%



--------
Two level Cache hierarchy
--------
  L1-Data Cache:
    Size(KB):          32
    Block Size(B):     64
    Associativity:      8

  L2-Data Cache:
    Size(KB):        1024
    Block Size(B):     64
    Associativity:     16

Latencies:    1   10  150
L1-Sets:   64 - LRU - assoc:   8
L2-Sets: 1024 - LRU - assoc:  16
Store_allocation: Yes
L2_inclusive: Yes
L2_prefetching: No

L1 Cache Stats:
L1-Load-Hits:        6710753200   99.73%
L1-Load-Misses:        18104881    0.27%
L1-Load-Accesses:    6728858081  100.00%

L1-Store-Hits:        1823658267   98.20%
L1-Store-Misses:        33373831    1.80%
L1-Store-Accesses:    1857032098  100.00%

L1-Total-Hits:        8534411467   99.40%
L1-Total-Misses:        51478712    0.60%
L1-Total-Accesses:    8585890179  100.00%

L2 Cache Stats:
L2-Load-Hits:          18102902   99.99%
L2-Load-Misses:            1979    0.01%
L2-Load-Accesses:      18104881  100.00%

L2-Store-Hits:          33353279   99.94%
L2-Store-Misses:           20552    0.06%
L2-Store-Accesses:      33373831  100.00%

L2-Total-Hits:          51456181   99.96%
L2-Total-Misses:           22531    0.04%
L2-Total-Accesses:      51478712  100.00%

