--------
Total Statistics
--------
Total Instructions: 23714279393
Total Cycles: 32802150322
IPC: 0.722949

--------
Single level Tlb hierarchy
--------
  Data Tlb:
    Entries:          64
    Page Size(B):   4096
    Associativity:      4

Latencies:    0   50
Tlb-Sets:   16 - LRU - assoc:   4

Tlb Stats:
Tlb-Load-Hits:        6728858029  100.00%
Tlb-Load-Misses:              52    0.00%
Tlb-Load-Accesses:    6728858081  100.00%

Tlb-Store-Hits:        1857031756  100.00%
Tlb-Store-Misses:             342    0.00%
Tlb-Store-Accesses:    1857032098  100.00%

Tlb-Total-Hits:        8585889785  100.00%
Tlb-Total-Misses:             394    0.00%
Tlb-Total-Accesses:    8585890179  100.00%



--------
Two level Cache hierarchy
--------
  L1-Data Cache:
    Size(KB):          32
    Block Size(B):     64
    Associativity:      8

  L2-Data Cache:
    Size(KB):         512
    Block Size(B):    256
    Associativity:      8

Latencies:    1   10  150
L1-Sets:   64 - LRU - assoc:   8
L2-Sets:  256 - LRU - assoc:   8
Store_allocation: Yes
L2_inclusive: Yes
L2_prefetching: No

L1 Cache Stats:
L1-Load-Hits:        6711122493   99.74%
L1-Load-Misses:        17735588    0.26%
L1-Load-Accesses:    6728858081  100.00%

L1-Store-Hits:        1824656676   98.26%
L1-Store-Misses:        32375422    1.74%
L1-Store-Accesses:    1857032098  100.00%

L1-Total-Hits:        8535779169   99.42%
L1-Total-Misses:        50111010    0.58%
L1-Total-Accesses:    8585890179  100.00%

L2 Cache Stats:
L2-Load-Hits:          17735066  100.00%
L2-Load-Misses:             522    0.00%
L2-Load-Accesses:      17735588  100.00%

L2-Store-Hits:          32370271   99.98%
L2-Store-Misses:            5151    0.02%
L2-Store-Accesses:      32375422  100.00%

L2-Total-Hits:          50105337   99.99%
L2-Total-Misses:            5673    0.01%
L2-Total-Accesses:      50111010  100.00%

