--------
Total Statistics
--------
Total Instructions: 23714279393
Total Cycles: 32803934192
IPC: 0.72291

--------
Single level Tlb hierarchy
--------
  Data Tlb:
    Entries:          64
    Page Size(B):   4096
    Associativity:      4

Latencies:    0   50
Tlb-Sets:   16 - LRU - assoc:   4

Tlb Stats:
Tlb-Load-Hits:        6728858031  100.00%
Tlb-Load-Misses:              50    0.00%
Tlb-Load-Accesses:    6728858081  100.00%

Tlb-Store-Hits:        1857031752  100.00%
Tlb-Store-Misses:             346    0.00%
Tlb-Store-Accesses:    1857032098  100.00%

Tlb-Total-Hits:        8585889783  100.00%
Tlb-Total-Misses:             396    0.00%
Tlb-Total-Accesses:    8585890179  100.00%



--------
Two level Cache hierarchy
--------
  L1-Data Cache:
    Size(KB):          32
    Block Size(B):     64
    Associativity:      8

  L2-Data Cache:
    Size(KB):        1024
    Block Size(B):    128
    Associativity:      8

Latencies:    1   10  150
L1-Sets:   64 - LRU - assoc:   8
L2-Sets: 1024 - LRU - assoc:   8
Store_allocation: Yes
L2_inclusive: Yes
L2_prefetching: No

L1 Cache Stats:
L1-Load-Hits:        6710966521   99.73%
L1-Load-Misses:        17891560    0.27%
L1-Load-Accesses:    6728858081  100.00%

L1-Store-Hits:        1824718616   98.26%
L1-Store-Misses:        32313482    1.74%
L1-Store-Accesses:    1857032098  100.00%

L1-Total-Hits:        8535685137   99.42%
L1-Total-Misses:        50205042    0.58%
L1-Total-Accesses:    8585890179  100.00%

L2 Cache Stats:
L2-Load-Hits:          17890557   99.99%
L2-Load-Misses:            1003    0.01%
L2-Load-Accesses:      17891560  100.00%

L2-Store-Hits:          32303189   99.97%
L2-Store-Misses:           10293    0.03%
L2-Store-Accesses:      32313482  100.00%

L2-Total-Hits:          50193746   99.98%
L2-Total-Misses:           11296    0.02%
L2-Total-Accesses:      50205042  100.00%

