--------
Total Statistics
--------
Total Instructions: 23714279393
Total Cycles: 32302380132
IPC: 0.734134

--------
Single level Tlb hierarchy
--------
  Data Tlb:
    Entries:          64
    Page Size(B):   4096
    Associativity:      4

Latencies:    0   50
Tlb-Sets:   16 - LRU - assoc:   4

Tlb Stats:
Tlb-Load-Hits:        6728858027  100.00%
Tlb-Load-Misses:              54    0.00%
Tlb-Load-Accesses:    6728858081  100.00%

Tlb-Store-Hits:        1857031753  100.00%
Tlb-Store-Misses:             345    0.00%
Tlb-Store-Accesses:    1857032098  100.00%

Tlb-Total-Hits:        8585889780  100.00%
Tlb-Total-Misses:             399    0.00%
Tlb-Total-Accesses:    8585890179  100.00%



--------
Two level Cache hierarchy
--------
  L1-Data Cache:
    Size(KB):         128
    Block Size(B):     32
    Associativity:      8

  L2-Data Cache:
    Size(KB):        1024
    Block Size(B):    128
    Associativity:      8

Latencies:    1   10  150
L1-Sets:  512 - LRU - assoc:   8
L2-Sets: 1024 - LRU - assoc:   8
Store_allocation: Yes
L2_inclusive: Yes
L2_prefetching: No

L1 Cache Stats:
L1-Load-Hits:        6728854625  100.00%
L1-Load-Misses:            3456    0.00%
L1-Load-Accesses:    6728858081  100.00%

L1-Store-Hits:        1856986683  100.00%
L1-Store-Misses:           45415    0.00%
L1-Store-Accesses:    1857032098  100.00%

L1-Total-Hits:        8585841308  100.00%
L1-Total-Misses:           48871    0.00%
L1-Total-Accesses:    8585890179  100.00%

L2 Cache Stats:
L2-Load-Hits:              2408   69.68%
L2-Load-Misses:            1048   30.32%
L2-Load-Accesses:          3456  100.00%

L2-Store-Hits:             35117   77.32%
L2-Store-Misses:           10298   22.68%
L2-Store-Accesses:         45415  100.00%

L2-Total-Hits:             37525   76.78%
L2-Total-Misses:           11346   23.22%
L2-Total-Accesses:         48871  100.00%

