--------
Total Statistics
--------
Total Instructions: 23714279393
Total Cycles: 32804312292
IPC: 0.722901

--------
Single level Tlb hierarchy
--------
  Data Tlb:
    Entries:          64
    Page Size(B):   4096
    Associativity:     16

Latencies:    0   50
Tlb-Sets:    4 - LRU - assoc:  16

Tlb Stats:
Tlb-Load-Hits:        6728858038  100.00%
Tlb-Load-Misses:              43    0.00%
Tlb-Load-Accesses:    6728858081  100.00%

Tlb-Store-Hits:        1857031755  100.00%
Tlb-Store-Misses:             343    0.00%
Tlb-Store-Accesses:    1857032098  100.00%

Tlb-Total-Hits:        8585889793  100.00%
Tlb-Total-Misses:             386    0.00%
Tlb-Total-Accesses:    8585890179  100.00%



--------
Two level Cache hierarchy
--------
  L1-Data Cache:
    Size(KB):          32
    Block Size(B):     64
    Associativity:      8

  L2-Data Cache:
    Size(KB):        1024
    Block Size(B):    128
    Associativity:      8

Latencies:    1   10  150
L1-Sets:   64 - LRU - assoc:   8
L2-Sets: 1024 - LRU - assoc:   8
Store_allocation: Yes
L2_inclusive: Yes
L2_prefetching: No

L1 Cache Stats:
L1-Load-Hits:        6710878738   99.73%
L1-Load-Misses:        17979343    0.27%
L1-Load-Accesses:    6728858081  100.00%

L1-Store-Hits:        1824768524   98.26%
L1-Store-Misses:        32263574    1.74%
L1-Store-Accesses:    1857032098  100.00%

L1-Total-Hits:        8535647262   99.41%
L1-Total-Misses:        50242917    0.59%
L1-Total-Accesses:    8585890179  100.00%

L2 Cache Stats:
L2-Load-Hits:          17978342   99.99%
L2-Load-Misses:            1001    0.01%
L2-Load-Accesses:      17979343  100.00%

L2-Store-Hits:          32253280   99.97%
L2-Store-Misses:           10294    0.03%
L2-Store-Accesses:      32263574  100.00%

L2-Total-Hits:          50231622   99.98%
L2-Total-Misses:           11295    0.02%
L2-Total-Accesses:      50242917  100.00%

