--------
Total Statistics
--------
Total Instructions: 23714279418
Total Cycles: 32816191235
IPC: 0.72264

--------
Single level Tlb hierarchy
--------
  Data Tlb:
    Entries:          64
    Page Size(B):   4096
    Associativity:      4

Latencies:    0   50
Tlb-Sets:   16 - LRU - assoc:   4

Tlb Stats:
Tlb-Load-Hits:        6728818004  100.00%
Tlb-Load-Misses:           40085    0.00%
Tlb-Load-Accesses:    6728858089  100.00%

Tlb-Store-Hits:        1857031751  100.00%
Tlb-Store-Misses:             347    0.00%
Tlb-Store-Accesses:    1857032098  100.00%

Tlb-Total-Hits:        8585849755  100.00%
Tlb-Total-Misses:           40432    0.00%
Tlb-Total-Accesses:    8585890187  100.00%



--------
Two level Cache hierarchy
--------
  L1-Data Cache:
    Size(KB):          32
    Block Size(B):     64
    Associativity:      8

  L2-Data Cache:
    Size(KB):         512
    Block Size(B):    128
    Associativity:      8

Latencies:    1   10  150
L1-Sets:   64 - LRU - assoc:   8
L2-Sets:  512 - LRU - assoc:   8
Store_allocation: Yes
L2_inclusive: Yes
L2_prefetching: No

L1 Cache Stats:
L1-Load-Hits:        6710710105   99.73%
L1-Load-Misses:        18147984    0.27%
L1-Load-Accesses:    6728858089  100.00%

L1-Store-Hits:        1823949549   98.22%
L1-Store-Misses:        33082549    1.78%
L1-Store-Accesses:    1857032098  100.00%

L1-Total-Hits:        8534659654   99.40%
L1-Total-Misses:        51230533    0.60%
L1-Total-Accesses:    8585890187  100.00%

L2 Cache Stats:
L2-Load-Hits:          18146983   99.99%
L2-Load-Misses:            1001    0.01%
L2-Load-Accesses:      18147984  100.00%

L2-Store-Hits:          33072252   99.97%
L2-Store-Misses:           10297    0.03%
L2-Store-Accesses:      33082549  100.00%

L2-Total-Hits:          51219235   99.98%
L2-Total-Misses:           11298    0.02%
L2-Total-Accesses:      51230533  100.00%

