--------
Total Statistics
--------
Total Instructions: 23714279393
Total Cycles: 32818159802
IPC: 0.722596

--------
Single level Tlb hierarchy
--------
  Data Tlb:
    Entries:          64
    Page Size(B):   4096
    Associativity:      2

Latencies:    0   50
Tlb-Sets:   32 - LRU - assoc:   2

Tlb Stats:
Tlb-Load-Hits:        6728653855  100.00%
Tlb-Load-Misses:          204226    0.00%
Tlb-Load-Accesses:    6728858081  100.00%

Tlb-Store-Hits:        1857025937  100.00%
Tlb-Store-Misses:            6161    0.00%
Tlb-Store-Accesses:    1857032098  100.00%

Tlb-Total-Hits:        8585679792  100.00%
Tlb-Total-Misses:          210387    0.00%
Tlb-Total-Accesses:    8585890179  100.00%



--------
Two level Cache hierarchy
--------
  L1-Data Cache:
    Size(KB):          32
    Block Size(B):     64
    Associativity:      8

  L2-Data Cache:
    Size(KB):        1024
    Block Size(B):    128
    Associativity:      8

Latencies:    1   10  150
L1-Sets:   64 - LRU - assoc:   8
L2-Sets: 1024 - LRU - assoc:   8
Store_allocation: Yes
L2_inclusive: Yes
L2_prefetching: No

L1 Cache Stats:
L1-Load-Hits:        6710842528   99.73%
L1-Load-Misses:        18015553    0.27%
L1-Load-Accesses:    6728858081  100.00%

L1-Store-Hits:        1824469988   98.25%
L1-Store-Misses:        32562110    1.75%
L1-Store-Accesses:    1857032098  100.00%

L1-Total-Hits:        8535312516   99.41%
L1-Total-Misses:        50577663    0.59%
L1-Total-Accesses:    8585890179  100.00%

L2 Cache Stats:
L2-Load-Hits:          18014554   99.99%
L2-Load-Misses:             999    0.01%
L2-Load-Accesses:      18015553  100.00%

L2-Store-Hits:          32551814   99.97%
L2-Store-Misses:           10296    0.03%
L2-Store-Accesses:      32562110  100.00%

L2-Total-Hits:          50566368   99.98%
L2-Total-Misses:           11295    0.02%
L2-Total-Accesses:      50577663  100.00%

