--------
Total Statistics
--------
Total Instructions: 23714279393
Total Cycles: 32302578642
IPC: 0.73413

--------
Single level Tlb hierarchy
--------
  Data Tlb:
    Entries:          64
    Page Size(B):   4096
    Associativity:      4

Latencies:    0   50
Tlb-Sets:   16 - LRU - assoc:   4

Tlb Stats:
Tlb-Load-Hits:        6728858036  100.00%
Tlb-Load-Misses:              45    0.00%
Tlb-Load-Accesses:    6728858081  100.00%

Tlb-Store-Hits:        1857031755  100.00%
Tlb-Store-Misses:             343    0.00%
Tlb-Store-Accesses:    1857032098  100.00%

Tlb-Total-Hits:        8585889791  100.00%
Tlb-Total-Misses:             388    0.00%
Tlb-Total-Accesses:    8585890179  100.00%



--------
Two level Cache hierarchy
--------
  L1-Data Cache:
    Size(KB):          64
    Block Size(B):     64
    Associativity:      8

  L2-Data Cache:
    Size(KB):        1024
    Block Size(B):    128
    Associativity:      8

Latencies:    1   10  150
L1-Sets:  128 - LRU - assoc:   8
L2-Sets: 1024 - LRU - assoc:   8
Store_allocation: Yes
L2_inclusive: Yes
L2_prefetching: No

L1 Cache Stats:
L1-Load-Hits:        6728832714  100.00%
L1-Load-Misses:           25367    0.00%
L1-Load-Accesses:    6728858081  100.00%

L1-Store-Hits:        1856988493  100.00%
L1-Store-Misses:           43605    0.00%
L1-Store-Accesses:    1857032098  100.00%

L1-Total-Hits:        8585821207  100.00%
L1-Total-Misses:           68972    0.00%
L1-Total-Accesses:    8585890179  100.00%

L2 Cache Stats:
L2-Load-Hits:             24330   95.91%
L2-Load-Misses:            1037    4.09%
L2-Load-Accesses:         25367  100.00%

L2-Store-Hits:             33309   76.39%
L2-Store-Misses:           10296   23.61%
L2-Store-Accesses:         43605  100.00%

L2-Total-Hits:             57639   83.57%
L2-Total-Misses:           11333   16.43%
L2-Total-Accesses:         68972  100.00%

