--------
Total Statistics
--------
Total Instructions: 23714279393
Total Cycles: 32802443992
IPC: 0.722942

--------
Single level Tlb hierarchy
--------
  Data Tlb:
    Entries:          64
    Page Size(B):   4096
    Associativity:      4

Latencies:    0   50
Tlb-Sets:   16 - LRU - assoc:   4

Tlb Stats:
Tlb-Load-Hits:        6728853004  100.00%
Tlb-Load-Misses:            5077    0.00%
Tlb-Load-Accesses:    6728858081  100.00%

Tlb-Store-Hits:        1857031754  100.00%
Tlb-Store-Misses:             344    0.00%
Tlb-Store-Accesses:    1857032098  100.00%

Tlb-Total-Hits:        8585884758  100.00%
Tlb-Total-Misses:            5421    0.00%
Tlb-Total-Accesses:    8585890179  100.00%



--------
Two level Cache hierarchy
--------
  L1-Data Cache:
    Size(KB):          32
    Block Size(B):     64
    Associativity:      8

  L2-Data Cache:
    Size(KB):        1024
    Block Size(B):    128
    Associativity:      8

Latencies:    1   10  150
L1-Sets:   64 - LRU - assoc:   8
L2-Sets: 1024 - LRU - assoc:   8
Store_allocation: Yes
L2_inclusive: Yes
L2_prefetching: Yes (  2)

L1 Cache Stats:
L1-Load-Hits:        6710826522   99.73%
L1-Load-Misses:        18031559    0.27%
L1-Load-Accesses:    6728858081  100.00%

L1-Store-Hits:        1824925645   98.27%
L1-Store-Misses:        32106453    1.73%
L1-Store-Accesses:    1857032098  100.00%

L1-Total-Hits:        8535752167   99.42%
L1-Total-Misses:        50138012    0.58%
L1-Total-Accesses:    8585890179  100.00%

L2 Cache Stats:
L2-Load-Hits:          18031178  100.00%
L2-Load-Misses:             381    0.00%
L2-Load-Accesses:      18031559  100.00%

L2-Store-Hits:          32102679   99.99%
L2-Store-Misses:            3774    0.01%
L2-Store-Accesses:      32106453  100.00%

L2-Total-Hits:          50133857   99.99%
L2-Total-Misses:            4155    0.01%
L2-Total-Accesses:      50138012  100.00%

