--------
Total Statistics
--------
Total Instructions: 23714279393
Total Cycles: 32811562372
IPC: 0.722742

--------
Single level Tlb hierarchy
--------
  Data Tlb:
    Entries:          64
    Page Size(B):   4096
    Associativity:      4

Latencies:    0   50
Tlb-Sets:   16 - LRU - assoc:   4

Tlb Stats:
Tlb-Load-Hits:        6728858001  100.00%
Tlb-Load-Misses:              80    0.00%
Tlb-Load-Accesses:    6728858081  100.00%

Tlb-Store-Hits:        1857031756  100.00%
Tlb-Store-Misses:             342    0.00%
Tlb-Store-Accesses:    1857032098  100.00%

Tlb-Total-Hits:        8585889757  100.00%
Tlb-Total-Misses:             422    0.00%
Tlb-Total-Accesses:    8585890179  100.00%



--------
Two level Cache hierarchy
--------
  L1-Data Cache:
    Size(KB):          32
    Block Size(B):     64
    Associativity:      8

  L2-Data Cache:
    Size(KB):        2048
    Block Size(B):    256
    Associativity:     16

Latencies:    1   10  150
L1-Sets:   64 - LRU - assoc:   8
L2-Sets:  512 - LRU - assoc:  16
Store_allocation: Yes
L2_inclusive: Yes
L2_prefetching: No

L1 Cache Stats:
L1-Load-Hits:        6710961895   99.73%
L1-Load-Misses:        17896186    0.27%
L1-Load-Accesses:    6728858081  100.00%

L1-Store-Hits:        1823876119   98.21%
L1-Store-Misses:        33155979    1.79%
L1-Store-Accesses:    1857032098  100.00%

L1-Total-Hits:        8534838014   99.41%
L1-Total-Misses:        51052165    0.59%
L1-Total-Accesses:    8585890179  100.00%

L2 Cache Stats:
L2-Load-Hits:          17895669  100.00%
L2-Load-Misses:             517    0.00%
L2-Load-Accesses:      17896186  100.00%

L2-Store-Hits:          33150829   99.98%
L2-Store-Misses:            5150    0.02%
L2-Store-Accesses:      33155979  100.00%

L2-Total-Hits:          51046498   99.99%
L2-Total-Misses:            5667    0.01%
L2-Total-Accesses:      51052165  100.00%

