--------
Total Statistics
--------
Total Instructions: 23714279393
Total Cycles: 32797702912
IPC: 0.723047

--------
Single level Tlb hierarchy
--------
  Data Tlb:
    Entries:          64
    Page Size(B):   4096
    Associativity:      4

Latencies:    0   50
Tlb-Sets:   16 - LRU - assoc:   4

Tlb Stats:
Tlb-Load-Hits:        6728847993  100.00%
Tlb-Load-Misses:           10088    0.00%
Tlb-Load-Accesses:    6728858081  100.00%

Tlb-Store-Hits:        1857031755  100.00%
Tlb-Store-Misses:             343    0.00%
Tlb-Store-Accesses:    1857032098  100.00%

Tlb-Total-Hits:        8585879748  100.00%
Tlb-Total-Misses:           10431    0.00%
Tlb-Total-Accesses:    8585890179  100.00%



--------
Two level Cache hierarchy
--------
  L1-Data Cache:
    Size(KB):          32
    Block Size(B):     64
    Associativity:      8

  L2-Data Cache:
    Size(KB):        1024
    Block Size(B):    128
    Associativity:      8

Latencies:    1   10  150
L1-Sets:   64 - LRU - assoc:   8
L2-Sets: 1024 - LRU - assoc:   8
Store_allocation: Yes
L2_inclusive: Yes
L2_prefetching: Yes (  1)

L1 Cache Stats:
L1-Load-Hits:        6711105431   99.74%
L1-Load-Misses:        17752650    0.26%
L1-Load-Accesses:    6728858081  100.00%

L1-Store-Hits:        1825174544   98.28%
L1-Store-Misses:        31857554    1.72%
L1-Store-Accesses:    1857032098  100.00%

L1-Total-Hits:        8536279975   99.42%
L1-Total-Misses:        49610204    0.58%
L1-Total-Accesses:    8585890179  100.00%

L2 Cache Stats:
L2-Load-Hits:          17752119  100.00%
L2-Load-Misses:             531    0.00%
L2-Load-Accesses:      17752650  100.00%

L2-Store-Hits:          31852020   99.98%
L2-Store-Misses:            5534    0.02%
L2-Store-Accesses:      31857554  100.00%

L2-Total-Hits:          49604139   99.99%
L2-Total-Misses:            6065    0.01%
L2-Total-Accesses:      49610204  100.00%

