[PARSEC] [========== PARSEC 3.0-beta-20150206 BUILD LOGFILE ==========]

[PARSEC] Build amd64-linux.gcc-serial started on Wed 13 Apr 17:24:17 EEST 2022.
[PARSEC] Packages to build:  parsec.blackscholes parsec.bodytrack parsec.canneal

[PARSEC] [========== Building package parsec.blackscholes [1] ==========]
[PARSEC] [---------- Analyzing package parsec.blackscholes ----------]
[PARSEC] parsec.blackscholes depends on: hooks
[PARSEC] [---------- Analyzing package parsec.hooks ----------]
[PARSEC] parsec.hooks depends on: libtool
[PARSEC] [---------- Analyzing package parsec.libtool ----------]
[PARSEC] parsec.libtool does not depend on any other packages.
[PARSEC] [---------- Building package parsec.libtool ----------]
[PARSEC] Running 'env LIBS= /home/nick/arch-ntua/ex01/parsec-3.0/pkgs/tools/libtool/src/configure --prefix=/home/nick/arch-ntua/ex01/parsec-3.0/pkgs/tools/libtool/inst/amd64-linux.gcc-serial':
## ------------------------- ##
## Configuring libtool 2.2.6 ##
## ------------------------- ##

checking for a BSD-compatible install... /home/nick/arch-ntua/ex01/parsec-3.0/bin/install -c
checking whether build environment is sane... yes
checking for a thread-safe mkdir -p... /usr/bin/mkdir -p
checking for gawk... no
checking for mawk... mawk
checking whether /usr/bin/make sets $(MAKE)... yes
checking whether subdir libobjs are useable... yes
checking for gcc... /usr/bin/gcc
checking for C compiler default output file name... a.out
checking whether the C compiler works... yes
checking whether we are cross compiling... no
checking for suffix of executables... 
checking for suffix of object files... o
checking whether we are using the GNU C compiler... yes
checking whether /usr/bin/gcc accepts -g... yes
checking for /usr/bin/gcc option to accept ISO C89... none needed
checking for style of include used by /usr/bin/make... GNU
checking dependency style of /usr/bin/gcc... gcc3
checking whether /usr/bin/gcc and cc understand -c and -o together... yes
checking how to run the C preprocessor... /usr/bin/cpp
checking build system type... x86_64-unknown-linux-gnu
checking host system type... x86_64-unknown-linux-gnu
checking for a sed that does not truncate output... /usr/bin/sed
checking for grep that handles long lines and -e... /usr/bin/grep
checking for egrep... /usr/bin/grep -E
checking for fgrep... /usr/bin/grep -F
checking for ld used by /usr/bin/gcc... /usr/bin/ld
checking if the linker (/usr/bin/ld) is GNU ld... yes
checking for BSD- or MS-compatible name lister (nm)... /usr/bin/nm -B
checking the name lister (/usr/bin/nm -B) interface... BSD nm
checking whether ln -s works... yes
checking the maximum length of command line arguments... 1572864
checking whether the shell understands some XSI constructs... yes
checking whether the shell understands "+="... yes
checking for /usr/bin/ld option to reload object files... -r
checking for objdump... objdump
checking how to recognize dependent libraries... pass_all
checking for ar... /usr/bin/ar
checking for strip... /usr/bin/strip
checking for ranlib... /usr/bin/ranlib
checking command to parse /usr/bin/nm -B output from /usr/bin/gcc object... ok
checking for ANSI C header files... yes
checking for sys/types.h... yes
checking for sys/stat.h... yes
checking for stdlib.h... yes
checking for string.h... yes
checking for memory.h... yes
checking for strings.h... yes
checking for inttypes.h... yes
checking for stdint.h... yes
checking for unistd.h... yes
checking for dlfcn.h... yes
checking for objdir... .libs
checking if /usr/bin/gcc supports -fno-rtti -fno-exceptions... no
checking for /usr/bin/gcc option to produce PIC... -fPIC -DPIC
checking if /usr/bin/gcc PIC flag -fPIC -DPIC works... yes
checking if /usr/bin/gcc static flag -static works... yes
checking if /usr/bin/gcc supports -c -o file.o... yes
checking if /usr/bin/gcc supports -c -o file.o... (cached) yes
checking whether the /usr/bin/gcc linker (/usr/bin/ld -m elf_x86_64) supports shared libraries... yes
checking whether -lc should be explicitly linked in... no
checking dynamic linker characteristics... GNU/Linux ld.so
checking how to hardcode library paths into programs... immediate
checking for shl_load... no
checking for shl_load in -ldld... no
checking for dlopen... no
checking for dlopen in -ldl... yes
checking whether a program can dlopen itself... yes
checking whether a statically linked program can dlopen itself... no
checking whether stripping libraries is possible... yes
checking if libtool supports shared libraries... yes
checking whether to build shared libraries... yes
checking whether to build static libraries... yes
checking which extension is used for runtime loadable modules... .so
checking which variable specifies run-time module search path... LD_LIBRARY_PATH
checking for the default library search path... /lib /usr/lib /usr/local/lib/i386-linux-gnu /lib/i386-linux-gnu /usr/lib/i386-linux-gnu /usr/local/lib/i686-linux-gnu /lib/i686-linux-gnu /usr/lib/i686-linux-gnu /usr/local/lib /usr/local/lib/x86_64-linux-gnu /lib/x86_64-linux-gnu /usr/lib/x86_64-linux-gnu 
checking for library containing dlopen... -ldl
checking for dlerror... yes
checking for shl_load... (cached) no
checking for shl_load in -ldld... (cached) no
checking for dld_link in -ldld... no
checking for _ prefix in compiled symbols... no
checking whether deplibs are loaded by dlopen... yes
checking for argz.h... yes
checking for error_t... yes
checking for argz_add... yes
checking for argz_append... yes
checking for argz_count... yes
checking for argz_create_sep... yes
checking for argz_insert... yes
checking for argz_next... yes
checking for argz_stringify... yes
checking if argz actually works... yes
checking whether libtool supports -dlopen/-dlpreopen... yes
checking for unistd.h... (cached) yes
checking for dl.h... no
checking for sys/dl.h... no
checking for dld.h... no
checking for mach-o/dyld.h... no
checking for dirent.h... yes
checking for closedir... yes
checking for opendir... yes
checking for readdir... yes
checking for strlcat... no
checking for strlcpy... no
checking whether we are using the GNU C++ compiler... yes
checking whether /usr/bin/g++ accepts -g... yes
checking dependency style of /usr/bin/g++... gcc3
checking how to run the C++ preprocessor... /usr/bin/g++ -E
checking for ld used by /usr/bin/g++... /usr/bin/ld -m elf_x86_64
checking if the linker (/usr/bin/ld -m elf_x86_64) is GNU ld... yes
checking whether the /usr/bin/g++ linker (/usr/bin/ld -m elf_x86_64) supports shared libraries... yes
checking for /usr/bin/g++ option to produce PIC... -fPIC -DPIC
checking if /usr/bin/g++ PIC flag -fPIC -DPIC works... yes
checking if /usr/bin/g++ static flag -static works... yes
checking if /usr/bin/g++ supports -c -o file.o... yes
checking if /usr/bin/g++ supports -c -o file.o... (cached) yes
checking whether the /usr/bin/g++ linker (/usr/bin/ld -m elf_x86_64) supports shared libraries... yes
checking dynamic linker characteristics... GNU/Linux ld.so
checking how to hardcode library paths into programs... immediate
checking for g77... no
checking for f77... no
checking for xlf... no
checking for frt... no
checking for pgf77... no
checking for cf77... no
checking for fort77... no
checking for fl32... no
checking for af77... no
checking for f90... no
checking for xlf90... no
checking for pgf90... no
checking for pghpf... no
checking for epcf90... no
checking for gfortran... no
checking for g95... no
checking for f95... no
checking for fort... no
checking for xlf95... no
checking for ifort... no
checking for ifc... no
checking for efc... no
checking for pgf95... no
checking for lf95... no
checking for ftn... no
checking whether we are using the GNU Fortran 77 compiler... no
checking whether  accepts -g... no
checking for gfortran... no
checking for g95... no
checking for f95... no
checking for fort... no
checking for xlf95... no
checking for ifort... no
checking for ifc... no
checking for efc... no
checking for pgf95... no
checking for lf95... no
checking for ftn... no
checking for f90... no
checking for xlf90... no
checking for pgf90... no
checking for pghpf... no
checking for epcf90... no
checking for g77... no
checking for f77... no
checking for xlf... no
checking for frt... no
checking for pgf77... no
checking for cf77... no
checking for fort77... no
checking for fl32... no
checking for af77... no
checking whether we are using the GNU Fortran compiler... no
checking whether  accepts -g... no
checking for gcj... no
checking for windres... no
configure: creating ./config.status
config.status: creating Makefile
config.status: creating config.h
config.status: executing tests/atconfig commands
config.status: executing depfiles commands
config.status: executing libtool commands
[PARSEC] Running 'env LIBS= /usr/bin/make':
/usr/bin/make  all-recursive
make[1]: Entering directory '/home/nick/arch-ntua/ex01/parsec-3.0/pkgs/tools/libtool/obj/amd64-linux.gcc-serial'
make[2]: Entering directory '/home/nick/arch-ntua/ex01/parsec-3.0/pkgs/tools/libtool/obj/amd64-linux.gcc-serial'
/bin/bash ./libtool --tag=CC   --mode=compile /usr/bin/gcc -DHAVE_CONFIG_H -I. -I/home/nick/arch-ntua/ex01/parsec-3.0/pkgs/tools/libtool/src  -DLTDLOPEN=libltdl -DLT_CONFIG_H='<config.h>' -DLTDL -I. -I/home/nick/arch-ntua/ex01/parsec-3.0/pkgs/tools/libtool/src -Ilibltdl -I/home/nick/arch-ntua/ex01/parsec-3.0/pkgs/tools/libtool/src/libltdl -I/home/nick/arch-ntua/ex01/parsec-3.0/pkgs/tools/libtool/src/libltdl/libltdl   -O3 -g -funroll-loops -fprefetch-loop-arrays -static-libgcc -Wl,--hash-style=both,--as-needed -DPARSEC_VERSION=3.0-beta-20150206 -DENABLE_PARSEC_HOOKS -I/home/nick/arch-ntua/ex01/parsec-3.0/pkgs/libs/hooks/inst/amd64-linux.gcc-serial/include -MT libltdl/loaders/libltdl_libltdl_la-preopen.lo -MD -MP -MF libltdl/loaders/.deps/libltdl_libltdl_la-preopen.Tpo -c -o libltdl/loaders/libltdl_libltdl_la-preopen.lo `test -f 'libltdl/loaders/preopen.c' || echo '/home/nick/arch-ntua/ex01/parsec-3.0/pkgs/tools/libtool/src/'`libltdl/loaders/preopen.c
libtool: compile:  /usr/bin/gcc -DHAVE_CONFIG_H -I. -I/home/nick/arch-ntua/ex01/parsec-3.0/pkgs/tools/libtool/src -DLTDLOPEN=libltdl "-DLT_CONFIG_H=<config.h>" -DLTDL -I. -I/home/nick/arch-ntua/ex01/parsec-3.0/pkgs/tools/libtool/src -Ilibltdl -I/home/nick/arch-ntua/ex01/parsec-3.0/pkgs/tools/libtool/src/libltdl -I/home/nick/arch-ntua/ex01/parsec-3.0/pkgs/tools/libtool/src/libltdl/libltdl -O3 -g -funroll-loops -fprefetch-loop-arrays -static-libgcc -Wl,--hash-style=both,--as-needed -DPARSEC_VERSION=3.0-beta-20150206 -DENABLE_PARSEC_HOOKS -I/home/nick/arch-ntua/ex01/parsec-3.0/pkgs/libs/hooks/inst/amd64-linux.gcc-serial/include -MT libltdl/loaders/libltdl_libltdl_la-preopen.lo -MD -MP -MF libltdl/loaders/.deps/libltdl_libltdl_la-preopen.Tpo -c /home/nick/arch-ntua/ex01/parsec-3.0/pkgs/tools/libtool/src/libltdl/loaders/preopen.c  -fPIC -DPIC -o libltdl/loaders/.libs/libltdl_libltdl_la-preopen.o
libtool: compile:  /usr/bin/gcc -DHAVE_CONFIG_H -I. -I/home/nick/arch-ntua/ex01/parsec-3.0/pkgs/tools/libtool/src -DLTDLOPEN=libltdl "-DLT_CONFIG_H=<config.h>" -DLTDL -I. -I/home/nick/arch-ntua/ex01/parsec-3.0/pkgs/tools/libtool/src -Ilibltdl -I/home/nick/arch-ntua/ex01/parsec-3.0/pkgs/tools/libtool/src/libltdl -I/home/nick/arch-ntua/ex01/parsec-3.0/pkgs/tools/libtool/src/libltdl/libltdl -O3 -g -funroll-loops -fprefetch-loop-arrays -static-libgcc -Wl,--hash-style=both,--as-needed -DPARSEC_VERSION=3.0-beta-20150206 -DENABLE_PARSEC_HOOKS -I/home/nick/arch-ntua/ex01/parsec-3.0/pkgs/libs/hooks/inst/amd64-linux.gcc-serial/include -MT libltdl/loaders/libltdl_libltdl_la-preopen.lo -MD -MP -MF libltdl/loaders/.deps/libltdl_libltdl_la-preopen.Tpo -c /home/nick/arch-ntua/ex01/parsec-3.0/pkgs/tools/libtool/src/libltdl/loaders/preopen.c -o libltdl/loaders/libltdl_libltdl_la-preopen.o >/dev/null 2>&1
mv -f libltdl/loaders/.deps/libltdl_libltdl_la-preopen.Tpo libltdl/loaders/.deps/libltdl_libltdl_la-preopen.Plo
/bin/bash ./libtool --tag=CC   --mode=compile /usr/bin/gcc -DHAVE_CONFIG_H -I. -I/home/nick/arch-ntua/ex01/parsec-3.0/pkgs/tools/libtool/src  -DLTDLOPEN=libltdl -DLT_CONFIG_H='<config.h>' -DLTDL -I. -I/home/nick/arch-ntua/ex01/parsec-3.0/pkgs/tools/libtool/src -Ilibltdl -I/home/nick/arch-ntua/ex01/parsec-3.0/pkgs/tools/libtool/src/libltdl -I/home/nick/arch-ntua/ex01/parsec-3.0/pkgs/tools/libtool/src/libltdl/libltdl   -O3 -g -funroll-loops -fprefetch-loop-arrays -static-libgcc -Wl,--hash-style=both,--as-needed -DPARSEC_VERSION=3.0-beta-20150206 -DENABLE_PARSEC_HOOKS -I/home/nick/arch-ntua/ex01/parsec-3.0/pkgs/libs/hooks/inst/amd64-linux.gcc-serial/include -MT libltdl/libltdl_libltdl_la-lt__alloc.lo -MD -MP -MF libltdl/.deps/libltdl_libltdl_la-lt__alloc.Tpo -c -o libltdl/libltdl_libltdl_la-lt__alloc.lo `test -f 'libltdl/lt__alloc.c' || echo '/home/nick/arch-ntua/ex01/parsec-3.0/pkgs/tools/libtool/src/'`libltdl/lt__alloc.c
libtool: compile:  /usr/bin/gcc -DHAVE_CONFIG_H -I. -I/home/nick/arch-ntua/ex01/parsec-3.0/pkgs/tools/libtool/src -DLTDLOPEN=libltdl "-DLT_CONFIG_H=<config.h>" -DLTDL -I. -I/home/nick/arch-ntua/ex01/parsec-3.0/pkgs/tools/libtool/src -Ilibltdl -I/home/nick/arch-ntua/ex01/parsec-3.0/pkgs/tools/libtool/src/libltdl -I/home/nick/arch-ntua/ex01/parsec-3.0/pkgs/tools/libtool/src/libltdl/libltdl -O3 -g -funroll-loops -fprefetch-loop-arrays -static-libgcc -Wl,--hash-style=both,--as-needed -DPARSEC_VERSION=3.0-beta-20150206 -DENABLE_PARSEC_HOOKS -I/home/nick/arch-ntua/ex01/parsec-3.0/pkgs/libs/hooks/inst/amd64-linux.gcc-serial/include -MT libltdl/libltdl_libltdl_la-lt__alloc.lo -MD -MP -MF libltdl/.deps/libltdl_libltdl_la-lt__alloc.Tpo -c /home/nick/arch-ntua/ex01/parsec-3.0/pkgs/tools/libtool/src/libltdl/lt__alloc.c  -fPIC -DPIC -o libltdl/.libs/libltdl_libltdl_la-lt__alloc.o
libtool: compile:  /usr/bin/gcc -DHAVE_CONFIG_H -I. -I/home/nick/arch-ntua/ex01/parsec-3.0/pkgs/tools/libtool/src -DLTDLOPEN=libltdl "-DLT_CONFIG_H=<config.h>" -DLTDL -I. -I/home/nick/arch-ntua/ex01/parsec-3.0/pkgs/tools/libtool/src -Ilibltdl -I/home/nick/arch-ntua/ex01/parsec-3.0/pkgs/tools/libtool/src/libltdl -I/home/nick/arch-ntua/ex01/parsec-3.0/pkgs/tools/libtool/src/libltdl/libltdl -O3 -g -funroll-loops -fprefetch-loop-arrays -static-libgcc -Wl,--hash-style=both,--as-needed -DPARSEC_VERSION=3.0-beta-20150206 -DENABLE_PARSEC_HOOKS -I/home/nick/arch-ntua/ex01/parsec-3.0/pkgs/libs/hooks/inst/amd64-linux.gcc-serial/include -MT libltdl/libltdl_libltdl_la-lt__alloc.lo -MD -MP -MF libltdl/.deps/libltdl_libltdl_la-lt__alloc.Tpo -c /home/nick/arch-ntua/ex01/parsec-3.0/pkgs/tools/libtool/src/libltdl/lt__alloc.c -o libltdl/libltdl_libltdl_la-lt__alloc.o >/dev/null 2>&1
mv -f libltdl/.deps/libltdl_libltdl_la-lt__alloc.Tpo libltdl/.deps/libltdl_libltdl_la-lt__alloc.Plo
/bin/bash ./libtool --tag=CC   --mode=compile /usr/bin/gcc -DHAVE_CONFIG_H -I. -I/home/nick/arch-ntua/ex01/parsec-3.0/pkgs/tools/libtool/src  -DLTDLOPEN=libltdl -DLT_CONFIG_H='<config.h>' -DLTDL -I. -I/home/nick/arch-ntua/ex01/parsec-3.0/pkgs/tools/libtool/src -Ilibltdl -I/home/nick/arch-ntua/ex01/parsec-3.0/pkgs/tools/libtool/src/libltdl -I/home/nick/arch-ntua/ex01/parsec-3.0/pkgs/tools/libtool/src/libltdl/libltdl   -O3 -g -funroll-loops -fprefetch-loop-arrays -static-libgcc -Wl,--hash-style=both,--as-needed -DPARSEC_VERSION=3.0-beta-20150206 -DENABLE_PARSEC_HOOKS -I/home/nick/arch-ntua/ex01/parsec-3.0/pkgs/libs/hooks/inst/amd64-linux.gcc-serial/include -MT libltdl/libltdl_libltdl_la-lt_dlloader.lo -MD -MP -MF libltdl/.deps/libltdl_libltdl_la-lt_dlloader.Tpo -c -o libltdl/libltdl_libltdl_la-lt_dlloader.lo `test -f 'libltdl/lt_dlloader.c' || echo '/home/nick/arch-ntua/ex01/parsec-3.0/pkgs/tools/libtool/src/'`libltdl/lt_dlloader.c
libtool: compile:  /usr/bin/gcc -DHAVE_CONFIG_H -I. -I/home/nick/arch-ntua/ex01/parsec-3.0/pkgs/tools/libtool/src -DLTDLOPEN=libltdl "-DLT_CONFIG_H=<config.h>" -DLTDL -I. -I/home/nick/arch-ntua/ex01/parsec-3.0/pkgs/tools/libtool/src -Ilibltdl -I/home/nick/arch-ntua/ex01/parsec-3.0/pkgs/tools/libtool/src/libltdl -I/home/nick/arch-ntua/ex01/parsec-3.0/pkgs/tools/libtool/src/libltdl/libltdl -O3 -g -funroll-loops -fprefetch-loop-arrays -static-libgcc -Wl,--hash-style=both,--as-needed -DPARSEC_VERSION=3.0-beta-20150206 -DENABLE_PARSEC_HOOKS -I/home/nick/arch-ntua/ex01/parsec-3.0/pkgs/libs/hooks/inst/amd64-linux.gcc-serial/include -MT libltdl/libltdl_libltdl_la-lt_dlloader.lo -MD -MP -MF libltdl/.deps/libltdl_libltdl_la-lt_dlloader.Tpo -c /home/nick/arch-ntua/ex01/parsec-3.0/pkgs/tools/libtool/src/libltdl/lt_dlloader.c  -fPIC -DPIC -o libltdl/.libs/libltdl_libltdl_la-lt_dlloader.o
libtool: compile:  /usr/bin/gcc -DHAVE_CONFIG_H -I. -I/home/nick/arch-ntua/ex01/parsec-3.0/pkgs/tools/libtool/src -DLTDLOPEN=libltdl "-DLT_CONFIG_H=<config.h>" -DLTDL -I. -I/home/nick/arch-ntua/ex01/parsec-3.0/pkgs/tools/libtool/src -Ilibltdl -I/home/nick/arch-ntua/ex01/parsec-3.0/pkgs/tools/libtool/src/libltdl -I/home/nick/arch-ntua/ex01/parsec-3.0/pkgs/tools/libtool/src/libltdl/libltdl -O3 -g -funroll-loops -fprefetch-loop-arrays -static-libgcc -Wl,--hash-style=both,--as-needed -DPARSEC_VERSION=3.0-beta-20150206 -DENABLE_PARSEC_HOOKS -I/home/nick/arch-ntua/ex01/parsec-3.0/pkgs/libs/hooks/inst/amd64-linux.gcc-serial/include -MT libltdl/libltdl_libltdl_la-lt_dlloader.lo -MD -MP -MF libltdl/.deps/libltdl_libltdl_la-lt_dlloader.Tpo -c /home/nick/arch-ntua/ex01/parsec-3.0/pkgs/tools/libtool/src/libltdl/lt_dlloader.c -o libltdl/libltdl_libltdl_la-lt_dlloader.o >/dev/null 2>&1
mv -f libltdl/.deps/libltdl_libltdl_la-lt_dlloader.Tpo libltdl/.deps/libltdl_libltdl_la-lt_dlloader.Plo
/bin/bash ./libtool --tag=CC   --mode=compile /usr/bin/gcc -DHAVE_CONFIG_H -I. -I/home/nick/arch-ntua/ex01/parsec-3.0/pkgs/tools/libtool/src  -DLTDLOPEN=libltdl -DLT_CONFIG_H='<config.h>' -DLTDL -I. -I/home/nick/arch-ntua/ex01/parsec-3.0/pkgs/tools/libtool/src -Ilibltdl -I/home/nick/arch-ntua/ex01/parsec-3.0/pkgs/tools/libtool/src/libltdl -I/home/nick/arch-ntua/ex01/parsec-3.0/pkgs/tools/libtool/src/libltdl/libltdl   -O3 -g -funroll-loops -fprefetch-loop-arrays -static-libgcc -Wl,--hash-style=both,--as-needed -DPARSEC_VERSION=3.0-beta-20150206 -DENABLE_PARSEC_HOOKS -I/home/nick/arch-ntua/ex01/parsec-3.0/pkgs/libs/hooks/inst/amd64-linux.gcc-serial/include -MT libltdl/libltdl_libltdl_la-lt_error.lo -MD -MP -MF libltdl/.deps/libltdl_libltdl_la-lt_error.Tpo -c -o libltdl/libltdl_libltdl_la-lt_error.lo `test -f 'libltdl/lt_error.c' || echo '/home/nick/arch-ntua/ex01/parsec-3.0/pkgs/tools/libtool/src/'`libltdl/lt_error.c
libtool: compile:  /usr/bin/gcc -DHAVE_CONFIG_H -I. -I/home/nick/arch-ntua/ex01/parsec-3.0/pkgs/tools/libtool/src -DLTDLOPEN=libltdl "-DLT_CONFIG_H=<config.h>" -DLTDL -I. -I/home/nick/arch-ntua/ex01/parsec-3.0/pkgs/tools/libtool/src -Ilibltdl -I/home/nick/arch-ntua/ex01/parsec-3.0/pkgs/tools/libtool/src/libltdl -I/home/nick/arch-ntua/ex01/parsec-3.0/pkgs/tools/libtool/src/libltdl/libltdl -O3 -g -funroll-loops -fprefetch-loop-arrays -static-libgcc -Wl,--hash-style=both,--as-needed -DPARSEC_VERSION=3.0-beta-20150206 -DENABLE_PARSEC_HOOKS -I/home/nick/arch-ntua/ex01/parsec-3.0/pkgs/libs/hooks/inst/amd64-linux.gcc-serial/include -MT libltdl/libltdl_libltdl_la-lt_error.lo -MD -MP -MF libltdl/.deps/libltdl_libltdl_la-lt_error.Tpo -c /home/nick/arch-ntua/ex01/parsec-3.0/pkgs/tools/libtool/src/libltdl/lt_error.c  -fPIC -DPIC -o libltdl/.libs/libltdl_libltdl_la-lt_error.o
libtool: compile:  /usr/bin/gcc -DHAVE_CONFIG_H -I. -I/home/nick/arch-ntua/ex01/parsec-3.0/pkgs/tools/libtool/src -DLTDLOPEN=libltdl "-DLT_CONFIG_H=<config.h>" -DLTDL -I. -I/home/nick/arch-ntua/ex01/parsec-3.0/pkgs/tools/libtool/src -Ilibltdl -I/home/nick/arch-ntua/ex01/parsec-3.0/pkgs/tools/libtool/src/libltdl -I/home/nick/arch-ntua/ex01/parsec-3.0/pkgs/tools/libtool/src/libltdl/libltdl -O3 -g -funroll-loops -fprefetch-loop-arrays -static-libgcc -Wl,--hash-style=both,--as-needed -DPARSEC_VERSION=3.0-beta-20150206 -DENABLE_PARSEC_HOOKS -I/home/nick/arch-ntua/ex01/parsec-3.0/pkgs/libs/hooks/inst/amd64-linux.gcc-serial/include -MT libltdl/libltdl_libltdl_la-lt_error.lo -MD -MP -MF libltdl/.deps/libltdl_libltdl_la-lt_error.Tpo -c /home/nick/arch-ntua/ex01/parsec-3.0/pkgs/tools/libtool/src/libltdl/lt_error.c -o libltdl/libltdl_libltdl_la-lt_error.o >/dev/null 2>&1
mv -f libltdl/.deps/libltdl_libltdl_la-lt_error.Tpo libltdl/.deps/libltdl_libltdl_la-lt_error.Plo
/bin/bash ./libtool --tag=CC   --mode=compile /usr/bin/gcc -DHAVE_CONFIG_H -I. -I/home/nick/arch-ntua/ex01/parsec-3.0/pkgs/tools/libtool/src  -DLTDLOPEN=libltdl -DLT_CONFIG_H='<config.h>' -DLTDL -I. -I/home/nick/arch-ntua/ex01/parsec-3.0/pkgs/tools/libtool/src -Ilibltdl -I/home/nick/arch-ntua/ex01/parsec-3.0/pkgs/tools/libtool/src/libltdl -I/home/nick/arch-ntua/ex01/parsec-3.0/pkgs/tools/libtool/src/libltdl/libltdl   -O3 -g -funroll-loops -fprefetch-loop-arrays -static-libgcc -Wl,--hash-style=both,--as-needed -DPARSEC_VERSION=3.0-beta-20150206 -DENABLE_PARSEC_HOOKS -I/home/nick/arch-ntua/ex01/parsec-3.0/pkgs/libs/hooks/inst/amd64-linux.gcc-serial/include -MT libltdl/libltdl_libltdl_la-ltdl.lo -MD -MP -MF libltdl/.deps/libltdl_libltdl_la-ltdl.Tpo -c -o libltdl/libltdl_libltdl_la-ltdl.lo `test -f 'libltdl/ltdl.c' || echo '/home/nick/arch-ntua/ex01/parsec-3.0/pkgs/tools/libtool/src/'`libltdl/ltdl.c
libtool: compile:  /usr/bin/gcc -DHAVE_CONFIG_H -I. -I/home/nick/arch-ntua/ex01/parsec-3.0/pkgs/tools/libtool/src -DLTDLOPEN=libltdl "-DLT_CONFIG_H=<config.h>" -DLTDL -I. -I/home/nick/arch-ntua/ex01/parsec-3.0/pkgs/tools/libtool/src -Ilibltdl -I/home/nick/arch-ntua/ex01/parsec-3.0/pkgs/tools/libtool/src/libltdl -I/home/nick/arch-ntua/ex01/parsec-3.0/pkgs/tools/libtool/src/libltdl/libltdl -O3 -g -funroll-loops -fprefetch-loop-arrays -static-libgcc -Wl,--hash-style=both,--as-needed -DPARSEC_VERSION=3.0-beta-20150206 -DENABLE_PARSEC_HOOKS -I/home/nick/arch-ntua/ex01/parsec-3.0/pkgs/libs/hooks/inst/amd64-linux.gcc-serial/include -MT libltdl/libltdl_libltdl_la-ltdl.lo -MD -MP -MF libltdl/.deps/libltdl_libltdl_la-ltdl.Tpo -c /home/nick/arch-ntua/ex01/parsec-3.0/pkgs/tools/libtool/src/libltdl/ltdl.c  -fPIC -DPIC -o libltdl/.libs/libltdl_libltdl_la-ltdl.o
libtool: compile:  /usr/bin/gcc -DHAVE_CONFIG_H -I. -I/home/nick/arch-ntua/ex01/parsec-3.0/pkgs/tools/libtool/src -DLTDLOPEN=libltdl "-DLT_CONFIG_H=<config.h>" -DLTDL -I. -I/home/nick/arch-ntua/ex01/parsec-3.0/pkgs/tools/libtool/src -Ilibltdl -I/home/nick/arch-ntua/ex01/parsec-3.0/pkgs/tools/libtool/src/libltdl -I/home/nick/arch-ntua/ex01/parsec-3.0/pkgs/tools/libtool/src/libltdl/libltdl -O3 -g -funroll-loops -fprefetch-loop-arrays -static-libgcc -Wl,--hash-style=both,--as-needed -DPARSEC_VERSION=3.0-beta-20150206 -DENABLE_PARSEC_HOOKS -I/home/nick/arch-ntua/ex01/parsec-3.0/pkgs/libs/hooks/inst/amd64-linux.gcc-serial/include -MT libltdl/libltdl_libltdl_la-ltdl.lo -MD -MP -MF libltdl/.deps/libltdl_libltdl_la-ltdl.Tpo -c /home/nick/arch-ntua/ex01/parsec-3.0/pkgs/tools/libtool/src/libltdl/ltdl.c -o libltdl/libltdl_libltdl_la-ltdl.o >/dev/null 2>&1
mv -f libltdl/.deps/libltdl_libltdl_la-ltdl.Tpo libltdl/.deps/libltdl_libltdl_la-ltdl.Plo
/bin/bash ./libtool --tag=CC   --mode=compile /usr/bin/gcc -DHAVE_CONFIG_H -I. -I/home/nick/arch-ntua/ex01/parsec-3.0/pkgs/tools/libtool/src  -DLTDLOPEN=libltdl -DLT_CONFIG_H='<config.h>' -DLTDL -I. -I/home/nick/arch-ntua/ex01/parsec-3.0/pkgs/tools/libtool/src -Ilibltdl -I/home/nick/arch-ntua/ex01/parsec-3.0/pkgs/tools/libtool/src/libltdl -I/home/nick/arch-ntua/ex01/parsec-3.0/pkgs/tools/libtool/src/libltdl/libltdl   -O3 -g -funroll-loops -fprefetch-loop-arrays -static-libgcc -Wl,--hash-style=both,--as-needed -DPARSEC_VERSION=3.0-beta-20150206 -DENABLE_PARSEC_HOOKS -I/home/nick/arch-ntua/ex01/parsec-3.0/pkgs/libs/hooks/inst/amd64-linux.gcc-serial/include -MT libltdl/libltdl_libltdl_la-slist.lo -MD -MP -MF libltdl/.deps/libltdl_libltdl_la-slist.Tpo -c -o libltdl/libltdl_libltdl_la-slist.lo `test -f 'libltdl/slist.c' || echo '/home/nick/arch-ntua/ex01/parsec-3.0/pkgs/tools/libtool/src/'`libltdl/slist.c
libtool: compile:  /usr/bin/gcc -DHAVE_CONFIG_H -I. -I/home/nick/arch-ntua/ex01/parsec-3.0/pkgs/tools/libtool/src -DLTDLOPEN=libltdl "-DLT_CONFIG_H=<config.h>" -DLTDL -I. -I/home/nick/arch-ntua/ex01/parsec-3.0/pkgs/tools/libtool/src -Ilibltdl -I/home/nick/arch-ntua/ex01/parsec-3.0/pkgs/tools/libtool/src/libltdl -I/home/nick/arch-ntua/ex01/parsec-3.0/pkgs/tools/libtool/src/libltdl/libltdl -O3 -g -funroll-loops -fprefetch-loop-arrays -static-libgcc -Wl,--hash-style=both,--as-needed -DPARSEC_VERSION=3.0-beta-20150206 -DENABLE_PARSEC_HOOKS -I/home/nick/arch-ntua/ex01/parsec-3.0/pkgs/libs/hooks/inst/amd64-linux.gcc-serial/include -MT libltdl/libltdl_libltdl_la-slist.lo -MD -MP -MF libltdl/.deps/libltdl_libltdl_la-slist.Tpo -c /home/nick/arch-ntua/ex01/parsec-3.0/pkgs/tools/libtool/src/libltdl/slist.c  -fPIC -DPIC -o libltdl/.libs/libltdl_libltdl_la-slist.o
libtool: compile:  /usr/bin/gcc -DHAVE_CONFIG_H -I. -I/home/nick/arch-ntua/ex01/parsec-3.0/pkgs/tools/libtool/src -DLTDLOPEN=libltdl "-DLT_CONFIG_H=<config.h>" -DLTDL -I. -I/home/nick/arch-ntua/ex01/parsec-3.0/pkgs/tools/libtool/src -Ilibltdl -I/home/nick/arch-ntua/ex01/parsec-3.0/pkgs/tools/libtool/src/libltdl -I/home/nick/arch-ntua/ex01/parsec-3.0/pkgs/tools/libtool/src/libltdl/libltdl -O3 -g -funroll-loops -fprefetch-loop-arrays -static-libgcc -Wl,--hash-style=both,--as-needed -DPARSEC_VERSION=3.0-beta-20150206 -DENABLE_PARSEC_HOOKS -I/home/nick/arch-ntua/ex01/parsec-3.0/pkgs/libs/hooks/inst/amd64-linux.gcc-serial/include -MT libltdl/libltdl_libltdl_la-slist.lo -MD -MP -MF libltdl/.deps/libltdl_libltdl_la-slist.Tpo -c /home/nick/arch-ntua/ex01/parsec-3.0/pkgs/tools/libtool/src/libltdl/slist.c -o libltdl/libltdl_libltdl_la-slist.o >/dev/null 2>&1
mv -f libltdl/.deps/libltdl_libltdl_la-slist.Tpo libltdl/.deps/libltdl_libltdl_la-slist.Plo
depbase=`echo libltdl/loaders/dlopen.lo | sed 's|[^/]*$|.deps/&|;s|\.lo$||'`;\
/bin/bash ./libtool --tag=CC   --mode=compile /usr/bin/gcc -DHAVE_CONFIG_H -I. -I/home/nick/arch-ntua/ex01/parsec-3.0/pkgs/tools/libtool/src  -DLT_CONFIG_H='<config.h>' -DLTDL -I. -I/home/nick/arch-ntua/ex01/parsec-3.0/pkgs/tools/libtool/src -Ilibltdl -I/home/nick/arch-ntua/ex01/parsec-3.0/pkgs/tools/libtool/src/libltdl -I/home/nick/arch-ntua/ex01/parsec-3.0/pkgs/tools/libtool/src/libltdl/libltdl   -O3 -g -funroll-loops -fprefetch-loop-arrays -static-libgcc -Wl,--hash-style=both,--as-needed -DPARSEC_VERSION=3.0-beta-20150206 -DENABLE_PARSEC_HOOKS -I/home/nick/arch-ntua/ex01/parsec-3.0/pkgs/libs/hooks/inst/amd64-linux.gcc-serial/include -MT libltdl/loaders/dlopen.lo -MD -MP -MF $depbase.Tpo -c -o libltdl/loaders/dlopen.lo /home/nick/arch-ntua/ex01/parsec-3.0/pkgs/tools/libtool/src/libltdl/loaders/dlopen.c &&\
mv -f $depbase.Tpo $depbase.Plo
libtool: compile:  /usr/bin/gcc -DHAVE_CONFIG_H -I. -I/home/nick/arch-ntua/ex01/parsec-3.0/pkgs/tools/libtool/src "-DLT_CONFIG_H=<config.h>" -DLTDL -I. -I/home/nick/arch-ntua/ex01/parsec-3.0/pkgs/tools/libtool/src -Ilibltdl -I/home/nick/arch-ntua/ex01/parsec-3.0/pkgs/tools/libtool/src/libltdl -I/home/nick/arch-ntua/ex01/parsec-3.0/pkgs/tools/libtool/src/libltdl/libltdl -O3 -g -funroll-loops -fprefetch-loop-arrays -static-libgcc -Wl,--hash-style=both,--as-needed -DPARSEC_VERSION=3.0-beta-20150206 -DENABLE_PARSEC_HOOKS -I/home/nick/arch-ntua/ex01/parsec-3.0/pkgs/libs/hooks/inst/amd64-linux.gcc-serial/include -MT libltdl/loaders/dlopen.lo -MD -MP -MF libltdl/loaders/.deps/dlopen.Tpo -c /home/nick/arch-ntua/ex01/parsec-3.0/pkgs/tools/libtool/src/libltdl/loaders/dlopen.c  -fPIC -DPIC -o libltdl/loaders/.libs/dlopen.o
libtool: compile:  /usr/bin/gcc -DHAVE_CONFIG_H -I. -I/home/nick/arch-ntua/ex01/parsec-3.0/pkgs/tools/libtool/src "-DLT_CONFIG_H=<config.h>" -DLTDL -I. -I/home/nick/arch-ntua/ex01/parsec-3.0/pkgs/tools/libtool/src -Ilibltdl -I/home/nick/arch-ntua/ex01/parsec-3.0/pkgs/tools/libtool/src/libltdl -I/home/nick/arch-ntua/ex01/parsec-3.0/pkgs/tools/libtool/src/libltdl/libltdl -O3 -g -funroll-loops -fprefetch-loop-arrays -static-libgcc -Wl,--hash-style=both,--as-needed -DPARSEC_VERSION=3.0-beta-20150206 -DENABLE_PARSEC_HOOKS -I/home/nick/arch-ntua/ex01/parsec-3.0/pkgs/libs/hooks/inst/amd64-linux.gcc-serial/include -MT libltdl/loaders/dlopen.lo -MD -MP -MF libltdl/loaders/.deps/dlopen.Tpo -c /home/nick/arch-ntua/ex01/parsec-3.0/pkgs/tools/libtool/src/libltdl/loaders/dlopen.c -o libltdl/loaders/dlopen.o >/dev/null 2>&1
/bin/bash ./libtool --tag=CC   --mode=link /usr/bin/gcc  -O3 -g -funroll-loops -fprefetch-loop-arrays -static-libgcc -Wl,--hash-style=both,--as-needed -DPARSEC_VERSION=3.0-beta-20150206 -DENABLE_PARSEC_HOOKS -I/home/nick/arch-ntua/ex01/parsec-3.0/pkgs/libs/hooks/inst/amd64-linux.gcc-serial/include -module -avoid-version -L/usr/lib64 -L/usr/lib -L/home/nick/arch-ntua/ex01/parsec-3.0/pkgs/libs/hooks/inst/amd64-linux.gcc-serial/lib -o libltdl/dlopen.la  libltdl/loaders/dlopen.lo -ldl -ldl 
libtool: link: /usr/bin/ar cru libltdl/.libs/dlopen.a libltdl/loaders/.libs/dlopen.o 
libtool: link: /usr/bin/ranlib libltdl/.libs/dlopen.a
libtool: link: ( cd "libltdl/.libs" && rm -f "dlopen.la" && ln -s "../dlopen.la" "dlopen.la" )
depbase=`echo libltdl/lt__strl.lo | sed 's|[^/]*$|.deps/&|;s|\.lo$||'`;\
/bin/bash ./libtool --tag=CC   --mode=compile /usr/bin/gcc -DHAVE_CONFIG_H -I. -I/home/nick/arch-ntua/ex01/parsec-3.0/pkgs/tools/libtool/src  -DLT_CONFIG_H='<config.h>' -DLTDL -I. -I/home/nick/arch-ntua/ex01/parsec-3.0/pkgs/tools/libtool/src -Ilibltdl -I/home/nick/arch-ntua/ex01/parsec-3.0/pkgs/tools/libtool/src/libltdl -I/home/nick/arch-ntua/ex01/parsec-3.0/pkgs/tools/libtool/src/libltdl/libltdl   -O3 -g -funroll-loops -fprefetch-loop-arrays -static-libgcc -Wl,--hash-style=both,--as-needed -DPARSEC_VERSION=3.0-beta-20150206 -DENABLE_PARSEC_HOOKS -I/home/nick/arch-ntua/ex01/parsec-3.0/pkgs/libs/hooks/inst/amd64-linux.gcc-serial/include -MT libltdl/lt__strl.lo -MD -MP -MF $depbase.Tpo -c -o libltdl/lt__strl.lo /home/nick/arch-ntua/ex01/parsec-3.0/pkgs/tools/libtool/src/libltdl/lt__strl.c &&\
mv -f $depbase.Tpo $depbase.Plo
libtool: compile:  /usr/bin/gcc -DHAVE_CONFIG_H -I. -I/home/nick/arch-ntua/ex01/parsec-3.0/pkgs/tools/libtool/src "-DLT_CONFIG_H=<config.h>" -DLTDL -I. -I/home/nick/arch-ntua/ex01/parsec-3.0/pkgs/tools/libtool/src -Ilibltdl -I/home/nick/arch-ntua/ex01/parsec-3.0/pkgs/tools/libtool/src/libltdl -I/home/nick/arch-ntua/ex01/parsec-3.0/pkgs/tools/libtool/src/libltdl/libltdl -O3 -g -funroll-loops -fprefetch-loop-arrays -static-libgcc -Wl,--hash-style=both,--as-needed -DPARSEC_VERSION=3.0-beta-20150206 -DENABLE_PARSEC_HOOKS -I/home/nick/arch-ntua/ex01/parsec-3.0/pkgs/libs/hooks/inst/amd64-linux.gcc-serial/include -MT libltdl/lt__strl.lo -MD -MP -MF libltdl/.deps/lt__strl.Tpo -c /home/nick/arch-ntua/ex01/parsec-3.0/pkgs/tools/libtool/src/libltdl/lt__strl.c  -fPIC -DPIC -o libltdl/.libs/lt__strl.o
libtool: compile:  /usr/bin/gcc -DHAVE_CONFIG_H -I. -I/home/nick/arch-ntua/ex01/parsec-3.0/pkgs/tools/libtool/src "-DLT_CONFIG_H=<config.h>" -DLTDL -I. -I/home/nick/arch-ntua/ex01/parsec-3.0/pkgs/tools/libtool/src -Ilibltdl -I/home/nick/arch-ntua/ex01/parsec-3.0/pkgs/tools/libtool/src/libltdl -I/home/nick/arch-ntua/ex01/parsec-3.0/pkgs/tools/libtool/src/libltdl/libltdl -O3 -g -funroll-loops -fprefetch-loop-arrays -static-libgcc -Wl,--hash-style=both,--as-needed -DPARSEC_VERSION=3.0-beta-20150206 -DENABLE_PARSEC_HOOKS -I/home/nick/arch-ntua/ex01/parsec-3.0/pkgs/libs/hooks/inst/amd64-linux.gcc-serial/include -MT libltdl/lt__strl.lo -MD -MP -MF libltdl/.deps/lt__strl.Tpo -c /home/nick/arch-ntua/ex01/parsec-3.0/pkgs/tools/libtool/src/libltdl/lt__strl.c -o libltdl/lt__strl.o >/dev/null 2>&1
/bin/bash ./libtool --tag=CC   --mode=link /usr/bin/gcc  -O3 -g -funroll-loops -fprefetch-loop-arrays -static-libgcc -Wl,--hash-style=both,--as-needed -DPARSEC_VERSION=3.0-beta-20150206 -DENABLE_PARSEC_HOOKS -I/home/nick/arch-ntua/ex01/parsec-3.0/pkgs/libs/hooks/inst/amd64-linux.gcc-serial/include -no-undefined -version-info 9:0:2 -dlpreopen libltdl/dlopen.la  -L/usr/lib64 -L/usr/lib -L/home/nick/arch-ntua/ex01/parsec-3.0/pkgs/libs/hooks/inst/amd64-linux.gcc-serial/lib -o libltdl/libltdl.la -rpath /home/nick/arch-ntua/ex01/parsec-3.0/pkgs/tools/libtool/inst/amd64-linux.gcc-serial/lib libltdl/loaders/libltdl_libltdl_la-preopen.lo libltdl/libltdl_libltdl_la-lt__alloc.lo libltdl/libltdl_libltdl_la-lt_dlloader.lo libltdl/libltdl_libltdl_la-lt_error.lo libltdl/libltdl_libltdl_la-ltdl.lo libltdl/libltdl_libltdl_la-slist.lo libltdl/lt__strl.lo -ldl 
libtool: link: rm -f libltdl/.libs/libltdl.nm libltdl/.libs/libltdl.nmS libltdl/.libs/libltdl.nmT
libtool: link: (cd libltdl/.libs && /usr/bin/gcc -O3 -g -funroll-loops -fprefetch-loop-arrays -static-libgcc -Wl,--hash-style=both,--as-needed -DPARSEC_VERSION=3.0-beta-20150206 -DENABLE_PARSEC_HOOKS -I/home/nick/arch-ntua/ex01/parsec-3.0/pkgs/libs/hooks/inst/amd64-linux.gcc-serial/include -c -fno-builtin  -fPIC -DPIC "libltdlS.c")
libtool: link: rm -f "libltdl/.libs/libltdlS.c" "libltdl/.libs/libltdl.nm" "libltdl/.libs/libltdl.nmS" "libltdl/.libs/libltdl.nmT"
libtool: link: (cd libltdl/.libs/libltdl.lax/dlopen.a && /usr/bin/ar x "/home/nick/arch-ntua/ex01/parsec-3.0/pkgs/tools/libtool/obj/amd64-linux.gcc-serial/libltdl/.libs/dlopen.a")
libtool: link: /usr/bin/gcc -shared  libltdl/loaders/.libs/libltdl_libltdl_la-preopen.o libltdl/.libs/libltdl_libltdl_la-lt__alloc.o libltdl/.libs/libltdl_libltdl_la-lt_dlloader.o libltdl/.libs/libltdl_libltdl_la-lt_error.o libltdl/.libs/libltdl_libltdl_la-ltdl.o libltdl/.libs/libltdl_libltdl_la-slist.o libltdl/.libs/lt__strl.o libltdl/.libs/libltdlS.o  libltdl/.libs/libltdl.lax/dlopen.a/dlopen.o   -ldl -L/usr/lib64 -L/usr/lib -L/home/nick/arch-ntua/ex01/parsec-3.0/pkgs/libs/hooks/inst/amd64-linux.gcc-serial/lib  -Wl,--hash-style=both -Wl,--as-needed   -Wl,-soname -Wl,libltdl.so.7 -o libltdl/.libs/libltdl.so.7.2.0
libtool: link: (cd "libltdl/.libs" && rm -f "libltdl.so.7" && ln -s "libltdl.so.7.2.0" "libltdl.so.7")
libtool: link: (cd "libltdl/.libs" && rm -f "libltdl.so" && ln -s "libltdl.so.7.2.0" "libltdl.so")
libtool: link: (cd libltdl/.libs/libltdl.lax/lt1-dlopen.a && /usr/bin/ar x "/home/nick/arch-ntua/ex01/parsec-3.0/pkgs/tools/libtool/obj/amd64-linux.gcc-serial/libltdl/.libs/dlopen.a")
libtool: link: /usr/bin/ar cru libltdl/.libs/libltdl.a  libltdl/loaders/libltdl_libltdl_la-preopen.o libltdl/libltdl_libltdl_la-lt__alloc.o libltdl/libltdl_libltdl_la-lt_dlloader.o libltdl/libltdl_libltdl_la-lt_error.o libltdl/libltdl_libltdl_la-ltdl.o libltdl/libltdl_libltdl_la-slist.o libltdl/lt__strl.o libltdl/.libs/libltdlS.o  libltdl/.libs/libltdl.lax/lt1-dlopen.a/dlopen.o 
libtool: link: /usr/bin/ranlib libltdl/.libs/libltdl.a
libtool: link: rm -fr libltdl/.libs/libltdl.lax libltdl/.libs/libltdl.lax
libtool: link: ( cd "libltdl/.libs" && rm -f "libltdl.la" && ln -s "../libltdl.la" "libltdl.la" )
rm -f libtoolize.tmp libtoolize
set dummy `/bin/bash /home/nick/arch-ntua/ex01/parsec-3.0/pkgs/tools/libtool/src/libltdl/config/mkstamp /home/nick/arch-ntua/ex01/parsec-3.0/pkgs/tools/libtool/src`; shift; case 2.2.6 in *[acegikmoqsuwy]) TIMESTAMP=" $1 $2" ;; *) TIMESTAMP="" ;; esac; \
input="libtoolize.m4sh"; \
sed -e 's,@EGREP\@,/usr/bin/grep -E,g' -e 's,@FGREP\@,/usr/bin/grep -F,g' -e 's,@GREP\@,/usr/bin/grep,g' -e 's,@LN_S\@,ln -s,g' -e 's,@MACRO_VERSION\@,2.2.6,g' -e 's,@PACKAGE\@,libtool,g' -e 's,@PACKAGE_BUGREPORT\@,bug-libtool@gnu.org,g' -e 's,@PACKAGE_NAME\@,libtool,g' -e 's,@PACKAGE_STRING\@,libtool 2.2.6,g' -e 's,@PACKAGE_TARNAME\@,libtool,g' -e 's,@PACKAGE_VERSION\@,2.2.6,g' -e 's,@SED\@,/usr/bin/sed,g' -e 's,@VERSION\@,2.2.6,g' -e 's,@aclocaldir\@,/home/nick/arch-ntua/ex01/parsec-3.0/pkgs/tools/libtool/inst/amd64-linux.gcc-serial/share/aclocal,g' -e 's,@datadir\@,/home/nick/arch-ntua/ex01/parsec-3.0/pkgs/tools/libtool/inst/amd64-linux.gcc-serial/share,g' -e 's,@pkgdatadir\@,/home/nick/arch-ntua/ex01/parsec-3.0/pkgs/tools/libtool/inst/amd64-linux.gcc-serial/share/libtool,g' -e 's,@host_triplet\@,x86_64-unknown-linux-gnu,g' -e 's,@prefix\@,/home/nick/arch-ntua/ex01/parsec-3.0/pkgs/tools/libtool/inst/amd64-linux.gcc-serial,g' -e "s,@configure_input\@,Generated from $input.,g" -e "s,@TIMESTAMP\@,$TIMESTAMP,g" \
	-e 's,@aclocal_DATA\@,m4/argz.m4 m4/libtool.m4 m4/ltdl.m4 m4/ltoptions.m4 m4/ltsugar.m4 m4/ltversion.m4 m4/lt~obsolete.m4,g' \
	-e "s,@pkgltdl_files\@,libltdl/COPYING.LIB libltdl/README libltdl/Makefile.inc libltdl/Makefile.am libltdl/configure.ac libltdl/aclocal.m4 libltdl/Makefile.in libltdl/config-h.in libltdl/configure libltdl/argz_.h libltdl/argz.c libltdl/loaders/dld_link.c libltdl/loaders/dlopen.c libltdl/loaders/dyld.c libltdl/loaders/load_add_on.c libltdl/loaders/loadlibrary.c libltdl/loaders/shl_load.c libltdl/lt__dirent.c libltdl/lt__strl.c libltdl/libltdl/lt__alloc.h libltdl/libltdl/lt__dirent.h libltdl/libltdl/lt__glibc.h libltdl/libltdl/lt__private.h libltdl/libltdl/lt__strl.h libltdl/libltdl/lt_dlloader.h libltdl/libltdl/lt_error.h libltdl/libltdl/lt_system.h libltdl/libltdl/slist.h libltdl/loaders/preopen.c libltdl/lt__alloc.c libltdl/lt_dlloader.c libltdl/lt_error.c libltdl/ltdl.c libltdl/ltdl.h libltdl/slist.c,g" \
	-e "s,@pkgconfig_files\@,config/compile config/config.guess config/config.sub config/depcomp config/install-sh config/missing config/ltmain.sh,g" \
	/home/nick/arch-ntua/ex01/parsec-3.0/pkgs/tools/libtool/src/libtoolize.in > libtoolize.tmp
chmod a+x libtoolize.tmp
chmod a-w libtoolize.tmp
mv -f libtoolize.tmp libtoolize
make[2]: Leaving directory '/home/nick/arch-ntua/ex01/parsec-3.0/pkgs/tools/libtool/obj/amd64-linux.gcc-serial'
make[1]: Leaving directory '/home/nick/arch-ntua/ex01/parsec-3.0/pkgs/tools/libtool/obj/amd64-linux.gcc-serial'
[PARSEC] Running 'env LIBS= /usr/bin/make install':
/usr/bin/make  install-recursive
make[1]: Entering directory '/home/nick/arch-ntua/ex01/parsec-3.0/pkgs/tools/libtool/obj/amd64-linux.gcc-serial'
make[2]: Entering directory '/home/nick/arch-ntua/ex01/parsec-3.0/pkgs/tools/libtool/obj/amd64-linux.gcc-serial'
make[3]: Entering directory '/home/nick/arch-ntua/ex01/parsec-3.0/pkgs/tools/libtool/obj/amd64-linux.gcc-serial'
test -z "/home/nick/arch-ntua/ex01/parsec-3.0/pkgs/tools/libtool/inst/amd64-linux.gcc-serial/bin" || /usr/bin/mkdir -p "/home/nick/arch-ntua/ex01/parsec-3.0/pkgs/tools/libtool/inst/amd64-linux.gcc-serial/bin"
 /home/nick/arch-ntua/ex01/parsec-3.0/bin/install -c 'libtoolize' '/home/nick/arch-ntua/ex01/parsec-3.0/pkgs/tools/libtool/inst/amd64-linux.gcc-serial/bin/libtoolize'
 /home/nick/arch-ntua/ex01/parsec-3.0/bin/install -c 'libtool' '/home/nick/arch-ntua/ex01/parsec-3.0/pkgs/tools/libtool/inst/amd64-linux.gcc-serial/bin/libtool'
test -z "/home/nick/arch-ntua/ex01/parsec-3.0/pkgs/tools/libtool/inst/amd64-linux.gcc-serial/lib" || /usr/bin/mkdir -p "/home/nick/arch-ntua/ex01/parsec-3.0/pkgs/tools/libtool/inst/amd64-linux.gcc-serial/lib"
 /bin/bash ./libtool   --mode=install /home/nick/arch-ntua/ex01/parsec-3.0/bin/install -c  'libltdl/libltdl.la' '/home/nick/arch-ntua/ex01/parsec-3.0/pkgs/tools/libtool/inst/amd64-linux.gcc-serial/lib/libltdl.la'
libtool: install: /home/nick/arch-ntua/ex01/parsec-3.0/bin/install -c libltdl/.libs/libltdl.so.7.2.0 /home/nick/arch-ntua/ex01/parsec-3.0/pkgs/tools/libtool/inst/amd64-linux.gcc-serial/lib/libltdl.so.7.2.0
libtool: install: (cd /home/nick/arch-ntua/ex01/parsec-3.0/pkgs/tools/libtool/inst/amd64-linux.gcc-serial/lib && { ln -s -f libltdl.so.7.2.0 libltdl.so.7 || { rm -f libltdl.so.7 && ln -s libltdl.so.7.2.0 libltdl.so.7; }; })
libtool: install: (cd /home/nick/arch-ntua/ex01/parsec-3.0/pkgs/tools/libtool/inst/amd64-linux.gcc-serial/lib && { ln -s -f libltdl.so.7.2.0 libltdl.so || { rm -f libltdl.so && ln -s libltdl.so.7.2.0 libltdl.so; }; })
libtool: install: /home/nick/arch-ntua/ex01/parsec-3.0/bin/install -c libltdl/.libs/libltdl.lai /home/nick/arch-ntua/ex01/parsec-3.0/pkgs/tools/libtool/inst/amd64-linux.gcc-serial/lib/libltdl.la
libtool: install: /home/nick/arch-ntua/ex01/parsec-3.0/bin/install -c libltdl/.libs/libltdl.a /home/nick/arch-ntua/ex01/parsec-3.0/pkgs/tools/libtool/inst/amd64-linux.gcc-serial/lib/libltdl.a
libtool: install: chmod 644 /home/nick/arch-ntua/ex01/parsec-3.0/pkgs/tools/libtool/inst/amd64-linux.gcc-serial/lib/libltdl.a
libtool: install: /usr/bin/ranlib /home/nick/arch-ntua/ex01/parsec-3.0/pkgs/tools/libtool/inst/amd64-linux.gcc-serial/lib/libltdl.a
libtool: finish: PATH="/home/nick/arch-ntua/ex01/parsec-3.0/bin:/usr/local/sbin:/usr/local/bin:/usr/sbin:/usr/bin:/sbin:/bin:/usr/games:/usr/local/games:/snap/bin:/sbin" ldconfig -n /home/nick/arch-ntua/ex01/parsec-3.0/pkgs/tools/libtool/inst/amd64-linux.gcc-serial/lib
----------------------------------------------------------------------
Libraries have been installed in:
   /home/nick/arch-ntua/ex01/parsec-3.0/pkgs/tools/libtool/inst/amd64-linux.gcc-serial/lib

If you ever happen to want to link against installed libraries
in a given directory, LIBDIR, you must either use libtool, and
specify the full pathname of the library, or use the `-LLIBDIR'
flag during linking and do at least one of the following:
   - add LIBDIR to the `LD_LIBRARY_PATH' environment variable
     during execution
   - add LIBDIR to the `LD_RUN_PATH' environment variable
     during linking
   - use the `-Wl,-rpath -Wl,LIBDIR' linker flag
   - have your system administrator add LIBDIR to `/etc/ld.so.conf'

See any operating system documentation about shared libraries for
more information, such as the ld(1) and ld.so(8) manual pages.
----------------------------------------------------------------------
rm -rf /home/nick/arch-ntua/ex01/parsec-3.0/pkgs/tools/libtool/inst/amd64-linux.gcc-serial/share/libtool/*
/bin/bash /home/nick/arch-ntua/ex01/parsec-3.0/pkgs/tools/libtool/src/libltdl/config/install-sh -d /home/nick/arch-ntua/ex01/parsec-3.0/pkgs/tools/libtool/inst/amd64-linux.gcc-serial/share/aclocal
 /home/nick/arch-ntua/ex01/parsec-3.0/bin/install -c -m 644 '/home/nick/arch-ntua/ex01/parsec-3.0/pkgs/tools/libtool/src/libltdl/m4/argz.m4' '/home/nick/arch-ntua/ex01/parsec-3.0/pkgs/tools/libtool/inst/amd64-linux.gcc-serial/share/aclocal/argz.m4'
 /home/nick/arch-ntua/ex01/parsec-3.0/bin/install -c -m 644 '/home/nick/arch-ntua/ex01/parsec-3.0/pkgs/tools/libtool/src/libltdl/m4/libtool.m4' '/home/nick/arch-ntua/ex01/parsec-3.0/pkgs/tools/libtool/inst/amd64-linux.gcc-serial/share/aclocal/libtool.m4'
 /home/nick/arch-ntua/ex01/parsec-3.0/bin/install -c -m 644 '/home/nick/arch-ntua/ex01/parsec-3.0/pkgs/tools/libtool/src/libltdl/m4/ltdl.m4' '/home/nick/arch-ntua/ex01/parsec-3.0/pkgs/tools/libtool/inst/amd64-linux.gcc-serial/share/aclocal/ltdl.m4'
 /home/nick/arch-ntua/ex01/parsec-3.0/bin/install -c -m 644 '/home/nick/arch-ntua/ex01/parsec-3.0/pkgs/tools/libtool/src/libltdl/m4/ltoptions.m4' '/home/nick/arch-ntua/ex01/parsec-3.0/pkgs/tools/libtool/inst/amd64-linux.gcc-serial/share/aclocal/ltoptions.m4'
 /home/nick/arch-ntua/ex01/parsec-3.0/bin/install -c -m 644 '/home/nick/arch-ntua/ex01/parsec-3.0/pkgs/tools/libtool/src/libltdl/m4/ltsugar.m4' '/home/nick/arch-ntua/ex01/parsec-3.0/pkgs/tools/libtool/inst/amd64-linux.gcc-serial/share/aclocal/ltsugar.m4'
 /home/nick/arch-ntua/ex01/parsec-3.0/bin/install -c -m 644 '/home/nick/arch-ntua/ex01/parsec-3.0/pkgs/tools/libtool/src/libltdl/m4/ltversion.m4' '/home/nick/arch-ntua/ex01/parsec-3.0/pkgs/tools/libtool/inst/amd64-linux.gcc-serial/share/aclocal/ltversion.m4'
 /home/nick/arch-ntua/ex01/parsec-3.0/bin/install -c -m 644 '/home/nick/arch-ntua/ex01/parsec-3.0/pkgs/tools/libtool/src/libltdl/m4/lt~obsolete.m4' '/home/nick/arch-ntua/ex01/parsec-3.0/pkgs/tools/libtool/inst/amd64-linux.gcc-serial/share/aclocal/lt~obsolete.m4'
/bin/bash /home/nick/arch-ntua/ex01/parsec-3.0/pkgs/tools/libtool/src/libltdl/config/install-sh -d /home/nick/arch-ntua/ex01/parsec-3.0/pkgs/tools/libtool/inst/amd64-linux.gcc-serial/share/libtool
/bin/bash /home/nick/arch-ntua/ex01/parsec-3.0/pkgs/tools/libtool/src/libltdl/config/install-sh -d /home/nick/arch-ntua/ex01/parsec-3.0/pkgs/tools/libtool/inst/amd64-linux.gcc-serial/share/libtool/config
 /home/nick/arch-ntua/ex01/parsec-3.0/bin/install -c '/home/nick/arch-ntua/ex01/parsec-3.0/pkgs/tools/libtool/src/libltdl/config/compile' '/home/nick/arch-ntua/ex01/parsec-3.0/pkgs/tools/libtool/inst/amd64-linux.gcc-serial/share/libtool/config/compile'
 /home/nick/arch-ntua/ex01/parsec-3.0/bin/install -c '/home/nick/arch-ntua/ex01/parsec-3.0/pkgs/tools/libtool/src/libltdl/config/config.guess' '/home/nick/arch-ntua/ex01/parsec-3.0/pkgs/tools/libtool/inst/amd64-linux.gcc-serial/share/libtool/config/config.guess'
 /home/nick/arch-ntua/ex01/parsec-3.0/bin/install -c '/home/nick/arch-ntua/ex01/parsec-3.0/pkgs/tools/libtool/src/libltdl/config/config.sub' '/home/nick/arch-ntua/ex01/parsec-3.0/pkgs/tools/libtool/inst/amd64-linux.gcc-serial/share/libtool/config/config.sub'
 /home/nick/arch-ntua/ex01/parsec-3.0/bin/install -c '/home/nick/arch-ntua/ex01/parsec-3.0/pkgs/tools/libtool/src/libltdl/config/depcomp' '/home/nick/arch-ntua/ex01/parsec-3.0/pkgs/tools/libtool/inst/amd64-linux.gcc-serial/share/libtool/config/depcomp'
 /home/nick/arch-ntua/ex01/parsec-3.0/bin/install -c '/home/nick/arch-ntua/ex01/parsec-3.0/pkgs/tools/libtool/src/libltdl/config/install-sh' '/home/nick/arch-ntua/ex01/parsec-3.0/pkgs/tools/libtool/inst/amd64-linux.gcc-serial/share/libtool/config/install-sh'
 /home/nick/arch-ntua/ex01/parsec-3.0/bin/install -c '/home/nick/arch-ntua/ex01/parsec-3.0/pkgs/tools/libtool/src/libltdl/config/missing' '/home/nick/arch-ntua/ex01/parsec-3.0/pkgs/tools/libtool/inst/amd64-linux.gcc-serial/share/libtool/config/missing'
 /home/nick/arch-ntua/ex01/parsec-3.0/bin/install -c '/home/nick/arch-ntua/ex01/parsec-3.0/pkgs/tools/libtool/src/libltdl/config/ltmain.sh' '/home/nick/arch-ntua/ex01/parsec-3.0/pkgs/tools/libtool/inst/amd64-linux.gcc-serial/share/libtool/config/ltmain.sh'
/bin/bash /home/nick/arch-ntua/ex01/parsec-3.0/pkgs/tools/libtool/src/libltdl/config/install-sh -d /home/nick/arch-ntua/ex01/parsec-3.0/pkgs/tools/libtool/inst/amd64-linux.gcc-serial/share/libtool/libltdl
/bin/bash /home/nick/arch-ntua/ex01/parsec-3.0/pkgs/tools/libtool/src/libltdl/config/install-sh -d /home/nick/arch-ntua/ex01/parsec-3.0/pkgs/tools/libtool/inst/amd64-linux.gcc-serial/share/libtool/libltdl/libltdl
/bin/bash /home/nick/arch-ntua/ex01/parsec-3.0/pkgs/tools/libtool/src/libltdl/config/install-sh -d /home/nick/arch-ntua/ex01/parsec-3.0/pkgs/tools/libtool/inst/amd64-linux.gcc-serial/share/libtool/libltdl/loaders
 /home/nick/arch-ntua/ex01/parsec-3.0/bin/install -c -m 644 '/home/nick/arch-ntua/ex01/parsec-3.0/pkgs/tools/libtool/src/libltdl/COPYING.LIB' '/home/nick/arch-ntua/ex01/parsec-3.0/pkgs/tools/libtool/inst/amd64-linux.gcc-serial/share/libtool/libltdl/COPYING.LIB'
 /home/nick/arch-ntua/ex01/parsec-3.0/bin/install -c -m 644 '/home/nick/arch-ntua/ex01/parsec-3.0/pkgs/tools/libtool/src/libltdl/README' '/home/nick/arch-ntua/ex01/parsec-3.0/pkgs/tools/libtool/inst/amd64-linux.gcc-serial/share/libtool/libltdl/README'
 /home/nick/arch-ntua/ex01/parsec-3.0/bin/install -c -m 644 '/home/nick/arch-ntua/ex01/parsec-3.0/pkgs/tools/libtool/src/libltdl/Makefile.inc' '/home/nick/arch-ntua/ex01/parsec-3.0/pkgs/tools/libtool/inst/amd64-linux.gcc-serial/share/libtool/libltdl/Makefile.inc'
 /home/nick/arch-ntua/ex01/parsec-3.0/bin/install -c -m 644 '/home/nick/arch-ntua/ex01/parsec-3.0/pkgs/tools/libtool/src/libltdl/Makefile.am' '/home/nick/arch-ntua/ex01/parsec-3.0/pkgs/tools/libtool/inst/amd64-linux.gcc-serial/share/libtool/libltdl/Makefile.am'
 /home/nick/arch-ntua/ex01/parsec-3.0/bin/install -c -m 644 '/home/nick/arch-ntua/ex01/parsec-3.0/pkgs/tools/libtool/src/libltdl/configure.ac' '/home/nick/arch-ntua/ex01/parsec-3.0/pkgs/tools/libtool/inst/amd64-linux.gcc-serial/share/libtool/libltdl/configure.ac'
 /home/nick/arch-ntua/ex01/parsec-3.0/bin/install -c -m 644 '/home/nick/arch-ntua/ex01/parsec-3.0/pkgs/tools/libtool/src/libltdl/aclocal.m4' '/home/nick/arch-ntua/ex01/parsec-3.0/pkgs/tools/libtool/inst/amd64-linux.gcc-serial/share/libtool/libltdl/aclocal.m4'
 /home/nick/arch-ntua/ex01/parsec-3.0/bin/install -c -m 644 '/home/nick/arch-ntua/ex01/parsec-3.0/pkgs/tools/libtool/src/libltdl/Makefile.in' '/home/nick/arch-ntua/ex01/parsec-3.0/pkgs/tools/libtool/inst/amd64-linux.gcc-serial/share/libtool/libltdl/Makefile.in'
 /home/nick/arch-ntua/ex01/parsec-3.0/bin/install -c -m 644 '/home/nick/arch-ntua/ex01/parsec-3.0/pkgs/tools/libtool/src/libltdl/config-h.in' '/home/nick/arch-ntua/ex01/parsec-3.0/pkgs/tools/libtool/inst/amd64-linux.gcc-serial/share/libtool/libltdl/config-h.in'
 /home/nick/arch-ntua/ex01/parsec-3.0/bin/install -c -m 644 '/home/nick/arch-ntua/ex01/parsec-3.0/pkgs/tools/libtool/src/libltdl/configure' '/home/nick/arch-ntua/ex01/parsec-3.0/pkgs/tools/libtool/inst/amd64-linux.gcc-serial/share/libtool/libltdl/configure'
 /home/nick/arch-ntua/ex01/parsec-3.0/bin/install -c -m 644 '/home/nick/arch-ntua/ex01/parsec-3.0/pkgs/tools/libtool/src/libltdl/argz_.h' '/home/nick/arch-ntua/ex01/parsec-3.0/pkgs/tools/libtool/inst/amd64-linux.gcc-serial/share/libtool/libltdl/argz_.h'
 /home/nick/arch-ntua/ex01/parsec-3.0/bin/install -c -m 644 '/home/nick/arch-ntua/ex01/parsec-3.0/pkgs/tools/libtool/src/libltdl/argz.c' '/home/nick/arch-ntua/ex01/parsec-3.0/pkgs/tools/libtool/inst/amd64-linux.gcc-serial/share/libtool/libltdl/argz.c'
 /home/nick/arch-ntua/ex01/parsec-3.0/bin/install -c -m 644 '/home/nick/arch-ntua/ex01/parsec-3.0/pkgs/tools/libtool/src/libltdl/loaders/dld_link.c' '/home/nick/arch-ntua/ex01/parsec-3.0/pkgs/tools/libtool/inst/amd64-linux.gcc-serial/share/libtool/libltdl/loaders/dld_link.c'
 /home/nick/arch-ntua/ex01/parsec-3.0/bin/install -c -m 644 '/home/nick/arch-ntua/ex01/parsec-3.0/pkgs/tools/libtool/src/libltdl/loaders/dlopen.c' '/home/nick/arch-ntua/ex01/parsec-3.0/pkgs/tools/libtool/inst/amd64-linux.gcc-serial/share/libtool/libltdl/loaders/dlopen.c'
 /home/nick/arch-ntua/ex01/parsec-3.0/bin/install -c -m 644 '/home/nick/arch-ntua/ex01/parsec-3.0/pkgs/tools/libtool/src/libltdl/loaders/dyld.c' '/home/nick/arch-ntua/ex01/parsec-3.0/pkgs/tools/libtool/inst/amd64-linux.gcc-serial/share/libtool/libltdl/loaders/dyld.c'
 /home/nick/arch-ntua/ex01/parsec-3.0/bin/install -c -m 644 '/home/nick/arch-ntua/ex01/parsec-3.0/pkgs/tools/libtool/src/libltdl/loaders/load_add_on.c' '/home/nick/arch-ntua/ex01/parsec-3.0/pkgs/tools/libtool/inst/amd64-linux.gcc-serial/share/libtool/libltdl/loaders/load_add_on.c'
 /home/nick/arch-ntua/ex01/parsec-3.0/bin/install -c -m 644 '/home/nick/arch-ntua/ex01/parsec-3.0/pkgs/tools/libtool/src/libltdl/loaders/loadlibrary.c' '/home/nick/arch-ntua/ex01/parsec-3.0/pkgs/tools/libtool/inst/amd64-linux.gcc-serial/share/libtool/libltdl/loaders/loadlibrary.c'
 /home/nick/arch-ntua/ex01/parsec-3.0/bin/install -c -m 644 '/home/nick/arch-ntua/ex01/parsec-3.0/pkgs/tools/libtool/src/libltdl/loaders/shl_load.c' '/home/nick/arch-ntua/ex01/parsec-3.0/pkgs/tools/libtool/inst/amd64-linux.gcc-serial/share/libtool/libltdl/loaders/shl_load.c'
 /home/nick/arch-ntua/ex01/parsec-3.0/bin/install -c -m 644 '/home/nick/arch-ntua/ex01/parsec-3.0/pkgs/tools/libtool/src/libltdl/lt__dirent.c' '/home/nick/arch-ntua/ex01/parsec-3.0/pkgs/tools/libtool/inst/amd64-linux.gcc-serial/share/libtool/libltdl/lt__dirent.c'
 /home/nick/arch-ntua/ex01/parsec-3.0/bin/install -c -m 644 '/home/nick/arch-ntua/ex01/parsec-3.0/pkgs/tools/libtool/src/libltdl/lt__strl.c' '/home/nick/arch-ntua/ex01/parsec-3.0/pkgs/tools/libtool/inst/amd64-linux.gcc-serial/share/libtool/libltdl/lt__strl.c'
 /home/nick/arch-ntua/ex01/parsec-3.0/bin/install -c -m 644 '/home/nick/arch-ntua/ex01/parsec-3.0/pkgs/tools/libtool/src/libltdl/libltdl/lt__alloc.h' '/home/nick/arch-ntua/ex01/parsec-3.0/pkgs/tools/libtool/inst/amd64-linux.gcc-serial/share/libtool/libltdl/libltdl/lt__alloc.h'
 /home/nick/arch-ntua/ex01/parsec-3.0/bin/install -c -m 644 '/home/nick/arch-ntua/ex01/parsec-3.0/pkgs/tools/libtool/src/libltdl/libltdl/lt__dirent.h' '/home/nick/arch-ntua/ex01/parsec-3.0/pkgs/tools/libtool/inst/amd64-linux.gcc-serial/share/libtool/libltdl/libltdl/lt__dirent.h'
 /home/nick/arch-ntua/ex01/parsec-3.0/bin/install -c -m 644 '/home/nick/arch-ntua/ex01/parsec-3.0/pkgs/tools/libtool/src/libltdl/libltdl/lt__glibc.h' '/home/nick/arch-ntua/ex01/parsec-3.0/pkgs/tools/libtool/inst/amd64-linux.gcc-serial/share/libtool/libltdl/libltdl/lt__glibc.h'
 /home/nick/arch-ntua/ex01/parsec-3.0/bin/install -c -m 644 '/home/nick/arch-ntua/ex01/parsec-3.0/pkgs/tools/libtool/src/libltdl/libltdl/lt__private.h' '/home/nick/arch-ntua/ex01/parsec-3.0/pkgs/tools/libtool/inst/amd64-linux.gcc-serial/share/libtool/libltdl/libltdl/lt__private.h'
 /home/nick/arch-ntua/ex01/parsec-3.0/bin/install -c -m 644 '/home/nick/arch-ntua/ex01/parsec-3.0/pkgs/tools/libtool/src/libltdl/libltdl/lt__strl.h' '/home/nick/arch-ntua/ex01/parsec-3.0/pkgs/tools/libtool/inst/amd64-linux.gcc-serial/share/libtool/libltdl/libltdl/lt__strl.h'
 /home/nick/arch-ntua/ex01/parsec-3.0/bin/install -c -m 644 '/home/nick/arch-ntua/ex01/parsec-3.0/pkgs/tools/libtool/src/libltdl/libltdl/lt_dlloader.h' '/home/nick/arch-ntua/ex01/parsec-3.0/pkgs/tools/libtool/inst/amd64-linux.gcc-serial/share/libtool/libltdl/libltdl/lt_dlloader.h'
 /home/nick/arch-ntua/ex01/parsec-3.0/bin/install -c -m 644 '/home/nick/arch-ntua/ex01/parsec-3.0/pkgs/tools/libtool/src/libltdl/libltdl/lt_error.h' '/home/nick/arch-ntua/ex01/parsec-3.0/pkgs/tools/libtool/inst/amd64-linux.gcc-serial/share/libtool/libltdl/libltdl/lt_error.h'
 /home/nick/arch-ntua/ex01/parsec-3.0/bin/install -c -m 644 '/home/nick/arch-ntua/ex01/parsec-3.0/pkgs/tools/libtool/src/libltdl/libltdl/lt_system.h' '/home/nick/arch-ntua/ex01/parsec-3.0/pkgs/tools/libtool/inst/amd64-linux.gcc-serial/share/libtool/libltdl/libltdl/lt_system.h'
 /home/nick/arch-ntua/ex01/parsec-3.0/bin/install -c -m 644 '/home/nick/arch-ntua/ex01/parsec-3.0/pkgs/tools/libtool/src/libltdl/libltdl/slist.h' '/home/nick/arch-ntua/ex01/parsec-3.0/pkgs/tools/libtool/inst/amd64-linux.gcc-serial/share/libtool/libltdl/libltdl/slist.h'
 /home/nick/arch-ntua/ex01/parsec-3.0/bin/install -c -m 644 '/home/nick/arch-ntua/ex01/parsec-3.0/pkgs/tools/libtool/src/libltdl/loaders/preopen.c' '/home/nick/arch-ntua/ex01/parsec-3.0/pkgs/tools/libtool/inst/amd64-linux.gcc-serial/share/libtool/libltdl/loaders/preopen.c'
 /home/nick/arch-ntua/ex01/parsec-3.0/bin/install -c -m 644 '/home/nick/arch-ntua/ex01/parsec-3.0/pkgs/tools/libtool/src/libltdl/lt__alloc.c' '/home/nick/arch-ntua/ex01/parsec-3.0/pkgs/tools/libtool/inst/amd64-linux.gcc-serial/share/libtool/libltdl/lt__alloc.c'
 /home/nick/arch-ntua/ex01/parsec-3.0/bin/install -c -m 644 '/home/nick/arch-ntua/ex01/parsec-3.0/pkgs/tools/libtool/src/libltdl/lt_dlloader.c' '/home/nick/arch-ntua/ex01/parsec-3.0/pkgs/tools/libtool/inst/amd64-linux.gcc-serial/share/libtool/libltdl/lt_dlloader.c'
 /home/nick/arch-ntua/ex01/parsec-3.0/bin/install -c -m 644 '/home/nick/arch-ntua/ex01/parsec-3.0/pkgs/tools/libtool/src/libltdl/lt_error.c' '/home/nick/arch-ntua/ex01/parsec-3.0/pkgs/tools/libtool/inst/amd64-linux.gcc-serial/share/libtool/libltdl/lt_error.c'
 /home/nick/arch-ntua/ex01/parsec-3.0/bin/install -c -m 644 '/home/nick/arch-ntua/ex01/parsec-3.0/pkgs/tools/libtool/src/libltdl/ltdl.c' '/home/nick/arch-ntua/ex01/parsec-3.0/pkgs/tools/libtool/inst/amd64-linux.gcc-serial/share/libtool/libltdl/ltdl.c'
 /home/nick/arch-ntua/ex01/parsec-3.0/bin/install -c -m 644 '/home/nick/arch-ntua/ex01/parsec-3.0/pkgs/tools/libtool/src/libltdl/ltdl.h' '/home/nick/arch-ntua/ex01/parsec-3.0/pkgs/tools/libtool/inst/amd64-linux.gcc-serial/share/libtool/libltdl/ltdl.h'
 /home/nick/arch-ntua/ex01/parsec-3.0/bin/install -c -m 644 '/home/nick/arch-ntua/ex01/parsec-3.0/pkgs/tools/libtool/src/libltdl/slist.c' '/home/nick/arch-ntua/ex01/parsec-3.0/pkgs/tools/libtool/inst/amd64-linux.gcc-serial/share/libtool/libltdl/slist.c'
chmod a+x /home/nick/arch-ntua/ex01/parsec-3.0/pkgs/tools/libtool/inst/amd64-linux.gcc-serial/share/libtool/libltdl/configure
test -z "/home/nick/arch-ntua/ex01/parsec-3.0/pkgs/tools/libtool/inst/amd64-linux.gcc-serial/include" || /usr/bin/mkdir -p "/home/nick/arch-ntua/ex01/parsec-3.0/pkgs/tools/libtool/inst/amd64-linux.gcc-serial/include"
 /home/nick/arch-ntua/ex01/parsec-3.0/bin/install -c -m 644 '/home/nick/arch-ntua/ex01/parsec-3.0/pkgs/tools/libtool/src/libltdl/ltdl.h' '/home/nick/arch-ntua/ex01/parsec-3.0/pkgs/tools/libtool/inst/amd64-linux.gcc-serial/include/ltdl.h'
test -z "/home/nick/arch-ntua/ex01/parsec-3.0/pkgs/tools/libtool/inst/amd64-linux.gcc-serial/share/info" || /usr/bin/mkdir -p "/home/nick/arch-ntua/ex01/parsec-3.0/pkgs/tools/libtool/inst/amd64-linux.gcc-serial/share/info"
 /home/nick/arch-ntua/ex01/parsec-3.0/bin/install -c -m 644 '/home/nick/arch-ntua/ex01/parsec-3.0/pkgs/tools/libtool/src/doc/libtool.info' '/home/nick/arch-ntua/ex01/parsec-3.0/pkgs/tools/libtool/inst/amd64-linux.gcc-serial/share/info/libtool.info'
 /home/nick/arch-ntua/ex01/parsec-3.0/bin/install -c -m 644 '/home/nick/arch-ntua/ex01/parsec-3.0/pkgs/tools/libtool/src/doc/libtool.info-1' '/home/nick/arch-ntua/ex01/parsec-3.0/pkgs/tools/libtool/inst/amd64-linux.gcc-serial/share/info/libtool.info-1'
 /home/nick/arch-ntua/ex01/parsec-3.0/bin/install -c -m 644 '/home/nick/arch-ntua/ex01/parsec-3.0/pkgs/tools/libtool/src/doc/libtool.info-2' '/home/nick/arch-ntua/ex01/parsec-3.0/pkgs/tools/libtool/inst/amd64-linux.gcc-serial/share/info/libtool.info-2'
 install-info --info-dir='/home/nick/arch-ntua/ex01/parsec-3.0/pkgs/tools/libtool/inst/amd64-linux.gcc-serial/share/info' '/home/nick/arch-ntua/ex01/parsec-3.0/pkgs/tools/libtool/inst/amd64-linux.gcc-serial/share/info/libtool.info'
test -z "/home/nick/arch-ntua/ex01/parsec-3.0/pkgs/tools/libtool/inst/amd64-linux.gcc-serial/include/libltdl" || /usr/bin/mkdir -p "/home/nick/arch-ntua/ex01/parsec-3.0/pkgs/tools/libtool/inst/amd64-linux.gcc-serial/include/libltdl"
 /home/nick/arch-ntua/ex01/parsec-3.0/bin/install -c -m 644 '/home/nick/arch-ntua/ex01/parsec-3.0/pkgs/tools/libtool/src/libltdl/libltdl/lt_system.h' '/home/nick/arch-ntua/ex01/parsec-3.0/pkgs/tools/libtool/inst/amd64-linux.gcc-serial/include/libltdl/lt_system.h'
 /home/nick/arch-ntua/ex01/parsec-3.0/bin/install -c -m 644 '/home/nick/arch-ntua/ex01/parsec-3.0/pkgs/tools/libtool/src/libltdl/libltdl/lt_error.h' '/home/nick/arch-ntua/ex01/parsec-3.0/pkgs/tools/libtool/inst/amd64-linux.gcc-serial/include/libltdl/lt_error.h'
 /home/nick/arch-ntua/ex01/parsec-3.0/bin/install -c -m 644 '/home/nick/arch-ntua/ex01/parsec-3.0/pkgs/tools/libtool/src/libltdl/libltdl/lt_dlloader.h' '/home/nick/arch-ntua/ex01/parsec-3.0/pkgs/tools/libtool/inst/amd64-linux.gcc-serial/include/libltdl/lt_dlloader.h'
make[3]: Leaving directory '/home/nick/arch-ntua/ex01/parsec-3.0/pkgs/tools/libtool/obj/amd64-linux.gcc-serial'
make[2]: Leaving directory '/home/nick/arch-ntua/ex01/parsec-3.0/pkgs/tools/libtool/obj/amd64-linux.gcc-serial'
make[1]: Leaving directory '/home/nick/arch-ntua/ex01/parsec-3.0/pkgs/tools/libtool/obj/amd64-linux.gcc-serial'
[PARSEC] [---------- Building package parsec.hooks ----------]
[PARSEC] Copying source code of package parsec.hooks.
[PARSEC] Running 'env /usr/bin/make':
/home/nick/arch-ntua/ex01/parsec-3.0/pkgs/tools/libtool/inst/amd64-linux.gcc-serial/bin/libtool --mode=compile /usr/bin/gcc  -O3 -g -funroll-loops -fprefetch-loop-arrays -static-libgcc -Wl,--hash-style=both,--as-needed -DPARSEC_VERSION=3.0-beta-20150206 -DENABLE_PARSEC_HOOKS -I/home/nick/arch-ntua/ex01/parsec-3.0/pkgs/libs/hooks/inst/amd64-linux.gcc-serial/include -Wall -D_GNU_SOURCE -D_XOPEN_SOURCE=600 -c hooks.c
libtool: compile:  /usr/bin/gcc -O3 -g -funroll-loops -fprefetch-loop-arrays -static-libgcc -Wl,--hash-style=both,--as-needed -DPARSEC_VERSION=3.0-beta-20150206 -DENABLE_PARSEC_HOOKS -I/home/nick/arch-ntua/ex01/parsec-3.0/pkgs/libs/hooks/inst/amd64-linux.gcc-serial/include -Wall -D_GNU_SOURCE -D_XOPEN_SOURCE=600 -c hooks.c  -fPIC -DPIC -o .libs/hooks.o
libtool: compile:  /usr/bin/gcc -O3 -g -funroll-loops -fprefetch-loop-arrays -static-libgcc -Wl,--hash-style=both,--as-needed -DPARSEC_VERSION=3.0-beta-20150206 -DENABLE_PARSEC_HOOKS -I/home/nick/arch-ntua/ex01/parsec-3.0/pkgs/libs/hooks/inst/amd64-linux.gcc-serial/include -Wall -D_GNU_SOURCE -D_XOPEN_SOURCE=600 -c hooks.c -o hooks.o >/dev/null 2>&1
/home/nick/arch-ntua/ex01/parsec-3.0/pkgs/tools/libtool/inst/amd64-linux.gcc-serial/bin/libtool --mode=link /usr/bin/gcc  -O3 -g -funroll-loops -fprefetch-loop-arrays -static-libgcc -Wl,--hash-style=both,--as-needed -DPARSEC_VERSION=3.0-beta-20150206 -DENABLE_PARSEC_HOOKS -I/home/nick/arch-ntua/ex01/parsec-3.0/pkgs/libs/hooks/inst/amd64-linux.gcc-serial/include hooks.lo -o libhooks.la -rpath /home/nick/arch-ntua/ex01/parsec-3.0/pkgs/libs/hooks/inst/amd64-linux.gcc-serial/lib
libtool: link: /usr/bin/gcc -shared  .libs/hooks.o    -Wl,--hash-style=both -Wl,--as-needed   -Wl,-soname -Wl,libhooks.so.0 -o .libs/libhooks.so.0.0.0
libtool: link: (cd ".libs" && rm -f "libhooks.so.0" && ln -s "libhooks.so.0.0.0" "libhooks.so.0")
libtool: link: (cd ".libs" && rm -f "libhooks.so" && ln -s "libhooks.so.0.0.0" "libhooks.so")
libtool: link: /usr/bin/ar cru .libs/libhooks.a  hooks.o
libtool: link: /usr/bin/ranlib .libs/libhooks.a
libtool: link: ( cd ".libs" && rm -f "libhooks.la" && ln -s "../libhooks.la" "libhooks.la" )
[PARSEC] Running 'env /usr/bin/make install':
mkdir -p /home/nick/arch-ntua/ex01/parsec-3.0/pkgs/libs/hooks/inst/amd64-linux.gcc-serial/include
install -c include/hooks.h /home/nick/arch-ntua/ex01/parsec-3.0/pkgs/libs/hooks/inst/amd64-linux.gcc-serial/include
mkdir -p /home/nick/arch-ntua/ex01/parsec-3.0/pkgs/libs/hooks/inst/amd64-linux.gcc-serial/lib
/home/nick/arch-ntua/ex01/parsec-3.0/pkgs/tools/libtool/inst/amd64-linux.gcc-serial/bin/libtool --mode=install install -c libhooks.la /home/nick/arch-ntua/ex01/parsec-3.0/pkgs/libs/hooks/inst/amd64-linux.gcc-serial/lib
libtool: install: install -c .libs/libhooks.so.0.0.0 /home/nick/arch-ntua/ex01/parsec-3.0/pkgs/libs/hooks/inst/amd64-linux.gcc-serial/lib/libhooks.so.0.0.0
libtool: install: (cd /home/nick/arch-ntua/ex01/parsec-3.0/pkgs/libs/hooks/inst/amd64-linux.gcc-serial/lib && { ln -s -f libhooks.so.0.0.0 libhooks.so.0 || { rm -f libhooks.so.0 && ln -s libhooks.so.0.0.0 libhooks.so.0; }; })
libtool: install: (cd /home/nick/arch-ntua/ex01/parsec-3.0/pkgs/libs/hooks/inst/amd64-linux.gcc-serial/lib && { ln -s -f libhooks.so.0.0.0 libhooks.so || { rm -f libhooks.so && ln -s libhooks.so.0.0.0 libhooks.so; }; })
libtool: install: install -c .libs/libhooks.lai /home/nick/arch-ntua/ex01/parsec-3.0/pkgs/libs/hooks/inst/amd64-linux.gcc-serial/lib/libhooks.la
libtool: install: install -c .libs/libhooks.a /home/nick/arch-ntua/ex01/parsec-3.0/pkgs/libs/hooks/inst/amd64-linux.gcc-serial/lib/libhooks.a
libtool: install: chmod 644 /home/nick/arch-ntua/ex01/parsec-3.0/pkgs/libs/hooks/inst/amd64-linux.gcc-serial/lib/libhooks.a
libtool: install: /usr/bin/ranlib /home/nick/arch-ntua/ex01/parsec-3.0/pkgs/libs/hooks/inst/amd64-linux.gcc-serial/lib/libhooks.a
libtool: finish: PATH="/home/nick/arch-ntua/ex01/parsec-3.0/bin:/usr/local/sbin:/usr/local/bin:/usr/sbin:/usr/bin:/sbin:/bin:/usr/games:/usr/local/games:/snap/bin:/sbin" ldconfig -n /home/nick/arch-ntua/ex01/parsec-3.0/pkgs/libs/hooks/inst/amd64-linux.gcc-serial/lib
----------------------------------------------------------------------
Libraries have been installed in:
   /home/nick/arch-ntua/ex01/parsec-3.0/pkgs/libs/hooks/inst/amd64-linux.gcc-serial/lib

If you ever happen to want to link against installed libraries
in a given directory, LIBDIR, you must either use libtool, and
specify the full pathname of the library, or use the `-LLIBDIR'
flag during linking and do at least one of the following:
   - add LIBDIR to the `LD_LIBRARY_PATH' environment variable
     during execution
   - add LIBDIR to the `LD_RUN_PATH' environment variable
     during linking
   - use the `-Wl,-rpath -Wl,LIBDIR' linker flag
   - have your system administrator add LIBDIR to `/etc/ld.so.conf'

See any operating system documentation about shared libraries for
more information, such as the ld(1) and ld.so(8) manual pages.
----------------------------------------------------------------------
/home/nick/arch-ntua/ex01/parsec-3.0/pkgs/tools/libtool/inst/amd64-linux.gcc-serial/bin/libtool --mode=finish /home/nick/arch-ntua/ex01/parsec-3.0/pkgs/libs/hooks/inst/amd64-linux.gcc-serial/lib
libtool: finish: PATH="/home/nick/arch-ntua/ex01/parsec-3.0/bin:/usr/local/sbin:/usr/local/bin:/usr/sbin:/usr/bin:/sbin:/bin:/usr/games:/usr/local/games:/snap/bin:/sbin" ldconfig -n /home/nick/arch-ntua/ex01/parsec-3.0/pkgs/libs/hooks/inst/amd64-linux.gcc-serial/lib
----------------------------------------------------------------------
Libraries have been installed in:
   /home/nick/arch-ntua/ex01/parsec-3.0/pkgs/libs/hooks/inst/amd64-linux.gcc-serial/lib

If you ever happen to want to link against installed libraries
in a given directory, LIBDIR, you must either use libtool, and
specify the full pathname of the library, or use the `-LLIBDIR'
flag during linking and do at least one of the following:
   - add LIBDIR to the `LD_LIBRARY_PATH' environment variable
     during execution
   - add LIBDIR to the `LD_RUN_PATH' environment variable
     during linking
   - use the `-Wl,-rpath -Wl,LIBDIR' linker flag
   - have your system administrator add LIBDIR to `/etc/ld.so.conf'

See any operating system documentation about shared libraries for
more information, such as the ld(1) and ld.so(8) manual pages.
----------------------------------------------------------------------
[PARSEC] [---------- Building package parsec.blackscholes ----------]
[PARSEC] Copying source code of package parsec.blackscholes.
[PARSEC] Running 'env version=serial /usr/bin/make':
rm -f blackscholes 
/usr/bin/g++ -O3 -g -funroll-loops -fprefetch-loop-arrays -fpermissive -fno-exceptions -static-libgcc -Wl,--hash-style=both,--as-needed -DPARSEC_VERSION=3.0-beta-20150206 -DENABLE_PARSEC_HOOKS -I/home/nick/arch-ntua/ex01/parsec-3.0/pkgs/libs/hooks/inst/amd64-linux.gcc-serial/include  -DNCO=4   blackscholes.c -L/usr/lib64 -L/usr/lib -L/home/nick/arch-ntua/ex01/parsec-3.0/pkgs/libs/hooks/inst/amd64-linux.gcc-serial/lib  -lhooks -o blackscholes
[PARSEC] Running 'env version=serial /usr/bin/make install':
mkdir -p /home/nick/arch-ntua/ex01/parsec-3.0/pkgs/apps/blackscholes/inst/amd64-linux.gcc-serial/bin
cp -f blackscholes /home/nick/arch-ntua/ex01/parsec-3.0/pkgs/apps/blackscholes/inst/amd64-linux.gcc-serial/bin/blackscholes

[PARSEC] [========== Building package parsec.bodytrack [1] ==========]
[PARSEC] [---------- Analyzing package parsec.bodytrack ----------]
[PARSEC] parsec.bodytrack depends on: hooks
[PARSEC] [---------- Analyzing package parsec.hooks ----------]
[PARSEC] Package parsec.hooks already exists, proceeding.
[PARSEC] [---------- Building package parsec.bodytrack ----------]
[PARSEC] Running 'env CXXFLAGS=-O3 -g -funroll-loops -fprefetch-loop-arrays -fpermissive -fno-exceptions -static-libgcc -Wl,--hash-style=both,--as-needed -DPARSEC_VERSION=3.0-beta-20150206 -DENABLE_PARSEC_HOOKS -I/home/nick/arch-ntua/ex01/parsec-3.0/pkgs/libs/hooks/inst/amd64-linux.gcc-serial/include -fexceptions /home/nick/arch-ntua/ex01/parsec-3.0/pkgs/apps/bodytrack/src/configure --disable-threads --prefix=/home/nick/arch-ntua/ex01/parsec-3.0/pkgs/apps/bodytrack/inst/amd64-linux.gcc-serial':
checking for a BSD-compatible install... /home/nick/arch-ntua/ex01/parsec-3.0/bin/install -c
checking whether build environment is sane... yes
checking for gawk... no
checking for mawk... mawk
checking whether /usr/bin/make sets $(MAKE)... yes
checking build system type... x86_64-unknown-linux-gnu
checking host system type... x86_64-unknown-linux-gnu
checking for style of include used by /usr/bin/make... GNU
checking for gcc... /usr/bin/gcc
checking for C compiler default output file name... a.out
checking whether the C compiler works... yes
checking whether we are cross compiling... no
checking for suffix of executables... 
checking for suffix of object files... o
checking whether we are using the GNU C compiler... yes
checking whether /usr/bin/gcc accepts -g... yes
checking for /usr/bin/gcc option to accept ISO C89... none needed
checking dependency style of /usr/bin/gcc... gcc3
checking for a sed that does not truncate output... /usr/bin/sed
checking for grep that handles long lines and -e... /usr/bin/grep
checking for egrep... /usr/bin/grep -E
checking for ld used by /usr/bin/gcc... /usr/bin/ld
checking if the linker (/usr/bin/ld) is GNU ld... yes
checking for /usr/bin/ld option to reload object files... -r
checking for BSD-compatible nm... /usr/bin/nm -B
checking whether ln -s works... yes
checking how to recognise dependent libraries... pass_all
checking how to run the C preprocessor... /usr/bin/cpp
checking for ANSI C header files... yes
checking for sys/types.h... yes
checking for sys/stat.h... yes
checking for stdlib.h... yes
checking for string.h... yes
checking for memory.h... yes
checking for strings.h... yes
checking for inttypes.h... yes
checking for stdint.h... yes
checking for unistd.h... yes
checking dlfcn.h usability... yes
checking dlfcn.h presence... yes
checking for dlfcn.h... yes
checking whether we are using the GNU C++ compiler... yes
checking whether /usr/bin/g++ accepts -g... yes
checking dependency style of /usr/bin/g++... gcc3
checking how to run the C++ preprocessor... /usr/bin/g++ -E
checking for g77... no
checking for f77... no
checking for xlf... no
checking for frt... no
checking for pgf77... no
checking for cf77... no
checking for fort77... no
checking for fl32... no
checking for af77... no
checking for f90... no
checking for xlf90... no
checking for pgf90... no
checking for pghpf... no
checking for epcf90... no
checking for gfortran... no
checking for g95... no
checking for f95... no
checking for fort... no
checking for xlf95... no
checking for ifort... no
checking for ifc... no
checking for efc... no
checking for pgf95... no
checking for lf95... no
checking for ftn... no
checking whether we are using the GNU Fortran 77 compiler... no
checking whether  accepts -g... no
checking the maximum length of command line arguments... 32768
checking command to parse /usr/bin/nm -B output from /usr/bin/gcc object... ok
checking for objdir... .libs
checking for ar... /usr/bin/ar
checking for ranlib... /usr/bin/ranlib
checking for strip... /usr/bin/strip
checking if /usr/bin/gcc supports -fno-rtti -fno-exceptions... no
checking for /usr/bin/gcc option to produce PIC... -fPIC
checking if /usr/bin/gcc PIC flag -fPIC works... yes
checking if /usr/bin/gcc static flag -static works... yes
checking if /usr/bin/gcc supports -c -o file.o... yes
checking whether the /usr/bin/gcc linker (/usr/bin/ld -m elf_x86_64) supports shared libraries... yes
checking whether -lc should be explicitly linked in... no
checking dynamic linker characteristics... GNU/Linux ld.so
checking how to hardcode library paths into programs... immediate
checking whether stripping libraries is possible... yes
checking if libtool supports shared libraries... yes
checking whether to build shared libraries... yes
checking whether to build static libraries... yes
configure: creating libtool
appending configuration tag "CXX" to libtool
checking for ld used by /usr/bin/g++... /usr/bin/ld -m elf_x86_64
checking if the linker (/usr/bin/ld -m elf_x86_64) is GNU ld... yes
checking whether the /usr/bin/g++ linker (/usr/bin/ld -m elf_x86_64) supports shared libraries... yes
checking for /usr/bin/g++ option to produce PIC... -fPIC
checking if /usr/bin/g++ PIC flag -fPIC works... yes
checking if /usr/bin/g++ static flag -static works... yes
checking if /usr/bin/g++ supports -c -o file.o... yes
checking whether the /usr/bin/g++ linker (/usr/bin/ld -m elf_x86_64) supports shared libraries... yes
checking dynamic linker characteristics... GNU/Linux ld.so
checking how to hardcode library paths into programs... immediate
appending configuration tag "F77" to libtool
checking whether we are using the GNU C++ compiler... (cached) yes
checking whether /usr/bin/g++ accepts -g... (cached) yes
checking dependency style of /usr/bin/g++... (cached) gcc3
checking for a BSD-compatible install... /home/nick/arch-ntua/ex01/parsec-3.0/bin/install -c
checking whether ln -s works... yes
checking whether /usr/bin/make sets $(MAKE)... (cached) yes
checking for stdint.h... (cached) yes
checking for ANSI C header files... (cached) yes
checking for stdbool.h that conforms to C99... yes
checking for _Bool... yes
checking whether time.h and sys/time.h may both be included... yes
checking for an ANSI C-conforming const... yes
checking for inline... inline
checking for memset... yes
checking for sqrt... no
configure: creating ./config.status
config.status: creating Makefile
config.status: creating FlexImageLib/Makefile
config.status: creating TrackingBenchmark/Makefile
config.status: creating TrackingBenchmark/threads/Makefile
config.status: creating config.h
config.status: executing depfiles commands
[PARSEC] Running 'env CXXFLAGS=-O3 -g -funroll-loops -fprefetch-loop-arrays -fpermissive -fno-exceptions -static-libgcc -Wl,--hash-style=both,--as-needed -DPARSEC_VERSION=3.0-beta-20150206 -DENABLE_PARSEC_HOOKS -I/home/nick/arch-ntua/ex01/parsec-3.0/pkgs/libs/hooks/inst/amd64-linux.gcc-serial/include -fexceptions /usr/bin/make':
/usr/bin/make  all-recursive
make[1]: Entering directory '/home/nick/arch-ntua/ex01/parsec-3.0/pkgs/apps/bodytrack/obj/amd64-linux.gcc-serial'
Making all in FlexImageLib
make[2]: Entering directory '/home/nick/arch-ntua/ex01/parsec-3.0/pkgs/apps/bodytrack/obj/amd64-linux.gcc-serial/FlexImageLib'
if /bin/bash ../libtool --tag=CXX --mode=compile /usr/bin/g++ -DHAVE_CONFIG_H -I. -I/home/nick/arch-ntua/ex01/parsec-3.0/pkgs/apps/bodytrack/src/FlexImageLib -I..     -O3 -g -funroll-loops -fprefetch-loop-arrays -fpermissive -fno-exceptions -static-libgcc -Wl,--hash-style=both,--as-needed -DPARSEC_VERSION=3.0-beta-20150206 -DENABLE_PARSEC_HOOKS -I/home/nick/arch-ntua/ex01/parsec-3.0/pkgs/libs/hooks/inst/amd64-linux.gcc-serial/include -fexceptions -Wall -Wno-unknown-pragmas -MT FlexImage.lo -MD -MP -MF ".deps/FlexImage.Tpo" -c -o FlexImage.lo /home/nick/arch-ntua/ex01/parsec-3.0/pkgs/apps/bodytrack/src/FlexImageLib/FlexImage.cpp; \
then mv -f ".deps/FlexImage.Tpo" ".deps/FlexImage.Plo"; else rm -f ".deps/FlexImage.Tpo"; exit 1; fi
mkdir .libs
 /usr/bin/g++ -DHAVE_CONFIG_H -I. -I/home/nick/arch-ntua/ex01/parsec-3.0/pkgs/apps/bodytrack/src/FlexImageLib -I.. -O3 -g -funroll-loops -fprefetch-loop-arrays -fpermissive -fno-exceptions -static-libgcc -Wl,--hash-style=both,--as-needed -DPARSEC_VERSION=3.0-beta-20150206 -DENABLE_PARSEC_HOOKS -I/home/nick/arch-ntua/ex01/parsec-3.0/pkgs/libs/hooks/inst/amd64-linux.gcc-serial/include -fexceptions -Wall -Wno-unknown-pragmas -MT FlexImage.lo -MD -MP -MF .deps/FlexImage.Tpo -c /home/nick/arch-ntua/ex01/parsec-3.0/pkgs/apps/bodytrack/src/FlexImageLib/FlexImage.cpp  -fPIC -DPIC -o .libs/FlexImage.o
 /usr/bin/g++ -DHAVE_CONFIG_H -I. -I/home/nick/arch-ntua/ex01/parsec-3.0/pkgs/apps/bodytrack/src/FlexImageLib -I.. -O3 -g -funroll-loops -fprefetch-loop-arrays -fpermissive -fno-exceptions -static-libgcc -Wl,--hash-style=both,--as-needed -DPARSEC_VERSION=3.0-beta-20150206 -DENABLE_PARSEC_HOOKS -I/home/nick/arch-ntua/ex01/parsec-3.0/pkgs/libs/hooks/inst/amd64-linux.gcc-serial/include -fexceptions -Wall -Wno-unknown-pragmas -MT FlexImage.lo -MD -MP -MF .deps/FlexImage.Tpo -c /home/nick/arch-ntua/ex01/parsec-3.0/pkgs/apps/bodytrack/src/FlexImageLib/FlexImage.cpp -o FlexImage.o >/dev/null 2>&1
if /bin/bash ../libtool --tag=CXX --mode=compile /usr/bin/g++ -DHAVE_CONFIG_H -I. -I/home/nick/arch-ntua/ex01/parsec-3.0/pkgs/apps/bodytrack/src/FlexImageLib -I..     -O3 -g -funroll-loops -fprefetch-loop-arrays -fpermissive -fno-exceptions -static-libgcc -Wl,--hash-style=both,--as-needed -DPARSEC_VERSION=3.0-beta-20150206 -DENABLE_PARSEC_HOOKS -I/home/nick/arch-ntua/ex01/parsec-3.0/pkgs/libs/hooks/inst/amd64-linux.gcc-serial/include -fexceptions -Wall -Wno-unknown-pragmas -MT FlexIO.lo -MD -MP -MF ".deps/FlexIO.Tpo" -c -o FlexIO.lo /home/nick/arch-ntua/ex01/parsec-3.0/pkgs/apps/bodytrack/src/FlexImageLib/FlexIO.cpp; \
then mv -f ".deps/FlexIO.Tpo" ".deps/FlexIO.Plo"; else rm -f ".deps/FlexIO.Tpo"; exit 1; fi
 /usr/bin/g++ -DHAVE_CONFIG_H -I. -I/home/nick/arch-ntua/ex01/parsec-3.0/pkgs/apps/bodytrack/src/FlexImageLib -I.. -O3 -g -funroll-loops -fprefetch-loop-arrays -fpermissive -fno-exceptions -static-libgcc -Wl,--hash-style=both,--as-needed -DPARSEC_VERSION=3.0-beta-20150206 -DENABLE_PARSEC_HOOKS -I/home/nick/arch-ntua/ex01/parsec-3.0/pkgs/libs/hooks/inst/amd64-linux.gcc-serial/include -fexceptions -Wall -Wno-unknown-pragmas -MT FlexIO.lo -MD -MP -MF .deps/FlexIO.Tpo -c /home/nick/arch-ntua/ex01/parsec-3.0/pkgs/apps/bodytrack/src/FlexImageLib/FlexIO.cpp  -fPIC -DPIC -o .libs/FlexIO.o
 /usr/bin/g++ -DHAVE_CONFIG_H -I. -I/home/nick/arch-ntua/ex01/parsec-3.0/pkgs/apps/bodytrack/src/FlexImageLib -I.. -O3 -g -funroll-loops -fprefetch-loop-arrays -fpermissive -fno-exceptions -static-libgcc -Wl,--hash-style=both,--as-needed -DPARSEC_VERSION=3.0-beta-20150206 -DENABLE_PARSEC_HOOKS -I/home/nick/arch-ntua/ex01/parsec-3.0/pkgs/libs/hooks/inst/amd64-linux.gcc-serial/include -fexceptions -Wall -Wno-unknown-pragmas -MT FlexIO.lo -MD -MP -MF .deps/FlexIO.Tpo -c /home/nick/arch-ntua/ex01/parsec-3.0/pkgs/apps/bodytrack/src/FlexImageLib/FlexIO.cpp -o FlexIO.o >/dev/null 2>&1
/bin/bash ../libtool --tag=CXX --mode=link /usr/bin/g++  -O3 -g -funroll-loops -fprefetch-loop-arrays -fpermissive -fno-exceptions -static-libgcc -Wl,--hash-style=both,--as-needed -DPARSEC_VERSION=3.0-beta-20150206 -DENABLE_PARSEC_HOOKS -I/home/nick/arch-ntua/ex01/parsec-3.0/pkgs/libs/hooks/inst/amd64-linux.gcc-serial/include -fexceptions -Wall -Wno-unknown-pragmas  -L/usr/lib64 -L/usr/lib -L/home/nick/arch-ntua/ex01/parsec-3.0/pkgs/libs/hooks/inst/amd64-linux.gcc-serial/lib -o libflex.la   FlexImage.lo FlexIO.lo  -lhooks
/usr/bin/ar cru .libs/libflex.a .libs/FlexImage.o .libs/FlexIO.o
/usr/bin/ranlib .libs/libflex.a
creating libflex.la
(cd .libs && rm -f libflex.la && ln -s ../libflex.la libflex.la)
make[2]: Leaving directory '/home/nick/arch-ntua/ex01/parsec-3.0/pkgs/apps/bodytrack/obj/amd64-linux.gcc-serial/FlexImageLib'
Making all in TrackingBenchmark
make[2]: Entering directory '/home/nick/arch-ntua/ex01/parsec-3.0/pkgs/apps/bodytrack/obj/amd64-linux.gcc-serial/TrackingBenchmark'
make[3]: Entering directory '/home/nick/arch-ntua/ex01/parsec-3.0/pkgs/apps/bodytrack/obj/amd64-linux.gcc-serial/TrackingBenchmark'
if /usr/bin/g++ -DHAVE_CONFIG_H -I. -I/home/nick/arch-ntua/ex01/parsec-3.0/pkgs/apps/bodytrack/src/TrackingBenchmark -I..  -I/home/nick/arch-ntua/ex01/parsec-3.0/pkgs/apps/bodytrack/src/TrackingBenchmark/../FlexImageLib   -O3 -g -funroll-loops -fprefetch-loop-arrays -fpermissive -fno-exceptions -static-libgcc -Wl,--hash-style=both,--as-needed -DPARSEC_VERSION=3.0-beta-20150206 -DENABLE_PARSEC_HOOKS -I/home/nick/arch-ntua/ex01/parsec-3.0/pkgs/libs/hooks/inst/amd64-linux.gcc-serial/include -fexceptions -Wall -Wno-unknown-pragmas -MT AnnealingFactor.o -MD -MP -MF ".deps/AnnealingFactor.Tpo" -c -o AnnealingFactor.o /home/nick/arch-ntua/ex01/parsec-3.0/pkgs/apps/bodytrack/src/TrackingBenchmark/AnnealingFactor.cpp; \
then mv -f ".deps/AnnealingFactor.Tpo" ".deps/AnnealingFactor.Po"; else rm -f ".deps/AnnealingFactor.Tpo"; exit 1; fi
if /usr/bin/g++ -DHAVE_CONFIG_H -I. -I/home/nick/arch-ntua/ex01/parsec-3.0/pkgs/apps/bodytrack/src/TrackingBenchmark -I..  -I/home/nick/arch-ntua/ex01/parsec-3.0/pkgs/apps/bodytrack/src/TrackingBenchmark/../FlexImageLib   -O3 -g -funroll-loops -fprefetch-loop-arrays -fpermissive -fno-exceptions -static-libgcc -Wl,--hash-style=both,--as-needed -DPARSEC_VERSION=3.0-beta-20150206 -DENABLE_PARSEC_HOOKS -I/home/nick/arch-ntua/ex01/parsec-3.0/pkgs/libs/hooks/inst/amd64-linux.gcc-serial/include -fexceptions -Wall -Wno-unknown-pragmas -MT BodyGeometry.o -MD -MP -MF ".deps/BodyGeometry.Tpo" -c -o BodyGeometry.o /home/nick/arch-ntua/ex01/parsec-3.0/pkgs/apps/bodytrack/src/TrackingBenchmark/BodyGeometry.cpp; \
then mv -f ".deps/BodyGeometry.Tpo" ".deps/BodyGeometry.Po"; else rm -f ".deps/BodyGeometry.Tpo"; exit 1; fi
if /usr/bin/g++ -DHAVE_CONFIG_H -I. -I/home/nick/arch-ntua/ex01/parsec-3.0/pkgs/apps/bodytrack/src/TrackingBenchmark -I..  -I/home/nick/arch-ntua/ex01/parsec-3.0/pkgs/apps/bodytrack/src/TrackingBenchmark/../FlexImageLib   -O3 -g -funroll-loops -fprefetch-loop-arrays -fpermissive -fno-exceptions -static-libgcc -Wl,--hash-style=both,--as-needed -DPARSEC_VERSION=3.0-beta-20150206 -DENABLE_PARSEC_HOOKS -I/home/nick/arch-ntua/ex01/parsec-3.0/pkgs/libs/hooks/inst/amd64-linux.gcc-serial/include -fexceptions -Wall -Wno-unknown-pragmas -MT BodyPose.o -MD -MP -MF ".deps/BodyPose.Tpo" -c -o BodyPose.o /home/nick/arch-ntua/ex01/parsec-3.0/pkgs/apps/bodytrack/src/TrackingBenchmark/BodyPose.cpp; \
then mv -f ".deps/BodyPose.Tpo" ".deps/BodyPose.Po"; else rm -f ".deps/BodyPose.Tpo"; exit 1; fi
if /usr/bin/g++ -DHAVE_CONFIG_H -I. -I/home/nick/arch-ntua/ex01/parsec-3.0/pkgs/apps/bodytrack/src/TrackingBenchmark -I..  -I/home/nick/arch-ntua/ex01/parsec-3.0/pkgs/apps/bodytrack/src/TrackingBenchmark/../FlexImageLib   -O3 -g -funroll-loops -fprefetch-loop-arrays -fpermissive -fno-exceptions -static-libgcc -Wl,--hash-style=both,--as-needed -DPARSEC_VERSION=3.0-beta-20150206 -DENABLE_PARSEC_HOOKS -I/home/nick/arch-ntua/ex01/parsec-3.0/pkgs/libs/hooks/inst/amd64-linux.gcc-serial/include -fexceptions -Wall -Wno-unknown-pragmas -MT CameraModel.o -MD -MP -MF ".deps/CameraModel.Tpo" -c -o CameraModel.o /home/nick/arch-ntua/ex01/parsec-3.0/pkgs/apps/bodytrack/src/TrackingBenchmark/CameraModel.cpp; \
then mv -f ".deps/CameraModel.Tpo" ".deps/CameraModel.Po"; else rm -f ".deps/CameraModel.Tpo"; exit 1; fi
if /usr/bin/g++ -DHAVE_CONFIG_H -I. -I/home/nick/arch-ntua/ex01/parsec-3.0/pkgs/apps/bodytrack/src/TrackingBenchmark -I..  -I/home/nick/arch-ntua/ex01/parsec-3.0/pkgs/apps/bodytrack/src/TrackingBenchmark/../FlexImageLib   -O3 -g -funroll-loops -fprefetch-loop-arrays -fpermissive -fno-exceptions -static-libgcc -Wl,--hash-style=both,--as-needed -DPARSEC_VERSION=3.0-beta-20150206 -DENABLE_PARSEC_HOOKS -I/home/nick/arch-ntua/ex01/parsec-3.0/pkgs/libs/hooks/inst/amd64-linux.gcc-serial/include -fexceptions -Wall -Wno-unknown-pragmas -MT CovarianceMatrix.o -MD -MP -MF ".deps/CovarianceMatrix.Tpo" -c -o CovarianceMatrix.o /home/nick/arch-ntua/ex01/parsec-3.0/pkgs/apps/bodytrack/src/TrackingBenchmark/CovarianceMatrix.cpp; \
then mv -f ".deps/CovarianceMatrix.Tpo" ".deps/CovarianceMatrix.Po"; else rm -f ".deps/CovarianceMatrix.Tpo"; exit 1; fi
if /usr/bin/g++ -DHAVE_CONFIG_H -I. -I/home/nick/arch-ntua/ex01/parsec-3.0/pkgs/apps/bodytrack/src/TrackingBenchmark -I..  -I/home/nick/arch-ntua/ex01/parsec-3.0/pkgs/apps/bodytrack/src/TrackingBenchmark/../FlexImageLib   -O3 -g -funroll-loops -fprefetch-loop-arrays -fpermissive -fno-exceptions -static-libgcc -Wl,--hash-style=both,--as-needed -DPARSEC_VERSION=3.0-beta-20150206 -DENABLE_PARSEC_HOOKS -I/home/nick/arch-ntua/ex01/parsec-3.0/pkgs/libs/hooks/inst/amd64-linux.gcc-serial/include -fexceptions -Wall -Wno-unknown-pragmas -MT ImageMeasurements.o -MD -MP -MF ".deps/ImageMeasurements.Tpo" -c -o ImageMeasurements.o /home/nick/arch-ntua/ex01/parsec-3.0/pkgs/apps/bodytrack/src/TrackingBenchmark/ImageMeasurements.cpp; \
then mv -f ".deps/ImageMeasurements.Tpo" ".deps/ImageMeasurements.Po"; else rm -f ".deps/ImageMeasurements.Tpo"; exit 1; fi
if /usr/bin/g++ -DHAVE_CONFIG_H -I. -I/home/nick/arch-ntua/ex01/parsec-3.0/pkgs/apps/bodytrack/src/TrackingBenchmark -I..  -I/home/nick/arch-ntua/ex01/parsec-3.0/pkgs/apps/bodytrack/src/TrackingBenchmark/../FlexImageLib   -O3 -g -funroll-loops -fprefetch-loop-arrays -fpermissive -fno-exceptions -static-libgcc -Wl,--hash-style=both,--as-needed -DPARSEC_VERSION=3.0-beta-20150206 -DENABLE_PARSEC_HOOKS -I/home/nick/arch-ntua/ex01/parsec-3.0/pkgs/libs/hooks/inst/amd64-linux.gcc-serial/include -fexceptions -Wall -Wno-unknown-pragmas -MT ImageProjection.o -MD -MP -MF ".deps/ImageProjection.Tpo" -c -o ImageProjection.o /home/nick/arch-ntua/ex01/parsec-3.0/pkgs/apps/bodytrack/src/TrackingBenchmark/ImageProjection.cpp; \
then mv -f ".deps/ImageProjection.Tpo" ".deps/ImageProjection.Po"; else rm -f ".deps/ImageProjection.Tpo"; exit 1; fi
if /usr/bin/g++ -DHAVE_CONFIG_H -I. -I/home/nick/arch-ntua/ex01/parsec-3.0/pkgs/apps/bodytrack/src/TrackingBenchmark -I..  -I/home/nick/arch-ntua/ex01/parsec-3.0/pkgs/apps/bodytrack/src/TrackingBenchmark/../FlexImageLib   -O3 -g -funroll-loops -fprefetch-loop-arrays -fpermissive -fno-exceptions -static-libgcc -Wl,--hash-style=both,--as-needed -DPARSEC_VERSION=3.0-beta-20150206 -DENABLE_PARSEC_HOOKS -I/home/nick/arch-ntua/ex01/parsec-3.0/pkgs/libs/hooks/inst/amd64-linux.gcc-serial/include -fexceptions -Wall -Wno-unknown-pragmas -MT RandomGenerator.o -MD -MP -MF ".deps/RandomGenerator.Tpo" -c -o RandomGenerator.o /home/nick/arch-ntua/ex01/parsec-3.0/pkgs/apps/bodytrack/src/TrackingBenchmark/RandomGenerator.cpp; \
then mv -f ".deps/RandomGenerator.Tpo" ".deps/RandomGenerator.Po"; else rm -f ".deps/RandomGenerator.Tpo"; exit 1; fi
if /usr/bin/g++ -DHAVE_CONFIG_H -I. -I/home/nick/arch-ntua/ex01/parsec-3.0/pkgs/apps/bodytrack/src/TrackingBenchmark -I..  -I/home/nick/arch-ntua/ex01/parsec-3.0/pkgs/apps/bodytrack/src/TrackingBenchmark/../FlexImageLib   -O3 -g -funroll-loops -fprefetch-loop-arrays -fpermissive -fno-exceptions -static-libgcc -Wl,--hash-style=both,--as-needed -DPARSEC_VERSION=3.0-beta-20150206 -DENABLE_PARSEC_HOOKS -I/home/nick/arch-ntua/ex01/parsec-3.0/pkgs/libs/hooks/inst/amd64-linux.gcc-serial/include -fexceptions -Wall -Wno-unknown-pragmas -MT TrackingModel.o -MD -MP -MF ".deps/TrackingModel.Tpo" -c -o TrackingModel.o /home/nick/arch-ntua/ex01/parsec-3.0/pkgs/apps/bodytrack/src/TrackingBenchmark/TrackingModel.cpp; \
then mv -f ".deps/TrackingModel.Tpo" ".deps/TrackingModel.Po"; else rm -f ".deps/TrackingModel.Tpo"; exit 1; fi
if /usr/bin/g++ -DHAVE_CONFIG_H -I. -I/home/nick/arch-ntua/ex01/parsec-3.0/pkgs/apps/bodytrack/src/TrackingBenchmark -I..  -I/home/nick/arch-ntua/ex01/parsec-3.0/pkgs/apps/bodytrack/src/TrackingBenchmark/../FlexImageLib   -O3 -g -funroll-loops -fprefetch-loop-arrays -fpermissive -fno-exceptions -static-libgcc -Wl,--hash-style=both,--as-needed -DPARSEC_VERSION=3.0-beta-20150206 -DENABLE_PARSEC_HOOKS -I/home/nick/arch-ntua/ex01/parsec-3.0/pkgs/libs/hooks/inst/amd64-linux.gcc-serial/include -fexceptions -Wall -Wno-unknown-pragmas -MT main.o -MD -MP -MF ".deps/main.Tpo" -c -o main.o /home/nick/arch-ntua/ex01/parsec-3.0/pkgs/apps/bodytrack/src/TrackingBenchmark/main.cpp; \
then mv -f ".deps/main.Tpo" ".deps/main.Po"; else rm -f ".deps/main.Tpo"; exit 1; fi
/bin/bash ../libtool --tag=CXX --mode=link /usr/bin/g++  -O3 -g -funroll-loops -fprefetch-loop-arrays -fpermissive -fno-exceptions -static-libgcc -Wl,--hash-style=both,--as-needed -DPARSEC_VERSION=3.0-beta-20150206 -DENABLE_PARSEC_HOOKS -I/home/nick/arch-ntua/ex01/parsec-3.0/pkgs/libs/hooks/inst/amd64-linux.gcc-serial/include -fexceptions -Wall -Wno-unknown-pragmas  -L/usr/lib64 -L/usr/lib -L/home/nick/arch-ntua/ex01/parsec-3.0/pkgs/libs/hooks/inst/amd64-linux.gcc-serial/lib -o bodytrack  AnnealingFactor.o BodyGeometry.o BodyPose.o CameraModel.o CovarianceMatrix.o ImageMeasurements.o ImageProjection.o RandomGenerator.o TrackingModel.o main.o    ../FlexImageLib/libflex.la -lm   -lhooks
mkdir .libs
/usr/bin/g++ -O3 -g -funroll-loops -fprefetch-loop-arrays -fpermissive -fno-exceptions -static-libgcc -Wl,--hash-style=both -Wl,--as-needed -DPARSEC_VERSION=3.0-beta-20150206 -DENABLE_PARSEC_HOOKS -I/home/nick/arch-ntua/ex01/parsec-3.0/pkgs/libs/hooks/inst/amd64-linux.gcc-serial/include -fexceptions -Wall -Wno-unknown-pragmas -o bodytrack AnnealingFactor.o BodyGeometry.o BodyPose.o CameraModel.o CovarianceMatrix.o ImageMeasurements.o ImageProjection.o RandomGenerator.o TrackingModel.o main.o  -L/usr/lib64 -L/usr/lib -L/home/nick/arch-ntua/ex01/parsec-3.0/pkgs/libs/hooks/inst/amd64-linux.gcc-serial/lib ../FlexImageLib/.libs/libflex.a -lm /home/nick/arch-ntua/ex01/parsec-3.0/pkgs/libs/hooks/inst/amd64-linux.gcc-serial/lib/libhooks.so   -Wl,--rpath -Wl,/home/nick/arch-ntua/ex01/parsec-3.0/pkgs/libs/hooks/inst/amd64-linux.gcc-serial/lib -Wl,--rpath -Wl,/home/nick/arch-ntua/ex01/parsec-3.0/pkgs/libs/hooks/inst/amd64-linux.gcc-serial/lib
make[3]: Leaving directory '/home/nick/arch-ntua/ex01/parsec-3.0/pkgs/apps/bodytrack/obj/amd64-linux.gcc-serial/TrackingBenchmark'
make[2]: Leaving directory '/home/nick/arch-ntua/ex01/parsec-3.0/pkgs/apps/bodytrack/obj/amd64-linux.gcc-serial/TrackingBenchmark'
make[2]: Entering directory '/home/nick/arch-ntua/ex01/parsec-3.0/pkgs/apps/bodytrack/obj/amd64-linux.gcc-serial'
make[2]: Leaving directory '/home/nick/arch-ntua/ex01/parsec-3.0/pkgs/apps/bodytrack/obj/amd64-linux.gcc-serial'
make[1]: Leaving directory '/home/nick/arch-ntua/ex01/parsec-3.0/pkgs/apps/bodytrack/obj/amd64-linux.gcc-serial'
[PARSEC] Running 'env CXXFLAGS=-O3 -g -funroll-loops -fprefetch-loop-arrays -fpermissive -fno-exceptions -static-libgcc -Wl,--hash-style=both,--as-needed -DPARSEC_VERSION=3.0-beta-20150206 -DENABLE_PARSEC_HOOKS -I/home/nick/arch-ntua/ex01/parsec-3.0/pkgs/libs/hooks/inst/amd64-linux.gcc-serial/include -fexceptions /usr/bin/make install':
Making install in FlexImageLib
make[1]: Entering directory '/home/nick/arch-ntua/ex01/parsec-3.0/pkgs/apps/bodytrack/obj/amd64-linux.gcc-serial/FlexImageLib'
make[2]: Entering directory '/home/nick/arch-ntua/ex01/parsec-3.0/pkgs/apps/bodytrack/obj/amd64-linux.gcc-serial/FlexImageLib'
make[2]: Nothing to be done for 'install-exec-am'.
make[2]: Nothing to be done for 'install-data-am'.
make[2]: Leaving directory '/home/nick/arch-ntua/ex01/parsec-3.0/pkgs/apps/bodytrack/obj/amd64-linux.gcc-serial/FlexImageLib'
make[1]: Leaving directory '/home/nick/arch-ntua/ex01/parsec-3.0/pkgs/apps/bodytrack/obj/amd64-linux.gcc-serial/FlexImageLib'
Making install in TrackingBenchmark
make[1]: Entering directory '/home/nick/arch-ntua/ex01/parsec-3.0/pkgs/apps/bodytrack/obj/amd64-linux.gcc-serial/TrackingBenchmark'
make[2]: Entering directory '/home/nick/arch-ntua/ex01/parsec-3.0/pkgs/apps/bodytrack/obj/amd64-linux.gcc-serial/TrackingBenchmark'
make[3]: Entering directory '/home/nick/arch-ntua/ex01/parsec-3.0/pkgs/apps/bodytrack/obj/amd64-linux.gcc-serial/TrackingBenchmark'
test -z "/home/nick/arch-ntua/ex01/parsec-3.0/pkgs/apps/bodytrack/inst/amd64-linux.gcc-serial/bin" || mkdir -p -- "/home/nick/arch-ntua/ex01/parsec-3.0/pkgs/apps/bodytrack/inst/amd64-linux.gcc-serial/bin"
  /bin/bash ../libtool --mode=install /home/nick/arch-ntua/ex01/parsec-3.0/bin/install -c 'bodytrack' '/home/nick/arch-ntua/ex01/parsec-3.0/pkgs/apps/bodytrack/inst/amd64-linux.gcc-serial/bin/bodytrack'
/home/nick/arch-ntua/ex01/parsec-3.0/bin/install -c bodytrack /home/nick/arch-ntua/ex01/parsec-3.0/pkgs/apps/bodytrack/inst/amd64-linux.gcc-serial/bin/bodytrack
make[3]: Nothing to be done for 'install-data-am'.
make[3]: Leaving directory '/home/nick/arch-ntua/ex01/parsec-3.0/pkgs/apps/bodytrack/obj/amd64-linux.gcc-serial/TrackingBenchmark'
make[2]: Leaving directory '/home/nick/arch-ntua/ex01/parsec-3.0/pkgs/apps/bodytrack/obj/amd64-linux.gcc-serial/TrackingBenchmark'
make[1]: Leaving directory '/home/nick/arch-ntua/ex01/parsec-3.0/pkgs/apps/bodytrack/obj/amd64-linux.gcc-serial/TrackingBenchmark'
make[1]: Entering directory '/home/nick/arch-ntua/ex01/parsec-3.0/pkgs/apps/bodytrack/obj/amd64-linux.gcc-serial'
make[2]: Entering directory '/home/nick/arch-ntua/ex01/parsec-3.0/pkgs/apps/bodytrack/obj/amd64-linux.gcc-serial'
make[2]: Nothing to be done for 'install-exec-am'.
make[2]: Nothing to be done for 'install-data-am'.
make[2]: Leaving directory '/home/nick/arch-ntua/ex01/parsec-3.0/pkgs/apps/bodytrack/obj/amd64-linux.gcc-serial'
make[1]: Leaving directory '/home/nick/arch-ntua/ex01/parsec-3.0/pkgs/apps/bodytrack/obj/amd64-linux.gcc-serial'

[PARSEC] [========== Building package parsec.canneal [1] ==========]
[PARSEC] [---------- Analyzing package parsec.canneal ----------]
[PARSEC] parsec.canneal depends on: hooks
[PARSEC] [---------- Analyzing package parsec.hooks ----------]
[PARSEC] Package parsec.hooks already exists, proceeding.
[PARSEC] [---------- Building package parsec.canneal ----------]
[PARSEC] Copying source code of package parsec.canneal.
[PARSEC] Running 'env version=serial /usr/bin/make':
/usr/bin/g++ -O3 -g -funroll-loops -fprefetch-loop-arrays -fpermissive -fno-exceptions -static-libgcc -Wl,--hash-style=both,--as-needed -DPARSEC_VERSION=3.0-beta-20150206 -DENABLE_PARSEC_HOOKS -I/home/nick/arch-ntua/ex01/parsec-3.0/pkgs/libs/hooks/inst/amd64-linux.gcc-serial/include annealer_thread.cpp -c -o annealer_thread.o
/usr/bin/g++ -O3 -g -funroll-loops -fprefetch-loop-arrays -fpermissive -fno-exceptions -static-libgcc -Wl,--hash-style=both,--as-needed -DPARSEC_VERSION=3.0-beta-20150206 -DENABLE_PARSEC_HOOKS -I/home/nick/arch-ntua/ex01/parsec-3.0/pkgs/libs/hooks/inst/amd64-linux.gcc-serial/include rng.cpp -c -o rng.o
/usr/bin/g++ -O3 -g -funroll-loops -fprefetch-loop-arrays -fpermissive -fno-exceptions -static-libgcc -Wl,--hash-style=both,--as-needed -DPARSEC_VERSION=3.0-beta-20150206 -DENABLE_PARSEC_HOOKS -I/home/nick/arch-ntua/ex01/parsec-3.0/pkgs/libs/hooks/inst/amd64-linux.gcc-serial/include netlist.cpp -c -o netlist.o
/usr/bin/g++ -O3 -g -funroll-loops -fprefetch-loop-arrays -fpermissive -fno-exceptions -static-libgcc -Wl,--hash-style=both,--as-needed -DPARSEC_VERSION=3.0-beta-20150206 -DENABLE_PARSEC_HOOKS -I/home/nick/arch-ntua/ex01/parsec-3.0/pkgs/libs/hooks/inst/amd64-linux.gcc-serial/include main.cpp -c -o main.o
/usr/bin/g++ -O3 -g -funroll-loops -fprefetch-loop-arrays -fpermissive -fno-exceptions -static-libgcc -Wl,--hash-style=both,--as-needed -DPARSEC_VERSION=3.0-beta-20150206 -DENABLE_PARSEC_HOOKS -I/home/nick/arch-ntua/ex01/parsec-3.0/pkgs/libs/hooks/inst/amd64-linux.gcc-serial/include netlist_elem.cpp -c -o netlist_elem.o
/usr/bin/g++ -O3 -g -funroll-loops -fprefetch-loop-arrays -fpermissive -fno-exceptions -static-libgcc -Wl,--hash-style=both,--as-needed -DPARSEC_VERSION=3.0-beta-20150206 -DENABLE_PARSEC_HOOKS -I/home/nick/arch-ntua/ex01/parsec-3.0/pkgs/libs/hooks/inst/amd64-linux.gcc-serial/include -L/usr/lib64 -L/usr/lib -L/home/nick/arch-ntua/ex01/parsec-3.0/pkgs/libs/hooks/inst/amd64-linux.gcc-serial/lib *.o  -lhooks -lm -o canneal
[PARSEC] Running 'env version=serial /usr/bin/make install':
mkdir -p /home/nick/arch-ntua/ex01/parsec-3.0/pkgs/kernels/canneal/inst/amd64-linux.gcc-serial/bin
cp -f canneal /home/nick/arch-ntua/ex01/parsec-3.0/pkgs/kernels/canneal/inst/amd64-linux.gcc-serial/bin/canneal
[PARSEC] Done.
