                                     | Core 0     | Core 1     | Core 2     | Core 3     | Core 4     | Core 5     | Core 6     | Core 7     | Core 8     | Core 9     | Core 10    | Core 11    | Core 12    | Core 13    | Core 14    | Core 15   
  Instructions                       |    6117359 |    5306803 |    5769062 |    6039687 |    6235637 |    6166955 |    6114900 |    5979185 |    6027321 |    6034142 |    6120366 |    4681004 |    6259845 |    5921314 |    6065515 |    6122794
  Cycles                             |    5583235 |    5583235 |    5583235 |    5583235 |    5583235 |    5583235 |    5583235 |    5583235 |    5583235 |    5583235 |    5583235 |    5583235 |    5583235 |    5583235 |    5583235 |    5583235
  IPC                                |       1.10 |       0.95 |       1.03 |       1.08 |       1.12 |       1.10 |       1.10 |       1.07 |       1.08 |       1.08 |       1.10 |       0.84 |       1.12 |       1.06 |       1.09 |       1.10
  Time (ns)                          |    2098961 |    2098961 |    2098961 |    2098961 |    2098961 |    2098961 |    2098961 |    2098961 |    2098961 |    2098961 |    2098961 |    2098961 |    2098961 |    2098961 |    2098961 |    2098961
  Idle time (ns)                     |      39857 |     314601 |     167955 |      63958 |       5601 |      36573 |      29243 |      73795 |      58679 |      93221 |      57614 |     518642 |      15831 |     118017 |      72881 |      39550
  Idle time (%)                      |       1.9% |      15.0% |       8.0% |       3.0% |       0.3% |       1.7% |       1.4% |       3.5% |       2.8% |       4.4% |       2.7% |      24.7% |       0.8% |       5.6% |       3.5% |       1.9%
Branch predictor stats               |            |            |            |            |            |            |            |            |            |            |            |            |            |            |            |           
  num correct                        |    1495477 |    1292773 |    1408424 |    1475993 |    1525163 |    1507856 |    1494796 |    1460896 |    1472980 |    1474645 |    1496146 |    1136477 |    1531084 |    1446399 |    1482462 |    1496824
  num incorrect                      |        841 |        903 |        818 |        911 |        734 |        867 |        905 |        884 |        840 |        876 |        933 |        766 |        869 |        907 |        902 |        858
  misprediction rate                 |      0.06% |      0.07% |      0.06% |      0.06% |      0.05% |      0.06% |      0.06% |      0.06% |      0.06% |      0.06% |      0.06% |      0.07% |      0.06% |      0.06% |      0.06% |      0.06%
  mpki                               |       0.14 |       0.17 |       0.14 |       0.15 |       0.12 |       0.14 |       0.15 |       0.15 |       0.14 |       0.15 |       0.15 |       0.16 |       0.14 |       0.15 |       0.15 |       0.14
TLB Summary                          |            |            |            |            |            |            |            |            |            |            |            |            |            |            |            |           
Cache Summary                        |            |            |            |            |            |            |            |            |            |            |            |            |            |            |            |           
  Cache L1-I                         |            |            |            |            |            |            |            |            |            |            |            |            |            |            |            |           
    num cache accesses               |      32095 |      32114 |      32110 |      32094 |      32088 |      32090 |      32112 |      32103 |      32087 |      32097 |      32094 |      32076 |      32081 |      32119 |      32094 |      32103
    num cache misses                 |         17 |         18 |         18 |         18 |         16 |         18 |         18 |         17 |         17 |         17 |         17 |         17 |         17 |         17 |         17 |         17
    miss rate                        |      0.05% |      0.06% |      0.06% |      0.06% |      0.05% |      0.06% |      0.06% |      0.05% |      0.05% |      0.05% |      0.05% |      0.05% |      0.05% |      0.05% |      0.05% |      0.05%
    mpki                             |       0.00 |       0.00 |       0.00 |       0.00 |       0.00 |       0.00 |       0.00 |       0.00 |       0.00 |       0.00 |       0.00 |       0.00 |       0.00 |       0.00 |       0.00 |       0.00
  Cache L1-D                         |            |            |            |            |            |            |            |            |            |            |            |            |            |            |            |           
    num cache accesses               |    3088692 |    2683419 |    2914550 |    3049866 |    3147843 |    3113501 |    3087468 |    3019614 |    3043686 |    3047093 |    3090205 |    2370529 |    3159949 |    2990674 |    3062779 |    3091418
    num cache misses                 |      22056 |      18993 |      20452 |      21753 |      22322 |      21818 |      22196 |      21448 |      21685 |      21203 |      21687 |      16553 |      22107 |      20842 |      21291 |      21670
    miss rate                        |      0.71% |      0.71% |      0.70% |      0.71% |      0.71% |      0.70% |      0.72% |      0.71% |      0.71% |      0.70% |      0.70% |      0.70% |      0.70% |      0.70% |      0.70% |      0.70%
    mpki                             |       3.61 |       3.58 |       3.55 |       3.60 |       3.58 |       3.54 |       3.63 |       3.59 |       3.60 |       3.51 |       3.54 |       3.54 |       3.53 |       3.52 |       3.51 |       3.54
  Cache L2                           |            |            |            |            |            |            |            |            |            |            |            |            |            |            |            |           
    num cache accesses               |      23329 |      20174 |      21597 |      22897 |      23313 |      22934 |      23332 |      22599 |      22963 |      22345 |      22833 |      17670 |      23238 |      21963 |      22458 |      22823
    num cache misses                 |      22074 |      19012 |      20470 |      21772 |      22341 |      21836 |      22217 |      21470 |      21703 |      21220 |      21705 |      16571 |      22127 |      20863 |      21310 |      21689
    miss rate                        |     94.62% |     94.24% |     94.78% |     95.09% |     95.83% |     95.21% |     95.22% |     95.00% |     94.51% |     94.97% |     95.06% |     93.78% |     95.22% |     94.99% |     94.89% |     95.03%
    mpki                             |       3.61 |       3.58 |       3.55 |       3.60 |       3.58 |       3.54 |       3.63 |       3.59 |       3.60 |       3.52 |       3.55 |       3.54 |       3.53 |       3.52 |       3.51 |       3.54
  Cache L3                           |            |            |            |            |            |            |            |            |            |            |            |            |            |            |            |           
    num cache accesses               |      23329 |      20174 |      21597 |      22897 |      23313 |      22934 |      23332 |      22599 |      22963 |      22345 |      22833 |      17670 |      23238 |      21963 |      22458 |      22823
    num cache misses                 |      13356 |      11106 |      11737 |      12316 |      12595 |      12171 |      12452 |      12306 |      13089 |      12335 |      12346 |       9205 |      12363 |      11596 |      11895 |      12376
    miss rate                        |     57.25% |     55.05% |     54.35% |     53.79% |     54.03% |     53.07% |     53.37% |     54.45% |     57.00% |     55.20% |     54.07% |     52.09% |     53.20% |     52.80% |     52.97% |     54.23%
    mpki                             |       2.18 |       2.09 |       2.03 |       2.04 |       2.02 |       1.97 |       2.04 |       2.06 |       2.17 |       2.04 |       2.02 |       1.97 |       1.97 |       1.96 |       1.96 |       2.02
DRAM summary                         |            |            |            |            |            |            |            |            |            |            |            |            |            |            |            |           
  num dram accesses                  |         73 |          0 |          0 |          0 |          0 |          0 |          0 |          0 |          0 |          0 |          0 |          0 |          0 |          0 |          0 |          0
  average dram access latency (ns)   |     170.55 |        inf |        inf |        inf |        inf |        inf |        inf |        inf |        inf |        inf |        inf |        inf |        inf |        inf |        inf |        inf
  average dram queueing delay        |     117.12 |       0.00 |       0.00 |       0.00 |       0.00 |       0.00 |       0.00 |       0.00 |       0.00 |       0.00 |       0.00 |       0.00 |       0.00 |       0.00 |       0.00 |       0.00
  average dram bandwidth utilization |      0.00% |      0.00% |      0.00% |      0.00% |      0.00% |      0.00% |      0.00% |      0.00% |      0.00% |      0.00% |      0.00% |      0.00% |      0.00% |      0.00% |      0.00% |      0.00%
Coherency Traffic                    |            |            |            |            |            |            |            |            |            |            |            |            |            |            |            |           
  num loads from dram                |          5 |          3 |          4 |          4 |          2 |          3 |          4 |          3 |          2 |          2 |          2 |          2 |          2 |          2 |          2 |          2
  num loads from dram cache          |          0 |          0 |          0 |          0 |          0 |          0 |          0 |          0 |          0 |          0 |          0 |          0 |          0 |          0 |          0 |          0
  num loads from remote cache        |       7845 |       6646 |       7177 |       7444 |       7661 |       7505 |       7690 |       7553 |       7579 |       7020 |       7159 |       5304 |       7324 |       6887 |       7143 |       7250
