                                     | Core 0     | Core 1     | Core 2     | Core 3     | Core 4     | Core 5     | Core 6     | Core 7     | Core 8     | Core 9     | Core 10    | Core 11    | Core 12    | Core 13    | Core 14    | Core 15   
  Instructions                       |     110768 |     110560 |     111354 |     110645 |     111229 |     111726 |     110811 |     110623 |     111284 |     109724 |     111145 |     111799 |     110842 |     111174 |     110322 |     110710
  Cycles                             |    4065809 |    4065809 |    4065809 |    4065809 |    4065809 |    4065809 |    4065809 |    4065809 |    4065809 |    4065809 |    4065809 |    4065809 |    4065809 |    4065809 |    4065809 |    4065809
  IPC                                |       0.03 |       0.03 |       0.03 |       0.03 |       0.03 |       0.03 |       0.03 |       0.03 |       0.03 |       0.03 |       0.03 |       0.03 |       0.03 |       0.03 |       0.03 |       0.03
  Time (ns)                          |    1528500 |    1528500 |    1528500 |    1528500 |    1528500 |    1528500 |    1528500 |    1528500 |    1528500 |    1528500 |    1528500 |    1528500 |    1528500 |    1528500 |    1528500 |    1528500
  Idle time (ns)                     |    1352095 |    1360364 |    1357784 |    1363327 |    1356150 |    1362354 |    1368183 |    1365323 |    1366082 |    1372912 |    1355609 |    1364633 |    1368700 |    1360962 |    1367811 |    1357263
  Idle time (%)                      |      88.5% |      89.0% |      88.8% |      89.2% |      88.7% |      89.1% |      89.5% |      89.3% |      89.4% |      89.8% |      88.7% |      89.3% |      89.5% |      89.0% |      89.5% |      88.8%
Branch predictor stats               |            |            |            |            |            |            |            |            |            |            |            |            |            |            |            |           
  num correct                        |      10969 |      10938 |      10943 |      10985 |      10968 |      10998 |      11010 |      10970 |      11005 |      10940 |      10959 |      11039 |      11054 |      10953 |      10898 |      10934
  num incorrect                      |       1002 |       1021 |       1059 |        976 |       1042 |       1072 |        977 |       1013 |       1030 |        961 |       1037 |       1015 |        936 |       1052 |       1042 |       1024
  misprediction rate                 |      8.37% |      8.54% |      8.82% |      8.16% |      8.68% |      8.88% |      8.15% |      8.45% |      8.56% |      8.07% |      8.64% |      8.42% |      7.81% |      8.76% |      8.73% |      8.56%
  mpki                               |       9.05 |       9.23 |       9.51 |       8.82 |       9.37 |       9.59 |       8.82 |       9.16 |       9.26 |       8.76 |       9.33 |       9.08 |       8.44 |       9.46 |       9.45 |       9.25
TLB Summary                          |            |            |            |            |            |            |            |            |            |            |            |            |            |            |            |           
Cache Summary                        |            |            |            |            |            |            |            |            |            |            |            |            |            |            |            |           
  Cache L1-I                         |            |            |            |            |            |            |            |            |            |            |            |            |            |            |            |           
    num cache accesses               |      17209 |      17183 |      17372 |      17218 |      17240 |      17215 |      17110 |      17068 |      17208 |      17016 |      17280 |      17232 |      17122 |      17237 |      17164 |      17260
    num cache misses                 |         22 |         23 |         23 |         22 |         23 |         23 |         23 |         23 |         23 |         23 |         23 |         23 |         23 |         23 |         23 |         23
    miss rate                        |      0.13% |      0.13% |      0.13% |      0.13% |      0.13% |      0.13% |      0.13% |      0.13% |      0.13% |      0.14% |      0.13% |      0.13% |      0.13% |      0.13% |      0.13% |      0.13%
    mpki                             |       0.20 |       0.21 |       0.21 |       0.20 |       0.21 |       0.21 |       0.21 |       0.21 |       0.21 |       0.21 |       0.21 |       0.21 |       0.21 |       0.21 |       0.21 |       0.21
  Cache L1-D                         |            |            |            |            |            |            |            |            |            |            |            |            |            |            |            |           
    num cache accesses               |      53154 |      53112 |      53295 |      53136 |      53263 |      53368 |      53113 |      53093 |      53313 |      52901 |      53247 |      53318 |      53163 |      53256 |      53063 |      53167
    num cache misses                 |       5927 |       5554 |       5558 |       5428 |       5641 |       5422 |       5352 |       5366 |       5320 |       5145 |       5749 |       5341 |       5256 |       5531 |       5218 |       5676
    miss rate                        |     11.15% |     10.46% |     10.43% |     10.22% |     10.59% |     10.16% |     10.08% |     10.11% |      9.98% |      9.73% |     10.80% |     10.02% |      9.89% |     10.39% |      9.83% |     10.68%
    mpki                             |      53.51 |      50.24 |      49.91 |      49.06 |      50.72 |      48.53 |      48.30 |      48.51 |      47.81 |      46.89 |      51.73 |      47.77 |      47.42 |      49.75 |      47.30 |      51.27
  Cache L2                           |            |            |            |            |            |            |            |            |            |            |            |            |            |            |            |           
    num cache accesses               |       7697 |       7182 |       7237 |       7072 |       7374 |       7080 |       6910 |       6927 |       6946 |       6651 |       7510 |       6873 |       6846 |       7202 |       6747 |       7425
    num cache misses                 |       5976 |       5639 |       5653 |       5517 |       5749 |       5528 |       5463 |       5484 |       5379 |       5224 |       5867 |       5449 |       5375 |       5668 |       5356 |       5811
    miss rate                        |     77.64% |     78.52% |     78.11% |     78.01% |     77.96% |     78.08% |     79.06% |     79.17% |     77.44% |     78.54% |     78.12% |     79.28% |     78.51% |     78.70% |     79.38% |     78.26%
    mpki                             |      53.95 |      51.00 |      50.77 |      49.86 |      51.69 |      49.48 |      49.30 |      49.57 |      48.34 |      47.61 |      52.79 |      48.74 |      48.49 |      50.98 |      48.55 |      52.49
  Cache L3                           |            |            |            |            |            |            |            |            |            |            |            |            |            |            |            |           
    num cache accesses               |       7697 |       7182 |       7237 |       7072 |       7374 |       7080 |       6910 |       6927 |       6946 |       6651 |       7510 |       6873 |       6846 |       7202 |       6747 |       7425
    num cache misses                 |       3410 |       3286 |       3522 |       3444 |       3525 |       3463 |       3378 |       3326 |       3130 |       3265 |       3652 |       3351 |       3276 |       3391 |       3106 |       3627
    miss rate                        |     44.30% |     45.75% |     48.67% |     48.70% |     47.80% |     48.91% |     48.89% |     48.02% |     45.06% |     49.09% |     48.63% |     48.76% |     47.85% |     47.08% |     46.04% |     48.85%
    mpki                             |      30.79 |      29.72 |      31.63 |      31.13 |      31.69 |      31.00 |      30.48 |      30.07 |      28.13 |      29.76 |      32.86 |      29.97 |      29.56 |      30.50 |      28.15 |      32.76
DRAM summary                         |            |            |            |            |            |            |            |            |            |            |            |            |            |            |            |           
  num dram accesses                  |         96 |          0 |          0 |          0 |          0 |          0 |          0 |          0 |          0 |          0 |          0 |          0 |          0 |          0 |          0 |          0
  average dram access latency (ns)   |     339.36 |        inf |        inf |        inf |        inf |        inf |        inf |        inf |        inf |        inf |        inf |        inf |        inf |        inf |        inf |        inf
  average dram queueing delay        |     285.93 |       0.00 |       0.00 |       0.00 |       0.00 |       0.00 |       0.00 |       0.00 |       0.00 |       0.00 |       0.00 |       0.00 |       0.00 |       0.00 |       0.00 |       0.00
  average dram bandwidth utilization |      0.00% |      0.00% |      0.00% |      0.00% |      0.00% |      0.00% |      0.00% |      0.00% |      0.00% |      0.00% |      0.00% |      0.00% |      0.00% |      0.00% |      0.00% |      0.00%
Coherency Traffic                    |            |            |            |            |            |            |            |            |            |            |            |            |            |            |            |           
  num loads from dram                |          4 |          4 |          3 |          7 |          3 |          3 |          4 |          5 |          4 |          4 |          3 |          3 |          3 |          5 |          4 |          4
  num loads from dram cache          |          0 |          0 |          0 |          0 |          0 |          0 |          0 |          0 |          0 |          0 |          0 |          0 |          0 |          0 |          0 |          0
  num loads from remote cache        |       2213 |       2130 |       2255 |       2235 |       2216 |       2155 |       2145 |       2073 |       2096 |       2073 |       2317 |       2089 |       2052 |       2193 |       1944 |       2311
