                                     | Core 0     | Core 1     | Core 2     | Core 3     | Core 4     | Core 5     | Core 6     | Core 7     | Core 8     | Core 9     | Core 10    | Core 11    | Core 12    | Core 13    | Core 14    | Core 15   
  Instructions                       |     534605 |     427376 |     556713 |     533686 |     617347 |     459894 |     383401 |     487803 |     511552 |     510537 |     516816 |     432946 |     451997 |     566757 |     514436 |     371631
  Cycles                             |    8499428 |    8499428 |    8499428 |    8499428 |    8499428 |    8499428 |    8499428 |    8499428 |    8499428 |    8499428 |    8499428 |    8499428 |    8499428 |    8499428 |    8499428 |    8499428
  IPC                                |       0.06 |       0.05 |       0.07 |       0.06 |       0.07 |       0.05 |       0.05 |       0.06 |       0.06 |       0.06 |       0.06 |       0.05 |       0.05 |       0.07 |       0.06 |       0.04
  Time (ns)                          |    3195274 |    3195274 |    3195274 |    3195274 |    3195274 |    3195274 |    3195274 |    3195274 |    3195274 |    3195274 |    3195274 |    3195274 |    3195274 |    3195274 |    3195274 |    3195274
  Idle time (ns)                     |     116805 |     872056 |       7118 |      45025 |       5540 |     583106 |    1232657 |     373532 |     317155 |     266301 |     200277 |     862267 |     677666 |      76628 |     202832 |    1349097
  Idle time (%)                      |       3.7% |      27.3% |       0.2% |       1.4% |       0.2% |      18.2% |      38.6% |      11.7% |       9.9% |       8.3% |       6.3% |      27.0% |      21.2% |       2.4% |       6.3% |      42.2%
Branch predictor stats               |            |            |            |            |            |            |            |            |            |            |            |            |            |            |            |           
  num correct                        |      83148 |      61687 |      87483 |      82921 |      99634 |      68235 |      52954 |      73761 |      78506 |      78321 |      79564 |      62809 |      66636 |      89528 |      79102 |      50600
  num incorrect                      |        180 |        203 |        269 |        231 |        244 |        158 |        141 |        209 |        217 |        199 |        214 |        195 |        176 |        236 |        200 |        141
  misprediction rate                 |      0.22% |      0.33% |      0.31% |      0.28% |      0.24% |      0.23% |      0.27% |      0.28% |      0.28% |      0.25% |      0.27% |      0.31% |      0.26% |      0.26% |      0.25% |      0.28%
  mpki                               |       0.34 |       0.47 |       0.48 |       0.43 |       0.40 |       0.34 |       0.37 |       0.43 |       0.42 |       0.39 |       0.41 |       0.45 |       0.39 |       0.42 |       0.39 |       0.38
TLB Summary                          |            |            |            |            |            |            |            |            |            |            |            |            |            |            |            |           
Cache Summary                        |            |            |            |            |            |            |            |            |            |            |            |            |            |            |            |           
  Cache L1-I                         |            |            |            |            |            |            |            |            |            |            |            |            |            |            |            |           
    num cache accesses               |      30023 |      30015 |      30023 |      30015 |      30020 |      30019 |      30015 |      30023 |      30020 |      30020 |      30015 |      30015 |      30020 |      30020 |      30015 |      30015
    num cache misses                 |         16 |         16 |         16 |         16 |         15 |         16 |         16 |         16 |         16 |         16 |         16 |         16 |         16 |         16 |         16 |         16
    miss rate                        |      0.05% |      0.05% |      0.05% |      0.05% |      0.05% |      0.05% |      0.05% |      0.05% |      0.05% |      0.05% |      0.05% |      0.05% |      0.05% |      0.05% |      0.05% |      0.05%
    mpki                             |       0.03 |       0.04 |       0.03 |       0.03 |       0.02 |       0.03 |       0.04 |       0.03 |       0.03 |       0.03 |       0.03 |       0.04 |       0.04 |       0.03 |       0.03 |       0.04
  Cache L1-D                         |            |            |            |            |            |            |            |            |            |            |            |            |            |            |            |           
    num cache accesses               |     332990 |     268673 |     346267 |     332459 |     382647 |     288179 |     242288 |     304921 |     319174 |     318565 |     322337 |     272015 |     283441 |     352297 |     320909 |     235226
    num cache misses                 |      87568 |      55219 |      78515 |      77040 |      77975 |      62985 |      46902 |      69000 |      80910 |      71453 |      72765 |      55605 |      60180 |      77249 |      73072 |      43907
    miss rate                        |     26.30% |     20.55% |     22.67% |     23.17% |     20.38% |     21.86% |     19.36% |     22.63% |     25.35% |     22.43% |     22.57% |     20.44% |     21.23% |     21.93% |     22.77% |     18.67%
    mpki                             |     163.80 |     129.20 |     141.03 |     144.35 |     126.31 |     136.96 |     122.33 |     141.45 |     158.17 |     139.96 |     140.79 |     128.43 |     133.14 |     136.30 |     142.04 |     118.15
  Cache L2                           |            |            |            |            |            |            |            |            |            |            |            |            |            |            |            |           
    num cache accesses               |      87695 |      55333 |      78664 |      77196 |      78186 |      63101 |      47003 |      69144 |      81042 |      71605 |      72905 |      55735 |      60304 |      77403 |      73192 |      44018
    num cache misses                 |      87584 |      55235 |      78531 |      77056 |      77990 |      63001 |      46918 |      69016 |      80926 |      71469 |      72781 |      55621 |      60196 |      77265 |      73088 |      43923
    miss rate                        |     99.87% |     99.82% |     99.83% |     99.82% |     99.75% |     99.84% |     99.82% |     99.81% |     99.86% |     99.81% |     99.83% |     99.80% |     99.82% |     99.82% |     99.86% |     99.78%
    mpki                             |     163.83 |     129.24 |     141.06 |     144.38 |     126.33 |     136.99 |     122.37 |     141.48 |     158.20 |     139.99 |     140.83 |     128.47 |     133.18 |     136.33 |     142.07 |     118.19
  Cache L3                           |            |            |            |            |            |            |            |            |            |            |            |            |            |            |            |           
    num cache accesses               |      87695 |      55333 |      78664 |      77196 |      78186 |      63101 |      47003 |      69144 |      81042 |      71605 |      72905 |      55735 |      60304 |      77403 |      73192 |      44018
    num cache misses                 |      37109 |      31643 |      42848 |      43011 |      42748 |      34735 |      26167 |      38597 |      34933 |      40994 |      41480 |      31295 |      33792 |      45101 |      41398 |      24403
    miss rate                        |     42.32% |     57.19% |     54.47% |     55.72% |     54.67% |     55.05% |     55.67% |     55.82% |     43.10% |     57.25% |     56.90% |     56.15% |     56.04% |     58.27% |     56.56% |     55.44%
    mpki                             |      69.41 |      74.04 |      76.97 |      80.59 |      69.24 |      75.53 |      68.25 |      79.12 |      68.29 |      80.30 |      80.26 |      72.28 |      74.76 |      79.58 |      80.47 |      65.66
DRAM summary                         |            |            |            |            |            |            |            |            |            |            |            |            |            |            |            |           
  num dram accesses                  |         71 |          0 |          0 |          0 |          0 |          0 |          0 |          0 |          0 |          0 |          0 |          0 |          0 |          0 |          0 |          0
  average dram access latency (ns)   |     158.58 |        inf |        inf |        inf |        inf |        inf |        inf |        inf |        inf |        inf |        inf |        inf |        inf |        inf |        inf |        inf
  average dram queueing delay        |     105.15 |       0.00 |       0.00 |       0.00 |       0.00 |       0.00 |       0.00 |       0.00 |       0.00 |       0.00 |       0.00 |       0.00 |       0.00 |       0.00 |       0.00 |       0.00
  average dram bandwidth utilization |      0.00% |      0.00% |      0.00% |      0.00% |      0.00% |      0.00% |      0.00% |      0.00% |      0.00% |      0.00% |      0.00% |      0.00% |      0.00% |      0.00% |      0.00% |      0.00%
Coherency Traffic                    |            |            |            |            |            |            |            |            |            |            |            |            |            |            |            |           
  num loads from dram                |          4 |          3 |          4 |          3 |          3 |          2 |          3 |          2 |          2 |          2 |          2 |          4 |          2 |          2 |          2 |          2
  num loads from dram cache          |          0 |          0 |          0 |          0 |          0 |          0 |          0 |          0 |          0 |          0 |          0 |          0 |          0 |          0 |          0 |          0
  num loads from remote cache        |      27790 |      22661 |      31026 |      31379 |      31306 |      25805 |      19122 |      27969 |      25639 |      28567 |      29397 |      22604 |      24502 |      29921 |      29874 |      17791
